#
# A fatal error has been detected by the Java Runtime Environment:
#
#  EXCEPTION_ACCESS_VIOLATION (0xc0000005) at pc=0x000000000a8d0080, pid=10440, tid=13520
#
# JRE version: Java(TM) SE Runtime Environment 18.9 (11.0.11+9) (build 11.0.11+9-LTS-194)
# Java VM: Java HotSpot(TM) 64-Bit Server VM 18.9 (11.0.11+9-LTS-194, mixed mode, tiered, compressed oops, g1 gc, windows-amd64)
# Problematic frame:
# C  0x000000000a8d0080
#
# No core dump will be written. Minidumps are not enabled by default on client versions of Windows
#
# If you would like to submit a bug report, please visit:
#   https://bugreport.java.com/bugreport/crash.jsp
#

---------------  S U M M A R Y ------------

Command Line: -Xmx2g -Dfile.encoding=UTF-8 -Dant.home=D:\habrisBatch2021\hybris\bin\platform\apache-ant org.apache.tools.ant.launch.Launcher all

Host: Intel(R) Core(TM) i3-2330M CPU @ 2.20GHz, 4 cores, 9G,  Windows 7 , 64 bit Build 7601 (6.1.7601.24545)
Time: Fri Jun 11 16:41:30 2021 India Standard Time elapsed time: 3.738328 seconds (0d 0h 0m 3s)

---------------  T H R E A D  ---------------

Current thread (0x000000006219e000):  JavaThread "C2 CompilerThread0" daemon [_thread_in_vm, id=13520, stack(0x0000000062bb0000,0x0000000062cb0000)]


Current CompileTask:
C2:   3738 2172       4       java.util.jar.Manifest$FastInputStream::readLine (296 bytes)

Stack: [0x0000000062bb0000,0x0000000062cb0000],  sp=0x0000000062cad3e8,  free space=1012k
Native frames: (J=compiled Java code, j=interpreted, Vv=VM code, C=native code)
C  0x000000000a8d0080


siginfo: EXCEPTION_ACCESS_VIOLATION (0xc0000005), data execution prevention violation at address 0x000000000a8d0080


Register to memory mapping:

RIP=0x000000000a8d0080 points into unknown readable memory: 04 d5 22 02 04 d4 e5 02
RAX=0x00000000126430c0 is at entry_point+768 in (nmethod*)0x0000000012642c10
RBX=0x0000000062caf040 is pointing into the stack for thread: 0x000000006219e000
RCX=0x00000000126430c0 is at entry_point+768 in (nmethod*)0x0000000012642c10
RDX=0x0000000000000001 is an unknown value
RSP=0x0000000062cad3e8 is pointing into the stack for thread: 0x000000006219e000
RBP=0x0000000062cad520 is pointing into the stack for thread: 0x000000006219e000
RSI=0x000000000000f000 is an unknown value
RDI=0x0000000062cad578 is pointing into the stack for thread: 0x000000006219e000
R8 =0x0 is NULL
R9 =0x00000000126430c0 is at entry_point+768 in (nmethod*)0x0000000012642c10
R10=0x0000000062cad438 is pointing into the stack for thread: 0x000000006219e000
R11=0x0 is NULL
R12=0x0000000000000002 is an unknown value
R13=0x0000000062caefe8 is pointing into the stack for thread: 0x000000006219e000
R14=0x0 is NULL
R15=0x0 is NULL


Registers:
RAX=0x00000000126430c0, RBX=0x0000000062caf040, RCX=0x00000000126430c0, RDX=0x0000000000000001
RSP=0x0000000062cad3e8, RBP=0x0000000062cad520, RSI=0x000000000000f000, RDI=0x0000000062cad578
R8 =0x0000000000000000, R9 =0x00000000126430c0, R10=0x0000000062cad438, R11=0x0000000000000000
R12=0x0000000000000002, R13=0x0000000062caefe8, R14=0x0000000000000000, R15=0x0000000000000000
RIP=0x000000000a8d0080, EFLAGS=0x0000000000010202

Top of Stack: (sp=0x0000000062cad3e8)
0x0000000062cad3e8:   000007fed7f897a1 0000000062caf040
0x0000000062cad3f8:   000000000000f000 000000000000f000
0x0000000062cad408:   0000000062cad578 0000000000000000
0x0000000062cad418:   0000000063dde048 0000000063dde06e
0x0000000062cad428:   0000000000000000 00000000126430fb
0x0000000062cad438:   000000000000000a 0000000062cad438
0x0000000062cad448:   0000000000010001 0000000012642dc0
0x0000000062cad458:   0000000012642dc0 00000000126434a0
0x0000000062cad468:   0000000012642dc0 000000001264348a
0x0000000062cad478:   00000000126434c3 000007fed85efec0
0x0000000062cad488:   0000000062cad410 00000000126430f1
0x0000000062cad498:   0000000000000000 0000000000000188
0x0000000062cad4a8:   0000000000000000 0000000012642dc0
0x0000000062cad4b8:   ffffffffffffe538 ffffffffffffe540
0x0000000062cad4c8:   0000000000000000 0000000000000703
0x0000000062cad4d8:   0000000000000023 0000000062cad5f0 

Instructions: (pc=0x000000000a8d0080)
0x000000000a8d0060:   05 d3 c7 02 06 d2 8b 02 05 d3 ca 02 05 d3 cd 02
0x000000000a8d0070:   60 05 ca 02 04 d4 dc 02 04 d4 df 02 04 d4 e2 02
0x000000000a8d0080:   04 d5 22 02 04 d4 e5 02 04 d5 25 02 04 d5 28 02
0x000000000a8d0090:   04 d5 2b 02 03 d6 9d 02 03 d6 a0 02 03 d7 2b 02 


Stack slot to memory mapping:
stack at sp + 0 slots: 0x000007fed7f897a1 jvm.dll
stack at sp + 1 slots: 0x0000000062caf040 is pointing into the stack for thread: 0x000000006219e000
stack at sp + 2 slots: 0x000000000000f000 is an unknown value
stack at sp + 3 slots: 0x000000000000f000 is an unknown value
stack at sp + 4 slots: 0x0000000062cad578 is pointing into the stack for thread: 0x000000006219e000
stack at sp + 5 slots: 0x0 is NULL
stack at sp + 6 slots: 0x0000000063dde048 points into unknown readable memory: 59 24 4c a0 58 34 90 64
stack at sp + 7 slots: 0x0000000063dde06e points into unknown readable memory: 00 00


---------------  P R O C E S S  ---------------

Threads class SMR info:
_java_thread_list=0x0000000063f885b0, length=11, elements={
0x0000000000397000, 0x000000006217a800, 0x000000006217b800, 0x0000000062199800,
0x000000006219b000, 0x000000006219e000, 0x00000000621a3800, 0x00000000621a5000,
0x000000006303e000, 0x0000000063048000, 0x0000000063e76800
}

Java Threads: ( => current thread )
  0x0000000000397000 JavaThread "main" [_thread_blocked, id=7528, stack(0x00000000021c0000,0x00000000022c0000)]
  0x000000006217a800 JavaThread "Reference Handler" daemon [_thread_blocked, id=11824, stack(0x00000000624b0000,0x00000000625b0000)]
  0x000000006217b800 JavaThread "Finalizer" daemon [_thread_blocked, id=10248, stack(0x00000000626f0000,0x00000000627f0000)]
  0x0000000062199800 JavaThread "Signal Dispatcher" daemon [_thread_blocked, id=13588, stack(0x0000000062950000,0x0000000062a50000)]
  0x000000006219b000 JavaThread "Attach Listener" daemon [_thread_blocked, id=7144, stack(0x0000000062850000,0x0000000062950000)]
=>0x000000006219e000 JavaThread "C2 CompilerThread0" daemon [_thread_in_vm, id=13520, stack(0x0000000062bb0000,0x0000000062cb0000)]
  0x00000000621a3800 JavaThread "C1 CompilerThread0" daemon [_thread_blocked, id=11936, stack(0x0000000062a70000,0x0000000062b70000)]
  0x00000000621a5000 JavaThread "Sweeper thread" daemon [_thread_blocked, id=7424, stack(0x0000000062e30000,0x0000000062f30000)]
  0x000000006303e000 JavaThread "Service Thread" daemon [_thread_blocked, id=3200, stack(0x00000000633f0000,0x00000000634f0000)]
  0x0000000063048000 JavaThread "Common-Cleaner" daemon [_thread_blocked, id=17868, stack(0x0000000063630000,0x0000000063730000)]
  0x0000000063e76800 JavaThread "C2 CompilerThread1" daemon [_thread_in_native, id=11604, stack(0x0000000064700000,0x0000000064800000)]

Other Threads:
  0x0000000062175000 VMThread "VM Thread" [stack: 0x00000000622c0000,0x00000000623c0000] [id=9636]
  0x0000000063044800 WatcherThread [stack: 0x0000000062ce0000,0x0000000062de0000] [id=24252]
  0x00000000003ac000 GCTaskThread "GC Thread#0" [stack: 0x0000000019b50000,0x0000000019c50000] [id=16376]
  0x0000000063eed800 GCTaskThread "GC Thread#1" [stack: 0x0000000063730000,0x0000000063830000] [id=17508]
  0x0000000063edf000 GCTaskThread "GC Thread#2" [stack: 0x0000000064380000,0x0000000064480000] [id=10132]
  0x00000000003e0000 ConcurrentGCThread "G1 Main Marker" [stack: 0x000000001ee40000,0x000000001ef40000] [id=9304]
  0x00000000003e1800 ConcurrentGCThread "G1 Conc#0" [stack: 0x000000001ed40000,0x000000001ee40000] [id=10144]
  0x00000000213e8800 ConcurrentGCThread "G1 Refine#0" [stack: 0x00000000215a0000,0x00000000216a0000] [id=19320]
  0x00000000213ea800 ConcurrentGCThread "G1 Young RemSet Sampling" [stack: 0x0000000021740000,0x0000000021840000] [id=23040]

Threads with active compile tasks:
C2 CompilerThread0   3785 2172       4       java.util.jar.Manifest$FastInputStream::readLine (296 bytes)
C2 CompilerThread1   3785 1930   !   4       jdk.internal.loader.URLClassPath$JarLoader::getResource (353 bytes)

VM state:synchronizing (normal execution)

VM Mutex/Monitor currently owned by a thread:  ([mutex/lock_event])
[0x0000000000392f20] CodeCache_lock - owner thread: 0x000000006219e000
[0x0000000000393e50] Threads_lock - owner thread: 0x0000000062175000
[0x0000000000394c50] Compile_lock - owner thread: 0x000000006219e000
[0x0000000000394e00] MethodCompileQueue_lock - owner thread: 0x000000006219e000

Heap address: 0x0000000080000000, size: 2048 MB, Compressed Oops mode: 32-bit
Narrow klass base: 0x0000000000000000, Narrow klass shift: 0
Compressed class space size: 1073741824 Address: 0x0000000021840000

Heap:
 garbage-first heap   total 163840K, used 44907K [0x0000000080000000, 0x0000000100000000)
  region size 1024K, 40 young (40960K), 4 survivors (4096K)
 Metaspace       used 16207K, capacity 16870K, committed 17024K, reserved 1064960K
  class space    used 1594K, capacity 1827K, committed 1920K, reserved 1048576K
Heap Regions: E=young(eden), S=young(survivor), O=old, HS=humongous(starts), HC=humongous(continues), CS=collection set, F=free, A=archive, TAMS=top-at-mark-start (previous, next)
|   0|0x0000000080000000, 0x0000000080100000, 0x0000000080100000|100%| O|  |TAMS 0x0000000080000000, 0x0000000080000000| Untracked 
|   1|0x0000000080100000, 0x0000000080200000, 0x0000000080200000|100%| O|  |TAMS 0x0000000080100000, 0x0000000080100000| Untracked 
|   2|0x0000000080200000, 0x00000000802e6c00, 0x0000000080300000| 90%| O|  |TAMS 0x0000000080200000, 0x0000000080200000| Untracked 
|   3|0x0000000080300000, 0x0000000080400000, 0x0000000080400000|100%|HS|  |TAMS 0x0000000080300000, 0x0000000080300000| Complete 
|   4|0x0000000080400000, 0x0000000080500000, 0x0000000080500000|100%|HS|  |TAMS 0x0000000080400000, 0x0000000080400000| Complete 
|   5|0x0000000080500000, 0x0000000080600000, 0x0000000080600000|100%|HC|  |TAMS 0x0000000080500000, 0x0000000080500000| Complete 
|   6|0x0000000080600000, 0x0000000080600000, 0x0000000080700000|  0%| F|  |TAMS 0x0000000080600000, 0x0000000080600000| Untracked 
|   7|0x0000000080700000, 0x0000000080700000, 0x0000000080800000|  0%| F|  |TAMS 0x0000000080700000, 0x0000000080700000| Untracked 
|   8|0x0000000080800000, 0x0000000080800000, 0x0000000080900000|  0%| F|  |TAMS 0x0000000080800000, 0x0000000080800000| Untracked 
|   9|0x0000000080900000, 0x0000000080900000, 0x0000000080a00000|  0%| F|  |TAMS 0x0000000080900000, 0x0000000080900000| Untracked 
|  10|0x0000000080a00000, 0x0000000080a00000, 0x0000000080b00000|  0%| F|  |TAMS 0x0000000080a00000, 0x0000000080a00000| Untracked 
|  11|0x0000000080b00000, 0x0000000080b00000, 0x0000000080c00000|  0%| F|  |TAMS 0x0000000080b00000, 0x0000000080b00000| Untracked 
|  12|0x0000000080c00000, 0x0000000080c00000, 0x0000000080d00000|  0%| F|  |TAMS 0x0000000080c00000, 0x0000000080c00000| Untracked 
|  13|0x0000000080d00000, 0x0000000080d00000, 0x0000000080e00000|  0%| F|  |TAMS 0x0000000080d00000, 0x0000000080d00000| Untracked 
|  14|0x0000000080e00000, 0x0000000080e00000, 0x0000000080f00000|  0%| F|  |TAMS 0x0000000080e00000, 0x0000000080e00000| Untracked 
|  15|0x0000000080f00000, 0x0000000080f00000, 0x0000000081000000|  0%| F|  |TAMS 0x0000000080f00000, 0x0000000080f00000| Untracked 
|  16|0x0000000081000000, 0x0000000081000000, 0x0000000081100000|  0%| F|  |TAMS 0x0000000081000000, 0x0000000081000000| Untracked 
|  17|0x0000000081100000, 0x0000000081100000, 0x0000000081200000|  0%| F|  |TAMS 0x0000000081100000, 0x0000000081100000| Untracked 
|  18|0x0000000081200000, 0x0000000081200000, 0x0000000081300000|  0%| F|  |TAMS 0x0000000081200000, 0x0000000081200000| Untracked 
|  19|0x0000000081300000, 0x0000000081300000, 0x0000000081400000|  0%| F|  |TAMS 0x0000000081300000, 0x0000000081300000| Untracked 
|  20|0x0000000081400000, 0x0000000081400000, 0x0000000081500000|  0%| F|  |TAMS 0x0000000081400000, 0x0000000081400000| Untracked 
|  21|0x0000000081500000, 0x0000000081500000, 0x0000000081600000|  0%| F|  |TAMS 0x0000000081500000, 0x0000000081500000| Untracked 
|  22|0x0000000081600000, 0x0000000081600000, 0x0000000081700000|  0%| F|  |TAMS 0x0000000081600000, 0x0000000081600000| Untracked 
|  23|0x0000000081700000, 0x0000000081700000, 0x0000000081800000|  0%| F|  |TAMS 0x0000000081700000, 0x0000000081700000| Untracked 
|  24|0x0000000081800000, 0x0000000081800000, 0x0000000081900000|  0%| F|  |TAMS 0x0000000081800000, 0x0000000081800000| Untracked 
|  25|0x0000000081900000, 0x0000000081900000, 0x0000000081a00000|  0%| F|  |TAMS 0x0000000081900000, 0x0000000081900000| Untracked 
|  26|0x0000000081a00000, 0x0000000081a00000, 0x0000000081b00000|  0%| F|  |TAMS 0x0000000081a00000, 0x0000000081a00000| Untracked 
|  27|0x0000000081b00000, 0x0000000081b00000, 0x0000000081c00000|  0%| F|  |TAMS 0x0000000081b00000, 0x0000000081b00000| Untracked 
|  28|0x0000000081c00000, 0x0000000081c00000, 0x0000000081d00000|  0%| F|  |TAMS 0x0000000081c00000, 0x0000000081c00000| Untracked 
|  29|0x0000000081d00000, 0x0000000081d00000, 0x0000000081e00000|  0%| F|  |TAMS 0x0000000081d00000, 0x0000000081d00000| Untracked 
|  30|0x0000000081e00000, 0x0000000081e00000, 0x0000000081f00000|  0%| F|  |TAMS 0x0000000081e00000, 0x0000000081e00000| Untracked 
|  31|0x0000000081f00000, 0x0000000081f00000, 0x0000000082000000|  0%| F|  |TAMS 0x0000000081f00000, 0x0000000081f00000| Untracked 
|  32|0x0000000082000000, 0x0000000082000000, 0x0000000082100000|  0%| F|  |TAMS 0x0000000082000000, 0x0000000082000000| Untracked 
|  33|0x0000000082100000, 0x0000000082100000, 0x0000000082200000|  0%| F|  |TAMS 0x0000000082100000, 0x0000000082100000| Untracked 
|  34|0x0000000082200000, 0x0000000082200000, 0x0000000082300000|  0%| F|  |TAMS 0x0000000082200000, 0x0000000082200000| Untracked 
|  35|0x0000000082300000, 0x0000000082300000, 0x0000000082400000|  0%| F|  |TAMS 0x0000000082300000, 0x0000000082300000| Untracked 
|  36|0x0000000082400000, 0x0000000082400000, 0x0000000082500000|  0%| F|  |TAMS 0x0000000082400000, 0x0000000082400000| Untracked 
|  37|0x0000000082500000, 0x0000000082500000, 0x0000000082600000|  0%| F|  |TAMS 0x0000000082500000, 0x0000000082500000| Untracked 
|  38|0x0000000082600000, 0x0000000082600000, 0x0000000082700000|  0%| F|  |TAMS 0x0000000082600000, 0x0000000082600000| Untracked 
|  39|0x0000000082700000, 0x0000000082700000, 0x0000000082800000|  0%| F|  |TAMS 0x0000000082700000, 0x0000000082700000| Untracked 
|  40|0x0000000082800000, 0x0000000082800000, 0x0000000082900000|  0%| F|  |TAMS 0x0000000082800000, 0x0000000082800000| Untracked 
|  41|0x0000000082900000, 0x0000000082900000, 0x0000000082a00000|  0%| F|  |TAMS 0x0000000082900000, 0x0000000082900000| Untracked 
|  42|0x0000000082a00000, 0x0000000082a00000, 0x0000000082b00000|  0%| F|  |TAMS 0x0000000082a00000, 0x0000000082a00000| Untracked 
|  43|0x0000000082b00000, 0x0000000082b00000, 0x0000000082c00000|  0%| F|  |TAMS 0x0000000082b00000, 0x0000000082b00000| Untracked 
|  44|0x0000000082c00000, 0x0000000082c00000, 0x0000000082d00000|  0%| F|  |TAMS 0x0000000082c00000, 0x0000000082c00000| Untracked 
|  45|0x0000000082d00000, 0x0000000082d00000, 0x0000000082e00000|  0%| F|  |TAMS 0x0000000082d00000, 0x0000000082d00000| Untracked 
|  46|0x0000000082e00000, 0x0000000082e00000, 0x0000000082f00000|  0%| F|  |TAMS 0x0000000082e00000, 0x0000000082e00000| Untracked 
|  47|0x0000000082f00000, 0x0000000082f00000, 0x0000000083000000|  0%| F|  |TAMS 0x0000000082f00000, 0x0000000082f00000| Untracked 
|  48|0x0000000083000000, 0x0000000083000000, 0x0000000083100000|  0%| F|  |TAMS 0x0000000083000000, 0x0000000083000000| Untracked 
|  49|0x0000000083100000, 0x0000000083100000, 0x0000000083200000|  0%| F|  |TAMS 0x0000000083100000, 0x0000000083100000| Untracked 
|  50|0x0000000083200000, 0x0000000083200000, 0x0000000083300000|  0%| F|  |TAMS 0x0000000083200000, 0x0000000083200000| Untracked 
|  51|0x0000000083300000, 0x0000000083300000, 0x0000000083400000|  0%| F|  |TAMS 0x0000000083300000, 0x0000000083300000| Untracked 
|  52|0x0000000083400000, 0x0000000083400000, 0x0000000083500000|  0%| F|  |TAMS 0x0000000083400000, 0x0000000083400000| Untracked 
|  53|0x0000000083500000, 0x0000000083500000, 0x0000000083600000|  0%| F|  |TAMS 0x0000000083500000, 0x0000000083500000| Untracked 
|  54|0x0000000083600000, 0x0000000083600000, 0x0000000083700000|  0%| F|  |TAMS 0x0000000083600000, 0x0000000083600000| Untracked 
|  55|0x0000000083700000, 0x0000000083700000, 0x0000000083800000|  0%| F|  |TAMS 0x0000000083700000, 0x0000000083700000| Untracked 
|  56|0x0000000083800000, 0x0000000083800000, 0x0000000083900000|  0%| F|  |TAMS 0x0000000083800000, 0x0000000083800000| Untracked 
|  57|0x0000000083900000, 0x0000000083900000, 0x0000000083a00000|  0%| F|  |TAMS 0x0000000083900000, 0x0000000083900000| Untracked 
|  58|0x0000000083a00000, 0x0000000083a00000, 0x0000000083b00000|  0%| F|  |TAMS 0x0000000083a00000, 0x0000000083a00000| Untracked 
|  59|0x0000000083b00000, 0x0000000083b00000, 0x0000000083c00000|  0%| F|  |TAMS 0x0000000083b00000, 0x0000000083b00000| Untracked 
|  60|0x0000000083c00000, 0x0000000083c00000, 0x0000000083d00000|  0%| F|  |TAMS 0x0000000083c00000, 0x0000000083c00000| Untracked 
|  61|0x0000000083d00000, 0x0000000083d00000, 0x0000000083e00000|  0%| F|  |TAMS 0x0000000083d00000, 0x0000000083d00000| Untracked 
|  62|0x0000000083e00000, 0x0000000083e00000, 0x0000000083f00000|  0%| F|  |TAMS 0x0000000083e00000, 0x0000000083e00000| Untracked 
|  63|0x0000000083f00000, 0x0000000083f00000, 0x0000000084000000|  0%| F|  |TAMS 0x0000000083f00000, 0x0000000083f00000| Untracked 
|  64|0x0000000084000000, 0x0000000084000000, 0x0000000084100000|  0%| F|  |TAMS 0x0000000084000000, 0x0000000084000000| Untracked 
|  65|0x0000000084100000, 0x0000000084100000, 0x0000000084200000|  0%| F|  |TAMS 0x0000000084100000, 0x0000000084100000| Untracked 
|  66|0x0000000084200000, 0x0000000084200000, 0x0000000084300000|  0%| F|  |TAMS 0x0000000084200000, 0x0000000084200000| Untracked 
|  67|0x0000000084300000, 0x0000000084300000, 0x0000000084400000|  0%| F|  |TAMS 0x0000000084300000, 0x0000000084300000| Untracked 
|  68|0x0000000084400000, 0x0000000084400000, 0x0000000084500000|  0%| F|  |TAMS 0x0000000084400000, 0x0000000084400000| Untracked 
|  69|0x0000000084500000, 0x0000000084500000, 0x0000000084600000|  0%| F|  |TAMS 0x0000000084500000, 0x0000000084500000| Untracked 
|  70|0x0000000084600000, 0x0000000084600000, 0x0000000084700000|  0%| F|  |TAMS 0x0000000084600000, 0x0000000084600000| Untracked 
|  71|0x0000000084700000, 0x0000000084700000, 0x0000000084800000|  0%| F|  |TAMS 0x0000000084700000, 0x0000000084700000| Untracked 
|  72|0x0000000084800000, 0x0000000084800000, 0x0000000084900000|  0%| F|  |TAMS 0x0000000084800000, 0x0000000084800000| Untracked 
|  73|0x0000000084900000, 0x0000000084900000, 0x0000000084a00000|  0%| F|  |TAMS 0x0000000084900000, 0x0000000084900000| Untracked 
|  74|0x0000000084a00000, 0x0000000084a00000, 0x0000000084b00000|  0%| F|  |TAMS 0x0000000084a00000, 0x0000000084a00000| Untracked 
|  75|0x0000000084b00000, 0x0000000084b00000, 0x0000000084c00000|  0%| F|  |TAMS 0x0000000084b00000, 0x0000000084b00000| Untracked 
|  76|0x0000000084c00000, 0x0000000084c00000, 0x0000000084d00000|  0%| F|  |TAMS 0x0000000084c00000, 0x0000000084c00000| Untracked 
|  77|0x0000000084d00000, 0x0000000084d00000, 0x0000000084e00000|  0%| F|  |TAMS 0x0000000084d00000, 0x0000000084d00000| Untracked 
|  78|0x0000000084e00000, 0x0000000084e00000, 0x0000000084f00000|  0%| F|  |TAMS 0x0000000084e00000, 0x0000000084e00000| Untracked 
|  79|0x0000000084f00000, 0x0000000084f00000, 0x0000000085000000|  0%| F|  |TAMS 0x0000000084f00000, 0x0000000084f00000| Untracked 
|  80|0x0000000085000000, 0x0000000085000000, 0x0000000085100000|  0%| F|  |TAMS 0x0000000085000000, 0x0000000085000000| Untracked 
|  81|0x0000000085100000, 0x0000000085100000, 0x0000000085200000|  0%| F|  |TAMS 0x0000000085100000, 0x0000000085100000| Untracked 
|  82|0x0000000085200000, 0x0000000085200000, 0x0000000085300000|  0%| F|  |TAMS 0x0000000085200000, 0x0000000085200000| Untracked 
|  83|0x0000000085300000, 0x0000000085300000, 0x0000000085400000|  0%| F|  |TAMS 0x0000000085300000, 0x0000000085300000| Untracked 
|  84|0x0000000085400000, 0x0000000085400000, 0x0000000085500000|  0%| F|  |TAMS 0x0000000085400000, 0x0000000085400000| Untracked 
|  85|0x0000000085500000, 0x0000000085500000, 0x0000000085600000|  0%| F|  |TAMS 0x0000000085500000, 0x0000000085500000| Untracked 
|  86|0x0000000085600000, 0x0000000085600000, 0x0000000085700000|  0%| F|  |TAMS 0x0000000085600000, 0x0000000085600000| Untracked 
|  87|0x0000000085700000, 0x0000000085700000, 0x0000000085800000|  0%| F|  |TAMS 0x0000000085700000, 0x0000000085700000| Untracked 
|  88|0x0000000085800000, 0x0000000085800000, 0x0000000085900000|  0%| F|  |TAMS 0x0000000085800000, 0x0000000085800000| Untracked 
|  89|0x0000000085900000, 0x0000000085900000, 0x0000000085a00000|  0%| F|  |TAMS 0x0000000085900000, 0x0000000085900000| Untracked 
|  90|0x0000000085a00000, 0x0000000085a00000, 0x0000000085b00000|  0%| F|  |TAMS 0x0000000085a00000, 0x0000000085a00000| Untracked 
|  91|0x0000000085b00000, 0x0000000085b00000, 0x0000000085c00000|  0%| F|  |TAMS 0x0000000085b00000, 0x0000000085b00000| Untracked 
|  92|0x0000000085c00000, 0x0000000085c00000, 0x0000000085d00000|  0%| F|  |TAMS 0x0000000085c00000, 0x0000000085c00000| Untracked 
|  93|0x0000000085d00000, 0x0000000085d00000, 0x0000000085e00000|  0%| F|  |TAMS 0x0000000085d00000, 0x0000000085d00000| Untracked 
|  94|0x0000000085e00000, 0x0000000085e00000, 0x0000000085f00000|  0%| F|  |TAMS 0x0000000085e00000, 0x0000000085e00000| Untracked 
|  95|0x0000000085f00000, 0x0000000085f00000, 0x0000000086000000|  0%| F|  |TAMS 0x0000000085f00000, 0x0000000085f00000| Untracked 
|  96|0x0000000086000000, 0x0000000086000000, 0x0000000086100000|  0%| F|  |TAMS 0x0000000086000000, 0x0000000086000000| Untracked 
|  97|0x0000000086100000, 0x0000000086100000, 0x0000000086200000|  0%| F|  |TAMS 0x0000000086100000, 0x0000000086100000| Untracked 
|  98|0x0000000086200000, 0x0000000086200000, 0x0000000086300000|  0%| F|  |TAMS 0x0000000086200000, 0x0000000086200000| Untracked 
|  99|0x0000000086300000, 0x0000000086300000, 0x0000000086400000|  0%| F|  |TAMS 0x0000000086300000, 0x0000000086300000| Untracked 
| 100|0x0000000086400000, 0x0000000086400000, 0x0000000086500000|  0%| F|  |TAMS 0x0000000086400000, 0x0000000086400000| Untracked 
| 101|0x0000000086500000, 0x0000000086500000, 0x0000000086600000|  0%| F|  |TAMS 0x0000000086500000, 0x0000000086500000| Untracked 
| 102|0x0000000086600000, 0x0000000086600000, 0x0000000086700000|  0%| F|  |TAMS 0x0000000086600000, 0x0000000086600000| Untracked 
| 103|0x0000000086700000, 0x0000000086700000, 0x0000000086800000|  0%| F|  |TAMS 0x0000000086700000, 0x0000000086700000| Untracked 
| 104|0x0000000086800000, 0x0000000086800000, 0x0000000086900000|  0%| F|  |TAMS 0x0000000086800000, 0x0000000086800000| Untracked 
| 105|0x0000000086900000, 0x0000000086900000, 0x0000000086a00000|  0%| F|  |TAMS 0x0000000086900000, 0x0000000086900000| Untracked 
| 106|0x0000000086a00000, 0x0000000086a00000, 0x0000000086b00000|  0%| F|  |TAMS 0x0000000086a00000, 0x0000000086a00000| Untracked 
| 107|0x0000000086b00000, 0x0000000086b00000, 0x0000000086c00000|  0%| F|  |TAMS 0x0000000086b00000, 0x0000000086b00000| Untracked 
| 108|0x0000000086c00000, 0x0000000086c00000, 0x0000000086d00000|  0%| F|  |TAMS 0x0000000086c00000, 0x0000000086c00000| Untracked 
| 109|0x0000000086d00000, 0x0000000086d00000, 0x0000000086e00000|  0%| F|  |TAMS 0x0000000086d00000, 0x0000000086d00000| Untracked 
| 110|0x0000000086e00000, 0x0000000086e00000, 0x0000000086f00000|  0%| F|  |TAMS 0x0000000086e00000, 0x0000000086e00000| Untracked 
| 111|0x0000000086f00000, 0x0000000086f00000, 0x0000000087000000|  0%| F|  |TAMS 0x0000000086f00000, 0x0000000086f00000| Untracked 
| 112|0x0000000087000000, 0x0000000087000000, 0x0000000087100000|  0%| F|  |TAMS 0x0000000087000000, 0x0000000087000000| Untracked 
| 113|0x0000000087100000, 0x0000000087100000, 0x0000000087200000|  0%| F|  |TAMS 0x0000000087100000, 0x0000000087100000| Untracked 
| 114|0x0000000087200000, 0x0000000087200000, 0x0000000087300000|  0%| F|  |TAMS 0x0000000087200000, 0x0000000087200000| Untracked 
| 115|0x0000000087300000, 0x0000000087300000, 0x0000000087400000|  0%| F|  |TAMS 0x0000000087300000, 0x0000000087300000| Untracked 
| 116|0x0000000087400000, 0x0000000087400000, 0x0000000087500000|  0%| F|  |TAMS 0x0000000087400000, 0x0000000087400000| Untracked 
| 117|0x0000000087500000, 0x0000000087500000, 0x0000000087600000|  0%| F|  |TAMS 0x0000000087500000, 0x0000000087500000| Untracked 
| 118|0x0000000087600000, 0x0000000087600000, 0x0000000087700000|  0%| F|  |TAMS 0x0000000087600000, 0x0000000087600000| Untracked 
| 119|0x0000000087700000, 0x0000000087700000, 0x0000000087800000|  0%| F|  |TAMS 0x0000000087700000, 0x0000000087700000| Untracked 
| 120|0x0000000087800000, 0x00000000878fc9f0, 0x0000000087900000| 98%| E|  |TAMS 0x0000000087800000, 0x0000000087800000| Complete 
| 121|0x0000000087900000, 0x0000000087a00000, 0x0000000087a00000|100%| E|CS|TAMS 0x0000000087900000, 0x0000000087900000| Complete 
| 122|0x0000000087a00000, 0x0000000087b00000, 0x0000000087b00000|100%| E|CS|TAMS 0x0000000087a00000, 0x0000000087a00000| Complete 
| 123|0x0000000087b00000, 0x0000000087c00000, 0x0000000087c00000|100%| E|CS|TAMS 0x0000000087b00000, 0x0000000087b00000| Complete 
| 124|0x0000000087c00000, 0x0000000087d00000, 0x0000000087d00000|100%| E|CS|TAMS 0x0000000087c00000, 0x0000000087c00000| Complete 
| 125|0x0000000087d00000, 0x0000000087df4320, 0x0000000087e00000| 95%| S|CS|TAMS 0x0000000087d00000, 0x0000000087d00000| Complete 
| 126|0x0000000087e00000, 0x0000000087f00000, 0x0000000087f00000|100%| S|CS|TAMS 0x0000000087e00000, 0x0000000087e00000| Complete 
| 127|0x0000000087f00000, 0x0000000088000000, 0x0000000088000000|100%| S|CS|TAMS 0x0000000087f00000, 0x0000000087f00000| Complete 
| 128|0x0000000088000000, 0x0000000088100000, 0x0000000088100000|100%| S|CS|TAMS 0x0000000088000000, 0x0000000088000000| Complete 
| 129|0x0000000088100000, 0x0000000088200000, 0x0000000088200000|100%| E|CS|TAMS 0x0000000088100000, 0x0000000088100000| Complete 
| 130|0x0000000088200000, 0x0000000088300000, 0x0000000088300000|100%| E|CS|TAMS 0x0000000088200000, 0x0000000088200000| Complete 
| 131|0x0000000088300000, 0x0000000088400000, 0x0000000088400000|100%| E|CS|TAMS 0x0000000088300000, 0x0000000088300000| Complete 
| 132|0x0000000088400000, 0x0000000088500000, 0x0000000088500000|100%| E|CS|TAMS 0x0000000088400000, 0x0000000088400000| Complete 
| 133|0x0000000088500000, 0x0000000088600000, 0x0000000088600000|100%| E|CS|TAMS 0x0000000088500000, 0x0000000088500000| Complete 
| 134|0x0000000088600000, 0x0000000088700000, 0x0000000088700000|100%| E|CS|TAMS 0x0000000088600000, 0x0000000088600000| Complete 
| 135|0x0000000088700000, 0x0000000088800000, 0x0000000088800000|100%| E|CS|TAMS 0x0000000088700000, 0x0000000088700000| Complete 
| 136|0x0000000088800000, 0x0000000088900000, 0x0000000088900000|100%| E|CS|TAMS 0x0000000088800000, 0x0000000088800000| Complete 
| 137|0x0000000088900000, 0x0000000088a00000, 0x0000000088a00000|100%| E|CS|TAMS 0x0000000088900000, 0x0000000088900000| Complete 
| 138|0x0000000088a00000, 0x0000000088b00000, 0x0000000088b00000|100%| E|CS|TAMS 0x0000000088a00000, 0x0000000088a00000| Complete 
| 139|0x0000000088b00000, 0x0000000088c00000, 0x0000000088c00000|100%| E|CS|TAMS 0x0000000088b00000, 0x0000000088b00000| Complete 
| 140|0x0000000088c00000, 0x0000000088d00000, 0x0000000088d00000|100%| E|CS|TAMS 0x0000000088c00000, 0x0000000088c00000| Complete 
| 141|0x0000000088d00000, 0x0000000088e00000, 0x0000000088e00000|100%| E|CS|TAMS 0x0000000088d00000, 0x0000000088d00000| Complete 
| 142|0x0000000088e00000, 0x0000000088f00000, 0x0000000088f00000|100%| E|CS|TAMS 0x0000000088e00000, 0x0000000088e00000| Complete 
| 143|0x0000000088f00000, 0x0000000089000000, 0x0000000089000000|100%| E|CS|TAMS 0x0000000088f00000, 0x0000000088f00000| Complete 
| 144|0x0000000089000000, 0x0000000089100000, 0x0000000089100000|100%| E|CS|TAMS 0x0000000089000000, 0x0000000089000000| Complete 
| 145|0x0000000089100000, 0x0000000089200000, 0x0000000089200000|100%| E|CS|TAMS 0x0000000089100000, 0x0000000089100000| Complete 
| 146|0x0000000089200000, 0x0000000089300000, 0x0000000089300000|100%| E|CS|TAMS 0x0000000089200000, 0x0000000089200000| Complete 
| 147|0x0000000089300000, 0x0000000089400000, 0x0000000089400000|100%| E|CS|TAMS 0x0000000089300000, 0x0000000089300000| Complete 
| 148|0x0000000089400000, 0x0000000089500000, 0x0000000089500000|100%| E|CS|TAMS 0x0000000089400000, 0x0000000089400000| Complete 
| 149|0x0000000089500000, 0x0000000089600000, 0x0000000089600000|100%| E|CS|TAMS 0x0000000089500000, 0x0000000089500000| Complete 
| 150|0x0000000089600000, 0x0000000089700000, 0x0000000089700000|100%| E|CS|TAMS 0x0000000089600000, 0x0000000089600000| Complete 
| 151|0x0000000089700000, 0x0000000089800000, 0x0000000089800000|100%| E|CS|TAMS 0x0000000089700000, 0x0000000089700000| Complete 
| 152|0x0000000089800000, 0x0000000089900000, 0x0000000089900000|100%| E|  |TAMS 0x0000000089800000, 0x0000000089800000| Complete 
| 153|0x0000000089900000, 0x0000000089a00000, 0x0000000089a00000|100%| E|CS|TAMS 0x0000000089900000, 0x0000000089900000| Complete 
| 154|0x0000000089a00000, 0x0000000089b00000, 0x0000000089b00000|100%| E|CS|TAMS 0x0000000089a00000, 0x0000000089a00000| Complete 
| 155|0x0000000089b00000, 0x0000000089c00000, 0x0000000089c00000|100%| E|CS|TAMS 0x0000000089b00000, 0x0000000089b00000| Complete 
| 156|0x0000000089c00000, 0x0000000089d00000, 0x0000000089d00000|100%| E|CS|TAMS 0x0000000089c00000, 0x0000000089c00000| Complete 
| 157|0x0000000089d00000, 0x0000000089e00000, 0x0000000089e00000|100%| E|CS|TAMS 0x0000000089d00000, 0x0000000089d00000| Complete 
| 158|0x0000000089e00000, 0x0000000089f00000, 0x0000000089f00000|100%| E|CS|TAMS 0x0000000089e00000, 0x0000000089e00000| Complete 
| 159|0x0000000089f00000, 0x000000008a000000, 0x000000008a000000|100%| E|CS|TAMS 0x0000000089f00000, 0x0000000089f00000| Complete 

Card table byte_map: [0x000000001a490000,0x000000001a890000] _byte_map_base: 0x000000001a090000

Marking Bits (Prev, Next): (CMBitMap*) 0x00000000003d74a8, (CMBitMap*) 0x00000000003d74e0
 Prev Bits: [0x000000001ac90000, 0x000000001cc90000)
 Next Bits: [0x000000001cc90000, 0x000000001ec90000)

Polling page: 0x0000000001fd0000

Metaspace:

Usage:
  Non-class:     14.69 MB capacity,    14.27 MB ( 97%) used,   394.30 KB (  3%) free+waste,    36.25 KB ( <1%) overhead. 
      Class:      1.78 MB capacity,     1.56 MB ( 87%) used,   215.10 KB ( 12%) free+waste,    17.00 KB ( <1%) overhead. 
       Both:     16.47 MB capacity,    15.83 MB ( 96%) used,   609.40 KB (  4%) free+waste,    53.25 KB ( <1%) overhead. 

Virtual space:
  Non-class space:       16.00 MB reserved,      14.75 MB ( 92%) committed 
      Class space:        1.00 GB reserved,       1.88 MB ( <1%) committed 
             Both:        1.02 GB reserved,      16.63 MB (  2%) committed 

Chunk freelists:
   Non-Class:  7.63 KB
       Class:  128 bytes
        Both:  7.75 KB

CodeHeap 'non-profiled nmethods': size=120064Kb used=718Kb max_used=718Kb free=119345Kb
 bounds [0x0000000012590000, 0x0000000012800000, 0x0000000019ad0000]
CodeHeap 'profiled nmethods': size=120000Kb used=4585Kb max_used=4585Kb free=115414Kb
 bounds [0x000000000b060000, 0x000000000b4e0000, 0x0000000012590000]
CodeHeap 'non-nmethods': size=5696Kb used=1111Kb max_used=1152Kb free=4584Kb
 bounds [0x000000000aad0000, 0x000000000ad40000, 0x000000000b060000]
 total_blobs=2609 nmethods=2189 adapters=329
 compilation: enabled
              stopped_count=0, restarted_count=0
 full_count=0

Compilation events (10 events):
Event: 3.684 Thread 0x00000000621a3800 2233       2       java.util.Collections::newSetFromMap (9 bytes)
Event: 3.685 Thread 0x00000000621a3800 nmethod 2233 0x000000000b4d8190 code [0x000000000b4d8340, 0x000000000b4d8488]
Event: 3.685 Thread 0x00000000621a3800 2234       2       java.util.Collections$SetFromMap::<init> (39 bytes)
Event: 3.685 Thread 0x00000000621a3800 nmethod 2234 0x000000000b4d8590 code [0x000000000b4d8760, 0x000000000b4d8a28]
Event: 3.686 Thread 0x00000000621a3800 2235       2       java.io.InputStream::readNBytes (53 bytes)
Event: 3.687 Thread 0x00000000621a3800 nmethod 2235 0x000000000b4d8b10 code [0x000000000b4d8cc0, 0x000000000b4d8f38]
Event: 3.691 Thread 0x00000000621a3800 2236       2       java.io.RandomAccessFile::<init> (8 bytes)
Event: 3.692 Thread 0x00000000621a3800 nmethod 2236 0x000000000b4d9110 code [0x000000000b4d92c0, 0x000000000b4d93c8]
Event: 3.692 Thread 0x00000000621a3800 2237       2       java.io.RandomAccessFile::<init> (263 bytes)
Event: 3.694 Thread 0x00000000621a3800 nmethod 2237 0x000000000b4d9490 code [0x000000000b4d9760, 0x000000000b4da1e8]

GC Heap History (6 events):
Event: 1.079 GC heap before
{Heap before GC invocations=0 (full 0):
 garbage-first heap   total 163840K, used 14336K [0x0000000080000000, 0x0000000100000000)
  region size 1024K, 14 young (14336K), 0 survivors (0K)
 Metaspace       used 10940K, capacity 11200K, committed 11392K, reserved 1058816K
  class space    used 997K, capacity 1076K, committed 1152K, reserved 1048576K
}
Event: 1.087 GC heap after
{Heap after GC invocations=1 (full 0):
 garbage-first heap   total 163840K, used 2993K [0x0000000080000000, 0x0000000100000000)
  region size 1024K, 2 young (2048K), 2 survivors (2048K)
 Metaspace       used 10940K, capacity 11200K, committed 11392K, reserved 1058816K
  class space    used 997K, capacity 1076K, committed 1152K, reserved 1048576K
}
Event: 1.716 GC heap before
{Heap before GC invocations=1 (full 0):
 garbage-first heap   total 163840K, used 15281K [0x0000000080000000, 0x0000000100000000)
  region size 1024K, 14 young (14336K), 2 survivors (2048K)
 Metaspace       used 12558K, capacity 12925K, committed 13056K, reserved 1060864K
  class space    used 1158K, capacity 1279K, committed 1280K, reserved 1048576K
}
Event: 1.729 GC heap after
{Heap after GC invocations=2 (full 0):
 garbage-first heap   total 163840K, used 4761K [0x0000000080000000, 0x0000000100000000)
  region size 1024K, 2 young (2048K), 2 survivors (2048K)
 Metaspace       used 12558K, capacity 12925K, committed 13056K, reserved 1060864K
  class space    used 1158K, capacity 1279K, committed 1280K, reserved 1048576K
}
Event: 3.133 GC heap before
{Heap before GC invocations=2 (full 0):
 garbage-first heap   total 163840K, used 34457K [0x0000000080000000, 0x0000000100000000)
  region size 1024K, 31 young (31744K), 2 survivors (2048K)
 Metaspace       used 16087K, capacity 16716K, committed 17024K, reserved 1064960K
  class space    used 1588K, capacity 1822K, committed 1920K, reserved 1048576K
}
Event: 3.147 GC heap after
{Heap after GC invocations=3 (full 0):
 garbage-first heap   total 163840K, used 7019K [0x0000000080000000, 0x0000000100000000)
  region size 1024K, 4 young (4096K), 4 survivors (4096K)
 Metaspace       used 16087K, capacity 16716K, committed 17024K, reserved 1064960K
  class space    used 1588K, capacity 1822K, committed 1920K, reserved 1048576K
}

Deoptimization events (10 events):
Event: 2.265 Thread 0x0000000000397000 Uncommon trap: reason=unstable_if action=reinterpret pc=0x0000000012607f94 method=com.sun.org.apache.xerces.internal.impl.XMLEntityScanner.scanContent(Lcom/sun/org/apache/xerces/internal/xni/XMLString;)I @ 481 c2
Event: 2.454 Thread 0x0000000000397000 Uncommon trap: reason=unstable_if action=reinterpret pc=0x000000001260c2e4 method=org.apache.tools.ant.PropertyHelper.lambda$static$0(Ljava/lang/String;Ljava/text/ParsePosition;Lorg/apache/tools/ant/property/ParseNextProperty;)Ljava/lang/String; @ 34 c2
Event: 2.455 Thread 0x0000000000397000 Uncommon trap: reason=unstable_if action=reinterpret pc=0x000000001260e46c method=org.apache.tools.ant.PropertyHelper.lambda$static$0(Ljava/lang/String;Ljava/text/ParsePosition;Lorg/apache/tools/ant/property/ParseNextProperty;)Ljava/lang/String; @ 34 c2
Event: 2.595 Thread 0x0000000000397000 Uncommon trap: reason=unstable_if action=reinterpret pc=0x00000000125f2110 method=jdk.internal.util.jar.JarIndex.get(Ljava/lang/String;)Ljava/util/LinkedList; @ 27 c2
Event: 2.595 Thread 0x0000000000397000 Uncommon trap: reason=bimorphic_or_optimized_type_check action=maybe_recompile pc=0x00000000126155e4 method=java.util.Collection.stream()Ljava/util/stream/Stream; @ 1 c2
Event: 2.599 Thread 0x0000000000397000 Uncommon trap: reason=bimorphic_or_optimized_type_check action=maybe_recompile pc=0x00000000126155e4 method=java.util.Collection.stream()Ljava/util/stream/Stream; @ 1 c2
Event: 2.688 Thread 0x0000000000397000 Uncommon trap: reason=unstable_if action=reinterpret pc=0x000000001260f9a8 method=java.util.ArrayList.toArray([Ljava/lang/Object;)[Ljava/lang/Object; @ 6 c2
Event: 2.828 Thread 0x0000000000397000 Uncommon trap: reason=bimorphic_or_optimized_type_check action=maybe_recompile pc=0x00000000126155e4 method=java.util.Collection.stream()Ljava/util/stream/Stream; @ 1 c2
Event: 2.835 Thread 0x0000000000397000 Uncommon trap: reason=bimorphic_or_optimized_type_check action=maybe_recompile pc=0x00000000126155e4 method=java.util.Collection.stream()Ljava/util/stream/Stream; @ 1 c2
Event: 3.322 Thread 0x0000000000397000 Uncommon trap: reason=unstable_if action=reinterpret pc=0x000000001263b4dc method=java.util.jar.Manifest$FastInputStream.readLine([BII)I @ 130 c2

Classes redefined (0 events):
No events

Internal exceptions (10 events):
Event: 0.673 Thread 0x0000000000397000 Exception <a 'java/lang/NoSuchMethodError'{0x00000000897e9c18}: java.lang.invoke.DirectMethodHandle$Holder.invokeStatic(Ljava/lang/Object;Ljava/lang/Object;Ljava/lang/Object;Ljava/lang/Object;I)Ljava/lang/Object;> (0x00000000897e9c18) thrown at [./open/sr
Event: 0.838 Thread 0x0000000000397000 Exception <a 'java/lang/NoSuchMethodError'{0x00000000894620f8}: java.lang.invoke.DirectMethodHandle$Holder.invokeSpecialIFC(Ljava/lang/Object;Ljava/lang/Object;Ljava/lang/Object;Ljava/lang/Object;)Ljava/lang/Object;> (0x00000000894620f8) thrown at [./open
Event: 1.320 Thread 0x0000000000397000 Exception <a 'java/lang/NoSuchMethodError'{0x0000000089a59b98}: java.lang.invoke.DirectMethodHandle$Holder.invokeSpecial(Ljava/lang/Object;Ljava/lang/Object;Ljava/lang/Object;Ljava/lang/Object;)V> (0x0000000089a59b98) thrown at [./open/src/hotspot/share/i
Event: 1.352 Thread 0x0000000000397000 Exception <a 'java/lang/IncompatibleClassChangeError'{0x0000000089af2430}: Found class java.lang.Object, but interface was expected> (0x0000000089af2430) thrown at [./open/src/hotspot/share/interpreter/linkResolver.cpp, line 838]
Event: 1.452 Thread 0x0000000000397000 Exception <a 'java/lang/NoSuchMethodError'{0x00000000899a7e30}: java.lang.invoke.DirectMethodHandle$Holder.invokeInterface(Ljava/lang/Object;Ljava/lang/Object;)I> (0x00000000899a7e30) thrown at [./open/src/hotspot/share/interpreter/linkResolver.cpp, line 
Event: 1.958 Thread 0x0000000000397000 Exception <a 'java/lang/NoSuchMethodError'{0x0000000089a66f88}: java.lang.invoke.DirectMethodHandle$Holder.invokeSpecial(Ljava/lang/Object;Ljava/lang/Object;)V> (0x0000000089a66f88) thrown at [./open/src/hotspot/share/interpreter/linkResolver.cpp, line 77
Event: 2.115 Thread 0x0000000000397000 Exception <a 'java/lang/IncompatibleClassChangeError'{0x00000000897a35a0}: Found class java.lang.Object, but interface was expected> (0x00000000897a35a0) thrown at [./open/src/hotspot/share/interpreter/linkResolver.cpp, line 838]
Event: 2.132 Thread 0x0000000000397000 Exception <a 'java/lang/NoSuchMethodError'{0x0000000089613110}: java.lang.invoke.DirectMethodHandle$Holder.invokeVirtual(Ljava/lang/Object;Ljava/lang/Object;)V> (0x0000000089613110) thrown at [./open/src/hotspot/share/interpreter/linkResolver.cpp, line 77
Event: 2.826 Thread 0x0000000000397000 Exception <a 'java/lang/NoSuchMethodError'{0x0000000088444f80}: java.lang.invoke.DirectMethodHandle$Holder.invokeSpecial(Ljava/lang/Object;Ljava/lang/Object;Ljava/lang/Object;Ljava/lang/Object;)I> (0x0000000088444f80) thrown at [./open/src/hotspot/share/i
Event: 3.125 Thread 0x0000000000397000 Exception <a 'java/lang/NoSuchMethodError'{0x00000000881b2c98}: java.lang.invoke.DirectMethodHandle$Holder.invokeSpecial(Ljava/lang/Object;Ljava/lang/Object;Ljava/lang/Object;Ljava/lang/Object;Ljava/lang/Object;)I> (0x00000000881b2c98) thrown at [./open/s

Events (10 events):
Event: 3.670 loading class de/hybris/ant/taskdefs/GenerateMissingTldFiles
Event: 3.670 loading class de/hybris/ant/taskdefs/GenerateMissingTldFiles done
Event: 3.674 loading class java/nio/file/FileVisitor
Event: 3.674 loading class java/nio/file/FileVisitor done
Event: 3.674 loading class de/hybris/ant/taskdefs/compiling/checkitemsxml/CheckDeployments
Event: 3.674 loading class de/hybris/ant/taskdefs/compiling/checkitemsxml/CheckDeployments done
Event: 3.675 loading class de/hybris/ant/taskdefs/compiling/checkitemsxml/AbstractCheckItemsXml
Event: 3.675 loading class de/hybris/ant/taskdefs/compiling/checkitemsxml/AbstractCheckItemsXml done
Event: 3.678 loading class javax/xml/bind/JAXBException
Event: 3.678 loading class javax/xml/bind/JAXBException done


Dynamic libraries:
0x000000013fd70000 - 0x000000013fd7f000 	C:\Program Files\Java\jdk-11.0.11\bin\java.exe
0x0000000076e30000 - 0x0000000076fcf000 	C:\Windows\SYSTEM32\ntdll.dll
0x0000000076d10000 - 0x0000000076e2f000 	C:\Windows\system32\kernel32.dll
0x000007fefca40000 - 0x000007fefcaa7000 	C:\Windows\system32\KERNELBASE.dll
0x000007fefa300000 - 0x000007fefa318000 	C:\Program Files\Java\jdk-11.0.11\bin\jli.dll
0x000007fefd5c0000 - 0x000007fefd69b000 	C:\Windows\system32\ADVAPI32.dll
0x000007fefefb0000 - 0x000007feff04f000 	C:\Windows\system32\msvcrt.dll
0x000007fefd5a0000 - 0x000007fefd5bf000 	C:\Windows\SYSTEM32\sechost.dll
0x000007fefdd80000 - 0x000007fefdeac000 	C:\Windows\system32\RPCRT4.dll
0x000007fefb370000 - 0x000007fefb565000 	C:\Windows\WinSxS\amd64_microsoft.windows.common-controls_6595b64144ccf1df_6.0.7601.24483_none_e372d88f30fbb845\COMCTL32.dll
0x000007fefdb10000 - 0x000007fefdb77000 	C:\Windows\system32\GDI32.dll
0x0000000076c10000 - 0x0000000076d0b000 	C:\Windows\system32\USER32.dll
0x000007fefe190000 - 0x000007fefe19e000 	C:\Windows\system32\LPK.dll
0x000007fefdf60000 - 0x000007fefe02b000 	C:\Windows\system32\USP10.dll
0x000007fefef30000 - 0x000007fefefa1000 	C:\Windows\system32\SHLWAPI.dll
0x000007fefba30000 - 0x000007fefba3c000 	C:\Windows\system32\VERSION.dll
0x000007fefa330000 - 0x000007fefa345000 	C:\Program Files\Java\jdk-11.0.11\bin\VCRUNTIME140.dll
0x000007fefa2e0000 - 0x000007fefa2e4000 	C:\Program Files\Java\jdk-11.0.11\bin\api-ms-win-crt-runtime-l1-1-0.dll
0x000007fedbcf0000 - 0x000007fedbdea000 	C:\Program Files\Java\jdk-11.0.11\bin\ucrtbase.DLL
0x000007fefa2f0000 - 0x000007fefa2f3000 	C:\Program Files\Java\jdk-11.0.11\bin\api-ms-win-core-localization-l1-2-0.dll
0x000007fefa2d0000 - 0x000007fefa2d3000 	C:\Program Files\Java\jdk-11.0.11\bin\api-ms-win-core-processthreads-l1-1-1.dll
0x000007fefa2c0000 - 0x000007fefa2c3000 	C:\Program Files\Java\jdk-11.0.11\bin\api-ms-win-core-file-l1-2-0.dll
0x000007fefa2b0000 - 0x000007fefa2b3000 	C:\Program Files\Java\jdk-11.0.11\bin\api-ms-win-core-timezone-l1-1-0.dll
0x000007fefa2a0000 - 0x000007fefa2a3000 	C:\Program Files\Java\jdk-11.0.11\bin\api-ms-win-core-file-l2-1-0.dll
0x000007fefa290000 - 0x000007fefa293000 	C:\Program Files\Java\jdk-11.0.11\bin\api-ms-win-core-synch-l1-2-0.dll
0x000007fefa220000 - 0x000007fefa223000 	C:\Program Files\Java\jdk-11.0.11\bin\api-ms-win-crt-heap-l1-1-0.dll
0x000007fefa230000 - 0x000007fefa234000 	C:\Program Files\Java\jdk-11.0.11\bin\api-ms-win-crt-string-l1-1-0.dll
0x000007fefa1e0000 - 0x000007fefa1e4000 	C:\Program Files\Java\jdk-11.0.11\bin\api-ms-win-crt-stdio-l1-1-0.dll
0x000007fefa1f0000 - 0x000007fefa1f4000 	C:\Program Files\Java\jdk-11.0.11\bin\api-ms-win-crt-convert-l1-1-0.dll
0x000007fefa120000 - 0x000007fefa123000 	C:\Program Files\Java\jdk-11.0.11\bin\api-ms-win-crt-environment-l1-1-0.dll
0x000007fefa160000 - 0x000007fefa163000 	C:\Program Files\Java\jdk-11.0.11\bin\api-ms-win-crt-filesystem-l1-1-0.dll
0x000007fefa100000 - 0x000007fefa105000 	C:\Program Files\Java\jdk-11.0.11\bin\api-ms-win-crt-math-l1-1-0.dll
0x000007fefa110000 - 0x000007fefa113000 	C:\Program Files\Java\jdk-11.0.11\bin\api-ms-win-crt-locale-l1-1-0.dll
0x000007fefe160000 - 0x000007fefe18e000 	C:\Windows\system32\IMM32.DLL
0x000007fefe030000 - 0x000007fefe13b000 	C:\Windows\system32\MSCTF.dll
0x000007fedfcf0000 - 0x000007fedfd8b000 	C:\Program Files\Java\jdk-11.0.11\bin\msvcp140.dll
0x000007fef9dc0000 - 0x000007fef9dc3000 	C:\Program Files\Java\jdk-11.0.11\bin\api-ms-win-crt-time-l1-1-0.dll
0x000007fefa0c0000 - 0x000007fefa0c3000 	C:\Program Files\Java\jdk-11.0.11\bin\api-ms-win-crt-utility-l1-1-0.dll
0x000007fed7db0000 - 0x000007fed88ae000 	C:\Program Files\Java\jdk-11.0.11\bin\server\jvm.dll
0x000007fef79e0000 - 0x000007fef79e9000 	C:\Windows\system32\WSOCK32.dll
0x000007fefdf10000 - 0x000007fefdf5d000 	C:\Windows\system32\WS2_32.dll
0x000007fefd830000 - 0x000007fefd838000 	C:\Windows\system32\NSI.dll
0x000007fefadb0000 - 0x000007fefadeb000 	C:\Windows\system32\WINMM.dll
0x0000000076fd0000 - 0x0000000076fd7000 	C:\Windows\system32\PSAPI.DLL
0x000007fef9af0000 - 0x000007fef9b00000 	C:\Program Files\Java\jdk-11.0.11\bin\verify.dll
0x000007fef7e50000 - 0x000007fef7f75000 	C:\Windows\system32\DBGHELP.DLL
0x000007fef1c40000 - 0x000007fef1c68000 	C:\Program Files\Java\jdk-11.0.11\bin\java.dll
0x000007fef9b00000 - 0x000007fef9b0a000 	C:\Program Files\Java\jdk-11.0.11\bin\jimage.dll
0x000007fef1c20000 - 0x000007fef1c36000 	C:\Program Files\Java\jdk-11.0.11\bin\zip.dll
0x000007fefe1a0000 - 0x000007fefef2b000 	C:\Windows\system32\SHELL32.dll
0x000007fefdb80000 - 0x000007fefdd7f000 	C:\Windows\system32\ole32.dll
0x000007fefc950000 - 0x000007fefc95f000 	C:\Windows\system32\profapi.dll
0x000007fef2e00000 - 0x000007fef2e19000 	C:\Program Files\Java\jdk-11.0.11\bin\net.dll
0x000007fef8da0000 - 0x000007fef8e11000 	C:\Windows\system32\WINHTTP.dll
0x000007fef8c60000 - 0x000007fef8cc5000 	C:\Windows\system32\webio.dll
0x000007fefc090000 - 0x000007fefc0e5000 	C:\Windows\system32\mswsock.dll
0x000007fefc080000 - 0x000007fefc087000 	C:\Windows\System32\wship6.dll
0x000007fef1c00000 - 0x000007fef1c12000 	C:\Program Files\Java\jdk-11.0.11\bin\nio.dll

dbghelp: loaded successfully - version: 4.0.5 - missing functions: none
symbol engine: initialized successfully - sym options: 0x614 - pdb path: .;C:\Program Files\Java\jdk-11.0.11\bin;C:\Windows\SYSTEM32;C:\Windows\WinSxS\amd64_microsoft.windows.common-controls_6595b64144ccf1df_6.0.7601.24483_none_e372d88f30fbb845;C:\Program Files\Java\jdk-11.0.11\bin\server

VM Arguments:
jvm_args: -Xmx2g -Dfile.encoding=UTF-8 -Dant.home=D:\habrisBatch2021\hybris\bin\platform\apache-ant 
java_command: org.apache.tools.ant.launch.Launcher all
java_class_path (initial): D:\habrisBatch2021\hybris\bin\platform\apache-ant\lib\ant-launcher.jar
Launcher Type: SUN_STANDARD

[Global flags]
     intx CICompilerCount                          = 3                                         {product} {ergonomic}
     uint ConcGCThreads                            = 1                                         {product} {ergonomic}
     uint G1ConcRefinementThreads                  = 4                                         {product} {ergonomic}
   size_t G1HeapRegionSize                         = 1048576                                   {product} {ergonomic}
    uintx GCDrainStackTargetSize                   = 64                                        {product} {ergonomic}
   size_t InitialHeapSize                          = 167772160                                 {product} {ergonomic}
   size_t MarkStackSize                            = 4194304                                   {product} {ergonomic}
   size_t MaxHeapSize                              = 2147483648                                {product} {command line}
   size_t MaxNewSize                               = 1287651328                                {product} {ergonomic}
   size_t MinHeapDeltaBytes                        = 1048576                                   {product} {ergonomic}
    uintx NonNMethodCodeHeapSize                   = 5830732                                {pd product} {ergonomic}
    uintx NonProfiledCodeHeapSize                  = 122913754                              {pd product} {ergonomic}
    uintx ProfiledCodeHeapSize                     = 122913754                              {pd product} {ergonomic}
    uintx ReservedCodeCacheSize                    = 251658240                              {pd product} {ergonomic}
     bool SegmentedCodeCache                       = true                                      {product} {ergonomic}
     bool UseCompressedClassPointers               = true                                 {lp64_product} {ergonomic}
     bool UseCompressedOops                        = true                                 {lp64_product} {ergonomic}
     bool UseG1GC                                  = true                                      {product} {ergonomic}
     bool UseLargePagesIndividualAllocation        = false                                  {pd product} {ergonomic}

Logging:
Log output configuration:
 #0: stdout all=warning uptime,level,tags
 #1: stderr all=off uptime,level,tags

Environment Variables:
JAVA_HOME=C:\Program Files\Java\jdk-11.0.11
PATH=D:\habrisBatch2021\hybris\bin\platform\apache-ant\bin;C:\Program Files\Common Files\Oracle\Java\javapath;C:\Program Files\nodejs\;C:\Program Files\Git\cmd;C:\Users\razhaka\AppData\Roaming\npm;C:\Users\razhaka\AppData\Local\Programs\Microsoft VS Code\bin;C:\Program Files\Java\jdk1.8.0_201\bin;C:\Users\razhaka\AppData\Local\Programs\Microsoft VS Code
USERNAME=razhaka
OS=Windows_NT
PROCESSOR_IDENTIFIER=Intel64 Family 6 Model 42 Stepping 7, GenuineIntel



---------------  S Y S T E M  ---------------

OS: Windows 7 , 64 bit Build 7601 (6.1.7601.24545)

CPU:total 4 (initial active 4) (2 cores per cpu, 2 threads per core) family 6 model 42 stepping 7 microcode 0x0, cmov, cx8, fxsr, mmx, sse, sse2, sse3, ssse3, sse4.1, sse4.2, popcnt, avx, clmul, ht, tsc, tscinvbit

Memory: 4k page, system-wide physical 10187M (2737M free)
TotalPageFile size 20373M (AvailPageFile size 11045M)
current process WorkingSet (physical memory assigned to process): 132M, peak: 135M
current process commit charge ("private bytes"): 288M, peak: 293M

vm_info: Java HotSpot(TM) 64-Bit Server VM (11.0.11+9-LTS-194) for windows-amd64 JRE (11.0.11+9-LTS-194), built on Mar 18 2021 18:46:53 by "mach5one" with MS VC++ 15.9 (VS2017)

END.
