#
# A fatal error has been detected by the Java Runtime Environment:
#
#  EXCEPTION_ACCESS_VIOLATION (0xc0000005) at pc=0x000007feea8a172d, pid=10004, tid=7264
#
# JRE version: Java(TM) SE Runtime Environment 18.9 (11.0.11+9) (build 11.0.11+9-LTS-194)
# Java VM: Java HotSpot(TM) 64-Bit Server VM 18.9 (11.0.11+9-LTS-194, mixed mode, tiered, compressed oops, g1 gc, windows-amd64)
# Problematic frame:
# C  [VCRUNTIME140.dll+0x172d]
#
# No core dump will be written. Minidumps are not enabled by default on client versions of Windows
#
# If you would like to submit a bug report, please visit:
#   https://bugreport.java.com/bugreport/crash.jsp
#

---------------  S U M M A R Y ------------

Command Line: -Xmx2g -Dfile.encoding=UTF-8 -Dant.home=D:\habrisBatch2021\hybris\bin\platform\apache-ant org.apache.tools.ant.launch.Launcher clean all

Host: Intel(R) Core(TM) i3-2330M CPU @ 2.20GHz, 4 cores, 9G,  Windows 7 , 64 bit Build 7601 (6.1.7601.24545)
Time: Thu Jun 17 15:23:25 2021 India Standard Time elapsed time: 83.731921 seconds (0d 0h 1m 23s)

---------------  T H R E A D  ---------------

Current thread (0x00000000675a0000):  GCTaskThread "GC Thread#3" [stack: 0x00000000648b0000,0x00000000649b0000] [id=7264]

Stack: [0x00000000648b0000,0x00000000649b0000],  sp=0x00000000649af858,  free space=1022k
Native frames: (J=compiled Java code, j=interpreted, Vv=VM code, C=native code)
C  [VCRUNTIME140.dll+0x172d]
V  [jvm.dll+0x2cf116]
V  [jvm.dll+0x33d24d]
V  [jvm.dll+0x2e5e3d]
V  [jvm.dll+0x33d91e]
V  [jvm.dll+0x2e5c6f]
V  [jvm.dll+0x2dab4f]
V  [jvm.dll+0x2e5ef0]
V  [jvm.dll+0x77a9d0]
V  [jvm.dll+0x70dfc4]
V  [jvm.dll+0x6160f6]
C  [ucrtbase.DLL+0x1d912]
C  [kernel32.dll+0x1556d]
C  [ntdll.dll+0x5372d]


siginfo: EXCEPTION_ACCESS_VIOLATION (0xc0000005), writing address 0x000000001a180000


Register to memory mapping:

RIP=0x000007feea8a172d VCRUNTIME140.dll
RAX=0x000000000038c6c0 points into unknown readable memory: 00 00 00 80 00 00 00 00
RBX=0x000000000032d1e0 is an unknown value
RCX=0x000000001a180030 is an unknown value
RDX=0x0000000000000044 is an unknown value
RSP=0x00000000649af858 points into unknown readable memory: 16 f1 ff e0 fe 07 00 00
RBP=0x0000000000120626 is an unknown value
RSI=0x0000000000000014 is an unknown value
RDI=0x0000000000020628 points into unknown readable memory: 00 00 00 00 00 00 00 00
R8 =0x00000000000efff7 is an unknown value
R9 =0x000000000000180b is an unknown value
R10=0x0000000000000001 is an unknown value
R11=0x000000001a150627 points into unknown readable memory: 44
R12=0x000000001efe8b90 points into unknown readable memory: 27 06 02 00 00 00 00 00
R13=0x000000001efe8b88 points into unknown readable memory: 00 4e 0c 84 00 00 00 00
R14=0x0000000000000004 is an unknown value
R15=0x000000000032d1e0 is an unknown value


Registers:
RAX=0x000000000038c6c0, RBX=0x000000000032d1e0, RCX=0x000000001a180030, RDX=0x0000000000000044
RSP=0x00000000649af858, RBP=0x0000000000120626, RSI=0x0000000000000014, RDI=0x0000000000020628
R8 =0x00000000000efff7, R9 =0x000000000000180b, R10=0x0000000000000001, R11=0x000000001a150627
R12=0x000000001efe8b90, R13=0x000000001efe8b88, R14=0x0000000000000004, R15=0x000000000032d1e0
RIP=0x000007feea8a172d, EFLAGS=0x0000000000010202

Top of Stack: (sp=0x00000000649af858)
0x00000000649af858:   000007fee0fff116 0000000084000000
0x00000000649af868:   000007fee100dae6 000000001efe8b88
0x00000000649af878:   000000001efe8b88 00000000003b1d20
0x00000000649af888:   0000000000000000 0000000000000000
0x00000000649af898:   0000000000000000 00000000649af970
0x00000000649af8a8:   000007fee106d24d 000000001efe8b88
0x00000000649af8b8:   000000001efe8b88 00000000649afa20
0x00000000649af8c8:   00000000619772b8 00000000e5a3c0b0
0x00000000649af8d8:   00000000003b1d20 00000000840c4df8
0x00000000649af8e8:   000007fee1015e3d 00000000649af970
0x00000000649af8f8:   00000000840c4df8 00000000619772b8
0x00000000649af908:   00000000649af970 000000001efe8b30
0x00000000649af918:   000007fee106d91e 00000000649af970
0x00000000649af928:   000000001f043f00 00000000840c4df8
0x00000000649af938:   0000000063c905a0 0000000000000000
0x00000000649af948:   000007fee1015c6f 0000000000000000 

Instructions: (pc=0x000007feea8a172d)
0x000007feea8a170d:   00 00 00 0f 29 01 0f 29 41 10 48 81 c1 80 00 00
0x000007feea8a171d:   00 0f 29 41 a0 0f 29 41 b0 49 ff c9 0f 29 41 c0
0x000007feea8a172d:   0f 29 41 d0 0f 29 41 e0 66 0f 29 41 f0 75 d4 49
0x000007feea8a173d:   83 e0 7f 4d 8b c8 49 c1 e9 04 74 13 0f 1f 80 00 


Stack slot to memory mapping:
stack at sp + 0 slots: 0x000007fee0fff116 jvm.dll
stack at sp + 1 slots: 0x0000000084000000 is an oop: [I 
{0x0000000084000000} - klass: {type array int}
 - length: 131068
stack at sp + 2 slots: 0x000007fee100dae6 jvm.dll
stack at sp + 3 slots: 0x000000001efe8b88 points into unknown readable memory: 00 4e 0c 84 00 00 00 00
stack at sp + 4 slots: 0x000000001efe8b88 points into unknown readable memory: 00 4e 0c 84 00 00 00 00
stack at sp + 5 slots: 0x00000000003b1d20 points into unknown readable memory: 30 18 3b 00 00 00 00 00
stack at sp + 6 slots: 0x0 is NULL
stack at sp + 7 slots: 0x0 is NULL


---------------  P R O C E S S  ---------------

Threads class SMR info:
_java_thread_list=0x0000000063d70cd0, length=16, elements={
0x00000000003a4000, 0x00000000620dd800, 0x00000000620e7800, 0x00000000620fc800,
0x00000000620ff800, 0x0000000062100800, 0x0000000062104000, 0x0000000062162000,
0x0000000062eca000, 0x0000000062ed3800, 0x00000000652bc800, 0x000000006b944000,
0x000000006a0bd800, 0x0000000065128800, 0x0000000065129800, 0x000000006b386800
}

Java Threads: ( => current thread )
  0x00000000003a4000 JavaThread "main" [_thread_blocked, id=9480, stack(0x00000000021f0000,0x00000000022f0000)]
  0x00000000620dd800 JavaThread "Reference Handler" daemon [_thread_blocked, id=10776, stack(0x0000000062410000,0x0000000062510000)]
  0x00000000620e7800 JavaThread "Finalizer" daemon [_thread_blocked, id=10428, stack(0x0000000062520000,0x0000000062620000)]
  0x00000000620fc800 JavaThread "Signal Dispatcher" daemon [_thread_blocked, id=8196, stack(0x0000000062790000,0x0000000062890000)]
  0x00000000620ff800 JavaThread "Attach Listener" daemon [_thread_blocked, id=11104, stack(0x0000000062660000,0x0000000062760000)]
  0x0000000062100800 JavaThread "C2 CompilerThread0" daemon [_thread_blocked, id=10588, stack(0x0000000062990000,0x0000000062a90000)]
  0x0000000062104000 JavaThread "C1 CompilerThread0" daemon [_thread_blocked, id=10396, stack(0x0000000062b20000,0x0000000062c20000)]
  0x0000000062162000 JavaThread "Sweeper thread" daemon [_thread_blocked, id=10376, stack(0x0000000062cd0000,0x0000000062dd0000)]
  0x0000000062eca000 JavaThread "Service Thread" daemon [_thread_blocked, id=10552, stack(0x0000000063380000,0x0000000063480000)]
  0x0000000062ed3800 JavaThread "Common-Cleaner" daemon [_thread_blocked, id=10976, stack(0x00000000631e0000,0x00000000632e0000)]
  0x00000000652bc800 JavaThread "C2 CompilerThread1" daemon [_thread_in_native, id=10724, stack(0x00000000659a0000,0x0000000065aa0000)]
  0x000000006b944000 JavaThread "Compiler Source File Reader" daemon [_thread_blocked, id=9928, stack(0x0000000075ab0000,0x0000000075bb0000)]
  0x000000006a0bd800 JavaThread "Compiler Source File Reader" daemon [_thread_blocked, id=9172, stack(0x0000000075eb0000,0x0000000075fb0000)]
  0x0000000065128800 JavaThread "Compiler Source File Reader" daemon [_thread_blocked, id=9308, stack(0x0000000076030000,0x0000000076130000)]
  0x0000000065129800 JavaThread "Compiler Source File Reader" daemon [_thread_blocked, id=10528, stack(0x00000000761f0000,0x00000000762f0000)]
  0x000000006b386800 JavaThread "Compiler Source File Reader" daemon [_thread_blocked, id=1364, stack(0x0000000076310000,0x0000000076410000)]

Other Threads:
  0x00000000620db000 VMThread "VM Thread" [stack: 0x00000000621b0000,0x00000000622b0000] [id=9148]
  0x0000000062ed2000 WatcherThread [stack: 0x00000000635a0000,0x00000000636a0000] [id=8384]
  0x00000000003b9000 GCTaskThread "GC Thread#0" [stack: 0x0000000019be0000,0x0000000019ce0000] [id=8828]
  0x0000000063d45000 GCTaskThread "GC Thread#1" [stack: 0x0000000064480000,0x0000000064580000] [id=10936]
  0x0000000063d30000 GCTaskThread "GC Thread#2" [stack: 0x0000000064710000,0x0000000064810000] [id=9688]
=>0x00000000675a0000 GCTaskThread "GC Thread#3" [stack: 0x00000000648b0000,0x00000000649b0000] [id=7264]
  0x00000000003ed000 ConcurrentGCThread "G1 Main Marker" [stack: 0x000000001eed0000,0x000000001efd0000] [id=10232]
  0x00000000003f0000 ConcurrentGCThread "G1 Conc#0" [stack: 0x000000001f0d0000,0x000000001f1d0000] [id=10516]
  0x000000001f03c800 ConcurrentGCThread "G1 Refine#0" [stack: 0x00000000216a0000,0x00000000217a0000] [id=10040]
  0x000000001f03f800 ConcurrentGCThread "G1 Young RemSet Sampling" [stack: 0x0000000021560000,0x0000000021660000] [id=10096]

Threads with active compile tasks:
C2 CompilerThread0  83862 9424 % !   4       org.eclipse.jdt.internal.compiler.parser.Parser::parse @ 52 (913 bytes)
C2 CompilerThread1  83862 9447       4       org.eclipse.jdt.internal.compiler.parser.Parser::consumeToken (2061 bytes)

VM state:at safepoint (normal execution)

VM Mutex/Monitor currently owned by a thread:  ([mutex/lock_event])
[0x00000000003a1380] Threads_lock - owner thread: 0x00000000620db000
[0x00000000003a1b60] Heap_lock - owner thread: 0x0000000065129800

Heap address: 0x0000000080000000, size: 2048 MB, Compressed Oops mode: 32-bit
Narrow klass base: 0x0000000000000000, Narrow klass shift: 0
Compressed class space size: 1073741824 Address: 0x00000000217a0000

Heap:
 garbage-first heap   total 196608K, used 146869K [0x0000000080000000, 0x0000000100000000)
  region size 1024K, 110 young (112640K), 9 survivors (9216K)
 Metaspace       used 41365K, capacity 42974K, committed 43264K, reserved 1087488K
  class space    used 3992K, capacity 4507K, committed 4608K, reserved 1048576K
Heap Regions: E=young(eden), S=young(survivor), O=old, HS=humongous(starts), HC=humongous(continues), CS=collection set, F=free, A=archive, TAMS=top-at-mark-start (previous, next)
|   0|0x0000000080000000, 0x0000000080100000, 0x0000000080100000|100%| O|  |TAMS 0x0000000080100000, 0x0000000080000000| Untracked 
|   1|0x0000000080100000, 0x0000000080200000, 0x0000000080200000|100%| O|  |TAMS 0x0000000080200000, 0x0000000080100000| Untracked 
|   2|0x0000000080200000, 0x0000000080300000, 0x0000000080300000|100%| O|  |TAMS 0x0000000080300000, 0x0000000080200000| Untracked 
|   3|0x0000000080300000, 0x0000000080400000, 0x0000000080400000|100%| O|  |TAMS 0x0000000080400000, 0x0000000080300000| Untracked 
|   4|0x0000000080400000, 0x0000000080500000, 0x0000000080500000|100%| O|  |TAMS 0x0000000080500000, 0x0000000080400000| Untracked 
|   5|0x0000000080500000, 0x0000000080600000, 0x0000000080600000|100%| O|  |TAMS 0x0000000080600000, 0x0000000080500000| Untracked 
|   6|0x0000000080600000, 0x0000000080700000, 0x0000000080700000|100%| O|  |TAMS 0x0000000080700000, 0x0000000080600000| Untracked 
|   7|0x0000000080700000, 0x0000000080800000, 0x0000000080800000|100%| O|  |TAMS 0x0000000080800000, 0x0000000080700000| Untracked 
|   8|0x0000000080800000, 0x0000000080900000, 0x0000000080900000|100%| O|  |TAMS 0x0000000080900000, 0x0000000080800000| Untracked 
|   9|0x0000000080900000, 0x0000000080a00000, 0x0000000080a00000|100%| O|  |TAMS 0x0000000080a00000, 0x0000000080900000| Untracked 
|  10|0x0000000080a00000, 0x0000000080b00000, 0x0000000080b00000|100%|HS|  |TAMS 0x0000000080b00000, 0x0000000080a00000| Complete 
|  11|0x0000000080b00000, 0x0000000080c00000, 0x0000000080c00000|100%|HS|  |TAMS 0x0000000080c00000, 0x0000000080b00000| Complete 
|  12|0x0000000080c00000, 0x0000000080d00000, 0x0000000080d00000|100%|HC|  |TAMS 0x0000000080d00000, 0x0000000080c00000| Complete 
|  13|0x0000000080d00000, 0x0000000080e00000, 0x0000000080e00000|100%| O|  |TAMS 0x0000000080e00000, 0x0000000080d00000| Untracked 
|  14|0x0000000080e00000, 0x0000000080f00000, 0x0000000080f00000|100%| O|  |TAMS 0x0000000080f00000, 0x0000000080e00000| Untracked 
|  15|0x0000000080f00000, 0x0000000081000000, 0x0000000081000000|100%| O|  |TAMS 0x0000000081000000, 0x0000000080f00000| Untracked 
|  16|0x0000000081000000, 0x0000000081100000, 0x0000000081100000|100%| O|  |TAMS 0x0000000081100000, 0x0000000081000000| Untracked 
|  17|0x0000000081100000, 0x0000000081200000, 0x0000000081200000|100%| O|  |TAMS 0x0000000081200000, 0x0000000081100000| Untracked 
|  18|0x0000000081200000, 0x0000000081300000, 0x0000000081300000|100%| O|  |TAMS 0x0000000081300000, 0x0000000081200000| Untracked 
|  19|0x0000000081300000, 0x0000000081400000, 0x0000000081400000|100%| O|  |TAMS 0x0000000081400000, 0x0000000081300000| Untracked 
|  20|0x0000000081400000, 0x0000000081500000, 0x0000000081500000|100%| O|  |TAMS 0x0000000081500000, 0x0000000081400000| Untracked 
|  21|0x0000000081500000, 0x0000000081600000, 0x0000000081600000|100%| O|  |TAMS 0x0000000081600000, 0x0000000081500000| Untracked 
|  22|0x0000000081600000, 0x0000000081700000, 0x0000000081700000|100%| O|  |TAMS 0x0000000081700000, 0x0000000081600000| Untracked 
|  23|0x0000000081700000, 0x0000000081800000, 0x0000000081800000|100%| O|  |TAMS 0x0000000081800000, 0x0000000081700000| Untracked 
|  24|0x0000000081800000, 0x0000000081900000, 0x0000000081900000|100%| O|  |TAMS 0x0000000081900000, 0x0000000081800000| Untracked 
|  25|0x0000000081900000, 0x0000000081a00000, 0x0000000081a00000|100%| O|  |TAMS 0x0000000081a00000, 0x0000000081900000| Untracked 
|  26|0x0000000081a00000, 0x0000000081b00000, 0x0000000081b00000|100%| O|  |TAMS 0x0000000081aaaa00, 0x0000000081a00000| Untracked 
|  27|0x0000000081b00000, 0x0000000081c00000, 0x0000000081c00000|100%| O|  |TAMS 0x0000000081b00000, 0x0000000081b00000| Untracked 
|  28|0x0000000081c00000, 0x0000000081d00000, 0x0000000081d00000|100%|HS|  |TAMS 0x0000000081c00000, 0x0000000081c00000| Complete 
|  29|0x0000000081d00000, 0x0000000081e00000, 0x0000000081e00000|100%| O|  |TAMS 0x0000000081d00000, 0x0000000081d00000| Untracked 
|  30|0x0000000081e00000, 0x0000000081f00000, 0x0000000081f00000|100%| O|  |TAMS 0x0000000081e00000, 0x0000000081e00000| Untracked 
|  31|0x0000000081f00000, 0x0000000082000000, 0x0000000082000000|100%| O|  |TAMS 0x0000000081f00000, 0x0000000081f00000| Untracked 
|  32|0x0000000082000000, 0x0000000082100000, 0x0000000082100000|100%| O|  |TAMS 0x0000000082000000, 0x0000000082000000| Untracked 
|  33|0x0000000082100000, 0x0000000082200000, 0x0000000082200000|100%| O|  |TAMS 0x0000000082100000, 0x0000000082100000| Untracked 
|  34|0x0000000082200000, 0x0000000082300000, 0x0000000082300000|100%| O|  |TAMS 0x0000000082200000, 0x0000000082200000| Untracked 
|  35|0x0000000082300000, 0x0000000082400000, 0x0000000082400000|100%| O|  |TAMS 0x0000000082300000, 0x0000000082300000| Untracked 
|  36|0x0000000082400000, 0x0000000082500000, 0x0000000082500000|100%| O|  |TAMS 0x0000000082400000, 0x0000000082400000| Untracked 
|  37|0x0000000082500000, 0x0000000082600000, 0x0000000082600000|100%| O|  |TAMS 0x0000000082500000, 0x0000000082500000| Untracked 
|  38|0x0000000082600000, 0x0000000082700000, 0x0000000082700000|100%| O|  |TAMS 0x0000000082600000, 0x0000000082600000| Untracked 
|  39|0x0000000082700000, 0x0000000082800000, 0x0000000082800000|100%| O|  |TAMS 0x0000000082700000, 0x0000000082700000| Untracked 
|  40|0x0000000082800000, 0x0000000082900000, 0x0000000082900000|100%| O|  |TAMS 0x0000000082800000, 0x0000000082800000| Untracked 
|  41|0x0000000082900000, 0x0000000082a00000, 0x0000000082a00000|100%| O|  |TAMS 0x0000000082900000, 0x0000000082900000| Untracked 
|  42|0x0000000082a00000, 0x0000000082a80948, 0x0000000082b00000| 50%| O|  |TAMS 0x0000000082a00000, 0x0000000082a00000| Untracked 
|  43|0x0000000082b00000, 0x0000000082b00000, 0x0000000082c00000|  0%| F|  |TAMS 0x0000000082b00000, 0x0000000082b00000| Untracked 
|  44|0x0000000082c00000, 0x0000000082c00000, 0x0000000082d00000|  0%| F|  |TAMS 0x0000000082c00000, 0x0000000082c00000| Untracked 
|  45|0x0000000082d00000, 0x0000000082d00000, 0x0000000082e00000|  0%| F|  |TAMS 0x0000000082d00000, 0x0000000082d00000| Untracked 
|  46|0x0000000082e00000, 0x0000000082e00000, 0x0000000082f00000|  0%| F|  |TAMS 0x0000000082e00000, 0x0000000082e00000| Untracked 
|  47|0x0000000082f00000, 0x0000000082f00000, 0x0000000083000000|  0%| F|  |TAMS 0x0000000082f00000, 0x0000000082f00000| Untracked 
|  48|0x0000000083000000, 0x0000000083000000, 0x0000000083100000|  0%| F|  |TAMS 0x0000000083000000, 0x0000000083000000| Untracked 
|  49|0x0000000083100000, 0x0000000083100000, 0x0000000083200000|  0%| F|  |TAMS 0x0000000083100000, 0x0000000083100000| Untracked 
|  50|0x0000000083200000, 0x0000000083200000, 0x0000000083300000|  0%| F|  |TAMS 0x0000000083200000, 0x0000000083200000| Untracked 
|  51|0x0000000083300000, 0x0000000083300000, 0x0000000083400000|  0%| F|  |TAMS 0x0000000083300000, 0x0000000083300000| Untracked 
|  52|0x0000000083400000, 0x0000000083400000, 0x0000000083500000|  0%| F|  |TAMS 0x0000000083400000, 0x0000000083400000| Untracked 
|  53|0x0000000083500000, 0x0000000083500000, 0x0000000083600000|  0%| F|  |TAMS 0x0000000083500000, 0x0000000083500000| Untracked 
|  54|0x0000000083600000, 0x0000000083600000, 0x0000000083700000|  0%| F|  |TAMS 0x0000000083600000, 0x0000000083600000| Untracked 
|  55|0x0000000083700000, 0x0000000083700000, 0x0000000083800000|  0%| F|  |TAMS 0x0000000083700000, 0x0000000083700000| Untracked 
|  56|0x0000000083800000, 0x0000000083800000, 0x0000000083900000|  0%| F|  |TAMS 0x0000000083800000, 0x0000000083800000| Untracked 
|  57|0x0000000083900000, 0x0000000083900000, 0x0000000083a00000|  0%| F|  |TAMS 0x0000000083900000, 0x0000000083900000| Untracked 
|  58|0x0000000083a00000, 0x0000000083a00000, 0x0000000083b00000|  0%| F|  |TAMS 0x0000000083a00000, 0x0000000083a00000| Untracked 
|  59|0x0000000083b00000, 0x0000000083b00000, 0x0000000083c00000|  0%| F|  |TAMS 0x0000000083b00000, 0x0000000083b00000| Untracked 
|  60|0x0000000083c00000, 0x0000000083c00000, 0x0000000083d00000|  0%| F|  |TAMS 0x0000000083c00000, 0x0000000083c00000| Untracked 
|  61|0x0000000083d00000, 0x0000000083d00000, 0x0000000083e00000|  0%| F|  |TAMS 0x0000000083d00000, 0x0000000083d00000| Untracked 
|  62|0x0000000083e00000, 0x0000000083e00000, 0x0000000083f00000|  0%| F|  |TAMS 0x0000000083e00000, 0x0000000083e00000| Untracked 
|  63|0x0000000083f00000, 0x0000000083fa10b8, 0x0000000084000000| 62%| E|CS|TAMS 0x0000000083f00000, 0x0000000083f00000| Complete 
|  64|0x0000000084000000, 0x0000000084100000, 0x0000000084100000|100%| E|CS|TAMS 0x0000000084000000, 0x0000000084000000| Complete 
|  65|0x0000000084100000, 0x0000000084200000, 0x0000000084200000|100%| E|CS|TAMS 0x0000000084100000, 0x0000000084100000| Complete 
|  66|0x0000000084200000, 0x0000000084300000, 0x0000000084300000|100%| E|CS|TAMS 0x0000000084200000, 0x0000000084200000| Complete 
|  67|0x0000000084300000, 0x0000000084400000, 0x0000000084400000|100%| E|CS|TAMS 0x0000000084300000, 0x0000000084300000| Complete 
|  68|0x0000000084400000, 0x0000000084500000, 0x0000000084500000|100%| E|CS|TAMS 0x0000000084400000, 0x0000000084400000| Complete 
|  69|0x0000000084500000, 0x0000000084600000, 0x0000000084600000|100%| E|CS|TAMS 0x0000000084500000, 0x0000000084500000| Complete 
|  70|0x0000000084600000, 0x0000000084700000, 0x0000000084700000|100%| E|CS|TAMS 0x0000000084600000, 0x0000000084600000| Complete 
|  71|0x0000000084700000, 0x0000000084800000, 0x0000000084800000|100%| E|CS|TAMS 0x0000000084700000, 0x0000000084700000| Complete 
|  72|0x0000000084800000, 0x0000000084900000, 0x0000000084900000|100%| E|CS|TAMS 0x0000000084800000, 0x0000000084800000| Complete 
|  73|0x0000000084900000, 0x0000000084a00000, 0x0000000084a00000|100%| E|CS|TAMS 0x0000000084900000, 0x0000000084900000| Complete 
|  74|0x0000000084a00000, 0x0000000084b00000, 0x0000000084b00000|100%| E|CS|TAMS 0x0000000084a00000, 0x0000000084a00000| Complete 
|  75|0x0000000084b00000, 0x0000000084c00000, 0x0000000084c00000|100%| E|CS|TAMS 0x0000000084b00000, 0x0000000084b00000| Complete 
|  76|0x0000000084c00000, 0x0000000084d00000, 0x0000000084d00000|100%| E|CS|TAMS 0x0000000084c00000, 0x0000000084c00000| Complete 
|  77|0x0000000084d00000, 0x0000000084d00000, 0x0000000084e00000|  0%| F|  |TAMS 0x0000000084d00000, 0x0000000084d00000| Untracked 
|  78|0x0000000084e00000, 0x0000000084e00000, 0x0000000084f00000|  0%| F|  |TAMS 0x0000000084e00000, 0x0000000084e00000| Untracked 
|  79|0x0000000084f00000, 0x0000000084f00000, 0x0000000085000000|  0%| F|  |TAMS 0x0000000084f00000, 0x0000000084f00000| Untracked 
|  80|0x0000000085000000, 0x0000000085000000, 0x0000000085100000|  0%| F|  |TAMS 0x0000000085000000, 0x0000000085000000| Untracked 
|  81|0x0000000085100000, 0x0000000085100000, 0x0000000085200000|  0%| F|  |TAMS 0x0000000085100000, 0x0000000085100000| Untracked 
|  82|0x0000000085200000, 0x0000000085300000, 0x0000000085300000|100%| S|  |TAMS 0x0000000085200000, 0x0000000085200000| Complete 
|  83|0x0000000085300000, 0x0000000085400000, 0x0000000085400000|100%| S|  |TAMS 0x0000000085300000, 0x0000000085300000| Complete 
|  84|0x0000000085400000, 0x0000000085500000, 0x0000000085500000|100%| S|  |TAMS 0x0000000085400000, 0x0000000085400000| Complete 
|  85|0x0000000085500000, 0x0000000085600000, 0x0000000085600000|100%| S|  |TAMS 0x0000000085500000, 0x0000000085500000| Complete 
|  86|0x0000000085600000, 0x0000000085700000, 0x0000000085700000|100%| S|  |TAMS 0x0000000085600000, 0x0000000085600000| Complete 
|  87|0x0000000085700000, 0x0000000085800000, 0x0000000085800000|100%| S|  |TAMS 0x0000000085700000, 0x0000000085700000| Complete 
|  88|0x0000000085800000, 0x0000000085900000, 0x0000000085900000|100%| S|  |TAMS 0x0000000085800000, 0x0000000085800000| Complete 
|  89|0x0000000085900000, 0x0000000085a00000, 0x0000000085a00000|100%| S|  |TAMS 0x0000000085900000, 0x0000000085900000| Complete 
|  90|0x0000000085a00000, 0x0000000085b00000, 0x0000000085b00000|100%| S|  |TAMS 0x0000000085a00000, 0x0000000085a00000| Complete 
|  91|0x0000000085b00000, 0x0000000085c00000, 0x0000000085c00000|100%| E|CS|TAMS 0x0000000085b00000, 0x0000000085b00000| Complete 
|  92|0x0000000085c00000, 0x0000000085d00000, 0x0000000085d00000|100%| E|CS|TAMS 0x0000000085c00000, 0x0000000085c00000| Complete 
|  93|0x0000000085d00000, 0x0000000085e00000, 0x0000000085e00000|100%| E|CS|TAMS 0x0000000085d00000, 0x0000000085d00000| Complete 
|  94|0x0000000085e00000, 0x0000000085f00000, 0x0000000085f00000|100%| E|CS|TAMS 0x0000000085e00000, 0x0000000085e00000| Complete 
|  95|0x0000000085f00000, 0x0000000086000000, 0x0000000086000000|100%| E|CS|TAMS 0x0000000085f00000, 0x0000000085f00000| Complete 
|  96|0x0000000086000000, 0x0000000086100000, 0x0000000086100000|100%| E|CS|TAMS 0x0000000086000000, 0x0000000086000000| Complete 
|  97|0x0000000086100000, 0x0000000086200000, 0x0000000086200000|100%| E|CS|TAMS 0x0000000086100000, 0x0000000086100000| Complete 
|  98|0x0000000086200000, 0x0000000086300000, 0x0000000086300000|100%| E|CS|TAMS 0x0000000086200000, 0x0000000086200000| Complete 
|  99|0x0000000086300000, 0x0000000086400000, 0x0000000086400000|100%| E|CS|TAMS 0x0000000086300000, 0x0000000086300000| Complete 
| 100|0x0000000086400000, 0x0000000086500000, 0x0000000086500000|100%| E|CS|TAMS 0x0000000086400000, 0x0000000086400000| Complete 
| 101|0x0000000086500000, 0x0000000086600000, 0x0000000086600000|100%| E|CS|TAMS 0x0000000086500000, 0x0000000086500000| Complete 
| 102|0x0000000086600000, 0x0000000086700000, 0x0000000086700000|100%| E|CS|TAMS 0x0000000086600000, 0x0000000086600000| Complete 
| 103|0x0000000086700000, 0x0000000086800000, 0x0000000086800000|100%| E|CS|TAMS 0x0000000086700000, 0x0000000086700000| Complete 
| 104|0x0000000086800000, 0x0000000086900000, 0x0000000086900000|100%| E|CS|TAMS 0x0000000086800000, 0x0000000086800000| Complete 
| 105|0x0000000086900000, 0x0000000086a00000, 0x0000000086a00000|100%| E|CS|TAMS 0x0000000086900000, 0x0000000086900000| Complete 
| 106|0x0000000086a00000, 0x0000000086b00000, 0x0000000086b00000|100%| E|CS|TAMS 0x0000000086a00000, 0x0000000086a00000| Complete 
| 107|0x0000000086b00000, 0x0000000086c00000, 0x0000000086c00000|100%| E|CS|TAMS 0x0000000086b00000, 0x0000000086b00000| Complete 
| 108|0x0000000086c00000, 0x0000000086d00000, 0x0000000086d00000|100%| E|CS|TAMS 0x0000000086c00000, 0x0000000086c00000| Complete 
| 109|0x0000000086d00000, 0x0000000086e00000, 0x0000000086e00000|100%| E|CS|TAMS 0x0000000086d00000, 0x0000000086d00000| Complete 
| 110|0x0000000086e00000, 0x0000000086f00000, 0x0000000086f00000|100%| E|CS|TAMS 0x0000000086e00000, 0x0000000086e00000| Complete 
| 111|0x0000000086f00000, 0x0000000087000000, 0x0000000087000000|100%| E|CS|TAMS 0x0000000086f00000, 0x0000000086f00000| Complete 
| 112|0x0000000087000000, 0x0000000087100000, 0x0000000087100000|100%| E|CS|TAMS 0x0000000087000000, 0x0000000087000000| Complete 
| 113|0x0000000087100000, 0x0000000087200000, 0x0000000087200000|100%| E|CS|TAMS 0x0000000087100000, 0x0000000087100000| Complete 
| 114|0x0000000087200000, 0x0000000087300000, 0x0000000087300000|100%| E|CS|TAMS 0x0000000087200000, 0x0000000087200000| Complete 
| 115|0x0000000087300000, 0x0000000087400000, 0x0000000087400000|100%| E|CS|TAMS 0x0000000087300000, 0x0000000087300000| Complete 
| 116|0x0000000087400000, 0x0000000087500000, 0x0000000087500000|100%| E|CS|TAMS 0x0000000087400000, 0x0000000087400000| Complete 
| 117|0x0000000087500000, 0x0000000087600000, 0x0000000087600000|100%| E|CS|TAMS 0x0000000087500000, 0x0000000087500000| Complete 
| 118|0x0000000087600000, 0x0000000087700000, 0x0000000087700000|100%| E|CS|TAMS 0x0000000087600000, 0x0000000087600000| Complete 
| 119|0x0000000087700000, 0x0000000087800000, 0x0000000087800000|100%| E|CS|TAMS 0x0000000087700000, 0x0000000087700000| Complete 
| 120|0x0000000087800000, 0x0000000087900000, 0x0000000087900000|100%| E|CS|TAMS 0x0000000087800000, 0x0000000087800000| Complete 
| 121|0x0000000087900000, 0x0000000087a00000, 0x0000000087a00000|100%| E|CS|TAMS 0x0000000087900000, 0x0000000087900000| Complete 
| 122|0x0000000087a00000, 0x0000000087b00000, 0x0000000087b00000|100%| E|CS|TAMS 0x0000000087a00000, 0x0000000087a00000| Complete 
| 123|0x0000000087b00000, 0x0000000087c00000, 0x0000000087c00000|100%| E|CS|TAMS 0x0000000087b00000, 0x0000000087b00000| Complete 
| 124|0x0000000087c00000, 0x0000000087d00000, 0x0000000087d00000|100%| E|CS|TAMS 0x0000000087c00000, 0x0000000087c00000| Complete 
| 125|0x0000000087d00000, 0x0000000087e00000, 0x0000000087e00000|100%| E|CS|TAMS 0x0000000087d00000, 0x0000000087d00000| Complete 
| 126|0x0000000087e00000, 0x0000000087f00000, 0x0000000087f00000|100%| E|CS|TAMS 0x0000000087e00000, 0x0000000087e00000| Complete 
| 127|0x0000000087f00000, 0x0000000088000000, 0x0000000088000000|100%| E|CS|TAMS 0x0000000087f00000, 0x0000000087f00000| Complete 
| 128|0x0000000088000000, 0x0000000088100000, 0x0000000088100000|100%| E|CS|TAMS 0x0000000088000000, 0x0000000088000000| Complete 
| 129|0x0000000088100000, 0x0000000088200000, 0x0000000088200000|100%| E|CS|TAMS 0x0000000088100000, 0x0000000088100000| Complete 
| 130|0x0000000088200000, 0x0000000088300000, 0x0000000088300000|100%| E|CS|TAMS 0x0000000088200000, 0x0000000088200000| Complete 
| 131|0x0000000088300000, 0x0000000088400000, 0x0000000088400000|100%| E|CS|TAMS 0x0000000088300000, 0x0000000088300000| Complete 
| 132|0x0000000088400000, 0x0000000088500000, 0x0000000088500000|100%| E|CS|TAMS 0x0000000088400000, 0x0000000088400000| Complete 
| 133|0x0000000088500000, 0x0000000088600000, 0x0000000088600000|100%| E|CS|TAMS 0x0000000088500000, 0x0000000088500000| Complete 
| 134|0x0000000088600000, 0x0000000088700000, 0x0000000088700000|100%| E|CS|TAMS 0x0000000088600000, 0x0000000088600000| Complete 
| 135|0x0000000088700000, 0x0000000088800000, 0x0000000088800000|100%| E|CS|TAMS 0x0000000088700000, 0x0000000088700000| Complete 
| 136|0x0000000088800000, 0x0000000088900000, 0x0000000088900000|100%| E|CS|TAMS 0x0000000088800000, 0x0000000088800000| Complete 
| 137|0x0000000088900000, 0x0000000088a00000, 0x0000000088a00000|100%| E|CS|TAMS 0x0000000088900000, 0x0000000088900000| Complete 
| 138|0x0000000088a00000, 0x0000000088b00000, 0x0000000088b00000|100%| E|CS|TAMS 0x0000000088a00000, 0x0000000088a00000| Complete 
| 139|0x0000000088b00000, 0x0000000088c00000, 0x0000000088c00000|100%| E|CS|TAMS 0x0000000088b00000, 0x0000000088b00000| Complete 
| 140|0x0000000088c00000, 0x0000000088d00000, 0x0000000088d00000|100%| E|CS|TAMS 0x0000000088c00000, 0x0000000088c00000| Complete 
| 141|0x0000000088d00000, 0x0000000088e00000, 0x0000000088e00000|100%| E|CS|TAMS 0x0000000088d00000, 0x0000000088d00000| Complete 
| 142|0x0000000088e00000, 0x0000000088f00000, 0x0000000088f00000|100%| E|CS|TAMS 0x0000000088e00000, 0x0000000088e00000| Complete 
| 143|0x0000000088f00000, 0x0000000089000000, 0x0000000089000000|100%| E|CS|TAMS 0x0000000088f00000, 0x0000000088f00000| Complete 
| 144|0x0000000089000000, 0x0000000089100000, 0x0000000089100000|100%| E|CS|TAMS 0x0000000089000000, 0x0000000089000000| Complete 
| 145|0x0000000089100000, 0x0000000089200000, 0x0000000089200000|100%| E|CS|TAMS 0x0000000089100000, 0x0000000089100000| Complete 
| 146|0x0000000089200000, 0x0000000089300000, 0x0000000089300000|100%| E|CS|TAMS 0x0000000089200000, 0x0000000089200000| Complete 
| 147|0x0000000089300000, 0x0000000089400000, 0x0000000089400000|100%| E|CS|TAMS 0x0000000089300000, 0x0000000089300000| Complete 
| 148|0x0000000089400000, 0x0000000089500000, 0x0000000089500000|100%| E|CS|TAMS 0x0000000089400000, 0x0000000089400000| Complete 
| 149|0x0000000089500000, 0x0000000089600000, 0x0000000089600000|100%| E|CS|TAMS 0x0000000089500000, 0x0000000089500000| Complete 
| 150|0x0000000089600000, 0x0000000089700000, 0x0000000089700000|100%| E|CS|TAMS 0x0000000089600000, 0x0000000089600000| Complete 
| 151|0x0000000089700000, 0x0000000089800000, 0x0000000089800000|100%| E|CS|TAMS 0x0000000089700000, 0x0000000089700000| Complete 
| 152|0x0000000089800000, 0x0000000089900000, 0x0000000089900000|100%| E|CS|TAMS 0x0000000089800000, 0x0000000089800000| Complete 
| 153|0x0000000089900000, 0x0000000089a00000, 0x0000000089a00000|100%| E|CS|TAMS 0x0000000089900000, 0x0000000089900000| Complete 
| 154|0x0000000089a00000, 0x0000000089b00000, 0x0000000089b00000|100%| E|CS|TAMS 0x0000000089a00000, 0x0000000089a00000| Complete 
| 155|0x0000000089b00000, 0x0000000089c00000, 0x0000000089c00000|100%| E|CS|TAMS 0x0000000089b00000, 0x0000000089b00000| Complete 
| 156|0x0000000089c00000, 0x0000000089d00000, 0x0000000089d00000|100%| E|CS|TAMS 0x0000000089c00000, 0x0000000089c00000| Complete 
| 157|0x0000000089d00000, 0x0000000089e00000, 0x0000000089e00000|100%| E|CS|TAMS 0x0000000089d00000, 0x0000000089d00000| Complete 
| 158|0x0000000089e00000, 0x0000000089f00000, 0x0000000089f00000|100%| E|CS|TAMS 0x0000000089e00000, 0x0000000089e00000| Complete 
| 159|0x0000000089f00000, 0x000000008a000000, 0x000000008a000000|100%| E|CS|TAMS 0x0000000089f00000, 0x0000000089f00000| Complete 
| 160|0x000000008a000000, 0x000000008a100000, 0x000000008a100000|100%| E|CS|TAMS 0x000000008a000000, 0x000000008a000000| Complete 
| 161|0x000000008a100000, 0x000000008a200000, 0x000000008a200000|100%| E|CS|TAMS 0x000000008a100000, 0x000000008a100000| Complete 
| 162|0x000000008a200000, 0x000000008a300000, 0x000000008a300000|100%| E|CS|TAMS 0x000000008a200000, 0x000000008a200000| Complete 
| 163|0x000000008a300000, 0x000000008a400000, 0x000000008a400000|100%| E|CS|TAMS 0x000000008a300000, 0x000000008a300000| Complete 
| 164|0x000000008a400000, 0x000000008a500000, 0x000000008a500000|100%| E|CS|TAMS 0x000000008a400000, 0x000000008a400000| Complete 
| 165|0x000000008a500000, 0x000000008a600000, 0x000000008a600000|100%| E|CS|TAMS 0x000000008a500000, 0x000000008a500000| Complete 
| 166|0x000000008a600000, 0x000000008a700000, 0x000000008a700000|100%| E|CS|TAMS 0x000000008a600000, 0x000000008a600000| Complete 
| 167|0x000000008a700000, 0x000000008a800000, 0x000000008a800000|100%| E|CS|TAMS 0x000000008a700000, 0x000000008a700000| Complete 
| 168|0x000000008a800000, 0x000000008a900000, 0x000000008a900000|100%| E|CS|TAMS 0x000000008a800000, 0x000000008a800000| Complete 
| 169|0x000000008a900000, 0x000000008aa00000, 0x000000008aa00000|100%| E|CS|TAMS 0x000000008a900000, 0x000000008a900000| Complete 
| 170|0x000000008aa00000, 0x000000008ab00000, 0x000000008ab00000|100%| E|CS|TAMS 0x000000008aa00000, 0x000000008aa00000| Complete 
| 171|0x000000008ab00000, 0x000000008ac00000, 0x000000008ac00000|100%| E|CS|TAMS 0x000000008ab00000, 0x000000008ab00000| Complete 
| 172|0x000000008ac00000, 0x000000008ad00000, 0x000000008ad00000|100%| E|CS|TAMS 0x000000008ac00000, 0x000000008ac00000| Complete 
| 173|0x000000008ad00000, 0x000000008ae00000, 0x000000008ae00000|100%| E|CS|TAMS 0x000000008ad00000, 0x000000008ad00000| Complete 
| 174|0x000000008ae00000, 0x000000008af00000, 0x000000008af00000|100%| E|CS|TAMS 0x000000008ae00000, 0x000000008ae00000| Complete 
| 175|0x000000008af00000, 0x000000008b000000, 0x000000008b000000|100%| E|CS|TAMS 0x000000008af00000, 0x000000008af00000| Complete 
| 176|0x000000008b000000, 0x000000008b100000, 0x000000008b100000|100%| E|CS|TAMS 0x000000008b000000, 0x000000008b000000| Complete 
| 177|0x000000008b100000, 0x000000008b200000, 0x000000008b200000|100%| E|CS|TAMS 0x000000008b100000, 0x000000008b100000| Complete 
| 178|0x000000008b200000, 0x000000008b300000, 0x000000008b300000|100%| E|CS|TAMS 0x000000008b200000, 0x000000008b200000| Complete 
| 179|0x000000008b300000, 0x000000008b400000, 0x000000008b400000|100%| E|CS|TAMS 0x000000008b300000, 0x000000008b300000| Complete 
| 180|0x000000008b400000, 0x000000008b500000, 0x000000008b500000|100%| E|CS|TAMS 0x000000008b400000, 0x000000008b400000| Complete 
| 181|0x000000008b500000, 0x000000008b600000, 0x000000008b600000|100%| E|CS|TAMS 0x000000008b500000, 0x000000008b500000| Complete 
| 182|0x000000008b600000, 0x000000008b700000, 0x000000008b700000|100%| E|CS|TAMS 0x000000008b600000, 0x000000008b600000| Complete 
| 183|0x000000008b700000, 0x000000008b800000, 0x000000008b800000|100%| E|CS|TAMS 0x000000008b700000, 0x000000008b700000| Complete 
| 184|0x000000008b800000, 0x000000008b900000, 0x000000008b900000|100%| E|CS|TAMS 0x000000008b800000, 0x000000008b800000| Complete 
| 185|0x000000008b900000, 0x000000008ba00000, 0x000000008ba00000|100%| E|CS|TAMS 0x000000008b900000, 0x000000008b900000| Complete 
| 186|0x000000008ba00000, 0x000000008bb00000, 0x000000008bb00000|100%| E|CS|TAMS 0x000000008ba00000, 0x000000008ba00000| Complete 
| 187|0x000000008bb00000, 0x000000008bc00000, 0x000000008bc00000|100%| E|CS|TAMS 0x000000008bb00000, 0x000000008bb00000| Complete 
| 188|0x000000008bc00000, 0x000000008bd00000, 0x000000008bd00000|100%| E|CS|TAMS 0x000000008bc00000, 0x000000008bc00000| Complete 
| 189|0x000000008bd00000, 0x000000008be00000, 0x000000008be00000|100%| E|CS|TAMS 0x000000008bd00000, 0x000000008bd00000| Complete 
| 190|0x000000008be00000, 0x000000008bf00000, 0x000000008bf00000|100%| E|CS|TAMS 0x000000008be00000, 0x000000008be00000| Complete 
| 191|0x000000008bf00000, 0x000000008c000000, 0x000000008c000000|100%| E|CS|TAMS 0x000000008bf00000, 0x000000008bf00000| Complete 

Card table byte_map: [0x000000001a520000,0x000000001a920000] _byte_map_base: 0x000000001a120000

Marking Bits (Prev, Next): (CMBitMap*) 0x00000000003e3f68, (CMBitMap*) 0x00000000003e3fa0
 Prev Bits: [0x000000001ad20000, 0x000000001cd20000)
 Next Bits: [0x000000001cd20000, 0x000000001ed20000)

Polling page: 0x0000000002050000

Metaspace:

Usage:
  Non-class:     37.57 MB capacity,    36.50 MB ( 97%) used,   986.20 KB (  3%) free+waste,   107.50 KB ( <1%) overhead. 
      Class:      4.40 MB capacity,     3.90 MB ( 89%) used,   468.41 KB ( 10%) free+waste,    46.50 KB (  1%) overhead. 
       Both:     41.97 MB capacity,    40.40 MB ( 96%) used,     1.42 MB (  3%) free+waste,   154.00 KB ( <1%) overhead. 

Virtual space:
  Non-class space:       38.00 MB reserved,      37.75 MB (>99%) committed 
      Class space:        1.00 GB reserved,       4.50 MB ( <1%) committed 
             Both:        1.04 GB reserved,      42.25 MB (  4%) committed 

Chunk freelists:
   Non-Class:  7.63 KB
       Class:  640 bytes
        Both:  8.25 KB

CodeHeap 'non-profiled nmethods': size=120064Kb used=8295Kb max_used=8295Kb free=111769Kb
 bounds [0x0000000012450000, 0x0000000012c70000, 0x0000000019990000]
CodeHeap 'profiled nmethods': size=120000Kb used=22317Kb max_used=22317Kb free=97682Kb
 bounds [0x000000000af20000, 0x000000000c500000, 0x0000000012450000]
CodeHeap 'non-nmethods': size=5696Kb used=1167Kb max_used=1232Kb free=4528Kb
 bounds [0x000000000a990000, 0x000000000ac00000, 0x000000000af20000]
 total_blobs=9026 nmethods=8510 adapters=427
 compilation: enabled
              stopped_count=0, restarted_count=0
 full_count=0

Compilation events (10 events):
Event: 83.355 Thread 0x0000000062104000 9467       3       org.eclipse.jdt.internal.compiler.parser.Scanner::internalScanIdentifierOrKeyword (4446 bytes)
Event: 83.380 Thread 0x0000000062104000 nmethod 9467 0x000000000c4e5290 code [0x000000000c4e5aa0, 0x000000000c4ef0b8]
Event: 83.395 Thread 0x0000000062104000 9468       3       org.eclipse.jdt.internal.compiler.ast.TypeDeclaration::addClinit (100 bytes)
Event: 83.396 Thread 0x0000000062104000 nmethod 9468 0x000000000c4f0c90 code [0x000000000c4f0ea0, 0x000000000c4f1718]
Event: 83.397 Thread 0x0000000062104000 9469       3       org.eclipse.jdt.internal.compiler.parser.Parser::consumeInternalCompilationUnitWithTypes (130 bytes)
Event: 83.399 Thread 0x0000000062104000 nmethod 9469 0x000000000c4f1990 code [0x000000000c4f1bc0, 0x000000000c4f23e8]
Event: 83.425 Thread 0x0000000062104000 9470       3       org.eclipse.jdt.internal.compiler.parser.Parser::consumeReduceImports (59 bytes)
Event: 83.425 Thread 0x0000000062104000 nmethod 9470 0x000000000c4f2690 code [0x000000000c4f2860, 0x000000000c4f2c68]
Event: 83.425 Thread 0x0000000062104000 9471       3       org.eclipse.jdt.internal.compiler.parser.Parser::consumeNestedType (84 bytes)
Event: 83.426 Thread 0x0000000062104000 nmethod 9471 0x000000000c4f2e10 code [0x000000000c4f2fe0, 0x000000000c4f34f8]

GC Heap History (10 events):
Event: 63.125 GC heap after
{Heap after GC invocations=18 (full 0):
 garbage-first heap   total 196608K, used 34474K [0x0000000080000000, 0x0000000100000000)
  region size 1024K, 7 young (7168K), 7 survivors (7168K)
 Metaspace       used 31817K, capacity 33208K, committed 33408K, reserved 1079296K
  class space    used 3195K, capacity 3612K, committed 3712K, reserved 1048576K
}
Event: 68.473 GC heap before
{Heap before GC invocations=18 (full 0):
 garbage-first heap   total 196608K, used 126634K [0x0000000080000000, 0x0000000100000000)
  region size 1024K, 98 young (100352K), 7 survivors (7168K)
 Metaspace       used 34296K, capacity 35733K, committed 35840K, reserved 1081344K
  class space    used 3420K, capacity 3887K, committed 3968K, reserved 1048576K
}
Event: 68.559 GC heap after
{Heap after GC invocations=19 (full 0):
 garbage-first heap   total 196608K, used 39948K [0x0000000080000000, 0x0000000100000000)
  region size 1024K, 13 young (13312K), 13 survivors (13312K)
 Metaspace       used 34296K, capacity 35733K, committed 35840K, reserved 1081344K
  class space    used 3420K, capacity 3887K, committed 3968K, reserved 1048576K
}
Event: 75.090 GC heap before
{Heap before GC invocations=20 (full 0):
 garbage-first heap   total 196608K, used 144396K [0x0000000080000000, 0x0000000100000000)
  region size 1024K, 115 young (117760K), 13 survivors (13312K)
 Metaspace       used 34858K, capacity 36357K, committed 36608K, reserved 1081344K
  class space    used 3452K, capacity 3898K, committed 3968K, reserved 1048576K
}
Event: 75.150 GC heap after
{Heap after GC invocations=21 (full 0):
 garbage-first heap   total 196608K, used 34097K [0x0000000080000000, 0x0000000100000000)
  region size 1024K, 6 young (6144K), 6 survivors (6144K)
 Metaspace       used 34858K, capacity 36357K, committed 36608K, reserved 1081344K
  class space    used 3452K, capacity 3898K, committed 3968K, reserved 1048576K
}
Event: 77.722 GC heap before
{Heap before GC invocations=21 (full 0):
 garbage-first heap   total 196608K, used 148785K [0x0000000080000000, 0x0000000100000000)
  region size 1024K, 115 young (117760K), 6 survivors (6144K)
 Metaspace       used 38056K, capacity 39623K, committed 39808K, reserved 1085440K
  class space    used 3700K, capacity 4179K, committed 4224K, reserved 1048576K
}
Event: 77.759 GC heap after
{Heap after GC invocations=22 (full 0):
 garbage-first heap   total 196608K, used 33871K [0x0000000080000000, 0x0000000100000000)
  region size 1024K, 5 young (5120K), 5 survivors (5120K)
 Metaspace       used 38056K, capacity 39623K, committed 39808K, reserved 1085440K
  class space    used 3700K, capacity 4179K, committed 4224K, reserved 1048576K
}
Event: 80.221 GC heap before
{Heap before GC invocations=22 (full 0):
 garbage-first heap   total 196608K, used 145487K [0x0000000080000000, 0x0000000100000000)
  region size 1024K, 115 young (117760K), 5 survivors (5120K)
 Metaspace       used 40002K, capacity 41623K, committed 41856K, reserved 1087488K
  class space    used 3890K, capacity 4396K, committed 4480K, reserved 1048576K
}
Event: 80.267 GC heap after
{Heap after GC invocations=23 (full 0):
 garbage-first heap   total 196608K, used 43445K [0x0000000080000000, 0x0000000100000000)
  region size 1024K, 14 young (14336K), 14 survivors (14336K)
 Metaspace       used 40002K, capacity 41623K, committed 41856K, reserved 1087488K
  class space    used 3890K, capacity 4396K, committed 4480K, reserved 1048576K
}
Event: 83.483 GC heap before
{Heap before GC invocations=23 (full 0):
 garbage-first heap   total 196608K, used 146869K [0x0000000080000000, 0x0000000100000000)
  region size 1024K, 115 young (117760K), 14 survivors (14336K)
 Metaspace       used 41365K, capacity 42974K, committed 43264K, reserved 1087488K
  class space    used 3992K, capacity 4507K, committed 4608K, reserved 1048576K
}

Deoptimization events (10 events):
Event: 81.445 Thread 0x00000000003a4000 Uncommon trap: reason=unstable_if action=reinterpret pc=0x000000001280464c method=java.lang.reflect.AccessibleObject.verifyAccess(Ljava/lang/Class;Ljava/lang/Class;Ljava/lang/Class;I)Z @ 2 c2
Event: 81.446 Thread 0x00000000003a4000 Uncommon trap: reason=unstable_if action=reinterpret pc=0x00000000128078fc method=java.lang.reflect.AccessibleObject.verifyAccess(Ljava/lang/Class;Ljava/lang/Class;Ljava/lang/Class;I)Z @ 2 c2
Event: 81.692 Thread 0x00000000003a4000 Uncommon trap: reason=unstable_if action=reinterpret pc=0x0000000012487cf0 method=java.util.zip.ZipFile$ZipEntryIterator.hasNext()Z @ 8 c2
Event: 81.866 Thread 0x00000000003a4000 Uncommon trap: reason=unstable_if action=reinterpret pc=0x0000000012beabec method=jdk.internal.jimage.ImageLocation.verify(Ljava/lang/String;[JLjdk/internal/jimage/ImageStrings;)Z @ 73 c2
Event: 81.867 Thread 0x00000000003a4000 Uncommon trap: reason=unstable_if action=reinterpret pc=0x0000000012c1739c method=jdk.internal.jimage.ImageLocation.verify(Ljava/lang/String;[JLjdk/internal/jimage/ImageStrings;)Z @ 73 c2
Event: 82.378 Thread 0x00000000003a4000 Uncommon trap: reason=unstable_if action=reinterpret pc=0x0000000012c3372c method=org.eclipse.jdt.internal.compiler.parser.Scanner.pushLineSeparator()V @ 55 c2
Event: 82.571 Thread 0x00000000003a4000 Uncommon trap: reason=intrinsic_or_type_checked_inlining action=make_not_entrant pc=0x0000000012c41c40 method=org.eclipse.jdt.internal.compiler.parser.Parser.consumeNormalAnnotation(Z)V @ 92 c2
Event: 82.914 Thread 0x00000000003a4000 Uncommon trap: reason=unstable_if action=reinterpret pc=0x0000000012c4f24c method=org.eclipse.jdt.internal.compiler.parser.Scanner.optimizedCurrentTokenSource6()[C @ 106 c2
Event: 83.260 Thread 0x00000000003a4000 Uncommon trap: reason=unstable_if action=reinterpret pc=0x0000000012c56d40 method=org.eclipse.jdt.internal.compiler.parser.Parser.pushOnAstStack(Lorg/eclipse/jdt/internal/compiler/ast/ASTNode;)V @ 18 c2
Event: 83.331 Thread 0x00000000003a4000 Uncommon trap: reason=unstable_if action=reinterpret pc=0x0000000012c62f7c method=org.eclipse.jdt.internal.compiler.parser.Scanner.internalScanIdentifierOrKeyword(II[C)I @ 1181 c2

Classes redefined (0 events):
No events

Internal exceptions (10 events):
Event: 82.988 Thread 0x00000000003a4000 Exception <a 'java/lang/ArrayIndexOutOfBoundsException'{0x0000000085f731c0}> (0x0000000085f731c0) thrown at [./open/src/hotspot/share/runtime/sharedRuntime.cpp, line 606]
Event: 82.990 Thread 0x00000000003a4000 Exception <a 'java/lang/ArrayIndexOutOfBoundsException'{0x0000000085f816a8}> (0x0000000085f816a8) thrown at [./open/src/hotspot/share/runtime/sharedRuntime.cpp, line 606]
Event: 82.992 Thread 0x00000000003a4000 Exception <a 'java/lang/ArrayIndexOutOfBoundsException'{0x0000000085f92398}> (0x0000000085f92398) thrown at [./open/src/hotspot/share/runtime/sharedRuntime.cpp, line 606]
Event: 82.995 Thread 0x00000000003a4000 Exception <a 'java/lang/ArrayIndexOutOfBoundsException'{0x0000000085fa91f0}> (0x0000000085fa91f0) thrown at [./open/src/hotspot/share/runtime/sharedRuntime.cpp, line 606]
Event: 83.001 Thread 0x00000000003a4000 Exception <a 'java/lang/ArrayIndexOutOfBoundsException'{0x0000000085fbe8b0}> (0x0000000085fbe8b0) thrown at [./open/src/hotspot/share/runtime/sharedRuntime.cpp, line 606]
Event: 83.003 Thread 0x00000000003a4000 Exception <a 'java/lang/ArrayIndexOutOfBoundsException'{0x0000000085fcfd10}> (0x0000000085fcfd10) thrown at [./open/src/hotspot/share/runtime/sharedRuntime.cpp, line 606]
Event: 83.004 Thread 0x00000000003a4000 Exception <a 'java/lang/ArrayIndexOutOfBoundsException'{0x0000000085fd9ac8}> (0x0000000085fd9ac8) thrown at [./open/src/hotspot/share/runtime/sharedRuntime.cpp, line 606]
Event: 83.007 Thread 0x00000000003a4000 Exception <a 'java/lang/ArrayIndexOutOfBoundsException'{0x0000000085fecdc0}> (0x0000000085fecdc0) thrown at [./open/src/hotspot/share/runtime/sharedRuntime.cpp, line 606]
Event: 83.011 Thread 0x00000000003a4000 Exception <a 'java/lang/ArrayIndexOutOfBoundsException'{0x0000000085ffe3c0}> (0x0000000085ffe3c0) thrown at [./open/src/hotspot/share/runtime/sharedRuntime.cpp, line 606]
Event: 83.016 Thread 0x00000000003a4000 Exception <a 'java/lang/ArrayIndexOutOfBoundsException'{0x0000000085e19408}> (0x0000000085e19408) thrown at [./open/src/hotspot/share/runtime/sharedRuntime.cpp, line 606]

Events (10 events):
Event: 83.002 Thread 0x00000000003a4000 DEOPT UNPACKING pc=0x000000000a9b6bde sp=0x00000000022eb320 mode 0
Event: 83.010 Thread 0x00000000003a4000 DEOPT PACKING pc=0x000000000c45ea70 sp=0x00000000022ebdb0
Event: 83.010 Thread 0x00000000003a4000 DEOPT UNPACKING pc=0x000000000a9b6bde sp=0x00000000022eb320 mode 0
Event: 83.260 Thread 0x00000000003a4000 Uncommon trap: trap_request=0xffffff4d fr.pc=0x0000000012c56d40 relative=0x0000000000000e20
Event: 83.260 Thread 0x00000000003a4000 DEOPT PACKING pc=0x0000000012c56d40 sp=0x00000000022ebf40
Event: 83.260 Thread 0x00000000003a4000 DEOPT UNPACKING pc=0x000000000a9b642f sp=0x00000000022ebe08 mode 2
Event: 83.331 Thread 0x00000000003a4000 Uncommon trap: trap_request=0xffffff4d fr.pc=0x0000000012c62f7c relative=0x000000000000155c
Event: 83.331 Thread 0x00000000003a4000 DEOPT PACKING pc=0x0000000012c62f7c sp=0x00000000022ebe80
Event: 83.331 Thread 0x00000000003a4000 DEOPT UNPACKING pc=0x000000000a9b642f sp=0x00000000022ebe08 mode 2
Event: 83.482 Executing VM operation: G1CollectForAllocation


Dynamic libraries:
0x000000013f200000 - 0x000000013f20f000 	C:\Program Files\Java\jdk-11.0.11\bin\java.exe
0x0000000077120000 - 0x00000000772bf000 	C:\Windows\SYSTEM32\ntdll.dll
0x0000000077000000 - 0x000000007711f000 	C:\Windows\system32\kernel32.dll
0x000007fefcf70000 - 0x000007fefcfd7000 	C:\Windows\system32\KERNELBASE.dll
0x000007feea7c0000 - 0x000007feea7d8000 	C:\Program Files\Java\jdk-11.0.11\bin\jli.dll
0x000007fefe440000 - 0x000007fefe51b000 	C:\Windows\system32\ADVAPI32.dll
0x000007feff330000 - 0x000007feff3cf000 	C:\Windows\system32\msvcrt.dll
0x000007fefdcf0000 - 0x000007fefdd0f000 	C:\Windows\SYSTEM32\sechost.dll
0x000007fefd130000 - 0x000007fefd25c000 	C:\Windows\system32\RPCRT4.dll
0x000007fefb2d0000 - 0x000007fefb4c5000 	C:\Windows\WinSxS\amd64_microsoft.windows.common-controls_6595b64144ccf1df_6.0.7601.24483_none_e372d88f30fbb845\COMCTL32.dll
0x000007fefd5f0000 - 0x000007fefd657000 	C:\Windows\system32\GDI32.dll
0x0000000076f00000 - 0x0000000076ffb000 	C:\Windows\system32\USER32.dll
0x000007feff3d0000 - 0x000007feff3de000 	C:\Windows\system32\LPK.dll
0x000007fefde20000 - 0x000007fefdeeb000 	C:\Windows\system32\USP10.dll
0x000007feff2b0000 - 0x000007feff321000 	C:\Windows\system32\SHLWAPI.dll
0x000007fefbd20000 - 0x000007fefbd2c000 	C:\Windows\system32\VERSION.dll
0x000007feea8a0000 - 0x000007feea8b5000 	C:\Program Files\Java\jdk-11.0.11\bin\VCRUNTIME140.dll
0x000007feeb300000 - 0x000007feeb304000 	C:\Program Files\Java\jdk-11.0.11\bin\api-ms-win-crt-runtime-l1-1-0.dll
0x000007fee7ea0000 - 0x000007fee7f9a000 	C:\Program Files\Java\jdk-11.0.11\bin\ucrtbase.DLL
0x000007fef9f80000 - 0x000007fef9f83000 	C:\Program Files\Java\jdk-11.0.11\bin\api-ms-win-core-localization-l1-2-0.dll
0x000007feead10000 - 0x000007feead13000 	C:\Program Files\Java\jdk-11.0.11\bin\api-ms-win-core-processthreads-l1-1-1.dll
0x000007feeac10000 - 0x000007feeac13000 	C:\Program Files\Java\jdk-11.0.11\bin\api-ms-win-core-file-l1-2-0.dll
0x000007feeab80000 - 0x000007feeab83000 	C:\Program Files\Java\jdk-11.0.11\bin\api-ms-win-core-timezone-l1-1-0.dll
0x000007feea590000 - 0x000007feea593000 	C:\Program Files\Java\jdk-11.0.11\bin\api-ms-win-core-file-l2-1-0.dll
0x000007feea5b0000 - 0x000007feea5b3000 	C:\Program Files\Java\jdk-11.0.11\bin\api-ms-win-core-synch-l1-2-0.dll
0x000007feea290000 - 0x000007feea293000 	C:\Program Files\Java\jdk-11.0.11\bin\api-ms-win-crt-heap-l1-1-0.dll
0x000007feea2d0000 - 0x000007feea2d4000 	C:\Program Files\Java\jdk-11.0.11\bin\api-ms-win-crt-string-l1-1-0.dll
0x000007feea270000 - 0x000007feea274000 	C:\Program Files\Java\jdk-11.0.11\bin\api-ms-win-crt-stdio-l1-1-0.dll
0x000007feea280000 - 0x000007feea284000 	C:\Program Files\Java\jdk-11.0.11\bin\api-ms-win-crt-convert-l1-1-0.dll
0x000007feea1d0000 - 0x000007feea1d3000 	C:\Program Files\Java\jdk-11.0.11\bin\api-ms-win-crt-environment-l1-1-0.dll
0x000007feea1e0000 - 0x000007feea1e3000 	C:\Program Files\Java\jdk-11.0.11\bin\api-ms-win-crt-filesystem-l1-1-0.dll
0x000007feea1b0000 - 0x000007feea1b5000 	C:\Program Files\Java\jdk-11.0.11\bin\api-ms-win-crt-math-l1-1-0.dll
0x000007feea1c0000 - 0x000007feea1c3000 	C:\Program Files\Java\jdk-11.0.11\bin\api-ms-win-crt-locale-l1-1-0.dll
0x000007fefd6e0000 - 0x000007fefd70e000 	C:\Windows\system32\IMM32.DLL
0x000007fefdd10000 - 0x000007fefde1b000 	C:\Windows\system32\MSCTF.dll
0x000007fee91f0000 - 0x000007fee928b000 	C:\Program Files\Java\jdk-11.0.11\bin\msvcp140.dll
0x000007fee9d10000 - 0x000007fee9d13000 	C:\Program Files\Java\jdk-11.0.11\bin\api-ms-win-crt-time-l1-1-0.dll
0x000007feea1a0000 - 0x000007feea1a3000 	C:\Program Files\Java\jdk-11.0.11\bin\api-ms-win-crt-utility-l1-1-0.dll
0x000007fee0d30000 - 0x000007fee182e000 	C:\Program Files\Java\jdk-11.0.11\bin\server\jvm.dll
0x000007fef8290000 - 0x000007fef8299000 	C:\Windows\system32\WSOCK32.dll
0x000007fefd0e0000 - 0x000007fefd12d000 	C:\Windows\system32\WS2_32.dll
0x000007fefd710000 - 0x000007fefd718000 	C:\Windows\system32\NSI.dll
0x000007fefb0b0000 - 0x000007fefb0eb000 	C:\Windows\system32\WINMM.dll
0x00000000772c0000 - 0x00000000772c7000 	C:\Windows\system32\PSAPI.DLL
0x000007fee9cf0000 - 0x000007fee9d00000 	C:\Program Files\Java\jdk-11.0.11\bin\verify.dll
0x000007fef6f60000 - 0x000007fef7085000 	C:\Windows\system32\DBGHELP.DLL
0x000007fee9660000 - 0x000007fee9688000 	C:\Program Files\Java\jdk-11.0.11\bin\java.dll
0x000007fee9d00000 - 0x000007fee9d0a000 	C:\Program Files\Java\jdk-11.0.11\bin\jimage.dll
0x000007fee9c10000 - 0x000007fee9c26000 	C:\Program Files\Java\jdk-11.0.11\bin\zip.dll
0x000007fefe520000 - 0x000007feff2ab000 	C:\Windows\system32\SHELL32.dll
0x000007fefd3f0000 - 0x000007fefd5ef000 	C:\Windows\system32\ole32.dll
0x000007fefcc40000 - 0x000007fefcc4f000 	C:\Windows\system32\profapi.dll
0x000007fee91d0000 - 0x000007fee91e9000 	C:\Program Files\Java\jdk-11.0.11\bin\net.dll
0x000007fef8970000 - 0x000007fef89e1000 	C:\Windows\system32\WINHTTP.dll
0x000007fef8900000 - 0x000007fef8965000 	C:\Windows\system32\webio.dll
0x000007fefc380000 - 0x000007fefc3d5000 	C:\Windows\system32\mswsock.dll
0x000007fefc370000 - 0x000007fefc377000 	C:\Windows\System32\wship6.dll
0x000007fee91b0000 - 0x000007fee91c2000 	C:\Program Files\Java\jdk-11.0.11\bin\nio.dll

dbghelp: loaded successfully - version: 4.0.5 - missing functions: none
symbol engine: initialized successfully - sym options: 0x614 - pdb path: .;C:\Program Files\Java\jdk-11.0.11\bin;C:\Windows\SYSTEM32;C:\Windows\WinSxS\amd64_microsoft.windows.common-controls_6595b64144ccf1df_6.0.7601.24483_none_e372d88f30fbb845;C:\Program Files\Java\jdk-11.0.11\bin\server

VM Arguments:
jvm_args: -Xmx2g -Dfile.encoding=UTF-8 -Dant.home=D:\habrisBatch2021\hybris\bin\platform\apache-ant 
java_command: org.apache.tools.ant.launch.Launcher clean all
java_class_path (initial): D:\habrisBatch2021\hybris\bin\platform\apache-ant\lib\ant-launcher.jar
Launcher Type: SUN_STANDARD

[Global flags]
     intx CICompilerCount                          = 3                                         {product} {ergonomic}
     uint ConcGCThreads                            = 1                                         {product} {ergonomic}
     uint G1ConcRefinementThreads                  = 4                                         {product} {ergonomic}
   size_t G1HeapRegionSize                         = 1048576                                   {product} {ergonomic}
    uintx GCDrainStackTargetSize                   = 64                                        {product} {ergonomic}
   size_t InitialHeapSize                          = 167772160                                 {product} {ergonomic}
   size_t MarkStackSize                            = 4194304                                   {product} {ergonomic}
   size_t MaxHeapSize                              = 2147483648                                {product} {command line}
   size_t MaxNewSize                               = 1287651328                                {product} {ergonomic}
   size_t MinHeapDeltaBytes                        = 1048576                                   {product} {ergonomic}
    uintx NonNMethodCodeHeapSize                   = 5830732                                {pd product} {ergonomic}
    uintx NonProfiledCodeHeapSize                  = 122913754                              {pd product} {ergonomic}
    uintx ProfiledCodeHeapSize                     = 122913754                              {pd product} {ergonomic}
    uintx ReservedCodeCacheSize                    = 251658240                              {pd product} {ergonomic}
     bool SegmentedCodeCache                       = true                                      {product} {ergonomic}
     bool UseCompressedClassPointers               = true                                 {lp64_product} {ergonomic}
     bool UseCompressedOops                        = true                                 {lp64_product} {ergonomic}
     bool UseG1GC                                  = true                                      {product} {ergonomic}
     bool UseLargePagesIndividualAllocation        = false                                  {pd product} {ergonomic}

Logging:
Log output configuration:
 #0: stdout all=warning uptime,level,tags
 #1: stderr all=off uptime,level,tags

Environment Variables:
JAVA_HOME=C:\Program Files\Java\jdk-11.0.11
PATH=D:\habrisBatch2021\hybris\bin\platform\apache-ant\bin;C:\Program Files\Common Files\Oracle\Java\javapath;C:\Program Files\nodejs\;C:\Program Files\Git\cmd;C:\Users\razhaka\AppData\Roaming\npm;C:\Users\razhaka\AppData\Local\Programs\Microsoft VS Code\bin;C:\Program Files\Java\jdk1.8.0_201\bin;C:\Users\razhaka\AppData\Local\Programs\Microsoft VS Code
USERNAME=razhaka
OS=Windows_NT
PROCESSOR_IDENTIFIER=Intel64 Family 6 Model 42 Stepping 7, GenuineIntel



---------------  S Y S T E M  ---------------

OS: Windows 7 , 64 bit Build 7601 (6.1.7601.24545)

CPU:total 4 (initial active 4) (2 cores per cpu, 2 threads per core) family 6 model 42 stepping 7 microcode 0x0, cmov, cx8, fxsr, mmx, sse, sse2, sse3, ssse3, sse4.1, sse4.2, popcnt, avx, clmul, ht, tsc, tscinvbit

Memory: 4k page, system-wide physical 10187M (3738M free)
TotalPageFile size 20373M (AvailPageFile size 12862M)
current process WorkingSet (physical memory assigned to process): 383M, peak: 385M
current process commit charge ("private bytes"): 454M, peak: 456M

vm_info: Java HotSpot(TM) 64-Bit Server VM (11.0.11+9-LTS-194) for windows-amd64 JRE (11.0.11+9-LTS-194), built on Mar 18 2021 18:46:53 by "mach5one" with MS VC++ 15.9 (VS2017)

END.
