#
# A fatal error has been detected by the Java Runtime Environment:
#
#  EXCEPTION_ACCESS_VIOLATION (0xc0000005) at pc=0x000007fee1e9ad95, pid=8640, tid=8728
#
# JRE version: Java(TM) SE Runtime Environment 18.9 (11.0.11+9) (build 11.0.11+9-LTS-194)
# Java VM: Java HotSpot(TM) 64-Bit Server VM 18.9 (11.0.11+9-LTS-194, mixed mode, tiered, compressed oops, g1 gc, windows-amd64)
# Problematic frame:
# V  [jvm.dll+0x66ad95]
#
# No core dump will be written. Minidumps are not enabled by default on client versions of Windows
#
# If you would like to submit a bug report, please visit:
#   https://bugreport.java.com/bugreport/crash.jsp
#

---------------  S U M M A R Y ------------

Command Line: -Xmx2g -Dfile.encoding=UTF-8 -Dant.home=D:\habrisBatch2021\hybris\bin\platform\apache-ant org.apache.tools.ant.launch.Launcher clean all

Host: Intel(R) Core(TM) i3-2330M CPU @ 2.20GHz, 4 cores, 9G,  Windows 7 , 64 bit Build 7601 (6.1.7601.24545)
Time: Thu Jun 17 15:15:02 2021 India Standard Time elapsed time: 60.804129 seconds (0d 0h 1m 0s)

---------------  T H R E A D  ---------------

Current thread (0x00000000621b4000):  JavaThread "C2 CompilerThread1" daemon [_thread_in_native, id=8728, stack(0x0000000067d10000,0x0000000067e10000)]


Current CompileTask:
C2:  60804 12637       4       org.eclipse.jdt.internal.compiler.lookup.BinaryTypeBinding::createMethod (1613 bytes)

Stack: [0x0000000067d10000,0x0000000067e10000],  sp=0x0000000067e0b610,  free space=1005k
Native frames: (J=compiled Java code, j=interpreted, Vv=VM code, C=native code)
V  [jvm.dll+0x66ad95]
V  [jvm.dll+0x193cff]
V  [jvm.dll+0x1fd152]
V  [jvm.dll+0x1fc22f]
V  [jvm.dll+0x17f0bc]
V  [jvm.dll+0x20b68c]
V  [jvm.dll+0x20978b]
V  [jvm.dll+0x7152c9]
V  [jvm.dll+0x70dfc4]
V  [jvm.dll+0x6160f6]
C  [ucrtbase.DLL+0x1d912]
C  [kernel32.dll+0x1556d]
C  [ntdll.dll+0x5372d]


siginfo: EXCEPTION_ACCESS_VIOLATION (0xc0000005), reading address 0x0000000000000030


Register to memory mapping:

RIP=0x000007fee1e9ad95 jvm.dll
RAX=0x0 is NULL
RBX=0x0000000000000002 is an unknown value
RCX=0x0000000000000020 is an unknown value
RDX=0x0000000000004129 is an unknown value
RSP=0x0000000067e0b610 is pointing into the stack for thread: 0x00000000621b4000
RBP=0x0000000067e0b710 is pointing into the stack for thread: 0x00000000621b4000
RSI=0x000000006610f698 points into unknown readable memory: b0 9b 04 e2 fe 07 00 00
RDI=0x0 is NULL
R8 =0x00000000686a2df0 points into unknown readable memory: 90 24 f2 6c 00 00 00 00
R9 =0x0000000067e0b620 is pointing into the stack for thread: 0x00000000621b4000
R10=0x00000000686a0b18 points into unknown readable memory: b8 08 6a 68 00 00 00 00
R11=0x000000006d8fade8 points into unknown readable memory: b8 08 6a 68 00 00 00 00
R12=0x0000000000000002 is an unknown value
R13=0x00000000686a2d98 points into unknown readable memory: 80 54 04 e2 fe 07 00 00
R14=0x000000006d59fbe0 points into unknown readable memory: b0 9b 04 e2 fe 07 00 00
R15=0x000000006869dfc8 points into unknown readable memory: 80 54 04 e2 fe 07 00 00


Registers:
RAX=0x0000000000000000, RBX=0x0000000000000002, RCX=0x0000000000000020, RDX=0x0000000000004129
RSP=0x0000000067e0b610, RBP=0x0000000067e0b710, RSI=0x000000006610f698, RDI=0x0000000000000000
R8 =0x00000000686a2df0, R9 =0x0000000067e0b620, R10=0x00000000686a0b18, R11=0x000000006d8fade8
R12=0x0000000000000002, R13=0x00000000686a2d98, R14=0x000000006d59fbe0, R15=0x000000006869dfc8
RIP=0x000007fee1e9ad95, EFLAGS=0x0000000000010202

Top of Stack: (sp=0x0000000067e0b610)
0x0000000067e0b610:   0000000000000001 000000006d59fec0
0x0000000067e0b620:   0000000000000000 000000006610ebd8
0x0000000067e0b630:   000000006d8fad40 0000000000000002
0x0000000067e0b640:   0000000000004f59 000000006da10000
0x0000000067e0b650:   000000006517e700 0000000067e0b7e0
0x0000000067e0b660:   0000000000000084 0000000000000000
0x0000000067e0b670:   000000050000000e 0000000065cf42c8
0x0000000067e0b680:   0000013c00000008 000007fee2262e50
0x0000000067e0b690:   0000000000000005 000000000000021c
0x0000000067e0b6a0:   000000006b0d6180 00000002000004bc
0x0000000067e0b6b0:   000000006b0d6b60 0000000069f37d50
0x0000000067e0b6c0:   000000006516c800 000023fd00000000
0x0000000067e0b6d0:   0000000067e0bbc0 0000000000000013
0x0000000067e0b6e0:   000000006da07030 0000000066112f50
0x0000000067e0b6f0:   0000000069f32800 0000000000000005
0x0000000067e0b700:   00004a0100000000 000000006da10050 

Instructions: (pc=0x000007fee1e9ad95)
0x000007fee1e9ad75:   07 0a 00 00 4c 8b f8 48 85 c0 0f 84 05 fe ff ff
0x000007fee1e9ad85:   41 8b dc 4d 8b 45 08 49 8b 0c d8 48 85 c9 74 26
0x000007fee1e9ad95:   48 8b 79 10 48 85 ff 74 1d 8b 41 20 48 8d 14 c7
0x000007fee1e9ada5:   4c 39 6a f8 48 8d 52 f8 75 f6 ff c8 89 41 20 48 


Stack slot to memory mapping:
stack at sp + 0 slots: 0x0000000000000001 is an unknown value
stack at sp + 1 slots: 0x000000006d59fec0 points into unknown readable memory: b0 9b 04 e2 fe 07 00 00
stack at sp + 2 slots: 0x0 is NULL
stack at sp + 3 slots: 0x000000006610ebd8 points into unknown readable memory: b0 9b 04 e2 fe 07 00 00
stack at sp + 4 slots: 0x000000006d8fad40 points into unknown readable memory: 88 de 05 e2 fe 07 00 00
stack at sp + 5 slots: 0x0000000000000002 is an unknown value
stack at sp + 6 slots: 0x0000000000004f59 is an unknown value
stack at sp + 7 slots: 0x000000006da10000 points into unknown readable memory: 00 00 00 00 00 00 00 00


---------------  P R O C E S S  ---------------

Threads class SMR info:
_java_thread_list=0x0000000068c06a10, length=11, elements={
0x00000000003e4000, 0x000000006218a800, 0x0000000062194800, 0x00000000621a8000,
0x00000000621ab000, 0x00000000621ad000, 0x00000000621b3800, 0x00000000621c6800,
0x0000000062ddb000, 0x0000000062e2c800, 0x00000000621b4000
}

Java Threads: ( => current thread )
  0x00000000003e4000 JavaThread "main" [_thread_in_vm, id=10296, stack(0x0000000002150000,0x0000000002250000)]
  0x000000006218a800 JavaThread "Reference Handler" daemon [_thread_blocked, id=10320, stack(0x0000000062540000,0x0000000062640000)]
  0x0000000062194800 JavaThread "Finalizer" daemon [_thread_blocked, id=10348, stack(0x0000000062440000,0x0000000062540000)]
  0x00000000621a8000 JavaThread "Signal Dispatcher" daemon [_thread_blocked, id=10344, stack(0x0000000062810000,0x0000000062910000)]
  0x00000000621ab000 JavaThread "Attach Listener" daemon [_thread_blocked, id=10328, stack(0x0000000062980000,0x0000000062a80000)]
  0x00000000621ad000 JavaThread "C2 CompilerThread0" daemon [_thread_in_native, id=9328, stack(0x00000000626d0000,0x00000000627d0000)]
  0x00000000621b3800 JavaThread "C1 CompilerThread0" daemon [_thread_in_native, id=9812, stack(0x0000000062aa0000,0x0000000062ba0000)]
  0x00000000621c6800 JavaThread "Sweeper thread" daemon [_thread_blocked, id=10360, stack(0x0000000062bc0000,0x0000000062cc0000)]
  0x0000000062ddb000 JavaThread "Service Thread" daemon [_thread_blocked, id=10340, stack(0x00000000630f0000,0x00000000631f0000)]
  0x0000000062e2c800 JavaThread "Common-Cleaner" daemon [_thread_blocked, id=10372, stack(0x0000000063540000,0x0000000063640000)]
=>0x00000000621b4000 JavaThread "C2 CompilerThread1" daemon [_thread_in_native, id=8728, stack(0x0000000067d10000,0x0000000067e10000)]

Other Threads:
  0x0000000062186800 VMThread "VM Thread" [stack: 0x0000000062310000,0x0000000062410000] [id=10332]
  0x0000000062e2b800 WatcherThread [stack: 0x0000000063300000,0x0000000063400000] [id=10388]
  0x00000000003f9000 GCTaskThread "GC Thread#0" [stack: 0x0000000019bc0000,0x0000000019cc0000] [id=10292]
  0x0000000063b80000 GCTaskThread "GC Thread#1" [stack: 0x0000000063e60000,0x0000000063f60000] [id=9392]
  0x0000000063b80800 GCTaskThread "GC Thread#2" [stack: 0x00000000631f0000,0x00000000632f0000] [id=10380]
  0x0000000064700000 GCTaskThread "GC Thread#3" [stack: 0x0000000067e20000,0x0000000067f20000] [id=8976]
  0x000000000042d000 ConcurrentGCThread "G1 Main Marker" [stack: 0x000000001ed50000,0x000000001ee50000] [id=10280]
  0x000000000042f000 ConcurrentGCThread "G1 Conc#0" [stack: 0x000000001efe0000,0x000000001f0e0000] [id=10312]
  0x0000000021475800 ConcurrentGCThread "G1 Refine#0" [stack: 0x0000000021620000,0x0000000021720000] [id=10316]
  0x00000000645b8800 ConcurrentGCThread "G1 Refine#1" [stack: 0x0000000076d30000,0x0000000076e30000] [id=10288]
  0x00000000645b9800 ConcurrentGCThread "G1 Refine#2" [stack: 0x0000000069460000,0x0000000069560000] [id=10632]
  0x0000000021478000 ConcurrentGCThread "G1 Young RemSet Sampling" [stack: 0x0000000021750000,0x0000000021850000] [id=10336]

Threads with active compile tasks:
C2 CompilerThread0  60909 12795   !   4       java.lang.ClassLoader::loadClass (122 bytes)
C1 CompilerThread0  60909 12865       3       java.lang.reflect.ProxyGenerator$ProxyMethod::generateMethod (733 bytes)
C2 CompilerThread1  60909 12637       4       org.eclipse.jdt.internal.compiler.lookup.BinaryTypeBinding::createMethod (1613 bytes)

VM state:not at safepoint (normal execution)

VM Mutex/Monitor currently owned by a thread: None

Heap address: 0x0000000080000000, size: 2048 MB, Compressed Oops mode: 32-bit
Narrow klass base: 0x0000000000000000, Narrow klass shift: 0
Compressed class space size: 1073741824 Address: 0x0000000021850000

Heap:
 garbage-first heap   total 237568K, used 144773K [0x0000000080000000, 0x0000000100000000)
  region size 1024K, 55 young (56320K), 8 survivors (8192K)
 Metaspace       used 51941K, capacity 53794K, committed 53888K, reserved 1097728K
  class space    used 4924K, capacity 5473K, committed 5504K, reserved 1048576K
Heap Regions: E=young(eden), S=young(survivor), O=old, HS=humongous(starts), HC=humongous(continues), CS=collection set, F=free, A=archive, TAMS=top-at-mark-start (previous, next)
|   0|0x0000000080000000, 0x0000000080100000, 0x0000000080100000|100%| O|  |TAMS 0x0000000080100000, 0x0000000080000000| Untracked 
|   1|0x0000000080100000, 0x0000000080200000, 0x0000000080200000|100%| O|  |TAMS 0x0000000080200000, 0x0000000080100000| Untracked 
|   2|0x0000000080200000, 0x0000000080300000, 0x0000000080300000|100%| O|  |TAMS 0x0000000080300000, 0x0000000080200000| Untracked 
|   3|0x0000000080300000, 0x0000000080400000, 0x0000000080400000|100%| O|  |TAMS 0x0000000080400000, 0x0000000080300000| Untracked 
|   4|0x0000000080400000, 0x0000000080500000, 0x0000000080500000|100%| O|  |TAMS 0x0000000080500000, 0x0000000080400000| Untracked 
|   5|0x0000000080500000, 0x0000000080600000, 0x0000000080600000|100%| O|  |TAMS 0x0000000080600000, 0x0000000080500000| Untracked 
|   6|0x0000000080600000, 0x0000000080700000, 0x0000000080700000|100%|HS|  |TAMS 0x0000000080700000, 0x0000000080600000| Complete 
|   7|0x0000000080700000, 0x0000000080800000, 0x0000000080800000|100%|HS|  |TAMS 0x0000000080800000, 0x0000000080700000| Complete 
|   8|0x0000000080800000, 0x0000000080900000, 0x0000000080900000|100%|HC|  |TAMS 0x0000000080900000, 0x0000000080800000| Complete 
|   9|0x0000000080900000, 0x0000000080a00000, 0x0000000080a00000|100%| O|  |TAMS 0x0000000080a00000, 0x0000000080900000| Untracked 
|  10|0x0000000080a00000, 0x0000000080b00000, 0x0000000080b00000|100%| O|  |TAMS 0x0000000080b00000, 0x0000000080a00000| Untracked 
|  11|0x0000000080b00000, 0x0000000080c00000, 0x0000000080c00000|100%| O|  |TAMS 0x0000000080c00000, 0x0000000080b00000| Untracked 
|  12|0x0000000080c00000, 0x0000000080d00000, 0x0000000080d00000|100%| O|  |TAMS 0x0000000080d00000, 0x0000000080c00000| Untracked 
|  13|0x0000000080d00000, 0x0000000080e00000, 0x0000000080e00000|100%| O|  |TAMS 0x0000000080e00000, 0x0000000080d00000| Untracked 
|  14|0x0000000080e00000, 0x0000000080f00000, 0x0000000080f00000|100%| O|  |TAMS 0x0000000080f00000, 0x0000000080e00000| Untracked 
|  15|0x0000000080f00000, 0x0000000081000000, 0x0000000081000000|100%| O|  |TAMS 0x0000000081000000, 0x0000000080f00000| Untracked 
|  16|0x0000000081000000, 0x0000000081100000, 0x0000000081100000|100%| O|  |TAMS 0x0000000081100000, 0x0000000081000000| Untracked 
|  17|0x0000000081100000, 0x0000000081200000, 0x0000000081200000|100%| O|  |TAMS 0x0000000081200000, 0x0000000081100000| Untracked 
|  18|0x0000000081200000, 0x0000000081300000, 0x0000000081300000|100%| O|  |TAMS 0x0000000081300000, 0x0000000081200000| Untracked 
|  19|0x0000000081300000, 0x0000000081400000, 0x0000000081400000|100%| O|  |TAMS 0x0000000081400000, 0x0000000081300000| Untracked 
|  20|0x0000000081400000, 0x0000000081500000, 0x0000000081500000|100%| O|  |TAMS 0x0000000081500000, 0x0000000081400000| Untracked 
|  21|0x0000000081500000, 0x0000000081600000, 0x0000000081600000|100%| O|  |TAMS 0x0000000081600000, 0x0000000081500000| Untracked 
|  22|0x0000000081600000, 0x0000000081700000, 0x0000000081700000|100%| O|  |TAMS 0x0000000081700000, 0x0000000081600000| Untracked 
|  23|0x0000000081700000, 0x0000000081800000, 0x0000000081800000|100%| O|  |TAMS 0x0000000081800000, 0x0000000081700000| Untracked 
|  24|0x0000000081800000, 0x0000000081900000, 0x0000000081900000|100%| O|  |TAMS 0x0000000081900000, 0x0000000081800000| Untracked 
|  25|0x0000000081900000, 0x0000000081a00000, 0x0000000081a00000|100%| O|  |TAMS 0x0000000081a00000, 0x0000000081900000| Untracked 
|  26|0x0000000081a00000, 0x0000000081b00000, 0x0000000081b00000|100%| O|  |TAMS 0x0000000081b00000, 0x0000000081a00000| Untracked 
|  27|0x0000000081b00000, 0x0000000081c00000, 0x0000000081c00000|100%| O|  |TAMS 0x0000000081c00000, 0x0000000081b00000| Untracked 
|  28|0x0000000081c00000, 0x0000000081d00000, 0x0000000081d00000|100%| O|  |TAMS 0x0000000081d00000, 0x0000000081c00000| Untracked 
|  29|0x0000000081d00000, 0x0000000081e00000, 0x0000000081e00000|100%| O|  |TAMS 0x0000000081e00000, 0x0000000081d00000| Untracked 
|  30|0x0000000081e00000, 0x0000000081f00000, 0x0000000081f00000|100%| O|  |TAMS 0x0000000081f00000, 0x0000000081e00000| Untracked 
|  31|0x0000000081f00000, 0x0000000082000000, 0x0000000082000000|100%| O|  |TAMS 0x0000000082000000, 0x0000000081f00000| Untracked 
|  32|0x0000000082000000, 0x0000000082100000, 0x0000000082100000|100%| O|  |TAMS 0x00000000820c9000, 0x0000000082000000| Untracked 
|  33|0x0000000082100000, 0x0000000082200000, 0x0000000082200000|100%| O|  |TAMS 0x0000000082100000, 0x0000000082100000| Untracked 
|  34|0x0000000082200000, 0x0000000082300000, 0x0000000082300000|100%| O|  |TAMS 0x0000000082200000, 0x0000000082200000| Untracked 
|  35|0x0000000082300000, 0x0000000082400000, 0x0000000082400000|100%| O|  |TAMS 0x0000000082300000, 0x0000000082300000| Untracked 
|  36|0x0000000082400000, 0x0000000082500000, 0x0000000082500000|100%| O|  |TAMS 0x0000000082400000, 0x0000000082400000| Untracked 
|  37|0x0000000082500000, 0x0000000082600000, 0x0000000082600000|100%| O|  |TAMS 0x0000000082500000, 0x0000000082500000| Untracked 
|  38|0x0000000082600000, 0x0000000082700000, 0x0000000082700000|100%| O|  |TAMS 0x0000000082600000, 0x0000000082600000| Untracked 
|  39|0x0000000082700000, 0x0000000082800000, 0x0000000082800000|100%| O|  |TAMS 0x0000000082700000, 0x0000000082700000| Untracked 
|  40|0x0000000082800000, 0x0000000082900000, 0x0000000082900000|100%| O|  |TAMS 0x0000000082800000, 0x0000000082800000| Untracked 
|  41|0x0000000082900000, 0x0000000082a00000, 0x0000000082a00000|100%| O|  |TAMS 0x0000000082900000, 0x0000000082900000| Untracked 
|  42|0x0000000082a00000, 0x0000000082b00000, 0x0000000082b00000|100%| O|  |TAMS 0x0000000082a00000, 0x0000000082a00000| Untracked 
|  43|0x0000000082b00000, 0x0000000082c00000, 0x0000000082c00000|100%| O|  |TAMS 0x0000000082b00000, 0x0000000082b00000| Untracked 
|  44|0x0000000082c00000, 0x0000000082d00000, 0x0000000082d00000|100%| O|  |TAMS 0x0000000082c00000, 0x0000000082c00000| Untracked 
|  45|0x0000000082d00000, 0x0000000082e00000, 0x0000000082e00000|100%| O|  |TAMS 0x0000000082d00000, 0x0000000082d00000| Untracked 
|  46|0x0000000082e00000, 0x0000000082f00000, 0x0000000082f00000|100%| O|  |TAMS 0x0000000082e00000, 0x0000000082e00000| Untracked 
|  47|0x0000000082f00000, 0x0000000083000000, 0x0000000083000000|100%| O|  |TAMS 0x0000000082f00000, 0x0000000082f00000| Untracked 
|  48|0x0000000083000000, 0x0000000083100000, 0x0000000083100000|100%| O|  |TAMS 0x0000000083000000, 0x0000000083000000| Untracked 
|  49|0x0000000083100000, 0x0000000083200000, 0x0000000083200000|100%| O|  |TAMS 0x0000000083100000, 0x0000000083100000| Untracked 
|  50|0x0000000083200000, 0x0000000083300000, 0x0000000083300000|100%| O|  |TAMS 0x0000000083200000, 0x0000000083200000| Untracked 
|  51|0x0000000083300000, 0x0000000083400000, 0x0000000083400000|100%| O|  |TAMS 0x0000000083300000, 0x0000000083300000| Untracked 
|  52|0x0000000083400000, 0x0000000083500000, 0x0000000083500000|100%| O|  |TAMS 0x0000000083400000, 0x0000000083400000| Untracked 
|  53|0x0000000083500000, 0x0000000083600000, 0x0000000083600000|100%| O|  |TAMS 0x0000000083500000, 0x0000000083500000| Untracked 
|  54|0x0000000083600000, 0x0000000083700000, 0x0000000083700000|100%| O|  |TAMS 0x0000000083600000, 0x0000000083600000| Untracked 
|  55|0x0000000083700000, 0x0000000083800000, 0x0000000083800000|100%| O|  |TAMS 0x0000000083700000, 0x0000000083700000| Untracked 
|  56|0x0000000083800000, 0x0000000083900000, 0x0000000083900000|100%| O|  |TAMS 0x0000000083800000, 0x0000000083800000| Untracked 
|  57|0x0000000083900000, 0x0000000083a00000, 0x0000000083a00000|100%| O|  |TAMS 0x0000000083900000, 0x0000000083900000| Untracked 
|  58|0x0000000083a00000, 0x0000000083b00000, 0x0000000083b00000|100%| O|  |TAMS 0x0000000083a00000, 0x0000000083a00000| Untracked 
|  59|0x0000000083b00000, 0x0000000083c00000, 0x0000000083c00000|100%| O|  |TAMS 0x0000000083b00000, 0x0000000083b00000| Untracked 
|  60|0x0000000083c00000, 0x0000000083d00000, 0x0000000083d00000|100%| O|  |TAMS 0x0000000083c00000, 0x0000000083c00000| Untracked 
|  61|0x0000000083d00000, 0x0000000083e00000, 0x0000000083e00000|100%| O|  |TAMS 0x0000000083d00000, 0x0000000083d00000| Untracked 
|  62|0x0000000083e00000, 0x0000000083f00000, 0x0000000083f00000|100%| O|  |TAMS 0x0000000083e00000, 0x0000000083e00000| Untracked 
|  63|0x0000000083f00000, 0x0000000084000000, 0x0000000084000000|100%| O|  |TAMS 0x0000000083f00000, 0x0000000083f00000| Untracked 
|  64|0x0000000084000000, 0x0000000084100000, 0x0000000084100000|100%| O|  |TAMS 0x0000000084000000, 0x0000000084000000| Untracked 
|  65|0x0000000084100000, 0x0000000084200000, 0x0000000084200000|100%| O|  |TAMS 0x0000000084100000, 0x0000000084100000| Untracked 
|  66|0x0000000084200000, 0x0000000084300000, 0x0000000084300000|100%| O|  |TAMS 0x0000000084200000, 0x0000000084200000| Untracked 
|  67|0x0000000084300000, 0x0000000084400000, 0x0000000084400000|100%| O|  |TAMS 0x0000000084300000, 0x0000000084300000| Untracked 
|  68|0x0000000084400000, 0x0000000084500000, 0x0000000084500000|100%| O|  |TAMS 0x0000000084400000, 0x0000000084400000| Untracked 
|  69|0x0000000084500000, 0x0000000084600000, 0x0000000084600000|100%| O|  |TAMS 0x0000000084500000, 0x0000000084500000| Untracked 
|  70|0x0000000084600000, 0x0000000084700000, 0x0000000084700000|100%| O|  |TAMS 0x0000000084600000, 0x0000000084600000| Untracked 
|  71|0x0000000084700000, 0x0000000084800000, 0x0000000084800000|100%| O|  |TAMS 0x0000000084700000, 0x0000000084700000| Untracked 
|  72|0x0000000084800000, 0x0000000084900000, 0x0000000084900000|100%| O|  |TAMS 0x0000000084800000, 0x0000000084800000| Untracked 
|  73|0x0000000084900000, 0x0000000084a00000, 0x0000000084a00000|100%| O|  |TAMS 0x0000000084900000, 0x0000000084900000| Untracked 
|  74|0x0000000084a00000, 0x0000000084b00000, 0x0000000084b00000|100%| O|  |TAMS 0x0000000084a00000, 0x0000000084a00000| Untracked 
|  75|0x0000000084b00000, 0x0000000084c00000, 0x0000000084c00000|100%| O|  |TAMS 0x0000000084b00000, 0x0000000084b00000| Untracked 
|  76|0x0000000084c00000, 0x0000000084d00000, 0x0000000084d00000|100%| O|  |TAMS 0x0000000084c00000, 0x0000000084c00000| Untracked 
|  77|0x0000000084d00000, 0x0000000084e00000, 0x0000000084e00000|100%| O|  |TAMS 0x0000000084d00000, 0x0000000084d00000| Untracked 
|  78|0x0000000084e00000, 0x0000000084f00000, 0x0000000084f00000|100%| O|  |TAMS 0x0000000084e00000, 0x0000000084e00000| Untracked 
|  79|0x0000000084f00000, 0x0000000084fc3200, 0x0000000085000000| 76%| O|  |TAMS 0x0000000084f00000, 0x0000000084f00000| Untracked 
|  80|0x0000000085000000, 0x0000000085100000, 0x0000000085100000|100%| O|  |TAMS 0x0000000085000000, 0x0000000085000000| Untracked 
|  81|0x0000000085100000, 0x0000000085200000, 0x0000000085200000|100%| O|  |TAMS 0x0000000085100000, 0x0000000085100000| Untracked 
|  82|0x0000000085200000, 0x0000000085200000, 0x0000000085300000|  0%| F|  |TAMS 0x0000000085200000, 0x0000000085200000| Untracked 
|  83|0x0000000085300000, 0x0000000085400000, 0x0000000085400000|100%| O|  |TAMS 0x0000000085300000, 0x0000000085300000| Untracked 
|  84|0x0000000085400000, 0x0000000085500000, 0x0000000085500000|100%| O|  |TAMS 0x0000000085400000, 0x0000000085400000| Untracked 
|  85|0x0000000085500000, 0x0000000085600000, 0x0000000085600000|100%| O|  |TAMS 0x0000000085500000, 0x0000000085500000| Untracked 
|  86|0x0000000085600000, 0x0000000085700000, 0x0000000085700000|100%| O|  |TAMS 0x0000000085600000, 0x0000000085600000| Untracked 
|  87|0x0000000085700000, 0x0000000085800000, 0x0000000085800000|100%| O|  |TAMS 0x0000000085700000, 0x0000000085700000| Untracked 
|  88|0x0000000085800000, 0x0000000085900000, 0x0000000085900000|100%| O|  |TAMS 0x0000000085800000, 0x0000000085800000| Untracked 
|  89|0x0000000085900000, 0x0000000085900000, 0x0000000085a00000|  0%| F|  |TAMS 0x0000000085900000, 0x0000000085900000| Untracked 
|  90|0x0000000085a00000, 0x0000000085a00000, 0x0000000085b00000|  0%| F|  |TAMS 0x0000000085a00000, 0x0000000085a00000| Untracked 
|  91|0x0000000085b00000, 0x0000000085b00000, 0x0000000085c00000|  0%| F|  |TAMS 0x0000000085b00000, 0x0000000085b00000| Untracked 
|  92|0x0000000085c00000, 0x0000000085c00000, 0x0000000085d00000|  0%| F|  |TAMS 0x0000000085c00000, 0x0000000085c00000| Untracked 
|  93|0x0000000085d00000, 0x0000000085d00000, 0x0000000085e00000|  0%| F|  |TAMS 0x0000000085d00000, 0x0000000085d00000| Untracked 
|  94|0x0000000085e00000, 0x0000000085e00000, 0x0000000085f00000|  0%| F|  |TAMS 0x0000000085e00000, 0x0000000085e00000| Untracked 
|  95|0x0000000085f00000, 0x0000000085f00000, 0x0000000086000000|  0%| F|  |TAMS 0x0000000085f00000, 0x0000000085f00000| Untracked 
|  96|0x0000000086000000, 0x0000000086000000, 0x0000000086100000|  0%| F|  |TAMS 0x0000000086000000, 0x0000000086000000| Untracked 
|  97|0x0000000086100000, 0x0000000086100000, 0x0000000086200000|  0%| F|  |TAMS 0x0000000086100000, 0x0000000086100000| Untracked 
|  98|0x0000000086200000, 0x0000000086200000, 0x0000000086300000|  0%| F|  |TAMS 0x0000000086200000, 0x0000000086200000| Untracked 
|  99|0x0000000086300000, 0x0000000086300000, 0x0000000086400000|  0%| F|  |TAMS 0x0000000086300000, 0x0000000086300000| Untracked 
| 100|0x0000000086400000, 0x0000000086400000, 0x0000000086500000|  0%| F|  |TAMS 0x0000000086400000, 0x0000000086400000| Untracked 
| 101|0x0000000086500000, 0x0000000086500000, 0x0000000086600000|  0%| F|  |TAMS 0x0000000086500000, 0x0000000086500000| Untracked 
| 102|0x0000000086600000, 0x0000000086600000, 0x0000000086700000|  0%| F|  |TAMS 0x0000000086600000, 0x0000000086600000| Untracked 
| 103|0x0000000086700000, 0x0000000086700000, 0x0000000086800000|  0%| F|  |TAMS 0x0000000086700000, 0x0000000086700000| Untracked 
| 104|0x0000000086800000, 0x0000000086800000, 0x0000000086900000|  0%| F|  |TAMS 0x0000000086800000, 0x0000000086800000| Untracked 
| 105|0x0000000086900000, 0x0000000086900000, 0x0000000086a00000|  0%| F|  |TAMS 0x0000000086900000, 0x0000000086900000| Untracked 
| 106|0x0000000086a00000, 0x0000000086a00000, 0x0000000086b00000|  0%| F|  |TAMS 0x0000000086a00000, 0x0000000086a00000| Untracked 
| 107|0x0000000086b00000, 0x0000000086b00000, 0x0000000086c00000|  0%| F|  |TAMS 0x0000000086b00000, 0x0000000086b00000| Untracked 
| 108|0x0000000086c00000, 0x0000000086c00000, 0x0000000086d00000|  0%| F|  |TAMS 0x0000000086c00000, 0x0000000086c00000| Untracked 
| 109|0x0000000086d00000, 0x0000000086d00000, 0x0000000086e00000|  0%| F|  |TAMS 0x0000000086d00000, 0x0000000086d00000| Untracked 
| 110|0x0000000086e00000, 0x0000000086e00000, 0x0000000086f00000|  0%| F|  |TAMS 0x0000000086e00000, 0x0000000086e00000| Untracked 
| 111|0x0000000086f00000, 0x0000000086f00000, 0x0000000087000000|  0%| F|  |TAMS 0x0000000086f00000, 0x0000000086f00000| Untracked 
| 112|0x0000000087000000, 0x0000000087000000, 0x0000000087100000|  0%| F|  |TAMS 0x0000000087000000, 0x0000000087000000| Untracked 
| 113|0x0000000087100000, 0x0000000087100000, 0x0000000087200000|  0%| F|  |TAMS 0x0000000087100000, 0x0000000087100000| Untracked 
| 114|0x0000000087200000, 0x0000000087200000, 0x0000000087300000|  0%| F|  |TAMS 0x0000000087200000, 0x0000000087200000| Untracked 
| 115|0x0000000087300000, 0x0000000087300000, 0x0000000087400000|  0%| F|  |TAMS 0x0000000087300000, 0x0000000087300000| Untracked 
| 116|0x0000000087400000, 0x0000000087400000, 0x0000000087500000|  0%| F|  |TAMS 0x0000000087400000, 0x0000000087400000| Untracked 
| 117|0x0000000087500000, 0x0000000087500000, 0x0000000087600000|  0%| F|  |TAMS 0x0000000087500000, 0x0000000087500000| Untracked 
| 118|0x0000000087600000, 0x0000000087600000, 0x0000000087700000|  0%| F|  |TAMS 0x0000000087600000, 0x0000000087600000| Untracked 
| 119|0x0000000087700000, 0x0000000087700000, 0x0000000087800000|  0%| F|  |TAMS 0x0000000087700000, 0x0000000087700000| Untracked 
| 120|0x0000000087800000, 0x000000008789e2d0, 0x0000000087900000| 61%| S|CS|TAMS 0x0000000087800000, 0x0000000087800000| Complete 
| 121|0x0000000087900000, 0x0000000087a00000, 0x0000000087a00000|100%| S|CS|TAMS 0x0000000087900000, 0x0000000087900000| Complete 
| 122|0x0000000087a00000, 0x0000000087b00000, 0x0000000087b00000|100%| S|CS|TAMS 0x0000000087a00000, 0x0000000087a00000| Complete 
| 123|0x0000000087b00000, 0x0000000087b00000, 0x0000000087c00000|  0%| F|  |TAMS 0x0000000087b00000, 0x0000000087b00000| Untracked 
| 124|0x0000000087c00000, 0x0000000087c00000, 0x0000000087d00000|  0%| F|  |TAMS 0x0000000087c00000, 0x0000000087c00000| Untracked 
| 125|0x0000000087d00000, 0x0000000087d00000, 0x0000000087e00000|  0%| F|  |TAMS 0x0000000087d00000, 0x0000000087d00000| Untracked 
| 126|0x0000000087e00000, 0x0000000087f00000, 0x0000000087f00000|100%| S|CS|TAMS 0x0000000087e00000, 0x0000000087e00000| Complete 
| 127|0x0000000087f00000, 0x0000000088000000, 0x0000000088000000|100%| S|CS|TAMS 0x0000000087f00000, 0x0000000087f00000| Complete 
| 128|0x0000000088000000, 0x0000000088100000, 0x0000000088100000|100%| S|CS|TAMS 0x0000000088000000, 0x0000000088000000| Complete 
| 129|0x0000000088100000, 0x0000000088200000, 0x0000000088200000|100%| S|CS|TAMS 0x0000000088100000, 0x0000000088100000| Complete 
| 130|0x0000000088200000, 0x0000000088300000, 0x0000000088300000|100%| S|CS|TAMS 0x0000000088200000, 0x0000000088200000| Complete 
| 131|0x0000000088300000, 0x0000000088300000, 0x0000000088400000|  0%| F|  |TAMS 0x0000000088300000, 0x0000000088300000| Untracked 
| 132|0x0000000088400000, 0x0000000088400000, 0x0000000088500000|  0%| F|  |TAMS 0x0000000088400000, 0x0000000088400000| Untracked 
| 133|0x0000000088500000, 0x0000000088500000, 0x0000000088600000|  0%| F|  |TAMS 0x0000000088500000, 0x0000000088500000| Untracked 
| 134|0x0000000088600000, 0x0000000088600000, 0x0000000088700000|  0%| F|  |TAMS 0x0000000088600000, 0x0000000088600000| Untracked 
| 135|0x0000000088700000, 0x0000000088700000, 0x0000000088800000|  0%| F|  |TAMS 0x0000000088700000, 0x0000000088700000| Untracked 
| 136|0x0000000088800000, 0x0000000088800000, 0x0000000088900000|  0%| F|  |TAMS 0x0000000088800000, 0x0000000088800000| Untracked 
| 137|0x0000000088900000, 0x0000000088900000, 0x0000000088a00000|  0%| F|  |TAMS 0x0000000088900000, 0x0000000088900000| Untracked 
| 138|0x0000000088a00000, 0x0000000088a00000, 0x0000000088b00000|  0%| F|  |TAMS 0x0000000088a00000, 0x0000000088a00000| Untracked 
| 139|0x0000000088b00000, 0x0000000088b00000, 0x0000000088c00000|  0%| F|  |TAMS 0x0000000088b00000, 0x0000000088b00000| Untracked 
| 140|0x0000000088c00000, 0x0000000088c00000, 0x0000000088d00000|  0%| F|  |TAMS 0x0000000088c00000, 0x0000000088c00000| Untracked 
| 141|0x0000000088d00000, 0x0000000088d00000, 0x0000000088e00000|  0%| F|  |TAMS 0x0000000088d00000, 0x0000000088d00000| Untracked 
| 142|0x0000000088e00000, 0x0000000088e00000, 0x0000000088f00000|  0%| F|  |TAMS 0x0000000088e00000, 0x0000000088e00000| Untracked 
| 143|0x0000000088f00000, 0x0000000088f00000, 0x0000000089000000|  0%| F|  |TAMS 0x0000000088f00000, 0x0000000088f00000| Untracked 
| 144|0x0000000089000000, 0x0000000089000000, 0x0000000089100000|  0%| F|  |TAMS 0x0000000089000000, 0x0000000089000000| Untracked 
| 145|0x0000000089100000, 0x0000000089100000, 0x0000000089200000|  0%| F|  |TAMS 0x0000000089100000, 0x0000000089100000| Untracked 
| 146|0x0000000089200000, 0x0000000089200000, 0x0000000089300000|  0%| F|  |TAMS 0x0000000089200000, 0x0000000089200000| Untracked 
| 147|0x0000000089300000, 0x0000000089300000, 0x0000000089400000|  0%| F|  |TAMS 0x0000000089300000, 0x0000000089300000| Untracked 
| 148|0x0000000089400000, 0x0000000089400000, 0x0000000089500000|  0%| F|  |TAMS 0x0000000089400000, 0x0000000089400000| Untracked 
| 149|0x0000000089500000, 0x0000000089500000, 0x0000000089600000|  0%| F|  |TAMS 0x0000000089500000, 0x0000000089500000| Untracked 
| 150|0x0000000089600000, 0x0000000089600000, 0x0000000089700000|  0%| F|  |TAMS 0x0000000089600000, 0x0000000089600000| Untracked 
| 151|0x0000000089700000, 0x0000000089700000, 0x0000000089800000|  0%| F|  |TAMS 0x0000000089700000, 0x0000000089700000| Untracked 
| 152|0x0000000089800000, 0x0000000089800000, 0x0000000089900000|  0%| F|  |TAMS 0x0000000089800000, 0x0000000089800000| Untracked 
| 153|0x0000000089900000, 0x0000000089900000, 0x0000000089a00000|  0%| F|  |TAMS 0x0000000089900000, 0x0000000089900000| Untracked 
| 154|0x0000000089a00000, 0x0000000089a00000, 0x0000000089b00000|  0%| F|  |TAMS 0x0000000089a00000, 0x0000000089a00000| Untracked 
| 155|0x0000000089b00000, 0x0000000089b00000, 0x0000000089c00000|  0%| F|  |TAMS 0x0000000089b00000, 0x0000000089b00000| Untracked 
| 156|0x0000000089c00000, 0x0000000089c00000, 0x0000000089d00000|  0%| F|  |TAMS 0x0000000089c00000, 0x0000000089c00000| Untracked 
| 157|0x0000000089d00000, 0x0000000089d00000, 0x0000000089e00000|  0%| F|  |TAMS 0x0000000089d00000, 0x0000000089d00000| Untracked 
| 158|0x0000000089e00000, 0x0000000089e00000, 0x0000000089f00000|  0%| F|  |TAMS 0x0000000089e00000, 0x0000000089e00000| Untracked 
| 159|0x0000000089f00000, 0x0000000089f00000, 0x000000008a000000|  0%| F|  |TAMS 0x0000000089f00000, 0x0000000089f00000| Untracked 
| 160|0x000000008a000000, 0x000000008a000000, 0x000000008a100000|  0%| F|  |TAMS 0x000000008a000000, 0x000000008a000000| Untracked 
| 161|0x000000008a100000, 0x000000008a100000, 0x000000008a200000|  0%| F|  |TAMS 0x000000008a100000, 0x000000008a100000| Untracked 
| 162|0x000000008a200000, 0x000000008a200000, 0x000000008a300000|  0%| F|  |TAMS 0x000000008a200000, 0x000000008a200000| Untracked 
| 163|0x000000008a300000, 0x000000008a300000, 0x000000008a400000|  0%| F|  |TAMS 0x000000008a300000, 0x000000008a300000| Untracked 
| 164|0x000000008a400000, 0x000000008a400000, 0x000000008a500000|  0%| F|  |TAMS 0x000000008a400000, 0x000000008a400000| Untracked 
| 165|0x000000008a500000, 0x000000008a500000, 0x000000008a600000|  0%| F|  |TAMS 0x000000008a500000, 0x000000008a500000| Untracked 
| 166|0x000000008a600000, 0x000000008a600000, 0x000000008a700000|  0%| F|  |TAMS 0x000000008a600000, 0x000000008a600000| Untracked 
| 167|0x000000008a700000, 0x000000008a700000, 0x000000008a800000|  0%| F|  |TAMS 0x000000008a700000, 0x000000008a700000| Untracked 
| 168|0x000000008a800000, 0x000000008a800000, 0x000000008a900000|  0%| F|  |TAMS 0x000000008a800000, 0x000000008a800000| Untracked 
| 169|0x000000008a900000, 0x000000008a900000, 0x000000008aa00000|  0%| F|  |TAMS 0x000000008a900000, 0x000000008a900000| Untracked 
| 170|0x000000008aa00000, 0x000000008aa00000, 0x000000008ab00000|  0%| F|  |TAMS 0x000000008aa00000, 0x000000008aa00000| Untracked 
| 171|0x000000008ab00000, 0x000000008ab00000, 0x000000008ac00000|  0%| F|  |TAMS 0x000000008ab00000, 0x000000008ab00000| Untracked 
| 172|0x000000008ac00000, 0x000000008ac00000, 0x000000008ad00000|  0%| F|  |TAMS 0x000000008ac00000, 0x000000008ac00000| Untracked 
| 173|0x000000008ad00000, 0x000000008ad00000, 0x000000008ae00000|  0%| F|  |TAMS 0x000000008ad00000, 0x000000008ad00000| Untracked 
| 174|0x000000008ae00000, 0x000000008ae00000, 0x000000008af00000|  0%| F|  |TAMS 0x000000008ae00000, 0x000000008ae00000| Untracked 
| 175|0x000000008af00000, 0x000000008af00000, 0x000000008b000000|  0%| F|  |TAMS 0x000000008af00000, 0x000000008af00000| Untracked 
| 176|0x000000008b000000, 0x000000008b000000, 0x000000008b100000|  0%| F|  |TAMS 0x000000008b000000, 0x000000008b000000| Untracked 
| 177|0x000000008b100000, 0x000000008b100000, 0x000000008b200000|  0%| F|  |TAMS 0x000000008b100000, 0x000000008b100000| Untracked 
| 178|0x000000008b200000, 0x000000008b200000, 0x000000008b300000|  0%| F|  |TAMS 0x000000008b200000, 0x000000008b200000| Untracked 
| 179|0x000000008b300000, 0x000000008b300000, 0x000000008b400000|  0%| F|  |TAMS 0x000000008b300000, 0x000000008b300000| Untracked 
| 180|0x000000008b400000, 0x000000008b400000, 0x000000008b500000|  0%| F|  |TAMS 0x000000008b400000, 0x000000008b400000| Untracked 
| 181|0x000000008b500000, 0x000000008b500000, 0x000000008b600000|  0%| F|  |TAMS 0x000000008b500000, 0x000000008b500000| Untracked 
| 182|0x000000008b600000, 0x000000008b600000, 0x000000008b700000|  0%| F|  |TAMS 0x000000008b600000, 0x000000008b600000| Untracked 
| 183|0x000000008b700000, 0x000000008b700000, 0x000000008b800000|  0%| F|  |TAMS 0x000000008b700000, 0x000000008b700000| Untracked 
| 184|0x000000008b800000, 0x000000008b880800, 0x000000008b900000| 50%| E|  |TAMS 0x000000008b800000, 0x000000008b800000| Complete 
| 185|0x000000008b900000, 0x000000008ba00000, 0x000000008ba00000|100%| E|CS|TAMS 0x000000008b900000, 0x000000008b900000| Complete 
| 186|0x000000008ba00000, 0x000000008bb00000, 0x000000008bb00000|100%| E|CS|TAMS 0x000000008ba00000, 0x000000008ba00000| Complete 
| 187|0x000000008bb00000, 0x000000008bc00000, 0x000000008bc00000|100%| E|CS|TAMS 0x000000008bb00000, 0x000000008bb00000| Complete 
| 188|0x000000008bc00000, 0x000000008bd00000, 0x000000008bd00000|100%| E|CS|TAMS 0x000000008bc00000, 0x000000008bc00000| Complete 
| 189|0x000000008bd00000, 0x000000008be00000, 0x000000008be00000|100%| E|CS|TAMS 0x000000008bd00000, 0x000000008bd00000| Complete 
| 190|0x000000008be00000, 0x000000008bf00000, 0x000000008bf00000|100%| E|CS|TAMS 0x000000008be00000, 0x000000008be00000| Complete 
| 191|0x000000008bf00000, 0x000000008c000000, 0x000000008c000000|100%| E|CS|TAMS 0x000000008bf00000, 0x000000008bf00000| Complete 
| 192|0x000000008c000000, 0x000000008c100000, 0x000000008c100000|100%| E|CS|TAMS 0x000000008c000000, 0x000000008c000000| Complete 
| 193|0x000000008c100000, 0x000000008c200000, 0x000000008c200000|100%| E|CS|TAMS 0x000000008c100000, 0x000000008c100000| Complete 
| 194|0x000000008c200000, 0x000000008c300000, 0x000000008c300000|100%| E|CS|TAMS 0x000000008c200000, 0x000000008c200000| Complete 
| 195|0x000000008c300000, 0x000000008c400000, 0x000000008c400000|100%| E|CS|TAMS 0x000000008c300000, 0x000000008c300000| Complete 
| 196|0x000000008c400000, 0x000000008c500000, 0x000000008c500000|100%| E|CS|TAMS 0x000000008c400000, 0x000000008c400000| Complete 
| 197|0x000000008c500000, 0x000000008c600000, 0x000000008c600000|100%| E|CS|TAMS 0x000000008c500000, 0x000000008c500000| Complete 
| 198|0x000000008c600000, 0x000000008c700000, 0x000000008c700000|100%| E|CS|TAMS 0x000000008c600000, 0x000000008c600000| Complete 
| 199|0x000000008c700000, 0x000000008c800000, 0x000000008c800000|100%| E|CS|TAMS 0x000000008c700000, 0x000000008c700000| Complete 
| 200|0x000000008c800000, 0x000000008c900000, 0x000000008c900000|100%| E|CS|TAMS 0x000000008c800000, 0x000000008c800000| Complete 
| 201|0x000000008c900000, 0x000000008ca00000, 0x000000008ca00000|100%| E|CS|TAMS 0x000000008c900000, 0x000000008c900000| Complete 
| 202|0x000000008ca00000, 0x000000008cb00000, 0x000000008cb00000|100%| E|CS|TAMS 0x000000008ca00000, 0x000000008ca00000| Complete 
| 203|0x000000008cb00000, 0x000000008cc00000, 0x000000008cc00000|100%| E|CS|TAMS 0x000000008cb00000, 0x000000008cb00000| Complete 
| 204|0x000000008cc00000, 0x000000008cd00000, 0x000000008cd00000|100%| E|CS|TAMS 0x000000008cc00000, 0x000000008cc00000| Complete 
| 205|0x000000008cd00000, 0x000000008ce00000, 0x000000008ce00000|100%| E|CS|TAMS 0x000000008cd00000, 0x000000008cd00000| Complete 
| 206|0x000000008ce00000, 0x000000008cf00000, 0x000000008cf00000|100%| E|CS|TAMS 0x000000008ce00000, 0x000000008ce00000| Complete 
| 207|0x000000008cf00000, 0x000000008d000000, 0x000000008d000000|100%| E|CS|TAMS 0x000000008cf00000, 0x000000008cf00000| Complete 
| 208|0x000000008d000000, 0x000000008d100000, 0x000000008d100000|100%| E|CS|TAMS 0x000000008d000000, 0x000000008d000000| Complete 
| 209|0x000000008d100000, 0x000000008d200000, 0x000000008d200000|100%| E|CS|TAMS 0x000000008d100000, 0x000000008d100000| Complete 
| 210|0x000000008d200000, 0x000000008d300000, 0x000000008d300000|100%| E|CS|TAMS 0x000000008d200000, 0x000000008d200000| Complete 
| 211|0x000000008d300000, 0x000000008d400000, 0x000000008d400000|100%| E|CS|TAMS 0x000000008d300000, 0x000000008d300000| Complete 
| 212|0x000000008d400000, 0x000000008d500000, 0x000000008d500000|100%| E|CS|TAMS 0x000000008d400000, 0x000000008d400000| Complete 
| 213|0x000000008d500000, 0x000000008d600000, 0x000000008d600000|100%| E|CS|TAMS 0x000000008d500000, 0x000000008d500000| Complete 
| 214|0x000000008d600000, 0x000000008d700000, 0x000000008d700000|100%| E|CS|TAMS 0x000000008d600000, 0x000000008d600000| Complete 
| 215|0x000000008d700000, 0x000000008d800000, 0x000000008d800000|100%| E|CS|TAMS 0x000000008d700000, 0x000000008d700000| Complete 
| 216|0x000000008d800000, 0x000000008d900000, 0x000000008d900000|100%| E|CS|TAMS 0x000000008d800000, 0x000000008d800000| Complete 
| 217|0x000000008d900000, 0x000000008da00000, 0x000000008da00000|100%| E|CS|TAMS 0x000000008d900000, 0x000000008d900000| Complete 
| 218|0x000000008da00000, 0x000000008db00000, 0x000000008db00000|100%| E|CS|TAMS 0x000000008da00000, 0x000000008da00000| Complete 
| 219|0x000000008db00000, 0x000000008dc00000, 0x000000008dc00000|100%| E|CS|TAMS 0x000000008db00000, 0x000000008db00000| Complete 
| 220|0x000000008dc00000, 0x000000008dd00000, 0x000000008dd00000|100%| E|CS|TAMS 0x000000008dc00000, 0x000000008dc00000| Complete 
| 221|0x000000008dd00000, 0x000000008de00000, 0x000000008de00000|100%| E|CS|TAMS 0x000000008dd00000, 0x000000008dd00000| Complete 
| 222|0x000000008de00000, 0x000000008df00000, 0x000000008df00000|100%| E|CS|TAMS 0x000000008de00000, 0x000000008de00000| Complete 
| 223|0x000000008df00000, 0x000000008e000000, 0x000000008e000000|100%| E|CS|TAMS 0x000000008df00000, 0x000000008df00000| Complete 
| 224|0x000000008e000000, 0x000000008e100000, 0x000000008e100000|100%| E|CS|TAMS 0x000000008e000000, 0x000000008e000000| Complete 
| 225|0x000000008e100000, 0x000000008e200000, 0x000000008e200000|100%| E|CS|TAMS 0x000000008e100000, 0x000000008e100000| Complete 
| 226|0x000000008e200000, 0x000000008e300000, 0x000000008e300000|100%| E|CS|TAMS 0x000000008e200000, 0x000000008e200000| Complete 
| 227|0x000000008e300000, 0x000000008e400000, 0x000000008e400000|100%| E|CS|TAMS 0x000000008e300000, 0x000000008e300000| Complete 
| 228|0x000000008e400000, 0x000000008e500000, 0x000000008e500000|100%| E|CS|TAMS 0x000000008e400000, 0x000000008e400000| Complete 
| 229|0x000000008e500000, 0x000000008e600000, 0x000000008e600000|100%| E|CS|TAMS 0x000000008e500000, 0x000000008e500000| Complete 
| 230|0x000000008e600000, 0x000000008e700000, 0x000000008e700000|100%| E|CS|TAMS 0x000000008e600000, 0x000000008e600000| Complete 
| 231|0x000000008e700000, 0x000000008e800000, 0x000000008e800000|100%| E|CS|TAMS 0x000000008e700000, 0x000000008e700000| Complete 

Card table byte_map: [0x000000001a500000,0x000000001a900000] _byte_map_base: 0x000000001a100000

Marking Bits (Prev, Next): (CMBitMap*) 0x0000000000423f68, (CMBitMap*) 0x0000000000423fa0
 Prev Bits: [0x000000001ad00000, 0x000000001cd00000)
 Next Bits: [0x000000001cd00000, 0x000000001ed00000)

Polling page: 0x0000000000130000

Metaspace:

Usage:
  Non-class:     47.25 MB capacity,    45.99 MB ( 97%) used,     1.14 MB (  2%) free+waste,   124.19 KB ( <1%) overhead. 
      Class:      5.38 MB capacity,     4.82 MB ( 90%) used,   519.85 KB (  9%) free+waste,    52.06 KB ( <1%) overhead. 
       Both:     52.63 MB capacity,    50.81 MB ( 97%) used,     1.65 MB (  3%) free+waste,   176.25 KB ( <1%) overhead. 

Virtual space:
  Non-class space:       48.00 MB reserved,      47.50 MB ( 99%) committed 
      Class space:        1.00 GB reserved,       5.50 MB ( <1%) committed 
             Both:        1.05 GB reserved,      53.00 MB (  5%) committed 

Chunk freelists:
   Non-Class:  7.88 KB
       Class:  3.88 KB
        Both:  11.75 KB

CodeHeap 'non-profiled nmethods': size=120064Kb used=8893Kb max_used=9300Kb free=111170Kb
 bounds [0x00000000125f0000, 0x0000000012f10000, 0x0000000019b30000]
CodeHeap 'profiled nmethods': size=120000Kb used=26642Kb max_used=28672Kb free=93358Kb
 bounds [0x000000000b0c0000, 0x000000000cce0000, 0x00000000125f0000]
CodeHeap 'non-nmethods': size=5696Kb used=1185Kb max_used=1236Kb free=4510Kb
 bounds [0x000000000ab30000, 0x000000000ada0000, 0x000000000b0c0000]
 total_blobs=10757 nmethods=10210 adapters=458
 compilation: enabled
              stopped_count=0, restarted_count=0
 full_count=0

Compilation events (10 events):
Event: 60.734 Thread 0x00000000621b3800 12810       3       sun.reflect.annotation.AnnotationParser::parseAnnotations2 (135 bytes)
Event: 60.737 Thread 0x00000000621b3800 nmethod 12810 0x000000000b414590 code [0x000000000b414980, 0x000000000b416318]
Event: 60.738 Thread 0x00000000621b3800 12811       3       java.lang.reflect.Proxy$ProxyBuilder::addElementTypes (33 bytes)
Event: 60.739 Thread 0x00000000621b3800 nmethod 12811 0x000000000b128610 code [0x000000000b128820, 0x000000000b128ee8]
Event: 60.739 Thread 0x00000000621b3800 12812       3       java.lang.reflect.ProxyGenerator::getFieldType (65 bytes)
Event: 60.741 Thread 0x00000000621b3800 nmethod 12812 0x000000000b189790 code [0x000000000b189a80, 0x000000000b18a818]
Event: 60.771 Thread 0x00000000621b3800 12813       3       java.util.AbstractList::hashCode (46 bytes)
Event: 60.772 Thread 0x00000000621b3800 nmethod 12813 0x000000000b12ce10 code [0x000000000b12d000, 0x000000000b12d4f8]
Event: 60.772 Thread 0x00000000621b3800 12814       3       java.lang.reflect.ProxyGenerator::codeClassForName (41 bytes)
Event: 60.775 Thread 0x00000000621b3800 nmethod 12814 0x000000000b2d0e10 code [0x000000000b2d1180, 0x000000000b2d2538]

GC Heap History (10 events):
Event: 54.625 GC heap before
{Heap before GC invocations=29 (full 0):
 garbage-first heap   total 237568K, used 183235K [0x0000000080000000, 0x0000000100000000)
  region size 1024K, 96 young (98304K), 9 survivors (9216K)
 Metaspace       used 45640K, capacity 47297K, committed 47488K, reserved 1091584K
  class space    used 4168K, capacity 4685K, committed 4736K, reserved 1048576K
}
Event: 54.654 GC heap after
{Heap after GC invocations=30 (full 0):
 garbage-first heap   total 237568K, used 95575K [0x0000000080000000, 0x0000000100000000)
  region size 1024K, 8 young (8192K), 8 survivors (8192K)
 Metaspace       used 45640K, capacity 47297K, committed 47488K, reserved 1091584K
  class space    used 4168K, capacity 4685K, committed 4736K, reserved 1048576K
}
Event: 56.633 GC heap before
{Heap before GC invocations=30 (full 0):
 garbage-first heap   total 237568K, used 185687K [0x0000000080000000, 0x0000000100000000)
  region size 1024K, 97 young (99328K), 8 survivors (8192K)
 Metaspace       used 45995K, capacity 47680K, committed 47744K, reserved 1091584K
  class space    used 4196K, capacity 4723K, committed 4736K, reserved 1048576K
}
Event: 56.656 GC heap after
{Heap after GC invocations=31 (full 0):
 garbage-first heap   total 237568K, used 96377K [0x0000000080000000, 0x0000000100000000)
  region size 1024K, 7 young (7168K), 7 survivors (7168K)
 Metaspace       used 45995K, capacity 47680K, committed 47744K, reserved 1091584K
  class space    used 4196K, capacity 4723K, committed 4736K, reserved 1048576K
}
Event: 57.282 GC heap before
{Heap before GC invocations=31 (full 0):
 garbage-first heap   total 237568K, used 190585K [0x0000000080000000, 0x0000000100000000)
  region size 1024K, 99 young (101376K), 7 survivors (7168K)
 Metaspace       used 46023K, capacity 47680K, committed 47744K, reserved 1091584K
  class space    used 4196K, capacity 4723K, committed 4736K, reserved 1048576K
}
Event: 57.302 GC heap after
{Heap after GC invocations=32 (full 0):
 garbage-first heap   total 237568K, used 96319K [0x0000000080000000, 0x0000000100000000)
  region size 1024K, 7 young (7168K), 7 survivors (7168K)
 Metaspace       used 46023K, capacity 47680K, committed 47744K, reserved 1091584K
  class space    used 4196K, capacity 4723K, committed 4736K, reserved 1048576K
}
Event: 58.897 GC heap before
{Heap before GC invocations=32 (full 0):
 garbage-first heap   total 237568K, used 193599K [0x0000000080000000, 0x0000000100000000)
  region size 1024K, 102 young (104448K), 7 survivors (7168K)
 Metaspace       used 48929K, capacity 50673K, committed 50944K, reserved 1095680K
  class space    used 4475K, capacity 5038K, committed 5120K, reserved 1048576K
}
Event: 58.917 GC heap after
{Heap after GC invocations=33 (full 0):
 garbage-first heap   total 237568K, used 96928K [0x0000000080000000, 0x0000000100000000)
  region size 1024K, 7 young (7168K), 7 survivors (7168K)
 Metaspace       used 48929K, capacity 50673K, committed 50944K, reserved 1095680K
  class space    used 4475K, capacity 5038K, committed 5120K, reserved 1048576K
}
Event: 59.715 GC heap before
{Heap before GC invocations=33 (full 0):
 garbage-first heap   total 237568K, used 199328K [0x0000000080000000, 0x0000000100000000)
  region size 1024K, 104 young (106496K), 7 survivors (7168K)
 Metaspace       used 49053K, capacity 50833K, committed 50944K, reserved 1095680K
  class space    used 4482K, capacity 5043K, committed 5120K, reserved 1048576K
}
Event: 59.733 GC heap after
{Heap after GC invocations=34 (full 0):
 garbage-first heap   total 237568K, used 97669K [0x0000000080000000, 0x0000000100000000)
  region size 1024K, 8 young (8192K), 8 survivors (8192K)
 Metaspace       used 49053K, capacity 50833K, committed 50944K, reserved 1095680K
  class space    used 4482K, capacity 5043K, committed 5120K, reserved 1048576K
}

Deoptimization events (10 events):
Event: 60.091 Thread 0x00000000003e4000 Uncommon trap: reason=class_check action=maybe_recompile pc=0x0000000012980b84 method=com.sun.org.apache.xerces.internal.impl.xs.opti.SchemaDOM.processElement(Lcom/sun/org/apache/xerces/internal/xni/QName;Lcom/sun/org/apache/xerces/internal/xni/XMLAttribu
Event: 60.091 Thread 0x00000000003e4000 Uncommon trap: reason=class_check action=maybe_recompile pc=0x0000000012986d30 method=com.sun.org.apache.xerces.internal.impl.xs.opti.SchemaDOMParser.startElement(Lcom/sun/org/apache/xerces/internal/xni/QName;Lcom/sun/org/apache/xerces/internal/xni/XMLAtt
Event: 60.091 Thread 0x00000000003e4000 Uncommon trap: reason=class_check action=maybe_recompile pc=0x0000000012986d30 method=com.sun.org.apache.xerces.internal.impl.xs.opti.SchemaDOMParser.startElement(Lcom/sun/org/apache/xerces/internal/xni/QName;Lcom/sun/org/apache/xerces/internal/xni/XMLAtt
Event: 60.098 Thread 0x00000000003e4000 Uncommon trap: reason=unstable_if action=reinterpret pc=0x0000000012a8116c method=com.sun.org.apache.xerces.internal.impl.xs.XSGrammarBucket.getGrammar(Ljava/lang/String;)Lcom/sun/org/apache/xerces/internal/impl/xs/SchemaGrammar; @ 1 c2
Event: 60.098 Thread 0x00000000003e4000 Uncommon trap: reason=unstable_if action=reinterpret pc=0x0000000012973a40 method=com.sun.org.apache.xerces.internal.impl.xs.traversers.XSAttributeChecker.resolveNamespace(Lorg/w3c/dom/Element;[Lorg/w3c/dom/Attr;Lcom/sun/org/apache/xerces/internal/impl/xs
Event: 60.105 Thread 0x00000000003e4000 Uncommon trap: reason=unstable_if action=reinterpret pc=0x00000000129b6af8 method=com.sun.org.apache.xerces.internal.impl.xs.XSGrammarBucket.getGrammar(Ljava/lang/String;)Lcom/sun/org/apache/xerces/internal/impl/xs/SchemaGrammar; @ 1 c2
Event: 60.105 Thread 0x00000000003e4000 Uncommon trap: reason=unstable_if action=reinterpret pc=0x0000000012a6651c method=com.sun.org.apache.xerces.internal.impl.xs.traversers.XSDHandler.getGlobalDecl(Lcom/sun/org/apache/xerces/internal/impl/xs/traversers/XSDocumentInfo;ILcom/sun/org/apache/xer
Event: 60.143 Thread 0x00000000003e4000 Uncommon trap: reason=unstable_if action=reinterpret pc=0x00000000129a3f08 method=com.sun.org.apache.xerces.internal.impl.xs.traversers.XSAttributeChecker.validate([Ljava/lang/Object;Ljava/lang/String;Ljava/lang/String;ILcom/sun/org/apache/xerces/internal
Event: 60.143 Thread 0x00000000003e4000 Uncommon trap: reason=unstable_if action=reinterpret pc=0x00000000125fa764 method=java.lang.CharacterData.of(I)Ljava/lang/CharacterData; @ 4 c2
Event: 60.223 Thread 0x00000000003e4000 Uncommon trap: reason=unstable_if action=reinterpret pc=0x0000000012a84398 method=com.sun.org.apache.xerces.internal.impl.xs.XSElementDecl.hashCode()I @ 12 c2

Classes redefined (0 events):
No events

Internal exceptions (10 events):
Event: 59.632 Thread 0x00000000621b9000 Implicit null exception at 0x0000000012929cc3 to 0x0000000012929cf4
Event: 59.650 Thread 0x00000000621b9000 Implicit null exception at 0x000000001277d834 to 0x000000001277d9d0
Event: 59.742 Thread 0x00000000003e4000 Exception <a 'java/lang/NoClassDefFoundError'{0x000000008e7637a8}: org/apache/xml/resolver/tools/CatalogResolver> (0x000000008e7637a8) thrown at [./open/src/hotspot/share/classfile/systemDictionary.cpp, line 217]
Event: 59.742 Thread 0x00000000003e4000 Exception <a 'java/lang/NoClassDefFoundError'{0x000000008e7637a8}> (0x000000008e7637a8) thrown at [./open/src/hotspot/share/prims/jvm.cpp, line 1309]
Event: 59.825 Thread 0x00000000003e4000 Exception <a 'java/lang/NoClassDefFoundError'{0x000000008e3275b8}: org/apache/xml/resolver/tools/CatalogResolver> (0x000000008e3275b8) thrown at [./open/src/hotspot/share/classfile/systemDictionary.cpp, line 217]
Event: 59.825 Thread 0x00000000003e4000 Exception <a 'java/lang/NoClassDefFoundError'{0x000000008e3275b8}> (0x000000008e3275b8) thrown at [./open/src/hotspot/share/prims/jvm.cpp, line 1309]
Event: 59.907 Thread 0x00000000003e4000 Exception <a 'java/lang/NoClassDefFoundError'{0x000000008df0a488}: org/apache/xml/resolver/tools/CatalogResolver> (0x000000008df0a488) thrown at [./open/src/hotspot/share/classfile/systemDictionary.cpp, line 217]
Event: 59.907 Thread 0x00000000003e4000 Exception <a 'java/lang/NoClassDefFoundError'{0x000000008df0a488}> (0x000000008df0a488) thrown at [./open/src/hotspot/share/prims/jvm.cpp, line 1309]
Event: 60.021 Thread 0x00000000003e4000 Exception <a 'java/lang/ClassNotFoundException'{0x000000008da61aa8}: sun/net/www/protocol/d/Handler> (0x000000008da61aa8) thrown at [./open/src/hotspot/share/classfile/systemDictionary.cpp, line 228]
Event: 60.563 Thread 0x00000000003e4000 Exception <a 'java/lang/NullPointerException'{0x000000008c50a008}> (0x000000008c50a008) thrown at [./open/src/hotspot/share/interpreter/linkResolver.cpp, line 1436]

Events (10 events):
Event: 60.766 loading class com/sun/xml/bind/api/impl/NameConverter$2
Event: 60.766 loading class com/sun/xml/bind/api/impl/NameConverter$2 done
Event: 60.767 loading class javax/xml/bind/annotation/W3CDomHandler
Event: 60.767 loading class javax/xml/bind/annotation/W3CDomHandler done
Event: 60.767 loading class javax/xml/bind/annotation/DomHandler
Event: 60.767 loading class javax/xml/bind/annotation/DomHandler done
Event: 60.775 loading class com/sun/xml/bind/v2/model/nav/ReflectionNavigator$BinderArg
Event: 60.775 loading class com/sun/xml/bind/v2/model/nav/ReflectionNavigator$BinderArg done
Event: 60.776 loading class com/sun/xml/bind/v2/model/nav/ParameterizedTypeImpl
Event: 60.776 loading class com/sun/xml/bind/v2/model/nav/ParameterizedTypeImpl done


Dynamic libraries:
0x000000013f940000 - 0x000000013f94f000 	C:\Program Files\Java\jdk-11.0.11\bin\java.exe
0x0000000077120000 - 0x00000000772bf000 	C:\Windows\SYSTEM32\ntdll.dll
0x0000000077000000 - 0x000000007711f000 	C:\Windows\system32\kernel32.dll
0x000007fefcf70000 - 0x000007fefcfd7000 	C:\Windows\system32\KERNELBASE.dll
0x000007feea990000 - 0x000007feea9a8000 	C:\Program Files\Java\jdk-11.0.11\bin\jli.dll
0x000007fefe440000 - 0x000007fefe51b000 	C:\Windows\system32\ADVAPI32.dll
0x000007feff330000 - 0x000007feff3cf000 	C:\Windows\system32\msvcrt.dll
0x000007fefdcf0000 - 0x000007fefdd0f000 	C:\Windows\SYSTEM32\sechost.dll
0x000007fefd130000 - 0x000007fefd25c000 	C:\Windows\system32\RPCRT4.dll
0x000007fefb2d0000 - 0x000007fefb4c5000 	C:\Windows\WinSxS\amd64_microsoft.windows.common-controls_6595b64144ccf1df_6.0.7601.24483_none_e372d88f30fbb845\COMCTL32.dll
0x000007fefd5f0000 - 0x000007fefd657000 	C:\Windows\system32\GDI32.dll
0x0000000076f00000 - 0x0000000076ffb000 	C:\Windows\system32\USER32.dll
0x000007feff3d0000 - 0x000007feff3de000 	C:\Windows\system32\LPK.dll
0x000007fefde20000 - 0x000007fefdeeb000 	C:\Windows\system32\USP10.dll
0x000007feff2b0000 - 0x000007feff321000 	C:\Windows\system32\SHLWAPI.dll
0x000007fefbd20000 - 0x000007fefbd2c000 	C:\Windows\system32\VERSION.dll
0x000007fef9f70000 - 0x000007fef9f85000 	C:\Program Files\Java\jdk-11.0.11\bin\VCRUNTIME140.dll
0x000007feeb300000 - 0x000007feeb304000 	C:\Program Files\Java\jdk-11.0.11\bin\api-ms-win-crt-runtime-l1-1-0.dll
0x000007fee9190000 - 0x000007fee928a000 	C:\Program Files\Java\jdk-11.0.11\bin\ucrtbase.DLL
0x000007feead10000 - 0x000007feead13000 	C:\Program Files\Java\jdk-11.0.11\bin\api-ms-win-core-localization-l1-2-0.dll
0x000007feeac10000 - 0x000007feeac13000 	C:\Program Files\Java\jdk-11.0.11\bin\api-ms-win-core-processthreads-l1-1-1.dll
0x000007feeab80000 - 0x000007feeab83000 	C:\Program Files\Java\jdk-11.0.11\bin\api-ms-win-core-file-l1-2-0.dll
0x000007feea8a0000 - 0x000007feea8a3000 	C:\Program Files\Java\jdk-11.0.11\bin\api-ms-win-core-timezone-l1-1-0.dll
0x000007feea8b0000 - 0x000007feea8b3000 	C:\Program Files\Java\jdk-11.0.11\bin\api-ms-win-core-file-l2-1-0.dll
0x000007feea7c0000 - 0x000007feea7c3000 	C:\Program Files\Java\jdk-11.0.11\bin\api-ms-win-core-synch-l1-2-0.dll
0x000007feea7d0000 - 0x000007feea7d3000 	C:\Program Files\Java\jdk-11.0.11\bin\api-ms-win-crt-heap-l1-1-0.dll
0x000007feea590000 - 0x000007feea594000 	C:\Program Files\Java\jdk-11.0.11\bin\api-ms-win-crt-string-l1-1-0.dll
0x000007feea5b0000 - 0x000007feea5b4000 	C:\Program Files\Java\jdk-11.0.11\bin\api-ms-win-crt-stdio-l1-1-0.dll
0x000007feea340000 - 0x000007feea344000 	C:\Program Files\Java\jdk-11.0.11\bin\api-ms-win-crt-convert-l1-1-0.dll
0x000007feea350000 - 0x000007feea353000 	C:\Program Files\Java\jdk-11.0.11\bin\api-ms-win-crt-environment-l1-1-0.dll
0x000007feea320000 - 0x000007feea323000 	C:\Program Files\Java\jdk-11.0.11\bin\api-ms-win-crt-filesystem-l1-1-0.dll
0x000007feea330000 - 0x000007feea335000 	C:\Program Files\Java\jdk-11.0.11\bin\api-ms-win-crt-math-l1-1-0.dll
0x000007feea300000 - 0x000007feea303000 	C:\Program Files\Java\jdk-11.0.11\bin\api-ms-win-crt-locale-l1-1-0.dll
0x000007fefd6e0000 - 0x000007fefd70e000 	C:\Windows\system32\IMM32.DLL
0x000007fefdd10000 - 0x000007fefde1b000 	C:\Windows\system32\MSCTF.dll
0x000007fee88a0000 - 0x000007fee893b000 	C:\Program Files\Java\jdk-11.0.11\bin\msvcp140.dll
0x000007feea310000 - 0x000007feea313000 	C:\Program Files\Java\jdk-11.0.11\bin\api-ms-win-crt-time-l1-1-0.dll
0x000007feea2e0000 - 0x000007feea2e3000 	C:\Program Files\Java\jdk-11.0.11\bin\api-ms-win-crt-utility-l1-1-0.dll
0x000007fee1830000 - 0x000007fee232e000 	C:\Program Files\Java\jdk-11.0.11\bin\server\jvm.dll
0x000007fef8290000 - 0x000007fef8299000 	C:\Windows\system32\WSOCK32.dll
0x000007fefd0e0000 - 0x000007fefd12d000 	C:\Windows\system32\WS2_32.dll
0x000007fefd710000 - 0x000007fefd718000 	C:\Windows\system32\NSI.dll
0x000007fefb0b0000 - 0x000007fefb0eb000 	C:\Windows\system32\WINMM.dll
0x00000000772c0000 - 0x00000000772c7000 	C:\Windows\system32\PSAPI.DLL
0x000007feea2f0000 - 0x000007feea300000 	C:\Program Files\Java\jdk-11.0.11\bin\verify.dll
0x000007fef6f60000 - 0x000007fef7085000 	C:\Windows\system32\DBGHELP.DLL
0x000007feea1c0000 - 0x000007feea1e8000 	C:\Program Files\Java\jdk-11.0.11\bin\java.dll
0x000007feea290000 - 0x000007feea29a000 	C:\Program Files\Java\jdk-11.0.11\bin\jimage.dll
0x000007feea270000 - 0x000007feea286000 	C:\Program Files\Java\jdk-11.0.11\bin\zip.dll
0x000007fefe520000 - 0x000007feff2ab000 	C:\Windows\system32\SHELL32.dll
0x000007fefd3f0000 - 0x000007fefd5ef000 	C:\Windows\system32\ole32.dll
0x000007fefcc40000 - 0x000007fefcc4f000 	C:\Windows\system32\profapi.dll
0x000007feea1a0000 - 0x000007feea1b9000 	C:\Program Files\Java\jdk-11.0.11\bin\net.dll
0x000007fef8970000 - 0x000007fef89e1000 	C:\Windows\system32\WINHTTP.dll
0x000007fef8900000 - 0x000007fef8965000 	C:\Windows\system32\webio.dll
0x000007fefc380000 - 0x000007fefc3d5000 	C:\Windows\system32\mswsock.dll
0x000007fefc370000 - 0x000007fefc377000 	C:\Windows\System32\wship6.dll
0x000007fee9ce0000 - 0x000007fee9cf2000 	C:\Program Files\Java\jdk-11.0.11\bin\nio.dll

dbghelp: loaded successfully - version: 4.0.5 - missing functions: none
symbol engine: initialized successfully - sym options: 0x614 - pdb path: .;C:\Program Files\Java\jdk-11.0.11\bin;C:\Windows\SYSTEM32;C:\Windows\WinSxS\amd64_microsoft.windows.common-controls_6595b64144ccf1df_6.0.7601.24483_none_e372d88f30fbb845;C:\Program Files\Java\jdk-11.0.11\bin\server

VM Arguments:
jvm_args: -Xmx2g -Dfile.encoding=UTF-8 -Dant.home=D:\habrisBatch2021\hybris\bin\platform\apache-ant 
java_command: org.apache.tools.ant.launch.Launcher clean all
java_class_path (initial): D:\habrisBatch2021\hybris\bin\platform\apache-ant\lib\ant-launcher.jar
Launcher Type: SUN_STANDARD

[Global flags]
     intx CICompilerCount                          = 3                                         {product} {ergonomic}
     uint ConcGCThreads                            = 1                                         {product} {ergonomic}
     uint G1ConcRefinementThreads                  = 4                                         {product} {ergonomic}
   size_t G1HeapRegionSize                         = 1048576                                   {product} {ergonomic}
    uintx GCDrainStackTargetSize                   = 64                                        {product} {ergonomic}
   size_t InitialHeapSize                          = 167772160                                 {product} {ergonomic}
   size_t MarkStackSize                            = 4194304                                   {product} {ergonomic}
   size_t MaxHeapSize                              = 2147483648                                {product} {command line}
   size_t MaxNewSize                               = 1287651328                                {product} {ergonomic}
   size_t MinHeapDeltaBytes                        = 1048576                                   {product} {ergonomic}
    uintx NonNMethodCodeHeapSize                   = 5830732                                {pd product} {ergonomic}
    uintx NonProfiledCodeHeapSize                  = 122913754                              {pd product} {ergonomic}
    uintx ProfiledCodeHeapSize                     = 122913754                              {pd product} {ergonomic}
    uintx ReservedCodeCacheSize                    = 251658240                              {pd product} {ergonomic}
     bool SegmentedCodeCache                       = true                                      {product} {ergonomic}
     bool UseCompressedClassPointers               = true                                 {lp64_product} {ergonomic}
     bool UseCompressedOops                        = true                                 {lp64_product} {ergonomic}
     bool UseG1GC                                  = true                                      {product} {ergonomic}
     bool UseLargePagesIndividualAllocation        = false                                  {pd product} {ergonomic}

Logging:
Log output configuration:
 #0: stdout all=warning uptime,level,tags
 #1: stderr all=off uptime,level,tags

Environment Variables:
JAVA_HOME=C:\Program Files\Java\jdk-11.0.11
PATH=D:\habrisBatch2021\hybris\bin\platform\apache-ant\bin;C:\Program Files\Common Files\Oracle\Java\javapath;C:\Program Files\nodejs\;C:\Program Files\Git\cmd;C:\Users\razhaka\AppData\Roaming\npm;C:\Users\razhaka\AppData\Local\Programs\Microsoft VS Code\bin;C:\Program Files\Java\jdk1.8.0_201\bin;C:\Users\razhaka\AppData\Local\Programs\Microsoft VS Code
USERNAME=razhaka
OS=Windows_NT
PROCESSOR_IDENTIFIER=Intel64 Family 6 Model 42 Stepping 7, GenuineIntel



---------------  S Y S T E M  ---------------

OS: Windows 7 , 64 bit Build 7601 (6.1.7601.24545)

CPU:total 4 (initial active 4) (2 cores per cpu, 2 threads per core) family 6 model 42 stepping 7 microcode 0x0, cmov, cx8, fxsr, mmx, sse, sse2, sse3, ssse3, sse4.1, sse4.2, popcnt, avx, clmul, ht, tsc, tscinvbit

Memory: 4k page, system-wide physical 10187M (3745M free)
TotalPageFile size 20373M (AvailPageFile size 12882M)
current process WorkingSet (physical memory assigned to process): 475M, peak: 475M
current process commit charge ("private bytes"): 526M, peak: 526M

vm_info: Java HotSpot(TM) 64-Bit Server VM (11.0.11+9-LTS-194) for windows-amd64 JRE (11.0.11+9-LTS-194), built on Mar 18 2021 18:46:53 by "mach5one" with MS VC++ 15.9 (VS2017)

END.
