#
# A fatal error has been detected by the Java Runtime Environment:
#
#  EXCEPTION_ACCESS_VIOLATION (0xc0000005) at pc=0x000007fed7ff0d5d, pid=7064, tid=5544
#
# JRE version: Java(TM) SE Runtime Environment 18.9 (11.0.11+9) (build 11.0.11+9-LTS-194)
# Java VM: Java HotSpot(TM) 64-Bit Server VM 18.9 (11.0.11+9-LTS-194, mixed mode, tiered, compressed oops, g1 gc, windows-amd64)
# Problematic frame:
# V  [jvm.dll+0x2d0d5d]
#
# No core dump will be written. Minidumps are not enabled by default on client versions of Windows
#
# If you would like to submit a bug report, please visit:
#   https://bugreport.java.com/bugreport/crash.jsp
#

---------------  S U M M A R Y ------------

Command Line: -Xmx2g -Dfile.encoding=UTF-8 -Dant.home=D:\habrisBatch2021\hybris\bin\platform\apache-ant org.apache.tools.ant.launch.Launcher clean all

Host: Intel(R) Core(TM) i3-2330M CPU @ 2.20GHz, 4 cores, 9G,  Windows 7 , 64 bit Build 7601 (6.1.7601.24545)
Time: Fri May 21 18:37:47 2021 India Standard Time elapsed time: 85.280340 seconds (0d 0h 1m 25s)

---------------  T H R E A D  ---------------

Current thread (0x0000000063c68000):  GCTaskThread "GC Thread#1" [stack: 0x0000000064350000,0x0000000064450000] [id=5544]

Stack: [0x0000000064350000,0x0000000064450000],  sp=0x000000006444f1c0,  free space=1020k
Native frames: (J=compiled Java code, j=interpreted, Vv=VM code, C=native code)
V  [jvm.dll+0x2d0d5d]
V  [jvm.dll+0x2f85af]
V  [jvm.dll+0x2f94f9]
V  [jvm.dll+0x2f79e3]
V  [jvm.dll+0x305c2e]
V  [jvm.dll+0x30463e]
V  [jvm.dll+0x2f5478]
V  [jvm.dll+0x304c59]
V  [jvm.dll+0x2d94e9]
V  [jvm.dll+0x77a9d0]
V  [jvm.dll+0x70dfc4]
V  [jvm.dll+0x6160f6]
C  [ucrtbase.DLL+0x1d912]
C  [kernel32.dll+0x1556d]
C  [ntdll.dll+0x5372d]


siginfo: EXCEPTION_ACCESS_VIOLATION (0xc0000005), reading address 0x0000000000000138


Register to memory mapping:

RIP=0x000007fed7ff0d5d jvm.dll
RAX=0x000000000043c400 points into unknown readable memory: 00 00 00 00 00 00 00 00
RBX=0x0000000065ad6630 points into unknown readable memory: 48 4c 57 d8 fe 07 00 00
RCX=0x0000000000000014 is an unknown value
RDX=0x0000000000000040 is an unknown value
RSP=0x000000006444f1c0 points into unknown readable memory: d0 fc 40 00 00 00 00 00
RBP=0x0000000065ad67a0 points into unknown readable memory: 00 4c 57 d8 fe 07 00 00
RSI=0x0000000021e672b8 is pointing into metadata
RDI=0x0000000085785758 is pointing into object: org.eclipse.jdt.internal.compiler.ast.EqualExpression 
{0x0000000085785738} - klass: 'org/eclipse/jdt/internal/compiler/ast/EqualExpression'
R8 =0x000000008578575c is pointing into object: org.eclipse.jdt.internal.compiler.ast.EqualExpression 
{0x0000000085785738} - klass: 'org/eclipse/jdt/internal/compiler/ast/EqualExpression'
R9 =0x000000000000001f is an unknown value
R10=0x000000008578575c is pointing into object: org.eclipse.jdt.internal.compiler.ast.EqualExpression 
{0x0000000085785738} - klass: 'org/eclipse/jdt/internal/compiler/ast/EqualExpression'
R11=0x0000000065ad67a0 points into unknown readable memory: 00 4c 57 d8 fe 07 00 00
R12=0x0000000000000003 is an unknown value
R13=0x0000000000000007 is an unknown value
R14=0x0000000021e672b8 is pointing into metadata
R15=0x0000000085785738 is an oop: org.eclipse.jdt.internal.compiler.ast.EqualExpression 
{0x0000000085785738} - klass: 'org/eclipse/jdt/internal/compiler/ast/EqualExpression'


Registers:
RAX=0x000000000043c400, RBX=0x0000000065ad6630, RCX=0x0000000000000014, RDX=0x0000000000000040
RSP=0x000000006444f1c0, RBP=0x0000000065ad67a0, RSI=0x0000000021e672b8, RDI=0x0000000085785758
R8 =0x000000008578575c, R9 =0x000000000000001f, R10=0x000000008578575c, R11=0x0000000065ad67a0
R12=0x0000000000000003, R13=0x0000000000000007, R14=0x0000000021e672b8, R15=0x0000000085785738
RIP=0x000007fed7ff0d5d, EFLAGS=0x0000000000010202

Top of Stack: (sp=0x000000006444f1c0)
0x000000006444f1c0:   000000000040fcd0 0000000085785761
0x000000006444f1d0:   000000000040fcd0 00000000857856c5
0x000000006444f1e0:   000000008578575c 000007fed80185af
0x000000006444f1f0:   0000000085785760 000007fed8019772
0x000000006444f200:   00000000857856c4 0000000063c68000
0x000000006444f210:   000000000000001d 0000000088b61640
0x000000006444f220:   0000000000000001 000007fed80194f9
0x000000006444f230:   0000000000000002 0000000065ad6630
0x000000006444f240:   0000000085785738 000007fed7fefa7e
0x000000006444f250:   00000000003e9c50 000000006444f498
0x000000006444f260:   0000000600000000 0000000000000040
0x000000006444f270:   0000000065ad6630 0000000000000040
0x000000006444f280:   00000000003e9c50 000000006444f498
0x000000006444f290:   0000000000000000 00000000003e9bd0
0x000000006444f2a0:   0000000000000060 000007fed80179e3
0x000000006444f2b0:   000000000049a9e0 0000000082f28bb9 

Instructions: (pc=0x000007fed7ff0d5d)
0x000007fed7ff0d3d:   8b d9 d1 e8 a8 01 75 6b 48 8b 41 08 8b 88 c0 02
0x000007fed7ff0d4d:   00 00 48 8b 80 b0 02 00 00 49 d3 e9 4a 8b 14 c8
0x000007fed7ff0d5d:   48 8b 82 f8 00 00 00 83 b8 18 01 00 00 00 74 43
0x000007fed7ff0d6d:   48 8b 4b 50 48 89 7c 24 30 49 c1 e8 09 48 8b 79 


Stack slot to memory mapping:
stack at sp + 0 slots: 0x000000000040fcd0 points into unknown readable memory: 00 00 00 00 00 00 00 00
stack at sp + 1 slots: 0x0000000085785761 is pointing into object: org.eclipse.jdt.internal.compiler.ast.EqualExpression 
{0x0000000085785738} - klass: 'org/eclipse/jdt/internal/compiler/ast/EqualExpression'
stack at sp + 2 slots: 0x000000000040fcd0 points into unknown readable memory: 00 00 00 00 00 00 00 00
stack at sp + 3 slots: 0x00000000857856c5 is pointing into object: [Lorg.eclipse.jdt.internal.compiler.ast.Statement; 
{0x00000000857856b0} - klass: 'org/eclipse/jdt/internal/compiler/ast/Statement'[]
 - length: 2
stack at sp + 4 slots: 0x000000008578575c is pointing into object: org.eclipse.jdt.internal.compiler.ast.EqualExpression 
{0x0000000085785738} - klass: 'org/eclipse/jdt/internal/compiler/ast/EqualExpression'
stack at sp + 5 slots: 0x000007fed80185af jvm.dll
stack at sp + 6 slots: 0x0000000085785760 is pointing into object: org.eclipse.jdt.internal.compiler.ast.EqualExpression 
{0x0000000085785738} - klass: 'org/eclipse/jdt/internal/compiler/ast/EqualExpression'
stack at sp + 7 slots: 0x000007fed8019772 jvm.dll


---------------  P R O C E S S  ---------------

Threads class SMR info:
_java_thread_list=0x000000006c3c5850, length=12, elements={
0x0000000000414000, 0x0000000062326800, 0x000000006232f800, 0x0000000062342000,
0x0000000062345000, 0x0000000062346800, 0x000000006234b800, 0x00000000623b6000,
0x0000000062eeb000, 0x0000000062ef3800, 0x000000006bf68800, 0x000000006831b000
}

Java Threads: ( => current thread )
  0x0000000000414000 JavaThread "main" [_thread_blocked, id=5756, stack(0x0000000002230000,0x0000000002330000)]
  0x0000000062326800 JavaThread "Reference Handler" daemon [_thread_blocked, id=6800, stack(0x0000000062610000,0x0000000062710000)]
  0x000000006232f800 JavaThread "Finalizer" daemon [_thread_blocked, id=608, stack(0x0000000062780000,0x0000000062880000)]
  0x0000000062342000 JavaThread "Signal Dispatcher" daemon [_thread_blocked, id=6204, stack(0x00000000217c0000,0x00000000218c0000)]
  0x0000000062345000 JavaThread "Attach Listener" daemon [_thread_blocked, id=6856, stack(0x00000000623e0000,0x00000000624e0000)]
  0x0000000062346800 JavaThread "C2 CompilerThread0" daemon [_thread_in_native, id=6956, stack(0x0000000062a60000,0x0000000062b60000)]
  0x000000006234b800 JavaThread "C1 CompilerThread0" daemon [_thread_blocked, id=5652, stack(0x0000000062b70000,0x0000000062c70000)]
  0x00000000623b6000 JavaThread "Sweeper thread" daemon [_thread_blocked, id=6992, stack(0x0000000062ce0000,0x0000000062de0000)]
  0x0000000062eeb000 JavaThread "Service Thread" daemon [_thread_blocked, id=5664, stack(0x0000000063240000,0x0000000063340000)]
  0x0000000062ef3800 JavaThread "Common-Cleaner" daemon [_thread_blocked, id=6200, stack(0x00000000628d0000,0x00000000629d0000)]
  0x000000006bf68800 JavaThread "Compiler Processing Task" daemon [_thread_blocked, id=4276, stack(0x000000006bb20000,0x000000006bc20000)]
  0x000000006831b000 JavaThread "C2 CompilerThread1" daemon [_thread_blocked, id=6520, stack(0x0000000075da0000,0x0000000075ea0000)]

Other Threads:
  0x0000000062321800 VMThread "VM Thread" [stack: 0x00000000624e0000,0x00000000625e0000] [id=5992]
  0x0000000062ef2800 WatcherThread [stack: 0x0000000063440000,0x0000000063540000] [id=6680]
  0x0000000000429000 GCTaskThread "GC Thread#0" [stack: 0x0000000019ca0000,0x0000000019da0000] [id=6308]
=>0x0000000063c68000 GCTaskThread "GC Thread#1" [stack: 0x0000000064350000,0x0000000064450000] [id=5544]
  0x0000000063c68800 GCTaskThread "GC Thread#2" [stack: 0x0000000063550000,0x0000000063650000] [id=6196]
  0x0000000063d89800 GCTaskThread "GC Thread#3" [stack: 0x0000000066a10000,0x0000000066b10000] [id=1740]
  0x000000000045d000 ConcurrentGCThread "G1 Main Marker" [stack: 0x000000001ef90000,0x000000001f090000] [id=5620]
  0x000000000045f000 ConcurrentGCThread "G1 Conc#0" [stack: 0x000000001f0c0000,0x000000001f1c0000] [id=6208]
  0x0000000021563800 ConcurrentGCThread "G1 Refine#0" [stack: 0x0000000021660000,0x0000000021760000] [id=4392]
  0x000000006b077800 ConcurrentGCThread "G1 Refine#1" [stack: 0x00000000759e0000,0x0000000075ae0000] [id=6432]
  0x000000006b078000 ConcurrentGCThread "G1 Refine#2" [stack: 0x0000000075490000,0x0000000075590000] [id=4996]
  0x0000000021567000 ConcurrentGCThread "G1 Young RemSet Sampling" [stack: 0x00000000218e0000,0x00000000219e0000] [id=6452]

Threads with active compile tasks:
C2 CompilerThread0  85419 11761 %     4       org.eclipse.jdt.internal.compiler.lookup.MethodVerifier::computeInheritedMethods @ 122 (1071 bytes)
C2 CompilerThread1  85420 11783   !   4       org.eclipse.jdt.internal.compiler.parser.Parser::parse (388 bytes)

VM state:at safepoint (normal execution)

VM Mutex/Monitor currently owned by a thread:  ([mutex/lock_event])
[0x0000000000411380] Threads_lock - owner thread: 0x0000000062321800
[0x0000000000411b60] Heap_lock - owner thread: 0x000000006bf68800

Heap address: 0x0000000080000000, size: 2048 MB, Compressed Oops mode: 32-bit
Narrow klass base: 0x0000000000000000, Narrow klass shift: 0
Compressed class space size: 1073741824 Address: 0x00000000219e0000

Heap:
 garbage-first heap   total 236544K, used 176510K [0x0000000080000000, 0x0000000100000000)
  region size 1024K, 98 young (100352K), 9 survivors (9216K)
 Metaspace       used 45168K, capacity 46732K, committed 46976K, reserved 1091584K
  class space    used 4137K, capacity 4644K, committed 4736K, reserved 1048576K
Heap Regions: E=young(eden), S=young(survivor), O=old, HS=humongous(starts), HC=humongous(continues), CS=collection set, F=free, A=archive, TAMS=top-at-mark-start (previous, next)
|   0|0x0000000080000000, 0x0000000080100000, 0x0000000080100000|100%| O|  |TAMS 0x0000000080100000, 0x0000000080000000| Untracked 
|   1|0x0000000080100000, 0x0000000080200000, 0x0000000080200000|100%| O|  |TAMS 0x0000000080200000, 0x0000000080100000| Untracked 
|   2|0x0000000080200000, 0x0000000080300000, 0x0000000080300000|100%| O|  |TAMS 0x0000000080300000, 0x0000000080200000| Untracked 
|   3|0x0000000080300000, 0x0000000080400000, 0x0000000080400000|100%| O|  |TAMS 0x0000000080400000, 0x0000000080300000| Untracked 
|   4|0x0000000080400000, 0x0000000080500000, 0x0000000080500000|100%| O|  |TAMS 0x0000000080500000, 0x0000000080400000| Untracked 
|   5|0x0000000080500000, 0x0000000080600000, 0x0000000080600000|100%| O|  |TAMS 0x0000000080600000, 0x0000000080500000| Untracked 
|   6|0x0000000080600000, 0x0000000080700000, 0x0000000080700000|100%|HS|  |TAMS 0x0000000080700000, 0x0000000080600000| Complete 
|   7|0x0000000080700000, 0x0000000080800000, 0x0000000080800000|100%|HS|  |TAMS 0x0000000080800000, 0x0000000080700000| Complete 
|   8|0x0000000080800000, 0x0000000080900000, 0x0000000080900000|100%|HC|  |TAMS 0x0000000080900000, 0x0000000080800000| Complete 
|   9|0x0000000080900000, 0x0000000080a00000, 0x0000000080a00000|100%| O|  |TAMS 0x0000000080a00000, 0x0000000080900000| Untracked 
|  10|0x0000000080a00000, 0x0000000080b00000, 0x0000000080b00000|100%| O|  |TAMS 0x0000000080b00000, 0x0000000080a00000| Untracked 
|  11|0x0000000080b00000, 0x0000000080c00000, 0x0000000080c00000|100%| O|  |TAMS 0x0000000080c00000, 0x0000000080b00000| Untracked 
|  12|0x0000000080c00000, 0x0000000080d00000, 0x0000000080d00000|100%| O|  |TAMS 0x0000000080d00000, 0x0000000080c00000| Untracked 
|  13|0x0000000080d00000, 0x0000000080e00000, 0x0000000080e00000|100%| O|  |TAMS 0x0000000080e00000, 0x0000000080d00000| Untracked 
|  14|0x0000000080e00000, 0x0000000080f00000, 0x0000000080f00000|100%| O|  |TAMS 0x0000000080f00000, 0x0000000080e00000| Untracked 
|  15|0x0000000080f00000, 0x0000000081000000, 0x0000000081000000|100%| O|  |TAMS 0x0000000081000000, 0x0000000080f00000| Untracked 
|  16|0x0000000081000000, 0x0000000081100000, 0x0000000081100000|100%| O|  |TAMS 0x0000000081100000, 0x0000000081000000| Untracked 
|  17|0x0000000081100000, 0x0000000081200000, 0x0000000081200000|100%| O|  |TAMS 0x0000000081200000, 0x0000000081100000| Untracked 
|  18|0x0000000081200000, 0x0000000081300000, 0x0000000081300000|100%| O|  |TAMS 0x0000000081300000, 0x0000000081200000| Untracked 
|  19|0x0000000081300000, 0x0000000081400000, 0x0000000081400000|100%| O|  |TAMS 0x0000000081400000, 0x0000000081300000| Untracked 
|  20|0x0000000081400000, 0x0000000081500000, 0x0000000081500000|100%| O|  |TAMS 0x0000000081500000, 0x0000000081400000| Untracked 
|  21|0x0000000081500000, 0x0000000081600000, 0x0000000081600000|100%| O|  |TAMS 0x0000000081600000, 0x0000000081500000| Untracked 
|  22|0x0000000081600000, 0x0000000081700000, 0x0000000081700000|100%| O|  |TAMS 0x0000000081700000, 0x0000000081600000| Untracked 
|  23|0x0000000081700000, 0x0000000081800000, 0x0000000081800000|100%| O|  |TAMS 0x0000000081800000, 0x0000000081700000| Untracked 
|  24|0x0000000081800000, 0x0000000081900000, 0x0000000081900000|100%| O|  |TAMS 0x0000000081900000, 0x0000000081800000| Untracked 
|  25|0x0000000081900000, 0x0000000081a00000, 0x0000000081a00000|100%| O|  |TAMS 0x0000000081a00000, 0x0000000081900000| Untracked 
|  26|0x0000000081a00000, 0x0000000081b00000, 0x0000000081b00000|100%| O|  |TAMS 0x0000000081a22600, 0x0000000081a00000| Untracked 
|  27|0x0000000081b00000, 0x0000000081c00000, 0x0000000081c00000|100%| O|  |TAMS 0x0000000081b00000, 0x0000000081b00000| Untracked 
|  28|0x0000000081c00000, 0x0000000081d00000, 0x0000000081d00000|100%|HS|  |TAMS 0x0000000081c00000, 0x0000000081c00000| Complete 
|  29|0x0000000081d00000, 0x0000000081e00000, 0x0000000081e00000|100%| O|  |TAMS 0x0000000081d00000, 0x0000000081d00000| Untracked 
|  30|0x0000000081e00000, 0x0000000081f00000, 0x0000000081f00000|100%| O|  |TAMS 0x0000000081e00000, 0x0000000081e00000| Untracked 
|  31|0x0000000081f00000, 0x0000000082000000, 0x0000000082000000|100%| O|  |TAMS 0x0000000081f00000, 0x0000000081f00000| Untracked 
|  32|0x0000000082000000, 0x0000000082100000, 0x0000000082100000|100%| O|  |TAMS 0x0000000082000000, 0x0000000082000000| Untracked 
|  33|0x0000000082100000, 0x0000000082200000, 0x0000000082200000|100%| O|  |TAMS 0x0000000082100000, 0x0000000082100000| Untracked 
|  34|0x0000000082200000, 0x0000000082300000, 0x0000000082300000|100%| O|  |TAMS 0x0000000082200000, 0x0000000082200000| Untracked 
|  35|0x0000000082300000, 0x0000000082400000, 0x0000000082400000|100%| O|  |TAMS 0x0000000082300000, 0x0000000082300000| Untracked 
|  36|0x0000000082400000, 0x0000000082500000, 0x0000000082500000|100%| O|  |TAMS 0x0000000082400000, 0x0000000082400000| Untracked 
|  37|0x0000000082500000, 0x0000000082600000, 0x0000000082600000|100%| O|  |TAMS 0x0000000082500000, 0x0000000082500000| Untracked 
|  38|0x0000000082600000, 0x0000000082700000, 0x0000000082700000|100%| O|  |TAMS 0x0000000082600000, 0x0000000082600000| Untracked 
|  39|0x0000000082700000, 0x0000000082800000, 0x0000000082800000|100%| O|  |TAMS 0x0000000082700000, 0x0000000082700000| Untracked 
|  40|0x0000000082800000, 0x0000000082900000, 0x0000000082900000|100%| O|  |TAMS 0x0000000082800000, 0x0000000082800000| Untracked 
|  41|0x0000000082900000, 0x0000000082a00000, 0x0000000082a00000|100%| O|  |TAMS 0x0000000082900000, 0x0000000082900000| Untracked 
|  42|0x0000000082a00000, 0x0000000082b00000, 0x0000000082b00000|100%| O|  |TAMS 0x0000000082a00000, 0x0000000082a00000| Untracked 
|  43|0x0000000082b00000, 0x0000000082c00000, 0x0000000082c00000|100%| O|  |TAMS 0x0000000082b00000, 0x0000000082b00000| Untracked 
|  44|0x0000000082c00000, 0x0000000082d00000, 0x0000000082d00000|100%| O|  |TAMS 0x0000000082c00000, 0x0000000082c00000| Untracked 
|  45|0x0000000082d00000, 0x0000000082e00000, 0x0000000082e00000|100%| O|  |TAMS 0x0000000082d00000, 0x0000000082d00000| Untracked 
|  46|0x0000000082e00000, 0x0000000082f00000, 0x0000000082f00000|100%| O|  |TAMS 0x0000000082e00000, 0x0000000082e00000| Untracked 
|  47|0x0000000082f00000, 0x0000000083000000, 0x0000000083000000|100%| O|  |TAMS 0x0000000082f00000, 0x0000000082f00000| Untracked 
|  48|0x0000000083000000, 0x0000000083100000, 0x0000000083100000|100%| O|  |TAMS 0x0000000083000000, 0x0000000083000000| Untracked 
|  49|0x0000000083100000, 0x0000000083200000, 0x0000000083200000|100%| O|  |TAMS 0x0000000083100000, 0x0000000083100000| Untracked 
|  50|0x0000000083200000, 0x0000000083300000, 0x0000000083300000|100%| O|  |TAMS 0x0000000083200000, 0x0000000083200000| Untracked 
|  51|0x0000000083300000, 0x0000000083400000, 0x0000000083400000|100%| O|  |TAMS 0x0000000083300000, 0x0000000083300000| Untracked 
|  52|0x0000000083400000, 0x0000000083500000, 0x0000000083500000|100%| O|  |TAMS 0x0000000083400000, 0x0000000083400000| Untracked 
|  53|0x0000000083500000, 0x0000000083600000, 0x0000000083600000|100%| O|  |TAMS 0x0000000083500000, 0x0000000083500000| Untracked 
|  54|0x0000000083600000, 0x0000000083700000, 0x0000000083700000|100%| O|  |TAMS 0x0000000083600000, 0x0000000083600000| Untracked 
|  55|0x0000000083700000, 0x0000000083800000, 0x0000000083800000|100%| O|  |TAMS 0x0000000083700000, 0x0000000083700000| Untracked 
|  56|0x0000000083800000, 0x0000000083900000, 0x0000000083900000|100%| O|  |TAMS 0x0000000083800000, 0x0000000083800000| Untracked 
|  57|0x0000000083900000, 0x0000000083a00000, 0x0000000083a00000|100%| O|  |TAMS 0x0000000083900000, 0x0000000083900000| Untracked 
|  58|0x0000000083a00000, 0x0000000083b00000, 0x0000000083b00000|100%| O|  |TAMS 0x0000000083a00000, 0x0000000083a00000| Untracked 
|  59|0x0000000083b00000, 0x0000000083c00000, 0x0000000083c00000|100%| O|  |TAMS 0x0000000083b00000, 0x0000000083b00000| Untracked 
|  60|0x0000000083c00000, 0x0000000083d00000, 0x0000000083d00000|100%| O|  |TAMS 0x0000000083c00000, 0x0000000083c00000| Untracked 
|  61|0x0000000083d00000, 0x0000000083e00000, 0x0000000083e00000|100%| O|  |TAMS 0x0000000083d00000, 0x0000000083d00000| Untracked 
|  62|0x0000000083e00000, 0x0000000083f00000, 0x0000000083f00000|100%| O|  |TAMS 0x0000000083e00000, 0x0000000083e00000| Untracked 
|  63|0x0000000083f00000, 0x0000000084000000, 0x0000000084000000|100%| O|  |TAMS 0x0000000083f00000, 0x0000000083f00000| Untracked 
|  64|0x0000000084000000, 0x0000000084100000, 0x0000000084100000|100%| O|  |TAMS 0x0000000084000000, 0x0000000084000000| Untracked 
|  65|0x0000000084100000, 0x0000000084200000, 0x0000000084200000|100%| O|  |TAMS 0x0000000084100000, 0x0000000084100000| Untracked 
|  66|0x0000000084200000, 0x0000000084300000, 0x0000000084300000|100%| O|  |TAMS 0x0000000084200000, 0x0000000084200000| Untracked 
|  67|0x0000000084300000, 0x0000000084400000, 0x0000000084400000|100%| O|  |TAMS 0x0000000084300000, 0x0000000084300000| Untracked 
|  68|0x0000000084400000, 0x0000000084500000, 0x0000000084500000|100%| O|  |TAMS 0x0000000084400000, 0x0000000084400000| Untracked 
|  69|0x0000000084500000, 0x0000000084600000, 0x0000000084600000|100%| O|  |TAMS 0x0000000084500000, 0x0000000084500000| Untracked 
|  70|0x0000000084600000, 0x0000000084700000, 0x0000000084700000|100%| O|  |TAMS 0x0000000084600000, 0x0000000084600000| Untracked 
|  71|0x0000000084700000, 0x0000000084745090, 0x0000000084800000| 26%| O|  |TAMS 0x0000000084700000, 0x0000000084700000| Untracked 
|  72|0x0000000084800000, 0x0000000084800000, 0x0000000084900000|  0%| F|  |TAMS 0x0000000084800000, 0x0000000084800000| Untracked 
|  73|0x0000000084900000, 0x0000000084900000, 0x0000000084a00000|  0%| F|  |TAMS 0x0000000084900000, 0x0000000084900000| Untracked 
|  74|0x0000000084a00000, 0x0000000084a00000, 0x0000000084b00000|  0%| F|  |TAMS 0x0000000084a00000, 0x0000000084a00000| Untracked 
|  75|0x0000000084b00000, 0x0000000084b00000, 0x0000000084c00000|  0%| F|  |TAMS 0x0000000084b00000, 0x0000000084b00000| Untracked 
|  76|0x0000000084c00000, 0x0000000084c00000, 0x0000000084d00000|  0%| F|  |TAMS 0x0000000084c00000, 0x0000000084c00000| Untracked 
|  77|0x0000000084d00000, 0x0000000084d00000, 0x0000000084e00000|  0%| F|  |TAMS 0x0000000084d00000, 0x0000000084d00000| Untracked 
|  78|0x0000000084e00000, 0x0000000084e00000, 0x0000000084f00000|  0%| F|  |TAMS 0x0000000084e00000, 0x0000000084e00000| Untracked 
|  79|0x0000000084f00000, 0x0000000084f00000, 0x0000000085000000|  0%| F|  |TAMS 0x0000000084f00000, 0x0000000084f00000| Untracked 
|  80|0x0000000085000000, 0x0000000085100000, 0x0000000085100000|100%| O|  |TAMS 0x0000000085000000, 0x0000000085000000| Untracked 
|  81|0x0000000085100000, 0x0000000085200000, 0x0000000085200000|100%| O|  |TAMS 0x0000000085100000, 0x0000000085100000| Untracked 
|  82|0x0000000085200000, 0x0000000085200000, 0x0000000085300000|  0%| F|  |TAMS 0x0000000085200000, 0x0000000085200000| Untracked 
|  83|0x0000000085300000, 0x0000000085400000, 0x0000000085400000|100%| O|  |TAMS 0x0000000085300000, 0x0000000085300000| Untracked 
|  84|0x0000000085400000, 0x0000000085500000, 0x0000000085500000|100%| O|  |TAMS 0x0000000085400000, 0x0000000085400000| Untracked 
|  85|0x0000000085500000, 0x0000000085600000, 0x0000000085600000|100%| O|  |TAMS 0x0000000085500000, 0x0000000085500000| Untracked 
|  86|0x0000000085600000, 0x0000000085700000, 0x0000000085700000|100%| O|  |TAMS 0x0000000085600000, 0x0000000085600000| Untracked 
|  87|0x0000000085700000, 0x0000000085800000, 0x0000000085800000|100%| O|  |TAMS 0x0000000085700000, 0x0000000085700000| Untracked 
|  88|0x0000000085800000, 0x0000000085800000, 0x0000000085900000|  0%| F|  |TAMS 0x0000000085800000, 0x0000000085800000| Untracked 
|  89|0x0000000085900000, 0x0000000085900000, 0x0000000085a00000|  0%| F|  |TAMS 0x0000000085900000, 0x0000000085900000| Untracked 
|  90|0x0000000085a00000, 0x0000000085a00000, 0x0000000085b00000|  0%| F|  |TAMS 0x0000000085a00000, 0x0000000085a00000| Untracked 
|  91|0x0000000085b00000, 0x0000000085b00000, 0x0000000085c00000|  0%| F|  |TAMS 0x0000000085b00000, 0x0000000085b00000| Untracked 
|  92|0x0000000085c00000, 0x0000000085c00000, 0x0000000085d00000|  0%| F|  |TAMS 0x0000000085c00000, 0x0000000085c00000| Untracked 
|  93|0x0000000085d00000, 0x0000000085d00000, 0x0000000085e00000|  0%| F|  |TAMS 0x0000000085d00000, 0x0000000085d00000| Untracked 
|  94|0x0000000085e00000, 0x0000000085e00000, 0x0000000085f00000|  0%| F|  |TAMS 0x0000000085e00000, 0x0000000085e00000| Untracked 
|  95|0x0000000085f00000, 0x0000000085f00000, 0x0000000086000000|  0%| F|  |TAMS 0x0000000085f00000, 0x0000000085f00000| Untracked 
|  96|0x0000000086000000, 0x0000000086000000, 0x0000000086100000|  0%| F|  |TAMS 0x0000000086000000, 0x0000000086000000| Untracked 
|  97|0x0000000086100000, 0x0000000086100000, 0x0000000086200000|  0%| F|  |TAMS 0x0000000086100000, 0x0000000086100000| Untracked 
|  98|0x0000000086200000, 0x0000000086200000, 0x0000000086300000|  0%| F|  |TAMS 0x0000000086200000, 0x0000000086200000| Untracked 
|  99|0x0000000086300000, 0x0000000086300000, 0x0000000086400000|  0%| F|  |TAMS 0x0000000086300000, 0x0000000086300000| Untracked 
| 100|0x0000000086400000, 0x0000000086400000, 0x0000000086500000|  0%| F|  |TAMS 0x0000000086400000, 0x0000000086400000| Untracked 
| 101|0x0000000086500000, 0x0000000086500000, 0x0000000086600000|  0%| F|  |TAMS 0x0000000086500000, 0x0000000086500000| Untracked 
| 102|0x0000000086600000, 0x0000000086600000, 0x0000000086700000|  0%| F|  |TAMS 0x0000000086600000, 0x0000000086600000| Untracked 
| 103|0x0000000086700000, 0x0000000086700000, 0x0000000086800000|  0%| F|  |TAMS 0x0000000086700000, 0x0000000086700000| Untracked 
| 104|0x0000000086800000, 0x0000000086800000, 0x0000000086900000|  0%| F|  |TAMS 0x0000000086800000, 0x0000000086800000| Untracked 
| 105|0x0000000086900000, 0x0000000086900000, 0x0000000086a00000|  0%| F|  |TAMS 0x0000000086900000, 0x0000000086900000| Untracked 
| 106|0x0000000086a00000, 0x0000000086a00000, 0x0000000086b00000|  0%| F|  |TAMS 0x0000000086a00000, 0x0000000086a00000| Untracked 
| 107|0x0000000086b00000, 0x0000000086b00000, 0x0000000086c00000|  0%| F|  |TAMS 0x0000000086b00000, 0x0000000086b00000| Untracked 
| 108|0x0000000086c00000, 0x0000000086c00000, 0x0000000086d00000|  0%| F|  |TAMS 0x0000000086c00000, 0x0000000086c00000| Untracked 
| 109|0x0000000086d00000, 0x0000000086d00000, 0x0000000086e00000|  0%| F|  |TAMS 0x0000000086d00000, 0x0000000086d00000| Untracked 
| 110|0x0000000086e00000, 0x0000000086e00000, 0x0000000086f00000|  0%| F|  |TAMS 0x0000000086e00000, 0x0000000086e00000| Untracked 
| 111|0x0000000086f00000, 0x0000000086f00000, 0x0000000087000000|  0%| F|  |TAMS 0x0000000086f00000, 0x0000000086f00000| Untracked 
| 112|0x0000000087000000, 0x0000000087000000, 0x0000000087100000|  0%| F|  |TAMS 0x0000000087000000, 0x0000000087000000| Untracked 
| 113|0x0000000087100000, 0x0000000087100000, 0x0000000087200000|  0%| F|  |TAMS 0x0000000087100000, 0x0000000087100000| Untracked 
| 114|0x0000000087200000, 0x0000000087200000, 0x0000000087300000|  0%| F|  |TAMS 0x0000000087200000, 0x0000000087200000| Untracked 
| 115|0x0000000087300000, 0x0000000087300000, 0x0000000087400000|  0%| F|  |TAMS 0x0000000087300000, 0x0000000087300000| Untracked 
| 116|0x0000000087400000, 0x0000000087400000, 0x0000000087500000|  0%| F|  |TAMS 0x0000000087400000, 0x0000000087400000| Untracked 
| 117|0x0000000087500000, 0x0000000087500000, 0x0000000087600000|  0%| F|  |TAMS 0x0000000087500000, 0x0000000087500000| Untracked 
| 118|0x0000000087600000, 0x0000000087600000, 0x0000000087700000|  0%| F|  |TAMS 0x0000000087600000, 0x0000000087600000| Untracked 
| 119|0x0000000087700000, 0x0000000087700000, 0x0000000087800000|  0%| F|  |TAMS 0x0000000087700000, 0x0000000087700000| Untracked 
| 120|0x0000000087800000, 0x0000000087800000, 0x0000000087900000|  0%| F|  |TAMS 0x0000000087800000, 0x0000000087800000| Untracked 
| 121|0x0000000087900000, 0x0000000087900000, 0x0000000087a00000|  0%| F|  |TAMS 0x0000000087900000, 0x0000000087900000| Untracked 
| 122|0x0000000087a00000, 0x0000000087a00000, 0x0000000087b00000|  0%| F|  |TAMS 0x0000000087a00000, 0x0000000087a00000| Untracked 
| 123|0x0000000087b00000, 0x0000000087b00000, 0x0000000087c00000|  0%| F|  |TAMS 0x0000000087b00000, 0x0000000087b00000| Untracked 
| 124|0x0000000087c00000, 0x0000000087c00000, 0x0000000087d00000|  0%| F|  |TAMS 0x0000000087c00000, 0x0000000087c00000| Untracked 
| 125|0x0000000087d00000, 0x0000000087dba9a0, 0x0000000087e00000| 72%| S|  |TAMS 0x0000000087d00000, 0x0000000087d00000| Complete 
| 126|0x0000000087e00000, 0x0000000087f00000, 0x0000000087f00000|100%| S|  |TAMS 0x0000000087e00000, 0x0000000087e00000| Complete 
| 127|0x0000000087f00000, 0x0000000088000000, 0x0000000088000000|100%| S|  |TAMS 0x0000000087f00000, 0x0000000087f00000| Complete 
| 128|0x0000000088000000, 0x0000000088100000, 0x0000000088100000|100%| S|  |TAMS 0x0000000088000000, 0x0000000088000000| Complete 
| 129|0x0000000088100000, 0x0000000088200000, 0x0000000088200000|100%| S|  |TAMS 0x0000000088100000, 0x0000000088100000| Complete 
| 130|0x0000000088200000, 0x0000000088300000, 0x0000000088300000|100%| S|  |TAMS 0x0000000088200000, 0x0000000088200000| Complete 
| 131|0x0000000088300000, 0x0000000088400000, 0x0000000088400000|100%| S|  |TAMS 0x0000000088300000, 0x0000000088300000| Complete 
| 132|0x0000000088400000, 0x0000000088500000, 0x0000000088500000|100%| S|  |TAMS 0x0000000088400000, 0x0000000088400000| Complete 
| 133|0x0000000088500000, 0x0000000088600000, 0x0000000088600000|100%| S|  |TAMS 0x0000000088500000, 0x0000000088500000| Complete 
| 134|0x0000000088600000, 0x0000000088700000, 0x0000000088700000|100%| E|CS|TAMS 0x0000000088600000, 0x0000000088600000| Complete 
| 135|0x0000000088700000, 0x0000000088800000, 0x0000000088800000|100%| E|CS|TAMS 0x0000000088700000, 0x0000000088700000| Complete 
| 136|0x0000000088800000, 0x0000000088900000, 0x0000000088900000|100%| E|CS|TAMS 0x0000000088800000, 0x0000000088800000| Complete 
| 137|0x0000000088900000, 0x0000000088a00000, 0x0000000088a00000|100%| E|CS|TAMS 0x0000000088900000, 0x0000000088900000| Complete 
| 138|0x0000000088a00000, 0x0000000088adf818, 0x0000000088b00000| 87%| E|CS|TAMS 0x0000000088a00000, 0x0000000088a00000| Complete 
| 139|0x0000000088b00000, 0x0000000088c00000, 0x0000000088c00000|100%| E|CS|TAMS 0x0000000088b00000, 0x0000000088b00000| Complete 
| 140|0x0000000088c00000, 0x0000000088d00000, 0x0000000088d00000|100%| E|CS|TAMS 0x0000000088c00000, 0x0000000088c00000| Complete 
| 141|0x0000000088d00000, 0x0000000088e00000, 0x0000000088e00000|100%| E|CS|TAMS 0x0000000088d00000, 0x0000000088d00000| Complete 
| 142|0x0000000088e00000, 0x0000000088f00000, 0x0000000088f00000|100%| E|CS|TAMS 0x0000000088e00000, 0x0000000088e00000| Complete 
| 143|0x0000000088f00000, 0x0000000089000000, 0x0000000089000000|100%| E|CS|TAMS 0x0000000088f00000, 0x0000000088f00000| Complete 
| 144|0x0000000089000000, 0x0000000089100000, 0x0000000089100000|100%| E|CS|TAMS 0x0000000089000000, 0x0000000089000000| Complete 
| 145|0x0000000089100000, 0x0000000089200000, 0x0000000089200000|100%| E|CS|TAMS 0x0000000089100000, 0x0000000089100000| Complete 
| 146|0x0000000089200000, 0x0000000089300000, 0x0000000089300000|100%| E|CS|TAMS 0x0000000089200000, 0x0000000089200000| Complete 
| 147|0x0000000089300000, 0x0000000089400000, 0x0000000089400000|100%| E|CS|TAMS 0x0000000089300000, 0x0000000089300000| Complete 
| 148|0x0000000089400000, 0x0000000089500000, 0x0000000089500000|100%| E|CS|TAMS 0x0000000089400000, 0x0000000089400000| Complete 
| 149|0x0000000089500000, 0x0000000089600000, 0x0000000089600000|100%| E|CS|TAMS 0x0000000089500000, 0x0000000089500000| Complete 
| 150|0x0000000089600000, 0x0000000089700000, 0x0000000089700000|100%| E|CS|TAMS 0x0000000089600000, 0x0000000089600000| Complete 
| 151|0x0000000089700000, 0x0000000089800000, 0x0000000089800000|100%| E|CS|TAMS 0x0000000089700000, 0x0000000089700000| Complete 
| 152|0x0000000089800000, 0x0000000089900000, 0x0000000089900000|100%| E|CS|TAMS 0x0000000089800000, 0x0000000089800000| Complete 
| 153|0x0000000089900000, 0x0000000089a00000, 0x0000000089a00000|100%| E|CS|TAMS 0x0000000089900000, 0x0000000089900000| Complete 
| 154|0x0000000089a00000, 0x0000000089b00000, 0x0000000089b00000|100%| E|CS|TAMS 0x0000000089a00000, 0x0000000089a00000| Complete 
| 155|0x0000000089b00000, 0x0000000089c00000, 0x0000000089c00000|100%| E|CS|TAMS 0x0000000089b00000, 0x0000000089b00000| Complete 
| 156|0x0000000089c00000, 0x0000000089d00000, 0x0000000089d00000|100%| E|CS|TAMS 0x0000000089c00000, 0x0000000089c00000| Complete 
| 157|0x0000000089d00000, 0x0000000089e00000, 0x0000000089e00000|100%| E|CS|TAMS 0x0000000089d00000, 0x0000000089d00000| Complete 
| 158|0x0000000089e00000, 0x0000000089f00000, 0x0000000089f00000|100%| E|CS|TAMS 0x0000000089e00000, 0x0000000089e00000| Complete 
| 159|0x0000000089f00000, 0x000000008a000000, 0x000000008a000000|100%| E|CS|TAMS 0x0000000089f00000, 0x0000000089f00000| Complete 
| 160|0x000000008a000000, 0x000000008a100000, 0x000000008a100000|100%| E|CS|TAMS 0x000000008a000000, 0x000000008a000000| Complete 
| 161|0x000000008a100000, 0x000000008a200000, 0x000000008a200000|100%| E|CS|TAMS 0x000000008a100000, 0x000000008a100000| Complete 
| 162|0x000000008a200000, 0x000000008a300000, 0x000000008a300000|100%| E|CS|TAMS 0x000000008a200000, 0x000000008a200000| Complete 
| 163|0x000000008a300000, 0x000000008a400000, 0x000000008a400000|100%| E|CS|TAMS 0x000000008a300000, 0x000000008a300000| Complete 
| 164|0x000000008a400000, 0x000000008a500000, 0x000000008a500000|100%| E|CS|TAMS 0x000000008a400000, 0x000000008a400000| Complete 
| 165|0x000000008a500000, 0x000000008a600000, 0x000000008a600000|100%| E|CS|TAMS 0x000000008a500000, 0x000000008a500000| Complete 
| 166|0x000000008a600000, 0x000000008a700000, 0x000000008a700000|100%| E|CS|TAMS 0x000000008a600000, 0x000000008a600000| Complete 
| 167|0x000000008a700000, 0x000000008a800000, 0x000000008a800000|100%| E|CS|TAMS 0x000000008a700000, 0x000000008a700000| Complete 
| 168|0x000000008a800000, 0x000000008a900000, 0x000000008a900000|100%| E|CS|TAMS 0x000000008a800000, 0x000000008a800000| Complete 
| 169|0x000000008a900000, 0x000000008aa00000, 0x000000008aa00000|100%| E|CS|TAMS 0x000000008a900000, 0x000000008a900000| Complete 
| 170|0x000000008aa00000, 0x000000008ab00000, 0x000000008ab00000|100%| E|CS|TAMS 0x000000008aa00000, 0x000000008aa00000| Complete 
| 171|0x000000008ab00000, 0x000000008ac00000, 0x000000008ac00000|100%| E|CS|TAMS 0x000000008ab00000, 0x000000008ab00000| Complete 
| 172|0x000000008ac00000, 0x000000008ad00000, 0x000000008ad00000|100%| E|CS|TAMS 0x000000008ac00000, 0x000000008ac00000| Complete 
| 173|0x000000008ad00000, 0x000000008ae00000, 0x000000008ae00000|100%| E|CS|TAMS 0x000000008ad00000, 0x000000008ad00000| Complete 
| 174|0x000000008ae00000, 0x000000008af00000, 0x000000008af00000|100%| E|CS|TAMS 0x000000008ae00000, 0x000000008ae00000| Complete 
| 175|0x000000008af00000, 0x000000008b000000, 0x000000008b000000|100%| E|CS|TAMS 0x000000008af00000, 0x000000008af00000| Complete 
| 176|0x000000008b000000, 0x000000008b100000, 0x000000008b100000|100%| E|CS|TAMS 0x000000008b000000, 0x000000008b000000| Complete 
| 177|0x000000008b100000, 0x000000008b200000, 0x000000008b200000|100%| E|CS|TAMS 0x000000008b100000, 0x000000008b100000| Complete 
| 178|0x000000008b200000, 0x000000008b300000, 0x000000008b300000|100%| E|CS|TAMS 0x000000008b200000, 0x000000008b200000| Complete 
| 179|0x000000008b300000, 0x000000008b400000, 0x000000008b400000|100%| E|CS|TAMS 0x000000008b300000, 0x000000008b300000| Complete 
| 180|0x000000008b400000, 0x000000008b500000, 0x000000008b500000|100%| E|CS|TAMS 0x000000008b400000, 0x000000008b400000| Complete 
| 181|0x000000008b500000, 0x000000008b600000, 0x000000008b600000|100%| E|CS|TAMS 0x000000008b500000, 0x000000008b500000| Complete 
| 182|0x000000008b600000, 0x000000008b700000, 0x000000008b700000|100%| E|CS|TAMS 0x000000008b600000, 0x000000008b600000| Complete 
| 183|0x000000008b700000, 0x000000008b800000, 0x000000008b800000|100%| E|CS|TAMS 0x000000008b700000, 0x000000008b700000| Complete 
| 184|0x000000008b800000, 0x000000008b900000, 0x000000008b900000|100%| E|CS|TAMS 0x000000008b800000, 0x000000008b800000| Complete 
| 185|0x000000008b900000, 0x000000008ba00000, 0x000000008ba00000|100%| E|CS|TAMS 0x000000008b900000, 0x000000008b900000| Complete 
| 186|0x000000008ba00000, 0x000000008bb00000, 0x000000008bb00000|100%| E|CS|TAMS 0x000000008ba00000, 0x000000008ba00000| Complete 
| 187|0x000000008bb00000, 0x000000008bc00000, 0x000000008bc00000|100%| E|CS|TAMS 0x000000008bb00000, 0x000000008bb00000| Complete 
| 188|0x000000008bc00000, 0x000000008bd00000, 0x000000008bd00000|100%| E|CS|TAMS 0x000000008bc00000, 0x000000008bc00000| Complete 
| 189|0x000000008bd00000, 0x000000008be00000, 0x000000008be00000|100%| E|CS|TAMS 0x000000008bd00000, 0x000000008bd00000| Complete 
| 190|0x000000008be00000, 0x000000008bf00000, 0x000000008bf00000|100%| E|CS|TAMS 0x000000008be00000, 0x000000008be00000| Complete 
| 191|0x000000008bf00000, 0x000000008c000000, 0x000000008c000000|100%| E|CS|TAMS 0x000000008bf00000, 0x000000008bf00000| Complete 
| 192|0x000000008c000000, 0x000000008c100000, 0x000000008c100000|100%| E|CS|TAMS 0x000000008c000000, 0x000000008c000000| Complete 
| 193|0x000000008c100000, 0x000000008c200000, 0x000000008c200000|100%| E|CS|TAMS 0x000000008c100000, 0x000000008c100000| Complete 
| 194|0x000000008c200000, 0x000000008c300000, 0x000000008c300000|100%| E|CS|TAMS 0x000000008c200000, 0x000000008c200000| Complete 
| 195|0x000000008c300000, 0x000000008c400000, 0x000000008c400000|100%| E|CS|TAMS 0x000000008c300000, 0x000000008c300000| Complete 
| 196|0x000000008c400000, 0x000000008c500000, 0x000000008c500000|100%| E|CS|TAMS 0x000000008c400000, 0x000000008c400000| Complete 
| 197|0x000000008c500000, 0x000000008c600000, 0x000000008c600000|100%| E|CS|TAMS 0x000000008c500000, 0x000000008c500000| Complete 
| 198|0x000000008c600000, 0x000000008c700000, 0x000000008c700000|100%| E|CS|TAMS 0x000000008c600000, 0x000000008c600000| Complete 
| 199|0x000000008c700000, 0x000000008c800000, 0x000000008c800000|100%| E|CS|TAMS 0x000000008c700000, 0x000000008c700000| Complete 
| 200|0x000000008c800000, 0x000000008c900000, 0x000000008c900000|100%| E|CS|TAMS 0x000000008c800000, 0x000000008c800000| Complete 
| 201|0x000000008c900000, 0x000000008ca00000, 0x000000008ca00000|100%| E|CS|TAMS 0x000000008c900000, 0x000000008c900000| Complete 
| 202|0x000000008ca00000, 0x000000008cb00000, 0x000000008cb00000|100%| E|CS|TAMS 0x000000008ca00000, 0x000000008ca00000| Complete 
| 203|0x000000008cb00000, 0x000000008cc00000, 0x000000008cc00000|100%| E|CS|TAMS 0x000000008cb00000, 0x000000008cb00000| Complete 
| 204|0x000000008cc00000, 0x000000008cd00000, 0x000000008cd00000|100%| E|CS|TAMS 0x000000008cc00000, 0x000000008cc00000| Complete 
| 205|0x000000008cd00000, 0x000000008ce00000, 0x000000008ce00000|100%| E|CS|TAMS 0x000000008cd00000, 0x000000008cd00000| Complete 
| 206|0x000000008ce00000, 0x000000008cf00000, 0x000000008cf00000|100%| E|CS|TAMS 0x000000008ce00000, 0x000000008ce00000| Complete 
| 207|0x000000008cf00000, 0x000000008d000000, 0x000000008d000000|100%| E|CS|TAMS 0x000000008cf00000, 0x000000008cf00000| Complete 
| 208|0x000000008d000000, 0x000000008d100000, 0x000000008d100000|100%| E|CS|TAMS 0x000000008d000000, 0x000000008d000000| Complete 
| 209|0x000000008d100000, 0x000000008d200000, 0x000000008d200000|100%| E|CS|TAMS 0x000000008d100000, 0x000000008d100000| Complete 
| 210|0x000000008d200000, 0x000000008d300000, 0x000000008d300000|100%| E|CS|TAMS 0x000000008d200000, 0x000000008d200000| Complete 
| 211|0x000000008d300000, 0x000000008d400000, 0x000000008d400000|100%| E|CS|TAMS 0x000000008d300000, 0x000000008d300000| Complete 
| 212|0x000000008d400000, 0x000000008d500000, 0x000000008d500000|100%| E|CS|TAMS 0x000000008d400000, 0x000000008d400000| Complete 
| 213|0x000000008d500000, 0x000000008d600000, 0x000000008d600000|100%| E|CS|TAMS 0x000000008d500000, 0x000000008d500000| Complete 
| 214|0x000000008d600000, 0x000000008d700000, 0x000000008d700000|100%| E|CS|TAMS 0x000000008d600000, 0x000000008d600000| Complete 
| 215|0x000000008d700000, 0x000000008d800000, 0x000000008d800000|100%| E|CS|TAMS 0x000000008d700000, 0x000000008d700000| Complete 
| 216|0x000000008d800000, 0x000000008d900000, 0x000000008d900000|100%| E|CS|TAMS 0x000000008d800000, 0x000000008d800000| Complete 
| 217|0x000000008d900000, 0x000000008da00000, 0x000000008da00000|100%| E|CS|TAMS 0x000000008d900000, 0x000000008d900000| Complete 
| 218|0x000000008da00000, 0x000000008db00000, 0x000000008db00000|100%| E|CS|TAMS 0x000000008da00000, 0x000000008da00000| Complete 
| 219|0x000000008db00000, 0x000000008dc00000, 0x000000008dc00000|100%| E|CS|TAMS 0x000000008db00000, 0x000000008db00000| Complete 
| 220|0x000000008dc00000, 0x000000008dd00000, 0x000000008dd00000|100%| E|CS|TAMS 0x000000008dc00000, 0x000000008dc00000| Complete 
| 221|0x000000008dd00000, 0x000000008de00000, 0x000000008de00000|100%| E|CS|TAMS 0x000000008dd00000, 0x000000008dd00000| Complete 
| 222|0x000000008de00000, 0x000000008df00000, 0x000000008df00000|100%| E|CS|TAMS 0x000000008de00000, 0x000000008de00000| Complete 
| 223|0x000000008df00000, 0x000000008e000000, 0x000000008e000000|100%| E|CS|TAMS 0x000000008df00000, 0x000000008df00000| Complete 
| 224|0x000000008e000000, 0x000000008e100000, 0x000000008e100000|100%| E|CS|TAMS 0x000000008e000000, 0x000000008e000000| Complete 
| 225|0x000000008e100000, 0x000000008e200000, 0x000000008e200000|100%| E|CS|TAMS 0x000000008e100000, 0x000000008e100000| Complete 
| 226|0x000000008e200000, 0x000000008e300000, 0x000000008e300000|100%| E|CS|TAMS 0x000000008e200000, 0x000000008e200000| Complete 
| 227|0x000000008e300000, 0x000000008e400000, 0x000000008e400000|100%| E|CS|TAMS 0x000000008e300000, 0x000000008e300000| Complete 
| 228|0x000000008e400000, 0x000000008e500000, 0x000000008e500000|100%| E|CS|TAMS 0x000000008e400000, 0x000000008e400000| Complete 
| 229|0x000000008e500000, 0x000000008e600000, 0x000000008e600000|100%| E|CS|TAMS 0x000000008e500000, 0x000000008e500000| Complete 
| 230|0x000000008e600000, 0x000000008e700000, 0x000000008e700000|100%| E|CS|TAMS 0x000000008e600000, 0x000000008e600000| Complete 

Card table byte_map: [0x000000001a5e0000,0x000000001a9e0000] _byte_map_base: 0x000000001a1e0000

Marking Bits (Prev, Next): (CMBitMap*) 0x0000000000453f68, (CMBitMap*) 0x0000000000453fa0
 Prev Bits: [0x000000001ade0000, 0x000000001cde0000)
 Next Bits: [0x000000001cde0000, 0x000000001ede0000)

Polling page: 0x0000000000330000

Metaspace:

Usage:
  Non-class:     41.10 MB capacity,    40.07 MB ( 97%) used,   943.67 KB (  2%) free+waste,   112.56 KB ( <1%) overhead. 
      Class:      4.54 MB capacity,     4.04 MB ( 89%) used,   459.53 KB ( 10%) free+waste,    47.25 KB (  1%) overhead. 
       Both:     45.64 MB capacity,    44.11 MB ( 97%) used,     1.37 MB (  3%) free+waste,   159.81 KB ( <1%) overhead. 

Virtual space:
  Non-class space:       42.00 MB reserved,      41.25 MB ( 98%) committed 
      Class space:        1.00 GB reserved,       4.63 MB ( <1%) committed 
             Both:        1.04 GB reserved,      45.88 MB (  4%) committed 

Chunk freelists:
   Non-Class:  3.00 KB
       Class:  3.50 KB
        Both:  6.50 KB

CodeHeap 'non-profiled nmethods': size=120064Kb used=8761Kb max_used=8766Kb free=111303Kb
 bounds [0x0000000012490000, 0x0000000012d50000, 0x00000000199d0000]
CodeHeap 'profiled nmethods': size=120000Kb used=26193Kb max_used=28111Kb free=93806Kb
 bounds [0x000000000af60000, 0x000000000caf0000, 0x0000000012490000]
CodeHeap 'non-nmethods': size=5696Kb used=1178Kb max_used=1232Kb free=4517Kb
 bounds [0x000000000a9d0000, 0x000000000ac40000, 0x000000000af60000]
 total_blobs=10236 nmethods=9704 adapters=443
 compilation: enabled
              stopped_count=0, restarted_count=0
 full_count=0

Compilation events (10 events):
Event: 85.040 Thread 0x000000006234b800 11777       3       org.eclipse.jdt.internal.compiler.lookup.BinaryTypeBinding::genericTypeSignature (28 bytes)
Event: 85.040 Thread 0x000000006234b800 nmethod 11777 0x000000000b3db890 code [0x000000000b3dba60, 0x000000000b3dbdb8]
Event: 85.064 Thread 0x000000006831b000 nmethod 11764 0x000000001295e490 code [0x000000001295e7a0, 0x000000001295fe10]
Event: 85.064 Thread 0x000000006831b000 11776       4       org.eclipse.jdt.internal.compiler.lookup.ReferenceBinding::canBeSeenBy (217 bytes)
Event: 85.065 Thread 0x000000006831b000 nmethod 11776 0x0000000012704510 code [0x00000000127046a0, 0x0000000012704718]
Event: 85.065 Thread 0x000000006831b000 11768       4       org.eclipse.jdt.internal.compiler.ast.ThisReference::resolveType (92 bytes)
Event: 85.095 Thread 0x000000006831b000 nmethod 11768 0x00000000128efe90 code [0x00000000128f00a0, 0x00000000128f07d8]
Event: 85.095 Thread 0x000000006831b000 11765       4       org.eclipse.jdt.internal.compiler.parser.Parser::initialize (391 bytes)
Event: 85.114 Thread 0x000000006831b000 nmethod 11765 0x0000000012909190 code [0x0000000012909340, 0x0000000012909ad8]
Event: 85.114 Thread 0x000000006831b000 11783   !   4       org.eclipse.jdt.internal.compiler.parser.Parser::parse (388 bytes)

GC Heap History (10 events):
Event: 66.569 GC heap after
{Heap after GC invocations=24 (full 0):
 garbage-first heap   total 196608K, used 52990K [0x0000000080000000, 0x0000000100000000)
  region size 1024K, 10 young (10240K), 10 survivors (10240K)
 Metaspace       used 41317K, capacity 42911K, committed 43264K, reserved 1087488K
  class space    used 3991K, capacity 4507K, committed 4608K, reserved 1048576K
}
Event: 70.505 GC heap before
{Heap before GC invocations=24 (full 0):
 garbage-first heap   total 196608K, used 153342K [0x0000000080000000, 0x0000000100000000)
  region size 1024K, 109 young (111616K), 10 survivors (10240K)
 Metaspace       used 43534K, capacity 45196K, committed 45440K, reserved 1089536K
  class space    used 4114K, capacity 4644K, committed 4736K, reserved 1048576K
}
Event: 70.570 GC heap after
{Heap after GC invocations=25 (full 0):
 garbage-first heap   total 196608K, used 76201K [0x0000000080000000, 0x0000000100000000)
  region size 1024K, 14 young (14336K), 14 survivors (14336K)
 Metaspace       used 43534K, capacity 45196K, committed 45440K, reserved 1089536K
  class space    used 4114K, capacity 4644K, committed 4736K, reserved 1048576K
}
Event: 73.359 GC heap before
{Heap before GC invocations=25 (full 0):
 garbage-first heap   total 196608K, used 148905K [0x0000000080000000, 0x0000000100000000)
  region size 1024K, 85 young (87040K), 14 survivors (14336K)
 Metaspace       used 44726K, capacity 46348K, committed 46464K, reserved 1091584K
  class space    used 4126K, capacity 4644K, committed 4736K, reserved 1048576K
}
Event: 73.435 GC heap after
{Heap after GC invocations=26 (full 0):
 garbage-first heap   total 196608K, used 81920K [0x0000000080000000, 0x0000000100000000)
  region size 1024K, 5 young (5120K), 5 survivors (5120K)
 Metaspace       used 44726K, capacity 46348K, committed 46464K, reserved 1091584K
  class space    used 4126K, capacity 4644K, committed 4736K, reserved 1048576K
}
Event: 79.380 GC heap before
{Heap before GC invocations=26 (full 0):
 garbage-first heap   total 196608K, used 152576K [0x0000000080000000, 0x0000000100000000)
  region size 1024K, 74 young (75776K), 5 survivors (5120K)
 Metaspace       used 45103K, capacity 46668K, committed 46976K, reserved 1091584K
  class space    used 4137K, capacity 4644K, committed 4736K, reserved 1048576K
}
Event: 79.401 GC heap after
{Heap after GC invocations=27 (full 0):
 garbage-first heap   total 236544K, used 83765K [0x0000000080000000, 0x0000000100000000)
  region size 1024K, 7 young (7168K), 7 survivors (7168K)
 Metaspace       used 45103K, capacity 46668K, committed 46976K, reserved 1091584K
  class space    used 4137K, capacity 4644K, committed 4736K, reserved 1048576K
}
Event: 81.761 GC heap before
{Heap before GC invocations=27 (full 0):
 garbage-first heap   total 236544K, used 170805K [0x0000000080000000, 0x0000000100000000)
  region size 1024K, 92 young (94208K), 7 survivors (7168K)
 Metaspace       used 45126K, capacity 46668K, committed 46976K, reserved 1091584K
  class space    used 4137K, capacity 4644K, committed 4736K, reserved 1048576K
}
Event: 81.805 GC heap after
{Heap after GC invocations=28 (full 0):
 garbage-first heap   total 236544K, used 85374K [0x0000000080000000, 0x0000000100000000)
  region size 1024K, 8 young (8192K), 8 survivors (8192K)
 Metaspace       used 45126K, capacity 46668K, committed 46976K, reserved 1091584K
  class space    used 4137K, capacity 4644K, committed 4736K, reserved 1048576K
}
Event: 85.142 GC heap before
{Heap before GC invocations=28 (full 0):
 garbage-first heap   total 236544K, used 176510K [0x0000000080000000, 0x0000000100000000)
  region size 1024K, 97 young (99328K), 8 survivors (8192K)
 Metaspace       used 45168K, capacity 46732K, committed 46976K, reserved 1091584K
  class space    used 4137K, capacity 4644K, committed 4736K, reserved 1048576K
}

Deoptimization events (10 events):
Event: 83.043 Thread 0x0000000000414000 Uncommon trap: reason=array_check action=maybe_recompile pc=0x00000000126c382c method=java.util.AbstractCollection.toArray([Ljava/lang/Object;)[Ljava/lang/Object; @ 116 c2
Event: 83.210 Thread 0x000000006bf68800 Uncommon trap: reason=array_check action=maybe_recompile pc=0x00000000128371b4 method=java.util.TimSort.reverseRange([Ljava/lang/Object;II)V @ 20 c2
Event: 83.226 Thread 0x000000006bf68800 Uncommon trap: reason=array_check action=maybe_recompile pc=0x00000000128371b4 method=java.util.TimSort.reverseRange([Ljava/lang/Object;II)V @ 20 c2
Event: 83.227 Thread 0x000000006bf68800 Uncommon trap: reason=array_check action=maybe_recompile pc=0x00000000128371b4 method=java.util.TimSort.reverseRange([Ljava/lang/Object;II)V @ 20 c2
Event: 84.952 Thread 0x000000006bf68800 Uncommon trap: reason=array_check action=maybe_recompile pc=0x00000000128371b4 method=java.util.TimSort.reverseRange([Ljava/lang/Object;II)V @ 20 c2
Event: 84.966 Thread 0x000000006bf68800 Uncommon trap: reason=unstable_if action=reinterpret pc=0x00000000126767ac method=org.eclipse.jdt.internal.compiler.lookup.TypeBinding.equalsEquals(Lorg/eclipse/jdt/internal/compiler/lookup/TypeBinding;Lorg/eclipse/jdt/internal/compiler/lookup/TypeBinding
Event: 84.966 Thread 0x000000006bf68800 Uncommon trap: reason=speculate_class_check action=maybe_recompile pc=0x000000001270597c method=org.eclipse.jdt.internal.compiler.lookup.TypeBinding.original()Lorg/eclipse/jdt/internal/compiler/lookup/TypeBinding; @ 1 c2
Event: 84.967 Thread 0x000000006bf68800 Uncommon trap: reason=unstable_if action=reinterpret pc=0x0000000012cb8b28 method=org.eclipse.jdt.internal.compiler.lookup.Scope.findField(Lorg/eclipse/jdt/internal/compiler/lookup/TypeBinding;[CLorg/eclipse/jdt/internal/compiler/lookup/InvocationSite;ZZ)
Event: 84.968 Thread 0x000000006bf68800 Uncommon trap: reason=speculate_class_check action=maybe_recompile pc=0x000000001270597c method=org.eclipse.jdt.internal.compiler.lookup.TypeBinding.original()Lorg/eclipse/jdt/internal/compiler/lookup/TypeBinding; @ 1 c2
Event: 85.014 Thread 0x000000006bf68800 Uncommon trap: reason=unstable_if action=reinterpret pc=0x000000001267ee0c method=org.eclipse.jdt.internal.compiler.parser.Scanner.internalScanIdentifierOrKeyword(II[C)I @ 1477 c2

Classes redefined (0 events):
No events

Internal exceptions (10 events):
Event: 70.040 Thread 0x0000000000414000 Exception <a 'java/security/PrivilegedActionException'{0x00000000868335e0}> (0x00000000868335e0) thrown at [./open/src/hotspot/share/prims/jvm.cpp, line 1305]
Event: 70.074 Thread 0x0000000000414000 Exception <a 'java/security/PrivilegedActionException'{0x000000008635b030}> (0x000000008635b030) thrown at [./open/src/hotspot/share/prims/jvm.cpp, line 1305]
Event: 70.074 Thread 0x0000000000414000 Exception <a 'java/security/PrivilegedActionException'{0x000000008635baf8}> (0x000000008635baf8) thrown at [./open/src/hotspot/share/prims/jvm.cpp, line 1305]
Event: 70.083 Thread 0x0000000000414000 Exception <a 'java/security/PrivilegedActionException'{0x00000000863a1fc0}> (0x00000000863a1fc0) thrown at [./open/src/hotspot/share/prims/jvm.cpp, line 1305]
Event: 70.083 Thread 0x0000000000414000 Exception <a 'java/security/PrivilegedActionException'{0x00000000863a2a88}> (0x00000000863a2a88) thrown at [./open/src/hotspot/share/prims/jvm.cpp, line 1305]
Event: 70.083 Thread 0x0000000000414000 Exception <a 'java/security/PrivilegedActionException'{0x00000000863a4878}> (0x00000000863a4878) thrown at [./open/src/hotspot/share/prims/jvm.cpp, line 1305]
Event: 70.083 Thread 0x0000000000414000 Exception <a 'java/security/PrivilegedActionException'{0x00000000863a5340}> (0x00000000863a5340) thrown at [./open/src/hotspot/share/prims/jvm.cpp, line 1305]
Event: 70.083 Thread 0x0000000000414000 Exception <a 'java/security/PrivilegedActionException'{0x00000000863a7158}> (0x00000000863a7158) thrown at [./open/src/hotspot/share/prims/jvm.cpp, line 1305]
Event: 70.083 Thread 0x0000000000414000 Exception <a 'java/security/PrivilegedActionException'{0x00000000863a7c20}> (0x00000000863a7c20) thrown at [./open/src/hotspot/share/prims/jvm.cpp, line 1305]
Event: 84.966 Thread 0x000000006bf68800 Implicit null exception at 0x0000000012676738 to 0x0000000012676798

Events (10 events):
Event: 84.968 Thread 0x000000006bf68800 DEOPT PACKING pc=0x000000001270597c sp=0x000000006bc1e840
Event: 84.968 Thread 0x000000006bf68800 DEOPT UNPACKING pc=0x000000000a9f642f sp=0x000000006bc1e790 mode 2
Event: 84.997 Thread 0x000000006bf68800 DEOPT PACKING pc=0x000000000ba13f41 sp=0x000000006bc1ec80
Event: 84.997 Thread 0x000000006bf68800 DEOPT UNPACKING pc=0x000000000a9f6bde sp=0x000000006bc1e1a0 mode 0
Event: 85.014 Thread 0x000000006bf68800 Uncommon trap: trap_request=0xffffff4d fr.pc=0x000000001267ee0c relative=0x000000000000184c
Event: 85.014 Thread 0x000000006bf68800 DEOPT PACKING pc=0x000000001267ee0c sp=0x000000006bc1eb90
Event: 85.014 Thread 0x000000006bf68800 DEOPT UNPACKING pc=0x000000000a9f642f sp=0x000000006bc1eb18 mode 2
Event: 85.124 Thread 0x000000006bf68800 DEOPT PACKING pc=0x000000000ba13990 sp=0x000000006bc1ec80
Event: 85.124 Thread 0x000000006bf68800 DEOPT UNPACKING pc=0x000000000a9f6bde sp=0x000000006bc1e1a8 mode 0
Event: 85.142 Executing VM operation: G1CollectForAllocation


Dynamic libraries:
0x000000013f370000 - 0x000000013f37f000 	C:\Program Files\Java\jdk-11.0.11\bin\java.exe
0x0000000077370000 - 0x000000007750f000 	C:\Windows\SYSTEM32\ntdll.dll
0x0000000077250000 - 0x000000007736f000 	C:\Windows\system32\kernel32.dll
0x000007fefd1c0000 - 0x000007fefd227000 	C:\Windows\system32\KERNELBASE.dll
0x000007fefb800000 - 0x000007fefb818000 	C:\Program Files\Java\jdk-11.0.11\bin\jli.dll
0x000007fefec10000 - 0x000007fefeceb000 	C:\Windows\system32\ADVAPI32.dll
0x000007feff090000 - 0x000007feff12f000 	C:\Windows\system32\msvcrt.dll
0x000007fefd250000 - 0x000007fefd26f000 	C:\Windows\SYSTEM32\sechost.dll
0x000007fefdab0000 - 0x000007fefdbdc000 	C:\Windows\system32\RPCRT4.dll
0x000007fefbfa0000 - 0x000007fefc195000 	C:\Windows\WinSxS\amd64_microsoft.windows.common-controls_6595b64144ccf1df_6.0.7601.24483_none_e372d88f30fbb845\COMCTL32.dll
0x000007fefdd00000 - 0x000007fefdd67000 	C:\Windows\system32\GDI32.dll
0x0000000077150000 - 0x000000007724b000 	C:\Windows\system32\USER32.dll
0x000007fefdbe0000 - 0x000007fefdbee000 	C:\Windows\system32\LPK.dll
0x000007feff130000 - 0x000007feff1fb000 	C:\Windows\system32\USP10.dll
0x000007feff380000 - 0x000007feff3f1000 	C:\Windows\system32\SHLWAPI.dll
0x000007fefbc60000 - 0x000007fefbc6c000 	C:\Windows\system32\VERSION.dll
0x000007fefa8a0000 - 0x000007fefa8b5000 	C:\Program Files\Java\jdk-11.0.11\bin\VCRUNTIME140.dll
0x000007fefa890000 - 0x000007fefa894000 	C:\Program Files\Java\jdk-11.0.11\bin\api-ms-win-crt-runtime-l1-1-0.dll
0x000007fee7380000 - 0x000007fee747a000 	C:\Program Files\Java\jdk-11.0.11\bin\ucrtbase.DLL
0x000007fefa880000 - 0x000007fefa883000 	C:\Program Files\Java\jdk-11.0.11\bin\api-ms-win-core-localization-l1-2-0.dll
0x000007fefa870000 - 0x000007fefa873000 	C:\Program Files\Java\jdk-11.0.11\bin\api-ms-win-core-processthreads-l1-1-1.dll
0x000007fefa860000 - 0x000007fefa863000 	C:\Program Files\Java\jdk-11.0.11\bin\api-ms-win-core-file-l1-2-0.dll
0x000007fefa850000 - 0x000007fefa853000 	C:\Program Files\Java\jdk-11.0.11\bin\api-ms-win-core-timezone-l1-1-0.dll
0x000007fefa840000 - 0x000007fefa843000 	C:\Program Files\Java\jdk-11.0.11\bin\api-ms-win-core-file-l2-1-0.dll
0x000007fef4a00000 - 0x000007fef4a03000 	C:\Program Files\Java\jdk-11.0.11\bin\api-ms-win-core-synch-l1-2-0.dll
0x000007fef49f0000 - 0x000007fef49f3000 	C:\Program Files\Java\jdk-11.0.11\bin\api-ms-win-crt-heap-l1-1-0.dll
0x000007fef49e0000 - 0x000007fef49e4000 	C:\Program Files\Java\jdk-11.0.11\bin\api-ms-win-crt-string-l1-1-0.dll
0x000007fef46c0000 - 0x000007fef46c4000 	C:\Program Files\Java\jdk-11.0.11\bin\api-ms-win-crt-stdio-l1-1-0.dll
0x000007fef46b0000 - 0x000007fef46b4000 	C:\Program Files\Java\jdk-11.0.11\bin\api-ms-win-crt-convert-l1-1-0.dll
0x000007fef46a0000 - 0x000007fef46a3000 	C:\Program Files\Java\jdk-11.0.11\bin\api-ms-win-crt-environment-l1-1-0.dll
0x000007fef4690000 - 0x000007fef4693000 	C:\Program Files\Java\jdk-11.0.11\bin\api-ms-win-crt-filesystem-l1-1-0.dll
0x000007fef4680000 - 0x000007fef4685000 	C:\Program Files\Java\jdk-11.0.11\bin\api-ms-win-crt-math-l1-1-0.dll
0x000007feefdf0000 - 0x000007feefdf3000 	C:\Program Files\Java\jdk-11.0.11\bin\api-ms-win-crt-locale-l1-1-0.dll
0x000007feff400000 - 0x000007feff42e000 	C:\Windows\system32\IMM32.DLL
0x000007fefdd70000 - 0x000007fefde7b000 	C:\Windows\system32\MSCTF.dll
0x000007fee74e0000 - 0x000007fee757b000 	C:\Program Files\Java\jdk-11.0.11\bin\msvcp140.dll
0x000007feefde0000 - 0x000007feefde3000 	C:\Program Files\Java\jdk-11.0.11\bin\api-ms-win-crt-time-l1-1-0.dll
0x000007feefdd0000 - 0x000007feefdd3000 	C:\Program Files\Java\jdk-11.0.11\bin\api-ms-win-crt-utility-l1-1-0.dll
0x000007fed7d20000 - 0x000007fed881e000 	C:\Program Files\Java\jdk-11.0.11\bin\server\jvm.dll
0x000007fefc210000 - 0x000007fefc219000 	C:\Windows\system32\WSOCK32.dll
0x000007feff040000 - 0x000007feff08d000 	C:\Windows\system32\WS2_32.dll
0x000007fefdc90000 - 0x000007fefdc98000 	C:\Windows\system32\NSI.dll
0x000007feface0000 - 0x000007fefad1b000 	C:\Windows\system32\WINMM.dll
0x0000000077520000 - 0x0000000077527000 	C:\Windows\system32\PSAPI.DLL
0x000007feefdc0000 - 0x000007feefdd0000 	C:\Program Files\Java\jdk-11.0.11\bin\verify.dll
0x000007fef7570000 - 0x000007fef7695000 	C:\Windows\system32\DBGHELP.DLL
0x000007feea9b0000 - 0x000007feea9d8000 	C:\Program Files\Java\jdk-11.0.11\bin\java.dll
0x000007feee570000 - 0x000007feee57a000 	C:\Program Files\Java\jdk-11.0.11\bin\jimage.dll
0x000007feeb410000 - 0x000007feeb426000 	C:\Program Files\Java\jdk-11.0.11\bin\zip.dll
0x000007fefde80000 - 0x000007fefec0b000 	C:\Windows\system32\SHELL32.dll
0x000007fefd8b0000 - 0x000007fefdaaf000 	C:\Windows\system32\ole32.dll
0x000007fefcea0000 - 0x000007fefceaf000 	C:\Windows\system32\profapi.dll
0x000007feea700000 - 0x000007feea719000 	C:\Program Files\Java\jdk-11.0.11\bin\net.dll
0x000007fef87e0000 - 0x000007fef8851000 	C:\Windows\system32\WINHTTP.dll
0x000007fef8770000 - 0x000007fef87d5000 	C:\Windows\system32\webio.dll
0x000007fefc590000 - 0x000007fefc5e5000 	C:\Windows\system32\mswsock.dll
0x000007fefc7e0000 - 0x000007fefc7e7000 	C:\Windows\System32\wship6.dll
0x000007fee9130000 - 0x000007fee9142000 	C:\Program Files\Java\jdk-11.0.11\bin\nio.dll

dbghelp: loaded successfully - version: 4.0.5 - missing functions: none
symbol engine: initialized successfully - sym options: 0x614 - pdb path: .;C:\Program Files\Java\jdk-11.0.11\bin;C:\Windows\SYSTEM32;C:\Windows\WinSxS\amd64_microsoft.windows.common-controls_6595b64144ccf1df_6.0.7601.24483_none_e372d88f30fbb845;C:\Program Files\Java\jdk-11.0.11\bin\server

VM Arguments:
jvm_args: -Xmx2g -Dfile.encoding=UTF-8 -Dant.home=D:\habrisBatch2021\hybris\bin\platform\apache-ant 
java_command: org.apache.tools.ant.launch.Launcher clean all
java_class_path (initial): D:\habrisBatch2021\hybris\bin\platform\apache-ant\lib\ant-launcher.jar
Launcher Type: SUN_STANDARD

[Global flags]
     intx CICompilerCount                          = 3                                         {product} {ergonomic}
     uint ConcGCThreads                            = 1                                         {product} {ergonomic}
     uint G1ConcRefinementThreads                  = 4                                         {product} {ergonomic}
   size_t G1HeapRegionSize                         = 1048576                                   {product} {ergonomic}
    uintx GCDrainStackTargetSize                   = 64                                        {product} {ergonomic}
   size_t InitialHeapSize                          = 167772160                                 {product} {ergonomic}
   size_t MarkStackSize                            = 4194304                                   {product} {ergonomic}
   size_t MaxHeapSize                              = 2147483648                                {product} {command line}
   size_t MaxNewSize                               = 1287651328                                {product} {ergonomic}
   size_t MinHeapDeltaBytes                        = 1048576                                   {product} {ergonomic}
    uintx NonNMethodCodeHeapSize                   = 5830732                                {pd product} {ergonomic}
    uintx NonProfiledCodeHeapSize                  = 122913754                              {pd product} {ergonomic}
    uintx ProfiledCodeHeapSize                     = 122913754                              {pd product} {ergonomic}
    uintx ReservedCodeCacheSize                    = 251658240                              {pd product} {ergonomic}
     bool SegmentedCodeCache                       = true                                      {product} {ergonomic}
     bool UseCompressedClassPointers               = true                                 {lp64_product} {ergonomic}
     bool UseCompressedOops                        = true                                 {lp64_product} {ergonomic}
     bool UseG1GC                                  = true                                      {product} {ergonomic}
     bool UseLargePagesIndividualAllocation        = false                                  {pd product} {ergonomic}

Logging:
Log output configuration:
 #0: stdout all=warning uptime,level,tags
 #1: stderr all=off uptime,level,tags

Environment Variables:
JAVA_HOME=C:\Program Files\Java\jdk-11.0.11
PATH=D:\habrisBatch2021\hybris\bin\platform\apache-ant\bin;C:\Program Files\Common Files\Oracle\Java\javapath;C:\Program Files\nodejs\;C:\Program Files\Git\cmd;C:\Users\razhaka\AppData\Roaming\npm;C:\Users\razhaka\AppData\Local\Programs\Microsoft VS Code\bin;C:\Program Files\Java\jdk1.8.0_201\bin;C:\Users\razhaka\AppData\Local\Programs\Microsoft VS Code
USERNAME=razhaka
OS=Windows_NT
PROCESSOR_IDENTIFIER=Intel64 Family 6 Model 42 Stepping 7, GenuineIntel



---------------  S Y S T E M  ---------------

OS: Windows 7 , 64 bit Build 7601 (6.1.7601.24545)

CPU:total 4 (initial active 4) (2 cores per cpu, 2 threads per core) family 6 model 42 stepping 7 microcode 0x0, cmov, cx8, fxsr, mmx, sse, sse2, sse3, ssse3, sse4.1, sse4.2, popcnt, avx, clmul, ht, tsc, tscinvbit

Memory: 4k page, system-wide physical 10187M (3486M free)
TotalPageFile size 20373M (AvailPageFile size 12882M)
current process WorkingSet (physical memory assigned to process): 461M, peak: 462M
current process commit charge ("private bytes"): 508M, peak: 510M

vm_info: Java HotSpot(TM) 64-Bit Server VM (11.0.11+9-LTS-194) for windows-amd64 JRE (11.0.11+9-LTS-194), built on Mar 18 2021 18:46:53 by "mach5one" with MS VC++ 15.9 (VS2017)

END.
