#
# A fatal error has been detected by the Java Runtime Environment:
#
#  EXCEPTION_ACCESS_VIOLATION (0xc0000005) at pc=0x000007fee1000d5d, pid=10852, tid=10864
#
# JRE version: Java(TM) SE Runtime Environment 18.9 (11.0.11+9) (build 11.0.11+9-LTS-194)
# Java VM: Java HotSpot(TM) 64-Bit Server VM 18.9 (11.0.11+9-LTS-194, mixed mode, tiered, compressed oops, g1 gc, windows-amd64)
# Problematic frame:
# V  [jvm.dll+0x2d0d5d]
#
# No core dump will be written. Minidumps are not enabled by default on client versions of Windows
#
# If you would like to submit a bug report, please visit:
#   https://bugreport.java.com/bugreport/crash.jsp
#

---------------  S U M M A R Y ------------

Command Line: -Xmx2g -Dfile.encoding=UTF-8 -Dant.home=D:\habrisBatch2021\hybris\bin\platform\apache-ant org.apache.tools.ant.launch.Launcher clean all

Host: Intel(R) Core(TM) i3-2330M CPU @ 2.20GHz, 4 cores, 9G,  Windows 7 , 64 bit Build 7601 (6.1.7601.24545)
Time: Thu Jun 17 15:13:50 2021 India Standard Time elapsed time: 51.304436 seconds (0d 0h 0m 51s)

---------------  T H R E A D  ---------------

Current thread (0x00000000001f9000):  GCTaskThread "GC Thread#0" [stack: 0x0000000019c20000,0x0000000019d20000] [id=10864]

Stack: [0x0000000019c20000,0x0000000019d20000],  sp=0x0000000019d1f3f0,  free space=1020k
Native frames: (J=compiled Java code, j=interpreted, Vv=VM code, C=native code)
V  [jvm.dll+0x2d0d5d]
V  [jvm.dll+0x2f85af]
V  [jvm.dll+0x2f94f9]
V  [jvm.dll+0x2f79e3]
V  [jvm.dll+0x305c2e]
V  [jvm.dll+0x30463e]
V  [jvm.dll+0x2abfd0]
V  [jvm.dll+0x2abef1]
V  [jvm.dll+0x2d6f65]
V  [jvm.dll+0x304cd6]
V  [jvm.dll+0x2d94e9]
V  [jvm.dll+0x77a9d0]
V  [jvm.dll+0x70dfc4]
V  [jvm.dll+0x6160f6]
C  [ucrtbase.DLL+0x1d912]
C  [kernel32.dll+0x1556d]
C  [ntdll.dll+0x5372d]


siginfo: EXCEPTION_ACCESS_VIOLATION (0xc0000005), reading address 0x00000000000000f8


Register to memory mapping:

RIP=0x000007fee1000d5d jvm.dll
RAX=0x000000000020c400 points into unknown readable memory: 00 00 00 00 00 00 00 00
RBX=0x000000006ad26160 points into unknown readable memory: 48 4c 58 e1 fe 07 00 00
RCX=0x0000000000000014 is an unknown value
RDX=0x0 is NULL
RSP=0x0000000019d1f3f0 points into unknown readable memory: d0 fc 1d 00 00 00 00 00
RBP=0x000000006ad262d0 points into unknown readable memory: 00 4c 58 e1 fe 07 00 00
RSI=0x0000000021bc5420 is pointing into metadata
RDI=0x000000008397ee2c is pointing into object: org.eclipse.jdt.internal.compiler.lookup.MethodBinding 
{0x000000008397ee10} - klass: 'org/eclipse/jdt/internal/compiler/lookup/MethodBinding'
R8 =0x000000008397ee38 is pointing into object: org.eclipse.jdt.internal.compiler.lookup.MethodBinding 
{0x000000008397ee10} - klass: 'org/eclipse/jdt/internal/compiler/lookup/MethodBinding'
R9 =0x0 is NULL
R10=0x000000008397ee38 is pointing into object: org.eclipse.jdt.internal.compiler.lookup.MethodBinding 
{0x000000008397ee10} - klass: 'org/eclipse/jdt/internal/compiler/lookup/MethodBinding'
R11=0x000000006ad262d0 points into unknown readable memory: 00 4c 58 e1 fe 07 00 00
R12=0x0 is NULL
R13=0x0000000000000009 is an unknown value
R14=0x0000000021bc5420 is pointing into metadata
R15=0x000000008397ee10 is an oop: org.eclipse.jdt.internal.compiler.lookup.MethodBinding 
{0x000000008397ee10} - klass: 'org/eclipse/jdt/internal/compiler/lookup/MethodBinding'


Registers:
RAX=0x000000000020c400, RBX=0x000000006ad26160, RCX=0x0000000000000014, RDX=0x0000000000000000
RSP=0x0000000019d1f3f0, RBP=0x000000006ad262d0, RSI=0x0000000021bc5420, RDI=0x000000008397ee2c
R8 =0x000000008397ee38, R9 =0x0000000000000000, R10=0x000000008397ee38, R11=0x000000006ad262d0
R12=0x0000000000000000, R13=0x0000000000000009, R14=0x0000000021bc5420, R15=0x000000008397ee10
RIP=0x000007fee1000d5d, EFLAGS=0x0000000000010246

Top of Stack: (sp=0x0000000019d1f3f0)
0x0000000019d1f3f0:   00000000001dfcd0 000000008397ee41
0x0000000019d1f400:   0000000000000000 000000008397ee09
0x0000000019d1f410:   000000008397ee38 000007fee10285af
0x0000000019d1f420:   000000008397ee40 000007fee1029772
0x0000000019d1f430:   000000008397ee08 00000000001f9000
0x0000000019d1f440:   0000000000000005 0000000089343dd8
0x0000000019d1f450:   0000000000000001 000007fee10294f9
0x0000000019d1f460:   0000000000000002 000000006ad26160
0x0000000019d1f470:   000000008397ee10 000007fee0fffa7e
0x0000000019d1f480:   00000000001b9ef0 0000000019d1f748
0x0000000019d1f490:   0000003600000000 0000000000000040
0x0000000019d1f4a0:   000000006ad26160 0000000000000040
0x0000000019d1f4b0:   00000000001b9ef0 0000000019d1f748
0x0000000019d1f4c0:   0000000000000000 00000000001b9e70
0x0000000019d1f4d0:   0000000000000100 000007fee10279e3
0x0000000019d1f4e0:   00000000001b9e70 00000000001b9e00 

Instructions: (pc=0x000007fee1000d5d)
0x000007fee1000d3d:   8b d9 d1 e8 a8 01 75 6b 48 8b 41 08 8b 88 c0 02
0x000007fee1000d4d:   00 00 48 8b 80 b0 02 00 00 49 d3 e9 4a 8b 14 c8
0x000007fee1000d5d:   48 8b 82 f8 00 00 00 83 b8 18 01 00 00 00 74 43
0x000007fee1000d6d:   48 8b 4b 50 48 89 7c 24 30 49 c1 e8 09 48 8b 79 


Stack slot to memory mapping:
stack at sp + 0 slots: 0x00000000001dfcd0 points into unknown readable memory: 00 00 00 00 00 00 00 00
stack at sp + 1 slots: 0x000000008397ee41 is pointing into object: org.eclipse.jdt.internal.compiler.lookup.MethodBinding 
{0x000000008397ee10} - klass: 'org/eclipse/jdt/internal/compiler/lookup/MethodBinding'
stack at sp + 2 slots: 0x0 is NULL
stack at sp + 3 slots: 0x000000008397ee09 is pointing into object: [Lorg.eclipse.jdt.internal.compiler.lookup.TypeBinding; 
{0x000000008397edf8} - klass: 'org/eclipse/jdt/internal/compiler/lookup/TypeBinding'[]
 - length: 1
stack at sp + 4 slots: 0x000000008397ee38 is pointing into object: org.eclipse.jdt.internal.compiler.lookup.MethodBinding 
{0x000000008397ee10} - klass: 'org/eclipse/jdt/internal/compiler/lookup/MethodBinding'
stack at sp + 5 slots: 0x000007fee10285af jvm.dll
stack at sp + 6 slots: 0x000000008397ee40 is pointing into object: org.eclipse.jdt.internal.compiler.lookup.MethodBinding 
{0x000000008397ee10} - klass: 'org/eclipse/jdt/internal/compiler/lookup/MethodBinding'
stack at sp + 7 slots: 0x000007fee1029772 jvm.dll


---------------  P R O C E S S  ---------------

Threads class SMR info:
_java_thread_list=0x0000000065368290, length=12, elements={
0x00000000001e4000, 0x00000000620f8000, 0x0000000062102000, 0x0000000062116000,
0x0000000062119800, 0x000000006211c000, 0x0000000062162000, 0x0000000062190000,
0x0000000062d86800, 0x0000000062d8f800, 0x00000000637e9000, 0x0000000068326000
}

Java Threads: ( => current thread )
  0x00000000001e4000 JavaThread "main" [_thread_blocked, id=10860, stack(0x0000000001ed0000,0x0000000001fd0000)]
  0x00000000620f8000 JavaThread "Reference Handler" daemon [_thread_blocked, id=10888, stack(0x0000000062230000,0x0000000062330000)]
  0x0000000062102000 JavaThread "Finalizer" daemon [_thread_blocked, id=10892, stack(0x0000000062590000,0x0000000062690000)]
  0x0000000062116000 JavaThread "Signal Dispatcher" daemon [_thread_blocked, id=10896, stack(0x00000000627e0000,0x00000000628e0000)]
  0x0000000062119800 JavaThread "Attach Listener" daemon [_thread_blocked, id=10900, stack(0x00000000629d0000,0x0000000062ad0000)]
  0x000000006211c000 JavaThread "C2 CompilerThread0" daemon [_thread_in_native, id=10904, stack(0x0000000062b80000,0x0000000062c80000)]
  0x0000000062162000 JavaThread "C1 CompilerThread0" daemon [_thread_blocked, id=10908, stack(0x00000000626b0000,0x00000000627b0000)]
  0x0000000062190000 JavaThread "Sweeper thread" daemon [_thread_blocked, id=10912, stack(0x0000000062490000,0x0000000062590000)]
  0x0000000062d86800 JavaThread "Service Thread" daemon [_thread_blocked, id=10916, stack(0x00000000630d0000,0x00000000631d0000)]
  0x0000000062d8f800 JavaThread "Common-Cleaner" daemon [_thread_blocked, id=10924, stack(0x0000000063430000,0x0000000063530000)]
  0x00000000637e9000 JavaThread "C2 CompilerThread1" daemon [_thread_blocked, id=11256, stack(0x0000000069670000,0x0000000069770000)]
  0x0000000068326000 JavaThread "Compiler Processing Task" daemon [_thread_blocked, id=8668, stack(0x0000000075a20000,0x0000000075b20000)]

Other Threads:
  0x00000000620f4800 VMThread "VM Thread" [stack: 0x0000000062330000,0x0000000062430000] [id=10884]
  0x0000000062d8e800 WatcherThread [stack: 0x00000000632d0000,0x00000000633d0000] [id=10920]
=>0x00000000001f9000 GCTaskThread "GC Thread#0" [stack: 0x0000000019c20000,0x0000000019d20000] [id=10864]
  0x0000000063ac0000 GCTaskThread "GC Thread#1" [stack: 0x00000000642b0000,0x00000000643b0000] [id=10932]
  0x0000000063ac1000 GCTaskThread "GC Thread#2" [stack: 0x00000000641b0000,0x00000000642b0000] [id=10936]
  0x0000000066cef000 GCTaskThread "GC Thread#3" [stack: 0x0000000065820000,0x0000000065920000] [id=10948]
  0x000000000022d000 ConcurrentGCThread "G1 Main Marker" [stack: 0x000000001ed50000,0x000000001ee50000] [id=10868]
  0x0000000000230000 ConcurrentGCThread "G1 Conc#0" [stack: 0x000000001efa0000,0x000000001f0a0000] [id=10872]
  0x000000001ecb5800 ConcurrentGCThread "G1 Refine#0" [stack: 0x0000000021450000,0x0000000021550000] [id=10876]
  0x000000001ecb8000 ConcurrentGCThread "G1 Young RemSet Sampling" [stack: 0x00000000216c0000,0x00000000217c0000] [id=10880]

Threads with active compile tasks:
C2 CompilerThread0  51399 10364   !   4       org.eclipse.jdt.internal.compiler.lookup.SourceTypeBinding::resolveTypesWithSuspendedTempErrorHandlingPolicy (1756 bytes)
C1 CompilerThread0  51399 10613       2       org.eclipse.jdt.internal.compiler.lookup.BlockScope::computeLocalVariablePositions (492 bytes)
C2 CompilerThread1  51399 10622       4       org.eclipse.jdt.internal.compiler.codegen.ConstantPool::literalIndex (392 bytes)

VM state:at safepoint (normal execution)

VM Mutex/Monitor currently owned by a thread:  ([mutex/lock_event])
[0x00000000001e1380] Threads_lock - owner thread: 0x00000000620f4800
[0x00000000001e1b60] Heap_lock - owner thread: 0x0000000068326000

Heap address: 0x0000000080000000, size: 2048 MB, Compressed Oops mode: 32-bit
Narrow klass base: 0x0000000000000000, Narrow klass shift: 0
Compressed class space size: 1073741824 Address: 0x00000000217c0000

Heap:
 garbage-first heap   total 196608K, used 156478K [0x0000000080000000, 0x0000000100000000)
  region size 1024K, 108 young (110592K), 14 survivors (14336K)
 Metaspace       used 43960K, capacity 45548K, committed 45692K, reserved 1089536K
  class space    used 4123K, capacity 4612K, committed 4732K, reserved 1048576K
Heap Regions: E=young(eden), S=young(survivor), O=old, HS=humongous(starts), HC=humongous(continues), CS=collection set, F=free, A=archive, TAMS=top-at-mark-start (previous, next)
|   0|0x0000000080000000, 0x0000000080100000, 0x0000000080100000|100%| O|  |TAMS 0x0000000080100000, 0x0000000080000000| Untracked 
|   1|0x0000000080100000, 0x0000000080200000, 0x0000000080200000|100%| O|  |TAMS 0x0000000080200000, 0x0000000080100000| Untracked 
|   2|0x0000000080200000, 0x0000000080300000, 0x0000000080300000|100%| O|  |TAMS 0x0000000080300000, 0x0000000080200000| Untracked 
|   3|0x0000000080300000, 0x0000000080400000, 0x0000000080400000|100%|HS|  |TAMS 0x0000000080400000, 0x0000000080300000| Complete 
|   4|0x0000000080400000, 0x0000000080500000, 0x0000000080500000|100%|HS|  |TAMS 0x0000000080500000, 0x0000000080400000| Complete 
|   5|0x0000000080500000, 0x0000000080600000, 0x0000000080600000|100%|HC|  |TAMS 0x0000000080600000, 0x0000000080500000| Complete 
|   6|0x0000000080600000, 0x0000000080700000, 0x0000000080700000|100%| O|  |TAMS 0x0000000080700000, 0x0000000080600000| Untracked 
|   7|0x0000000080700000, 0x0000000080800000, 0x0000000080800000|100%| O|  |TAMS 0x0000000080800000, 0x0000000080700000| Untracked 
|   8|0x0000000080800000, 0x0000000080900000, 0x0000000080900000|100%| O|  |TAMS 0x0000000080900000, 0x0000000080800000| Untracked 
|   9|0x0000000080900000, 0x0000000080a00000, 0x0000000080a00000|100%| O|  |TAMS 0x0000000080a00000, 0x0000000080900000| Untracked 
|  10|0x0000000080a00000, 0x0000000080b00000, 0x0000000080b00000|100%| O|  |TAMS 0x0000000080b00000, 0x0000000080a00000| Untracked 
|  11|0x0000000080b00000, 0x0000000080c00000, 0x0000000080c00000|100%| O|  |TAMS 0x0000000080c00000, 0x0000000080b00000| Untracked 
|  12|0x0000000080c00000, 0x0000000080d00000, 0x0000000080d00000|100%| O|  |TAMS 0x0000000080d00000, 0x0000000080c00000| Untracked 
|  13|0x0000000080d00000, 0x0000000080e00000, 0x0000000080e00000|100%| O|  |TAMS 0x0000000080e00000, 0x0000000080d00000| Untracked 
|  14|0x0000000080e00000, 0x0000000080f00000, 0x0000000080f00000|100%| O|  |TAMS 0x0000000080f00000, 0x0000000080e00000| Untracked 
|  15|0x0000000080f00000, 0x0000000081000000, 0x0000000081000000|100%| O|  |TAMS 0x0000000081000000, 0x0000000080f00000| Untracked 
|  16|0x0000000081000000, 0x0000000081100000, 0x0000000081100000|100%| O|  |TAMS 0x0000000081100000, 0x0000000081000000| Untracked 
|  17|0x0000000081100000, 0x0000000081200000, 0x0000000081200000|100%| O|  |TAMS 0x0000000081200000, 0x0000000081100000| Untracked 
|  18|0x0000000081200000, 0x0000000081300000, 0x0000000081300000|100%| O|  |TAMS 0x0000000081300000, 0x0000000081200000| Untracked 
|  19|0x0000000081300000, 0x0000000081400000, 0x0000000081400000|100%| O|  |TAMS 0x0000000081400000, 0x0000000081300000| Untracked 
|  20|0x0000000081400000, 0x0000000081500000, 0x0000000081500000|100%| O|  |TAMS 0x0000000081500000, 0x0000000081400000| Untracked 
|  21|0x0000000081500000, 0x0000000081600000, 0x0000000081600000|100%| O|  |TAMS 0x0000000081600000, 0x0000000081500000| Untracked 
|  22|0x0000000081600000, 0x0000000081700000, 0x0000000081700000|100%| O|  |TAMS 0x0000000081700000, 0x0000000081600000| Untracked 
|  23|0x0000000081700000, 0x0000000081800000, 0x0000000081800000|100%| O|  |TAMS 0x0000000081800000, 0x0000000081700000| Untracked 
|  24|0x0000000081800000, 0x0000000081900000, 0x0000000081900000|100%| O|  |TAMS 0x0000000081900000, 0x0000000081800000| Untracked 
|  25|0x0000000081900000, 0x0000000081a00000, 0x0000000081a00000|100%| O|  |TAMS 0x0000000081a00000, 0x0000000081900000| Untracked 
|  26|0x0000000081a00000, 0x0000000081b00000, 0x0000000081b00000|100%| O|  |TAMS 0x0000000081b00000, 0x0000000081a00000| Untracked 
|  27|0x0000000081b00000, 0x0000000081c00000, 0x0000000081c00000|100%| O|  |TAMS 0x0000000081c00000, 0x0000000081b00000| Untracked 
|  28|0x0000000081c00000, 0x0000000081d00000, 0x0000000081d00000|100%| O|  |TAMS 0x0000000081d00000, 0x0000000081c00000| Untracked 
|  29|0x0000000081d00000, 0x0000000081e00000, 0x0000000081e00000|100%| O|  |TAMS 0x0000000081e00000, 0x0000000081d00000| Untracked 
|  30|0x0000000081e00000, 0x0000000081f00000, 0x0000000081f00000|100%| O|  |TAMS 0x0000000081f00000, 0x0000000081e00000| Untracked 
|  31|0x0000000081f00000, 0x0000000082000000, 0x0000000082000000|100%| O|  |TAMS 0x0000000082000000, 0x0000000081f00000| Untracked 
|  32|0x0000000082000000, 0x0000000082100000, 0x0000000082100000|100%| O|  |TAMS 0x0000000082100000, 0x0000000082000000| Untracked 
|  33|0x0000000082100000, 0x0000000082200000, 0x0000000082200000|100%| O|  |TAMS 0x0000000082104400, 0x0000000082100000| Untracked 
|  34|0x0000000082200000, 0x0000000082300000, 0x0000000082300000|100%|HS|  |TAMS 0x0000000082200000, 0x0000000082200000| Complete 
|  35|0x0000000082300000, 0x0000000082400000, 0x0000000082400000|100%| O|  |TAMS 0x0000000082300000, 0x0000000082300000| Untracked 
|  36|0x0000000082400000, 0x0000000082500000, 0x0000000082500000|100%| O|  |TAMS 0x0000000082400000, 0x0000000082400000| Untracked 
|  37|0x0000000082500000, 0x0000000082600000, 0x0000000082600000|100%| O|  |TAMS 0x0000000082500000, 0x0000000082500000| Untracked 
|  38|0x0000000082600000, 0x0000000082700000, 0x0000000082700000|100%| O|  |TAMS 0x0000000082600000, 0x0000000082600000| Untracked 
|  39|0x0000000082700000, 0x0000000082800000, 0x0000000082800000|100%| O|  |TAMS 0x0000000082700000, 0x0000000082700000| Untracked 
|  40|0x0000000082800000, 0x0000000082900000, 0x0000000082900000|100%| O|  |TAMS 0x0000000082800000, 0x0000000082800000| Untracked 
|  41|0x0000000082900000, 0x0000000082a00000, 0x0000000082a00000|100%| O|  |TAMS 0x0000000082900000, 0x0000000082900000| Untracked 
|  42|0x0000000082a00000, 0x0000000082b00000, 0x0000000082b00000|100%| O|  |TAMS 0x0000000082a00000, 0x0000000082a00000| Untracked 
|  43|0x0000000082b00000, 0x0000000082c00000, 0x0000000082c00000|100%| O|  |TAMS 0x0000000082b00000, 0x0000000082b00000| Untracked 
|  44|0x0000000082c00000, 0x0000000082d00000, 0x0000000082d00000|100%| O|  |TAMS 0x0000000082c00000, 0x0000000082c00000| Untracked 
|  45|0x0000000082d00000, 0x0000000082e00000, 0x0000000082e00000|100%| O|  |TAMS 0x0000000082d00000, 0x0000000082d00000| Untracked 
|  46|0x0000000082e00000, 0x0000000082f00000, 0x0000000082f00000|100%| O|  |TAMS 0x0000000082e00000, 0x0000000082e00000| Untracked 
|  47|0x0000000082f00000, 0x0000000083000000, 0x0000000083000000|100%| O|  |TAMS 0x0000000082f00000, 0x0000000082f00000| Untracked 
|  48|0x0000000083000000, 0x0000000083100000, 0x0000000083100000|100%| O|  |TAMS 0x0000000083000000, 0x0000000083000000| Untracked 
|  49|0x0000000083100000, 0x0000000083200000, 0x0000000083200000|100%| O|  |TAMS 0x0000000083100000, 0x0000000083100000| Untracked 
|  50|0x0000000083200000, 0x0000000083300000, 0x0000000083300000|100%| O|  |TAMS 0x0000000083200000, 0x0000000083200000| Untracked 
|  51|0x0000000083300000, 0x0000000083400000, 0x0000000083400000|100%| O|  |TAMS 0x0000000083300000, 0x0000000083300000| Untracked 
|  52|0x0000000083400000, 0x0000000083500000, 0x0000000083500000|100%| O|  |TAMS 0x0000000083400000, 0x0000000083400000| Untracked 
|  53|0x0000000083500000, 0x0000000083600000, 0x0000000083600000|100%| O|  |TAMS 0x0000000083500000, 0x0000000083500000| Untracked 
|  54|0x0000000083600000, 0x0000000083700000, 0x0000000083700000|100%| O|  |TAMS 0x0000000083600000, 0x0000000083600000| Untracked 
|  55|0x0000000083700000, 0x0000000083800000, 0x0000000083800000|100%| O|  |TAMS 0x0000000083700000, 0x0000000083700000| Untracked 
|  56|0x0000000083800000, 0x0000000083900000, 0x0000000083900000|100%| O|  |TAMS 0x0000000083800000, 0x0000000083800000| Untracked 
|  57|0x0000000083900000, 0x0000000083a00000, 0x0000000083a00000|100%| O|  |TAMS 0x0000000083900000, 0x0000000083900000| Untracked 
|  58|0x0000000083a00000, 0x0000000083b00000, 0x0000000083b00000|100%| O|  |TAMS 0x0000000083a00000, 0x0000000083a00000| Untracked 
|  59|0x0000000083b00000, 0x0000000083c00000, 0x0000000083c00000|100%| O|  |TAMS 0x0000000083b00000, 0x0000000083b00000| Untracked 
|  60|0x0000000083c00000, 0x0000000083d00000, 0x0000000083d00000|100%| O|  |TAMS 0x0000000083c00000, 0x0000000083c00000| Untracked 
|  61|0x0000000083d00000, 0x0000000083e00000, 0x0000000083e00000|100%| O|  |TAMS 0x0000000083d00000, 0x0000000083d00000| Untracked 
|  62|0x0000000083e00000, 0x0000000083f00000, 0x0000000083f00000|100%| O|  |TAMS 0x0000000083e00000, 0x0000000083e00000| Untracked 
|  63|0x0000000083f00000, 0x0000000084000000, 0x0000000084000000|100%| O|  |TAMS 0x0000000083f00000, 0x0000000083f00000| Untracked 
|  64|0x0000000084000000, 0x0000000084100000, 0x0000000084100000|100%| O|  |TAMS 0x0000000084000000, 0x0000000084000000| Untracked 
|  65|0x0000000084100000, 0x0000000084200000, 0x0000000084200000|100%| O|  |TAMS 0x0000000084100000, 0x0000000084100000| Untracked 
|  66|0x0000000084200000, 0x0000000084300000, 0x0000000084300000|100%| O|  |TAMS 0x0000000084200000, 0x0000000084200000| Untracked 
|  67|0x0000000084300000, 0x0000000084300000, 0x0000000084400000|  0%| F|  |TAMS 0x0000000084300000, 0x0000000084300000| Untracked 
|  68|0x0000000084400000, 0x0000000084400000, 0x0000000084500000|  0%| F|  |TAMS 0x0000000084400000, 0x0000000084400000| Untracked 
|  69|0x0000000084500000, 0x0000000084500000, 0x0000000084600000|  0%| F|  |TAMS 0x0000000084500000, 0x0000000084500000| Untracked 
|  70|0x0000000084600000, 0x0000000084600000, 0x0000000084700000|  0%| F|  |TAMS 0x0000000084600000, 0x0000000084600000| Untracked 
|  71|0x0000000084700000, 0x0000000084700000, 0x0000000084800000|  0%| F|  |TAMS 0x0000000084700000, 0x0000000084700000| Untracked 
|  72|0x0000000084800000, 0x0000000084800000, 0x0000000084900000|  0%| F|  |TAMS 0x0000000084800000, 0x0000000084800000| Untracked 
|  73|0x0000000084900000, 0x0000000084a00000, 0x0000000084a00000|100%| S|  |TAMS 0x0000000084900000, 0x0000000084900000| Complete 
|  74|0x0000000084a00000, 0x0000000084b00000, 0x0000000084b00000|100%| S|  |TAMS 0x0000000084a00000, 0x0000000084a00000| Complete 
|  75|0x0000000084b00000, 0x0000000084c00000, 0x0000000084c00000|100%| S|  |TAMS 0x0000000084b00000, 0x0000000084b00000| Complete 
|  76|0x0000000084c00000, 0x0000000084d00000, 0x0000000084d00000|100%| S|  |TAMS 0x0000000084c00000, 0x0000000084c00000| Complete 
|  77|0x0000000084d00000, 0x0000000084e00000, 0x0000000084e00000|100%| S|  |TAMS 0x0000000084d00000, 0x0000000084d00000| Complete 
|  78|0x0000000084e00000, 0x0000000084f00000, 0x0000000084f00000|100%| S|  |TAMS 0x0000000084e00000, 0x0000000084e00000| Complete 
|  79|0x0000000084f00000, 0x0000000085000000, 0x0000000085000000|100%| E|CS|TAMS 0x0000000084f00000, 0x0000000084f00000| Complete 
|  80|0x0000000085000000, 0x0000000085100000, 0x0000000085100000|100%| E|CS|TAMS 0x0000000085000000, 0x0000000085000000| Complete 
|  81|0x0000000085100000, 0x0000000085200000, 0x0000000085200000|100%| E|CS|TAMS 0x0000000085100000, 0x0000000085100000| Complete 
|  82|0x0000000085200000, 0x0000000085300000, 0x0000000085300000|100%| S|  |TAMS 0x0000000085200000, 0x0000000085200000| Complete 
|  83|0x0000000085300000, 0x0000000085400000, 0x0000000085400000|100%| E|CS|TAMS 0x0000000085300000, 0x0000000085300000| Complete 
|  84|0x0000000085400000, 0x0000000085500000, 0x0000000085500000|100%| E|CS|TAMS 0x0000000085400000, 0x0000000085400000| Complete 
|  85|0x0000000085500000, 0x0000000085600000, 0x0000000085600000|100%| E|CS|TAMS 0x0000000085500000, 0x0000000085500000| Complete 
|  86|0x0000000085600000, 0x0000000085700000, 0x0000000085700000|100%| E|CS|TAMS 0x0000000085600000, 0x0000000085600000| Complete 
|  87|0x0000000085700000, 0x0000000085800000, 0x0000000085800000|100%| E|CS|TAMS 0x0000000085700000, 0x0000000085700000| Complete 
|  88|0x0000000085800000, 0x0000000085900000, 0x0000000085900000|100%| E|CS|TAMS 0x0000000085800000, 0x0000000085800000| Complete 
|  89|0x0000000085900000, 0x0000000085a00000, 0x0000000085a00000|100%| E|CS|TAMS 0x0000000085900000, 0x0000000085900000| Complete 
|  90|0x0000000085a00000, 0x0000000085b00000, 0x0000000085b00000|100%| E|CS|TAMS 0x0000000085a00000, 0x0000000085a00000| Complete 
|  91|0x0000000085b00000, 0x0000000085c00000, 0x0000000085c00000|100%| S|  |TAMS 0x0000000085b00000, 0x0000000085b00000| Complete 
|  92|0x0000000085c00000, 0x0000000085d00000, 0x0000000085d00000|100%| S|  |TAMS 0x0000000085c00000, 0x0000000085c00000| Complete 
|  93|0x0000000085d00000, 0x0000000085e00000, 0x0000000085e00000|100%| S|  |TAMS 0x0000000085d00000, 0x0000000085d00000| Complete 
|  94|0x0000000085e00000, 0x0000000085f00000, 0x0000000085f00000|100%| S|  |TAMS 0x0000000085e00000, 0x0000000085e00000| Complete 
|  95|0x0000000085f00000, 0x0000000086000000, 0x0000000086000000|100%| S|  |TAMS 0x0000000085f00000, 0x0000000085f00000| Complete 
|  96|0x0000000086000000, 0x0000000086100000, 0x0000000086100000|100%| S|  |TAMS 0x0000000086000000, 0x0000000086000000| Complete 
|  97|0x0000000086100000, 0x0000000086200000, 0x0000000086200000|100%| S|  |TAMS 0x0000000086100000, 0x0000000086100000| Complete 
|  98|0x0000000086200000, 0x0000000086300000, 0x0000000086300000|100%| E|CS|TAMS 0x0000000086200000, 0x0000000086200000| Complete 
|  99|0x0000000086300000, 0x0000000086400000, 0x0000000086400000|100%| E|CS|TAMS 0x0000000086300000, 0x0000000086300000| Complete 
| 100|0x0000000086400000, 0x0000000086500000, 0x0000000086500000|100%| E|CS|TAMS 0x0000000086400000, 0x0000000086400000| Complete 
| 101|0x0000000086500000, 0x0000000086600000, 0x0000000086600000|100%| E|CS|TAMS 0x0000000086500000, 0x0000000086500000| Complete 
| 102|0x0000000086600000, 0x0000000086700000, 0x0000000086700000|100%| E|CS|TAMS 0x0000000086600000, 0x0000000086600000| Complete 
| 103|0x0000000086700000, 0x0000000086800000, 0x0000000086800000|100%| E|CS|TAMS 0x0000000086700000, 0x0000000086700000| Complete 
| 104|0x0000000086800000, 0x0000000086900000, 0x0000000086900000|100%| E|CS|TAMS 0x0000000086800000, 0x0000000086800000| Complete 
| 105|0x0000000086900000, 0x0000000086a00000, 0x0000000086a00000|100%| E|CS|TAMS 0x0000000086900000, 0x0000000086900000| Complete 
| 106|0x0000000086a00000, 0x0000000086b00000, 0x0000000086b00000|100%| E|CS|TAMS 0x0000000086a00000, 0x0000000086a00000| Complete 
| 107|0x0000000086b00000, 0x0000000086c00000, 0x0000000086c00000|100%| E|CS|TAMS 0x0000000086b00000, 0x0000000086b00000| Complete 
| 108|0x0000000086c00000, 0x0000000086d00000, 0x0000000086d00000|100%| E|CS|TAMS 0x0000000086c00000, 0x0000000086c00000| Complete 
| 109|0x0000000086d00000, 0x0000000086e00000, 0x0000000086e00000|100%| E|CS|TAMS 0x0000000086d00000, 0x0000000086d00000| Complete 
| 110|0x0000000086e00000, 0x0000000086f00000, 0x0000000086f00000|100%| E|CS|TAMS 0x0000000086e00000, 0x0000000086e00000| Complete 
| 111|0x0000000086f00000, 0x0000000087000000, 0x0000000087000000|100%| E|CS|TAMS 0x0000000086f00000, 0x0000000086f00000| Complete 
| 112|0x0000000087000000, 0x0000000087100000, 0x0000000087100000|100%| E|CS|TAMS 0x0000000087000000, 0x0000000087000000| Complete 
| 113|0x0000000087100000, 0x0000000087200000, 0x0000000087200000|100%| E|CS|TAMS 0x0000000087100000, 0x0000000087100000| Complete 
| 114|0x0000000087200000, 0x0000000087300000, 0x0000000087300000|100%| E|CS|TAMS 0x0000000087200000, 0x0000000087200000| Complete 
| 115|0x0000000087300000, 0x0000000087400000, 0x0000000087400000|100%| E|CS|TAMS 0x0000000087300000, 0x0000000087300000| Complete 
| 116|0x0000000087400000, 0x0000000087500000, 0x0000000087500000|100%| E|CS|TAMS 0x0000000087400000, 0x0000000087400000| Complete 
| 117|0x0000000087500000, 0x0000000087600000, 0x0000000087600000|100%| E|CS|TAMS 0x0000000087500000, 0x0000000087500000| Complete 
| 118|0x0000000087600000, 0x0000000087700000, 0x0000000087700000|100%| E|CS|TAMS 0x0000000087600000, 0x0000000087600000| Complete 
| 119|0x0000000087700000, 0x0000000087800000, 0x0000000087800000|100%| E|CS|TAMS 0x0000000087700000, 0x0000000087700000| Complete 
| 120|0x0000000087800000, 0x0000000087900000, 0x0000000087900000|100%| E|CS|TAMS 0x0000000087800000, 0x0000000087800000| Complete 
| 121|0x0000000087900000, 0x0000000087a00000, 0x0000000087a00000|100%| E|CS|TAMS 0x0000000087900000, 0x0000000087900000| Complete 
| 122|0x0000000087a00000, 0x0000000087b00000, 0x0000000087b00000|100%| E|CS|TAMS 0x0000000087a00000, 0x0000000087a00000| Complete 
| 123|0x0000000087b00000, 0x0000000087c00000, 0x0000000087c00000|100%| E|CS|TAMS 0x0000000087b00000, 0x0000000087b00000| Complete 
| 124|0x0000000087c00000, 0x0000000087d00000, 0x0000000087d00000|100%| E|CS|TAMS 0x0000000087c00000, 0x0000000087c00000| Complete 
| 125|0x0000000087d00000, 0x0000000087e00000, 0x0000000087e00000|100%| E|CS|TAMS 0x0000000087d00000, 0x0000000087d00000| Complete 
| 126|0x0000000087e00000, 0x0000000087f00000, 0x0000000087f00000|100%| E|CS|TAMS 0x0000000087e00000, 0x0000000087e00000| Complete 
| 127|0x0000000087f00000, 0x0000000088000000, 0x0000000088000000|100%| E|CS|TAMS 0x0000000087f00000, 0x0000000087f00000| Complete 
| 128|0x0000000088000000, 0x0000000088100000, 0x0000000088100000|100%| E|CS|TAMS 0x0000000088000000, 0x0000000088000000| Complete 
| 129|0x0000000088100000, 0x0000000088200000, 0x0000000088200000|100%| E|CS|TAMS 0x0000000088100000, 0x0000000088100000| Complete 
| 130|0x0000000088200000, 0x0000000088300000, 0x0000000088300000|100%| E|CS|TAMS 0x0000000088200000, 0x0000000088200000| Complete 
| 131|0x0000000088300000, 0x0000000088400000, 0x0000000088400000|100%| E|CS|TAMS 0x0000000088300000, 0x0000000088300000| Complete 
| 132|0x0000000088400000, 0x0000000088500000, 0x0000000088500000|100%| E|CS|TAMS 0x0000000088400000, 0x0000000088400000| Complete 
| 133|0x0000000088500000, 0x0000000088600000, 0x0000000088600000|100%| E|CS|TAMS 0x0000000088500000, 0x0000000088500000| Complete 
| 134|0x0000000088600000, 0x0000000088700000, 0x0000000088700000|100%| E|CS|TAMS 0x0000000088600000, 0x0000000088600000| Complete 
| 135|0x0000000088700000, 0x0000000088800000, 0x0000000088800000|100%| E|CS|TAMS 0x0000000088700000, 0x0000000088700000| Complete 
| 136|0x0000000088800000, 0x0000000088900000, 0x0000000088900000|100%| E|CS|TAMS 0x0000000088800000, 0x0000000088800000| Complete 
| 137|0x0000000088900000, 0x0000000088a00000, 0x0000000088a00000|100%| E|CS|TAMS 0x0000000088900000, 0x0000000088900000| Complete 
| 138|0x0000000088a00000, 0x0000000088b00000, 0x0000000088b00000|100%| E|CS|TAMS 0x0000000088a00000, 0x0000000088a00000| Complete 
| 139|0x0000000088b00000, 0x0000000088c00000, 0x0000000088c00000|100%| E|CS|TAMS 0x0000000088b00000, 0x0000000088b00000| Complete 
| 140|0x0000000088c00000, 0x0000000088d00000, 0x0000000088d00000|100%| E|CS|TAMS 0x0000000088c00000, 0x0000000088c00000| Complete 
| 141|0x0000000088d00000, 0x0000000088e00000, 0x0000000088e00000|100%| E|CS|TAMS 0x0000000088d00000, 0x0000000088d00000| Complete 
| 142|0x0000000088e00000, 0x0000000088f00000, 0x0000000088f00000|100%| E|CS|TAMS 0x0000000088e00000, 0x0000000088e00000| Complete 
| 143|0x0000000088f00000, 0x0000000089000000, 0x0000000089000000|100%| E|CS|TAMS 0x0000000088f00000, 0x0000000088f00000| Complete 
| 144|0x0000000089000000, 0x0000000089100000, 0x0000000089100000|100%| E|CS|TAMS 0x0000000089000000, 0x0000000089000000| Complete 
| 145|0x0000000089100000, 0x0000000089200000, 0x0000000089200000|100%| E|CS|TAMS 0x0000000089100000, 0x0000000089100000| Complete 
| 146|0x0000000089200000, 0x0000000089300000, 0x0000000089300000|100%| E|CS|TAMS 0x0000000089200000, 0x0000000089200000| Complete 
| 147|0x0000000089300000, 0x0000000089400000, 0x0000000089400000|100%| E|CS|TAMS 0x0000000089300000, 0x0000000089300000| Complete 
| 148|0x0000000089400000, 0x0000000089500000, 0x0000000089500000|100%| E|CS|TAMS 0x0000000089400000, 0x0000000089400000| Complete 
| 149|0x0000000089500000, 0x0000000089600000, 0x0000000089600000|100%| E|CS|TAMS 0x0000000089500000, 0x0000000089500000| Complete 
| 150|0x0000000089600000, 0x0000000089700000, 0x0000000089700000|100%| E|CS|TAMS 0x0000000089600000, 0x0000000089600000| Complete 
| 151|0x0000000089700000, 0x0000000089800000, 0x0000000089800000|100%| E|CS|TAMS 0x0000000089700000, 0x0000000089700000| Complete 
| 152|0x0000000089800000, 0x0000000089900000, 0x0000000089900000|100%| E|CS|TAMS 0x0000000089800000, 0x0000000089800000| Complete 
| 153|0x0000000089900000, 0x0000000089a00000, 0x0000000089a00000|100%| E|CS|TAMS 0x0000000089900000, 0x0000000089900000| Complete 
| 154|0x0000000089a00000, 0x0000000089b00000, 0x0000000089b00000|100%| E|CS|TAMS 0x0000000089a00000, 0x0000000089a00000| Complete 
| 155|0x0000000089b00000, 0x0000000089c00000, 0x0000000089c00000|100%| E|CS|TAMS 0x0000000089b00000, 0x0000000089b00000| Complete 
| 156|0x0000000089c00000, 0x0000000089d00000, 0x0000000089d00000|100%| E|CS|TAMS 0x0000000089c00000, 0x0000000089c00000| Complete 
| 157|0x0000000089d00000, 0x0000000089e00000, 0x0000000089e00000|100%| E|CS|TAMS 0x0000000089d00000, 0x0000000089d00000| Complete 
| 158|0x0000000089e00000, 0x0000000089f00000, 0x0000000089f00000|100%| E|CS|TAMS 0x0000000089e00000, 0x0000000089e00000| Complete 
| 159|0x0000000089f00000, 0x000000008a000000, 0x000000008a000000|100%| E|CS|TAMS 0x0000000089f00000, 0x0000000089f00000| Complete 
| 160|0x000000008a000000, 0x000000008a100000, 0x000000008a100000|100%| E|CS|TAMS 0x000000008a000000, 0x000000008a000000| Complete 
| 161|0x000000008a100000, 0x000000008a200000, 0x000000008a200000|100%| E|CS|TAMS 0x000000008a100000, 0x000000008a100000| Complete 
| 162|0x000000008a200000, 0x000000008a300000, 0x000000008a300000|100%| E|CS|TAMS 0x000000008a200000, 0x000000008a200000| Complete 
| 163|0x000000008a300000, 0x000000008a400000, 0x000000008a400000|100%| E|CS|TAMS 0x000000008a300000, 0x000000008a300000| Complete 
| 164|0x000000008a400000, 0x000000008a500000, 0x000000008a500000|100%| E|CS|TAMS 0x000000008a400000, 0x000000008a400000| Complete 
| 165|0x000000008a500000, 0x000000008a600000, 0x000000008a600000|100%| E|CS|TAMS 0x000000008a500000, 0x000000008a500000| Complete 
| 166|0x000000008a600000, 0x000000008a700000, 0x000000008a700000|100%| E|CS|TAMS 0x000000008a600000, 0x000000008a600000| Complete 
| 167|0x000000008a700000, 0x000000008a800000, 0x000000008a800000|100%| E|CS|TAMS 0x000000008a700000, 0x000000008a700000| Complete 
| 168|0x000000008a800000, 0x000000008a900000, 0x000000008a900000|100%| E|CS|TAMS 0x000000008a800000, 0x000000008a800000| Complete 
| 169|0x000000008a900000, 0x000000008aa00000, 0x000000008aa00000|100%| E|CS|TAMS 0x000000008a900000, 0x000000008a900000| Complete 
| 170|0x000000008aa00000, 0x000000008ab00000, 0x000000008ab00000|100%| E|CS|TAMS 0x000000008aa00000, 0x000000008aa00000| Complete 
| 171|0x000000008ab00000, 0x000000008ac00000, 0x000000008ac00000|100%| E|CS|TAMS 0x000000008ab00000, 0x000000008ab00000| Complete 
| 172|0x000000008ac00000, 0x000000008ad00000, 0x000000008ad00000|100%| E|CS|TAMS 0x000000008ac00000, 0x000000008ac00000| Complete 
| 173|0x000000008ad00000, 0x000000008ae00000, 0x000000008ae00000|100%| E|CS|TAMS 0x000000008ad00000, 0x000000008ad00000| Complete 
| 174|0x000000008ae00000, 0x000000008af00000, 0x000000008af00000|100%| E|CS|TAMS 0x000000008ae00000, 0x000000008ae00000| Complete 
| 175|0x000000008af00000, 0x000000008b000000, 0x000000008b000000|100%| E|CS|TAMS 0x000000008af00000, 0x000000008af00000| Complete 
| 176|0x000000008b000000, 0x000000008b100000, 0x000000008b100000|100%| E|CS|TAMS 0x000000008b000000, 0x000000008b000000| Complete 
| 177|0x000000008b100000, 0x000000008b200000, 0x000000008b200000|100%| E|CS|TAMS 0x000000008b100000, 0x000000008b100000| Complete 
| 178|0x000000008b200000, 0x000000008b300000, 0x000000008b300000|100%| E|CS|TAMS 0x000000008b200000, 0x000000008b200000| Complete 
| 179|0x000000008b300000, 0x000000008b400000, 0x000000008b400000|100%| E|CS|TAMS 0x000000008b300000, 0x000000008b300000| Complete 
| 180|0x000000008b400000, 0x000000008b500000, 0x000000008b500000|100%| E|CS|TAMS 0x000000008b400000, 0x000000008b400000| Complete 
| 181|0x000000008b500000, 0x000000008b600000, 0x000000008b600000|100%| E|CS|TAMS 0x000000008b500000, 0x000000008b500000| Complete 
| 182|0x000000008b600000, 0x000000008b700000, 0x000000008b700000|100%| E|CS|TAMS 0x000000008b600000, 0x000000008b600000| Complete 
| 183|0x000000008b700000, 0x000000008b800000, 0x000000008b800000|100%| E|CS|TAMS 0x000000008b700000, 0x000000008b700000| Complete 
| 184|0x000000008b800000, 0x000000008b900000, 0x000000008b900000|100%| E|CS|TAMS 0x000000008b800000, 0x000000008b800000| Complete 
| 185|0x000000008b900000, 0x000000008ba00000, 0x000000008ba00000|100%| E|CS|TAMS 0x000000008b900000, 0x000000008b900000| Complete 
| 186|0x000000008ba00000, 0x000000008bb00000, 0x000000008bb00000|100%| E|CS|TAMS 0x000000008ba00000, 0x000000008ba00000| Complete 
| 187|0x000000008bb00000, 0x000000008bc00000, 0x000000008bc00000|100%| E|CS|TAMS 0x000000008bb00000, 0x000000008bb00000| Complete 
| 188|0x000000008bc00000, 0x000000008bd00000, 0x000000008bd00000|100%| E|CS|TAMS 0x000000008bc00000, 0x000000008bc00000| Complete 
| 189|0x000000008bd00000, 0x000000008be00000, 0x000000008be00000|100%| E|CS|TAMS 0x000000008bd00000, 0x000000008bd00000| Complete 
| 190|0x000000008be00000, 0x000000008bf00000, 0x000000008bf00000|100%| E|CS|TAMS 0x000000008be00000, 0x000000008be00000| Complete 
| 191|0x000000008bf00000, 0x000000008c000000, 0x000000008c000000|100%| E|CS|TAMS 0x000000008bf00000, 0x000000008bf00000| Complete 

Card table byte_map: [0x000000001a450000,0x000000001a850000] _byte_map_base: 0x000000001a050000

Marking Bits (Prev, Next): (CMBitMap*) 0x0000000000223f68, (CMBitMap*) 0x0000000000223fa0
 Prev Bits: [0x000000001ac50000, 0x000000001cc50000)
 Next Bits: [0x000000001cc50000, 0x000000001ec50000)

Polling page: 0x0000000001fd0000

Metaspace:

Usage:
  Non-class:     39.98 MB capacity,    38.90 MB ( 97%) used,   987.77 KB (  2%) free+waste,   111.44 KB ( <1%) overhead. 
      Class:      4.50 MB capacity,     4.03 MB ( 89%) used,   441.52 KB ( 10%) free+waste,    47.19 KB (  1%) overhead. 
       Both:     44.48 MB capacity,    42.93 MB ( 97%) used,     1.40 MB (  3%) free+waste,   158.63 KB ( <1%) overhead. 

Virtual space:
  Non-class space:       40.00 MB reserved,      40.00 MB (100%) committed 
      Class space:        1.00 GB reserved,       4.62 MB ( <1%) committed 
             Both:        1.04 GB reserved,      44.62 MB (  4%) committed 

Chunk freelists:
   Non-Class:  3.00 KB
       Class:  3.50 KB
        Both:  6.50 KB

CodeHeap 'non-profiled nmethods': size=120064Kb used=7102Kb max_used=7293Kb free=112961Kb
 bounds [0x00000000123b0000, 0x0000000012ae0000, 0x00000000198f0000]
CodeHeap 'profiled nmethods': size=120000Kb used=23233Kb max_used=24484Kb free=96766Kb
 bounds [0x000000000ae80000, 0x000000000c680000, 0x00000000123b0000]
CodeHeap 'non-nmethods': size=5696Kb used=1176Kb max_used=1227Kb free=4519Kb
 bounds [0x000000000a8f0000, 0x000000000ab60000, 0x000000000ae80000]
 total_blobs=9577 nmethods=9049 adapters=439
 compilation: enabled
              stopped_count=0, restarted_count=0
 full_count=0

Compilation events (10 events):
Event: 51.207 Thread 0x00000000637e9000 nmethod 10605% 0x000000001258f790 code [0x000000001258f920, 0x000000001258f9f8]
Event: 51.207 Thread 0x00000000637e9000 10494       4       org.eclipse.jdt.internal.compiler.lookup.ImportBinding::isStatic (21 bytes)
Event: 51.209 Thread 0x00000000637e9000 nmethod 10494 0x0000000012565810 code [0x00000000125659a0, 0x0000000012565a18]
Event: 51.209 Thread 0x00000000637e9000 10622       4       org.eclipse.jdt.internal.compiler.codegen.ConstantPool::literalIndex (392 bytes)
Event: 51.209 Thread 0x0000000062162000 nmethod 10614 0x000000000b6fcf90 code [0x000000000b6fd4a0, 0x000000000b6ff918]
Event: 51.209 Thread 0x0000000062162000 10620       2       org.eclipse.jdt.internal.compiler.codegen.CodeStream::insertionIndex (90 bytes)
Event: 51.210 Thread 0x0000000062162000 nmethod 10620 0x000000000b32a990 code [0x000000000b32ab40, 0x000000000b32ad98]
Event: 51.210 Thread 0x0000000062162000 10619       2       org.eclipse.jdt.internal.compiler.lookup.MethodScope::computeLocalVariablePositions (286 bytes)
Event: 51.213 Thread 0x0000000062162000 nmethod 10619 0x000000000b35a310 code [0x000000000b35a560, 0x000000000b35acf8]
Event: 51.213 Thread 0x0000000062162000 10613       2       org.eclipse.jdt.internal.compiler.lookup.BlockScope::computeLocalVariablePositions (492 bytes)

GC Heap History (10 events):
Event: 38.750 GC heap after
{Heap after GC invocations=20 (full 0):
 garbage-first heap   total 196608K, used 39441K [0x0000000080000000, 0x0000000100000000)
  region size 1024K, 6 young (6144K), 6 survivors (6144K)
 Metaspace       used 34430K, capacity 35878K, committed 35964K, reserved 1081344K
  class space    used 3421K, capacity 3891K, committed 3964K, reserved 1048576K
}
Event: 41.965 GC heap before
{Heap before GC invocations=21 (full 0):
 garbage-first heap   total 196608K, used 151057K [0x0000000080000000, 0x0000000100000000)
  region size 1024K, 115 young (117760K), 6 survivors (6144K)
 Metaspace       used 34947K, capacity 36389K, committed 36476K, reserved 1081344K
  class space    used 3458K, capacity 3909K, committed 3964K, reserved 1048576K
}
Event: 41.978 GC heap after
{Heap after GC invocations=22 (full 0):
 garbage-first heap   total 196608K, used 38929K [0x0000000080000000, 0x0000000100000000)
  region size 1024K, 5 young (5120K), 5 survivors (5120K)
 Metaspace       used 34947K, capacity 36389K, committed 36476K, reserved 1081344K
  class space    used 3458K, capacity 3909K, committed 3964K, reserved 1048576K
}
Event: 43.224 GC heap before
{Heap before GC invocations=22 (full 0):
 garbage-first heap   total 196608K, used 154641K [0x0000000080000000, 0x0000000100000000)
  region size 1024K, 115 young (117760K), 5 survivors (5120K)
 Metaspace       used 38721K, capacity 40230K, committed 40444K, reserved 1085440K
  class space    used 3759K, capacity 4229K, committed 4348K, reserved 1048576K
}
Event: 43.235 GC heap after
{Heap after GC invocations=23 (full 0):
 garbage-first heap   total 196608K, used 40905K [0x0000000080000000, 0x0000000100000000)
  region size 1024K, 6 young (6144K), 6 survivors (6144K)
 Metaspace       used 38721K, capacity 40230K, committed 40444K, reserved 1085440K
  class space    used 3759K, capacity 4229K, committed 4348K, reserved 1048576K
}
Event: 44.336 GC heap before
{Heap before GC invocations=23 (full 0):
 garbage-first heap   total 196608K, used 152521K [0x0000000080000000, 0x0000000100000000)
  region size 1024K, 115 young (117760K), 6 survivors (6144K)
 Metaspace       used 40033K, capacity 41560K, committed 41852K, reserved 1087488K
  class space    used 3891K, capacity 4396K, committed 4476K, reserved 1048576K
}
Event: 44.363 GC heap after
{Heap after GC invocations=24 (full 0):
 garbage-first heap   total 196608K, used 49169K [0x0000000080000000, 0x0000000100000000)
  region size 1024K, 14 young (14336K), 14 survivors (14336K)
 Metaspace       used 40033K, capacity 41560K, committed 41852K, reserved 1087488K
  class space    used 3891K, capacity 4396K, committed 4476K, reserved 1048576K
}
Event: 46.826 GC heap before
{Heap before GC invocations=24 (full 0):
 garbage-first heap   total 196608K, used 152593K [0x0000000080000000, 0x0000000100000000)
  region size 1024K, 115 young (117760K), 14 survivors (14336K)
 Metaspace       used 41451K, capacity 43007K, committed 43260K, reserved 1087488K
  class space    used 3996K, capacity 4475K, committed 4604K, reserved 1048576K
}
Event: 46.875 GC heap after
{Heap after GC invocations=25 (full 0):
 garbage-first heap   total 196608K, used 60222K [0x0000000080000000, 0x0000000100000000)
  region size 1024K, 11 young (11264K), 11 survivors (11264K)
 Metaspace       used 41451K, capacity 43007K, committed 43260K, reserved 1087488K
  class space    used 3996K, capacity 4475K, committed 4604K, reserved 1048576K
}
Event: 51.215 GC heap before
{Heap before GC invocations=25 (full 0):
 garbage-first heap   total 196608K, used 155454K [0x0000000080000000, 0x0000000100000000)
  region size 1024K, 105 young (107520K), 11 survivors (11264K)
 Metaspace       used 43960K, capacity 45548K, committed 45692K, reserved 1089536K
  class space    used 4123K, capacity 4612K, committed 4732K, reserved 1048576K
}

Deoptimization events (10 events):
Event: 50.768 Thread 0x0000000068326000 Uncommon trap: reason=unstable_if action=reinterpret pc=0x0000000012529520 method=org.eclipse.jdt.internal.compiler.lookup.MethodBinding.sourceMethod()Lorg/eclipse/jdt/internal/compiler/ast/AbstractMethodDeclaration; @ 73 c2
Event: 50.769 Thread 0x0000000068326000 Uncommon trap: reason=unstable_if action=reinterpret pc=0x0000000012a83b6c method=org.eclipse.jdt.internal.compiler.parser.Parser.checkComment()V @ 4 c2
Event: 50.800 Thread 0x0000000068326000 Uncommon trap: reason=unstable_if action=reinterpret pc=0x0000000012a852c8 method=org.eclipse.jdt.internal.compiler.parser.Parser.checkComment()V @ 4 c2
Event: 50.812 Thread 0x0000000068326000 Uncommon trap: reason=class_check action=maybe_recompile pc=0x000000001258996c method=org.eclipse.jdt.internal.compiler.lookup.PackageBinding.getTypeOrPackage([CLorg/eclipse/jdt/internal/compiler/lookup/ModuleBinding;)Lorg/eclipse/jdt/internal/compiler/lo
Event: 50.826 Thread 0x0000000068326000 Uncommon trap: reason=class_check action=maybe_recompile pc=0x0000000012acad34 method=org.eclipse.jdt.internal.compiler.lookup.BinaryTypeBinding.superInterfaces()[Lorg/eclipse/jdt/internal/compiler/lookup/ReferenceBinding; @ 66 c2
Event: 50.826 Thread 0x0000000068326000 Uncommon trap: reason=class_check action=maybe_recompile pc=0x0000000012acad34 method=org.eclipse.jdt.internal.compiler.lookup.BinaryTypeBinding.superInterfaces()[Lorg/eclipse/jdt/internal/compiler/lookup/ReferenceBinding; @ 66 c2
Event: 50.827 Thread 0x0000000068326000 Uncommon trap: reason=class_check action=maybe_recompile pc=0x00000000125091f0 method=org.eclipse.jdt.internal.compiler.lookup.BinaryTypeBinding.superclass()Lorg/eclipse/jdt/internal/compiler/lookup/ReferenceBinding; @ 51 c2
Event: 50.827 Thread 0x0000000068326000 Uncommon trap: reason=class_check action=maybe_recompile pc=0x0000000012acad34 method=org.eclipse.jdt.internal.compiler.lookup.BinaryTypeBinding.superInterfaces()[Lorg/eclipse/jdt/internal/compiler/lookup/ReferenceBinding; @ 66 c2
Event: 50.829 Thread 0x0000000068326000 Uncommon trap: reason=unstable_if action=reinterpret pc=0x0000000012ad3580 method=org.eclipse.jdt.internal.compiler.lookup.Scope.getTypeOrPackage([CIZ)Lorg/eclipse/jdt/internal/compiler/lookup/Binding; @ 72 c2
Event: 50.868 Thread 0x0000000068326000 Uncommon trap: reason=unstable_if action=reinterpret pc=0x0000000012883390 method=java.util.HashMap$HashIterator.<init>(Ljava/util/HashMap;)V @ 45 c2

Classes redefined (0 events):
No events

Internal exceptions (10 events):
Event: 50.418 Thread 0x00000000001e4000 Exception <a 'java/security/PrivilegedActionException'{0x000000008754e6a0}> (0x000000008754e6a0) thrown at [./open/src/hotspot/share/prims/jvm.cpp, line 1305]
Event: 50.418 Thread 0x00000000001e4000 Exception <a 'java/security/PrivilegedActionException'{0x000000008754f168}> (0x000000008754f168) thrown at [./open/src/hotspot/share/prims/jvm.cpp, line 1305]
Event: 50.456 Thread 0x00000000001e4000 Exception <a 'java/security/PrivilegedActionException'{0x0000000087078b60}> (0x0000000087078b60) thrown at [./open/src/hotspot/share/prims/jvm.cpp, line 1305]
Event: 50.456 Thread 0x00000000001e4000 Exception <a 'java/security/PrivilegedActionException'{0x0000000087079628}> (0x0000000087079628) thrown at [./open/src/hotspot/share/prims/jvm.cpp, line 1305]
Event: 50.466 Thread 0x00000000001e4000 Exception <a 'java/security/PrivilegedActionException'{0x00000000870bf880}> (0x00000000870bf880) thrown at [./open/src/hotspot/share/prims/jvm.cpp, line 1305]
Event: 50.466 Thread 0x00000000001e4000 Exception <a 'java/security/PrivilegedActionException'{0x00000000870c0348}> (0x00000000870c0348) thrown at [./open/src/hotspot/share/prims/jvm.cpp, line 1305]
Event: 50.467 Thread 0x00000000001e4000 Exception <a 'java/security/PrivilegedActionException'{0x00000000870c2138}> (0x00000000870c2138) thrown at [./open/src/hotspot/share/prims/jvm.cpp, line 1305]
Event: 50.467 Thread 0x00000000001e4000 Exception <a 'java/security/PrivilegedActionException'{0x00000000870c2c00}> (0x00000000870c2c00) thrown at [./open/src/hotspot/share/prims/jvm.cpp, line 1305]
Event: 50.467 Thread 0x00000000001e4000 Exception <a 'java/security/PrivilegedActionException'{0x00000000870c4a18}> (0x00000000870c4a18) thrown at [./open/src/hotspot/share/prims/jvm.cpp, line 1305]
Event: 50.467 Thread 0x00000000001e4000 Exception <a 'java/security/PrivilegedActionException'{0x00000000870c54e0}> (0x00000000870c54e0) thrown at [./open/src/hotspot/share/prims/jvm.cpp, line 1305]

Events (10 events):
Event: 51.083 Executing VM operation: RevokeBias done
Event: 51.099 Executing VM operation: RevokeBias
Event: 51.099 Executing VM operation: RevokeBias done
Event: 51.100 Executing VM operation: RevokeBias
Event: 51.102 Executing VM operation: RevokeBias done
Event: 51.103 Executing VM operation: RevokeBias
Event: 51.104 Executing VM operation: RevokeBias done
Event: 51.133 Executing VM operation: BulkRevokeBias
Event: 51.136 Executing VM operation: BulkRevokeBias done
Event: 51.214 Executing VM operation: G1CollectForAllocation


Dynamic libraries:
0x000000013f730000 - 0x000000013f73f000 	C:\Program Files\Java\jdk-11.0.11\bin\java.exe
0x0000000077120000 - 0x00000000772bf000 	C:\Windows\SYSTEM32\ntdll.dll
0x0000000077000000 - 0x000000007711f000 	C:\Windows\system32\kernel32.dll
0x000007fefcf70000 - 0x000007fefcfd7000 	C:\Windows\system32\KERNELBASE.dll
0x000007fef9f70000 - 0x000007fef9f88000 	C:\Program Files\Java\jdk-11.0.11\bin\jli.dll
0x000007fefe440000 - 0x000007fefe51b000 	C:\Windows\system32\ADVAPI32.dll
0x000007feff330000 - 0x000007feff3cf000 	C:\Windows\system32\msvcrt.dll
0x000007fefdcf0000 - 0x000007fefdd0f000 	C:\Windows\SYSTEM32\sechost.dll
0x000007fefd130000 - 0x000007fefd25c000 	C:\Windows\system32\RPCRT4.dll
0x000007fefb2d0000 - 0x000007fefb4c5000 	C:\Windows\WinSxS\amd64_microsoft.windows.common-controls_6595b64144ccf1df_6.0.7601.24483_none_e372d88f30fbb845\COMCTL32.dll
0x000007fefd5f0000 - 0x000007fefd657000 	C:\Windows\system32\GDI32.dll
0x0000000076f00000 - 0x0000000076ffb000 	C:\Windows\system32\USER32.dll
0x000007feff3d0000 - 0x000007feff3de000 	C:\Windows\system32\LPK.dll
0x000007fefde20000 - 0x000007fefdeeb000 	C:\Windows\system32\USP10.dll
0x000007feff2b0000 - 0x000007feff321000 	C:\Windows\system32\SHLWAPI.dll
0x000007fefbd20000 - 0x000007fefbd2c000 	C:\Windows\system32\VERSION.dll
0x000007feea990000 - 0x000007feea9a5000 	C:\Program Files\Java\jdk-11.0.11\bin\VCRUNTIME140.dll
0x000007feead10000 - 0x000007feead14000 	C:\Program Files\Java\jdk-11.0.11\bin\api-ms-win-crt-runtime-l1-1-0.dll
0x000007fee7ea0000 - 0x000007fee7f9a000 	C:\Program Files\Java\jdk-11.0.11\bin\ucrtbase.DLL
0x000007feeb300000 - 0x000007feeb303000 	C:\Program Files\Java\jdk-11.0.11\bin\api-ms-win-core-localization-l1-2-0.dll
0x000007feeab80000 - 0x000007feeab83000 	C:\Program Files\Java\jdk-11.0.11\bin\api-ms-win-core-processthreads-l1-1-1.dll
0x000007feeac10000 - 0x000007feeac13000 	C:\Program Files\Java\jdk-11.0.11\bin\api-ms-win-core-file-l1-2-0.dll
0x000007feea8b0000 - 0x000007feea8b3000 	C:\Program Files\Java\jdk-11.0.11\bin\api-ms-win-core-timezone-l1-1-0.dll
0x000007feea8a0000 - 0x000007feea8a3000 	C:\Program Files\Java\jdk-11.0.11\bin\api-ms-win-core-file-l2-1-0.dll
0x000007feea7d0000 - 0x000007feea7d3000 	C:\Program Files\Java\jdk-11.0.11\bin\api-ms-win-core-synch-l1-2-0.dll
0x000007feea7c0000 - 0x000007feea7c3000 	C:\Program Files\Java\jdk-11.0.11\bin\api-ms-win-crt-heap-l1-1-0.dll
0x000007feea5b0000 - 0x000007feea5b4000 	C:\Program Files\Java\jdk-11.0.11\bin\api-ms-win-crt-string-l1-1-0.dll
0x000007feea590000 - 0x000007feea594000 	C:\Program Files\Java\jdk-11.0.11\bin\api-ms-win-crt-stdio-l1-1-0.dll
0x000007feea350000 - 0x000007feea354000 	C:\Program Files\Java\jdk-11.0.11\bin\api-ms-win-crt-convert-l1-1-0.dll
0x000007feea340000 - 0x000007feea343000 	C:\Program Files\Java\jdk-11.0.11\bin\api-ms-win-crt-environment-l1-1-0.dll
0x000007feea330000 - 0x000007feea333000 	C:\Program Files\Java\jdk-11.0.11\bin\api-ms-win-crt-filesystem-l1-1-0.dll
0x000007feea320000 - 0x000007feea325000 	C:\Program Files\Java\jdk-11.0.11\bin\api-ms-win-crt-math-l1-1-0.dll
0x000007feea310000 - 0x000007feea313000 	C:\Program Files\Java\jdk-11.0.11\bin\api-ms-win-crt-locale-l1-1-0.dll
0x000007fefd6e0000 - 0x000007fefd70e000 	C:\Windows\system32\IMM32.DLL
0x000007fefdd10000 - 0x000007fefde1b000 	C:\Windows\system32\MSCTF.dll
0x000007fee91f0000 - 0x000007fee928b000 	C:\Program Files\Java\jdk-11.0.11\bin\msvcp140.dll
0x000007feea300000 - 0x000007feea303000 	C:\Program Files\Java\jdk-11.0.11\bin\api-ms-win-crt-time-l1-1-0.dll
0x000007feea2f0000 - 0x000007feea2f3000 	C:\Program Files\Java\jdk-11.0.11\bin\api-ms-win-crt-utility-l1-1-0.dll
0x000007fee0d30000 - 0x000007fee182e000 	C:\Program Files\Java\jdk-11.0.11\bin\server\jvm.dll
0x000007fef8290000 - 0x000007fef8299000 	C:\Windows\system32\WSOCK32.dll
0x000007fefd0e0000 - 0x000007fefd12d000 	C:\Windows\system32\WS2_32.dll
0x000007fefd710000 - 0x000007fefd718000 	C:\Windows\system32\NSI.dll
0x000007fefb0b0000 - 0x000007fefb0eb000 	C:\Windows\system32\WINMM.dll
0x00000000772c0000 - 0x00000000772c7000 	C:\Windows\system32\PSAPI.DLL
0x000007feea2e0000 - 0x000007feea2f0000 	C:\Program Files\Java\jdk-11.0.11\bin\verify.dll
0x000007fef6f60000 - 0x000007fef7085000 	C:\Windows\system32\DBGHELP.DLL
0x000007feea270000 - 0x000007feea298000 	C:\Program Files\Java\jdk-11.0.11\bin\java.dll
0x000007feea2d0000 - 0x000007feea2da000 	C:\Program Files\Java\jdk-11.0.11\bin\jimage.dll
0x000007feea1d0000 - 0x000007feea1e6000 	C:\Program Files\Java\jdk-11.0.11\bin\zip.dll
0x000007fefe520000 - 0x000007feff2ab000 	C:\Windows\system32\SHELL32.dll
0x000007fefd3f0000 - 0x000007fefd5ef000 	C:\Windows\system32\ole32.dll
0x000007fefcc40000 - 0x000007fefcc4f000 	C:\Windows\system32\profapi.dll
0x000007feea1b0000 - 0x000007feea1c9000 	C:\Program Files\Java\jdk-11.0.11\bin\net.dll
0x000007fef8970000 - 0x000007fef89e1000 	C:\Windows\system32\WINHTTP.dll
0x000007fef8900000 - 0x000007fef8965000 	C:\Windows\system32\webio.dll
0x000007fefc380000 - 0x000007fefc3d5000 	C:\Windows\system32\mswsock.dll
0x000007fefc370000 - 0x000007fefc377000 	C:\Windows\System32\wship6.dll
0x000007fee9d00000 - 0x000007fee9d12000 	C:\Program Files\Java\jdk-11.0.11\bin\nio.dll

dbghelp: loaded successfully - version: 4.0.5 - missing functions: none
symbol engine: initialized successfully - sym options: 0x614 - pdb path: .;C:\Program Files\Java\jdk-11.0.11\bin;C:\Windows\SYSTEM32;C:\Windows\WinSxS\amd64_microsoft.windows.common-controls_6595b64144ccf1df_6.0.7601.24483_none_e372d88f30fbb845;C:\Program Files\Java\jdk-11.0.11\bin\server

VM Arguments:
jvm_args: -Xmx2g -Dfile.encoding=UTF-8 -Dant.home=D:\habrisBatch2021\hybris\bin\platform\apache-ant 
java_command: org.apache.tools.ant.launch.Launcher clean all
java_class_path (initial): D:\habrisBatch2021\hybris\bin\platform\apache-ant\lib\ant-launcher.jar
Launcher Type: SUN_STANDARD

[Global flags]
     intx CICompilerCount                          = 3                                         {product} {ergonomic}
     uint ConcGCThreads                            = 1                                         {product} {ergonomic}
     uint G1ConcRefinementThreads                  = 4                                         {product} {ergonomic}
   size_t G1HeapRegionSize                         = 1048576                                   {product} {ergonomic}
    uintx GCDrainStackTargetSize                   = 64                                        {product} {ergonomic}
   size_t InitialHeapSize                          = 167772160                                 {product} {ergonomic}
   size_t MarkStackSize                            = 4194304                                   {product} {ergonomic}
   size_t MaxHeapSize                              = 2147483648                                {product} {command line}
   size_t MaxNewSize                               = 1287651328                                {product} {ergonomic}
   size_t MinHeapDeltaBytes                        = 1048576                                   {product} {ergonomic}
    uintx NonNMethodCodeHeapSize                   = 5830732                                {pd product} {ergonomic}
    uintx NonProfiledCodeHeapSize                  = 122913754                              {pd product} {ergonomic}
    uintx ProfiledCodeHeapSize                     = 122913754                              {pd product} {ergonomic}
    uintx ReservedCodeCacheSize                    = 251658240                              {pd product} {ergonomic}
     bool SegmentedCodeCache                       = true                                      {product} {ergonomic}
     bool UseCompressedClassPointers               = true                                 {lp64_product} {ergonomic}
     bool UseCompressedOops                        = true                                 {lp64_product} {ergonomic}
     bool UseG1GC                                  = true                                      {product} {ergonomic}
     bool UseLargePagesIndividualAllocation        = false                                  {pd product} {ergonomic}

Logging:
Log output configuration:
 #0: stdout all=warning uptime,level,tags
 #1: stderr all=off uptime,level,tags

Environment Variables:
JAVA_HOME=C:\Program Files\Java\jdk-11.0.11
PATH=D:\habrisBatch2021\hybris\bin\platform\apache-ant\bin;C:\Program Files\Common Files\Oracle\Java\javapath;C:\Program Files\nodejs\;C:\Program Files\Git\cmd;C:\Users\razhaka\AppData\Roaming\npm;C:\Users\razhaka\AppData\Local\Programs\Microsoft VS Code\bin;C:\Program Files\Java\jdk1.8.0_201\bin;C:\Users\razhaka\AppData\Local\Programs\Microsoft VS Code
USERNAME=razhaka
OS=Windows_NT
PROCESSOR_IDENTIFIER=Intel64 Family 6 Model 42 Stepping 7, GenuineIntel



---------------  S Y S T E M  ---------------

OS: Windows 7 , 64 bit Build 7601 (6.1.7601.24545)

CPU:total 4 (initial active 4) (2 cores per cpu, 2 threads per core) family 6 model 42 stepping 7 microcode 0x0, cmov, cx8, fxsr, mmx, sse, sse2, sse3, ssse3, sse4.1, sse4.2, popcnt, avx, clmul, ht, tsc, tscinvbit

Memory: 4k page, system-wide physical 10187M (3804M free)
TotalPageFile size 20373M (AvailPageFile size 12948M)
current process WorkingSet (physical memory assigned to process): 420M, peak: 420M
current process commit charge ("private bytes"): 466M, peak: 466M

vm_info: Java HotSpot(TM) 64-Bit Server VM (11.0.11+9-LTS-194) for windows-amd64 JRE (11.0.11+9-LTS-194), built on Mar 18 2021 18:46:53 by "mach5one" with MS VC++ 15.9 (VS2017)

END.
