#
# A fatal error has been detected by the Java Runtime Environment:
#
#  EXCEPTION_ACCESS_VIOLATION (0xc0000005) at pc=0x000007fee0810d5d, pid=10120, tid=6436
#
# JRE version: Java(TM) SE Runtime Environment 18.9 (11.0.11+9) (build 11.0.11+9-LTS-194)
# Java VM: Java HotSpot(TM) 64-Bit Server VM 18.9 (11.0.11+9-LTS-194, mixed mode, tiered, compressed oops, g1 gc, windows-amd64)
# Problematic frame:
# V  [jvm.dll+0x2d0d5d]
#
# No core dump will be written. Minidumps are not enabled by default on client versions of Windows
#
# If you would like to submit a bug report, please visit:
#   https://bugreport.java.com/bugreport/crash.jsp
#

---------------  S U M M A R Y ------------

Command Line: -Xmx2g -Dfile.encoding=UTF-8 -Dant.home=D:\habrisBatch2021\hybris\bin\platform\apache-ant org.apache.tools.ant.launch.Launcher clean all

Host: Intel(R) Core(TM) i3-2330M CPU @ 2.20GHz, 4 cores, 9G,  Windows 7 , 64 bit Build 7601 (6.1.7601.24545)
Time: Mon Jul  5 14:57:46 2021 India Standard Time elapsed time: 75.800013 seconds (0d 0h 1m 15s)

---------------  T H R E A D  ---------------

Current thread (0x000000006773e800):  GCTaskThread "GC Thread#3" [stack: 0x0000000065eb0000,0x0000000065fb0000] [id=6436]

Stack: [0x0000000065eb0000,0x0000000065fb0000],  sp=0x0000000065faf680,  free space=1021k
Native frames: (J=compiled Java code, j=interpreted, Vv=VM code, C=native code)
V  [jvm.dll+0x2d0d5d]
V  [jvm.dll+0x2f85af]
V  [jvm.dll+0x2f94f9]
V  [jvm.dll+0x2d2d1b]
V  [jvm.dll+0x2f9e2b]
V  [jvm.dll+0x2d53ee]
V  [jvm.dll+0x2d9555]
V  [jvm.dll+0x77a9d0]
V  [jvm.dll+0x70dfc4]
V  [jvm.dll+0x6160f6]
C  [ucrtbase.DLL+0x1d912]
C  [kernel32.dll+0x1556d]
C  [ntdll.dll+0x5372d]


siginfo: EXCEPTION_ACCESS_VIOLATION (0xc0000005), reading address 0x00000000000000f8


Register to memory mapping:

RIP=0x000007fee0810d5d jvm.dll
RAX=0x000000000028cf80 points into unknown readable memory: 00 00 00 00 00 00 00 00
RBX=0x0000000063d30b30 points into unknown readable memory: 48 4c d9 e0 fe 07 00 00
RCX=0x0000000000000014 is an unknown value
RDX=0x0 is NULL
RSP=0x0000000065faf680 points into unknown readable memory: 00 c8 81 66 00 00 00 00
RBP=0x0000000063d30ca0 points into unknown readable memory: 00 4c d9 e0 fe 07 00 00
RSI=0x0000000021dfb4c8 is pointing into metadata
RDI=0x0000000083a33fbc is pointing into object: org.eclipse.jdt.internal.compiler.util.SimpleSetOfCharArray 
{0x0000000083a33fa8} - klass: 'org/eclipse/jdt/internal/compiler/util/SimpleSetOfCharArray'
R8 =0x0000000083a33fbc is pointing into object: org.eclipse.jdt.internal.compiler.util.SimpleSetOfCharArray 
{0x0000000083a33fa8} - klass: 'org/eclipse/jdt/internal/compiler/util/SimpleSetOfCharArray'
R9 =0x0000000000000088 is an unknown value
R10=0x0000000083a33fbc is pointing into object: org.eclipse.jdt.internal.compiler.util.SimpleSetOfCharArray 
{0x0000000083a33fa8} - klass: 'org/eclipse/jdt/internal/compiler/util/SimpleSetOfCharArray'
R11=0x0000000063d30ca0 points into unknown readable memory: 00 4c d9 e0 fe 07 00 00
R12=0x0 is NULL
R13=0x0000000000000003 is an unknown value
R14=0x0000000021dfb4c8 is pointing into metadata
R15=0x0000000083a33fa8 is an oop: org.eclipse.jdt.internal.compiler.util.SimpleSetOfCharArray 
{0x0000000083a33fa8} - klass: 'org/eclipse/jdt/internal/compiler/util/SimpleSetOfCharArray'


Registers:
RAX=0x000000000028cf80, RBX=0x0000000063d30b30, RCX=0x0000000000000014, RDX=0x0000000000000000
RSP=0x0000000065faf680, RBP=0x0000000063d30ca0, RSI=0x0000000021dfb4c8, RDI=0x0000000083a33fbc
R8 =0x0000000083a33fbc, R9 =0x0000000000000088, R10=0x0000000083a33fbc, R11=0x0000000063d30ca0
R12=0x0000000000000000, R13=0x0000000000000003, R14=0x0000000021dfb4c8, R15=0x0000000083a33fa8
RIP=0x000007fee0810d5d, EFLAGS=0x0000000000010207

Top of Stack: (sp=0x0000000065faf680)
0x0000000065faf680:   000000006681c800 0000000083a33f99
0x0000000065faf690:   0000000000000005 0000000083a33a05
0x0000000065faf6a0:   0000000083a33fbc 000007fee08385af
0x0000000065faf6b0:   0000000083a33f98 000007fee0839772
0x0000000065faf6c0:   0000000063d30b30 0000000000000032
0x0000000065faf6d0:   0000000000000005 000000008889a610
0x0000000065faf6e0:   0000000000000001 000007fee08394f9
0x0000000065faf6f0:   0000000000000002 0000000063d30b30
0x0000000065faf700:   0000000083a33fa8 0000000000000184
0x0000000065faf710:   0000000000000184 000007fee0b9f9fa
0x0000000065faf720:   0000003f83a32e68 000007fee0810c34
0x0000000065faf730:   0000000063d30b30 0000000000000000
0x0000000065faf740:   0000000000239ef0 00000000000003d8
0x0000000065faf750:   000000006231e510 0000000063d30b30
0x0000000065faf760:   0000000065faf8d0 000007fee0812d1b
0x0000000065faf770:   0000000063d30b30 0000000000239ef0 

Instructions: (pc=0x000007fee0810d5d)
0x000007fee0810d3d:   8b d9 d1 e8 a8 01 75 6b 48 8b 41 08 8b 88 c0 02
0x000007fee0810d4d:   00 00 48 8b 80 b0 02 00 00 49 d3 e9 4a 8b 14 c8
0x000007fee0810d5d:   48 8b 82 f8 00 00 00 83 b8 18 01 00 00 00 74 43
0x000007fee0810d6d:   48 8b 4b 50 48 89 7c 24 30 49 c1 e8 09 48 8b 79 


Stack slot to memory mapping:
stack at sp + 0 slots: 0x000000006681c800 points into unknown readable memory: b0 74 09 65 00 00 00 00
stack at sp + 1 slots: 0x0000000083a33f99 is pointing into object: java.util.HashMap$Node 
{0x0000000083a33f88} - klass: 'java/util/HashMap$Node'
stack at sp + 2 slots: 0x0000000000000005 is an unknown value
stack at sp + 3 slots: 0x0000000083a33a05 is pointing into object: [Lorg.eclipse.jdt.internal.compiler.lookup.AnnotationBinding; 
{0x0000000083a339f0} - klass: 'org/eclipse/jdt/internal/compiler/lookup/AnnotationBinding'[]
 - length: 2
stack at sp + 4 slots: 0x0000000083a33fbc is pointing into object: org.eclipse.jdt.internal.compiler.util.SimpleSetOfCharArray 
{0x0000000083a33fa8} - klass: 'org/eclipse/jdt/internal/compiler/util/SimpleSetOfCharArray'
stack at sp + 5 slots: 0x000007fee08385af jvm.dll
stack at sp + 6 slots: 0x0000000083a33f98 is pointing into object: java.util.HashMap$Node 
{0x0000000083a33f88} - klass: 'java/util/HashMap$Node'
stack at sp + 7 slots: 0x000007fee0839772 jvm.dll


---------------  P R O C E S S  ---------------

Threads class SMR info:
_java_thread_list=0x0000000067456120, length=12, elements={
0x0000000000264000, 0x00000000622e0800, 0x00000000622d5800, 0x00000000622eb800,
0x00000000622ee800, 0x00000000622f0000, 0x00000000622f6000, 0x00000000622f9800,
0x00000000630f8800, 0x0000000063100800, 0x000000006a4cf000, 0x00000000688da000
}

Java Threads: ( => current thread )
  0x0000000000264000 JavaThread "main" [_thread_blocked, id=11652, stack(0x0000000002120000,0x0000000002220000)]
  0x00000000622e0800 JavaThread "Reference Handler" daemon [_thread_blocked, id=13676, stack(0x0000000062460000,0x0000000062560000)]
  0x00000000622d5800 JavaThread "Finalizer" daemon [_thread_blocked, id=8312, stack(0x0000000062730000,0x0000000062830000)]
  0x00000000622eb800 JavaThread "Signal Dispatcher" daemon [_thread_blocked, id=9380, stack(0x0000000062630000,0x0000000062730000)]
  0x00000000622ee800 JavaThread "Attach Listener" daemon [_thread_blocked, id=11568, stack(0x0000000062880000,0x0000000062980000)]
  0x00000000622f0000 JavaThread "C2 CompilerThread0" daemon [_thread_blocked, id=10028, stack(0x0000000062a10000,0x0000000062b10000)]
  0x00000000622f6000 JavaThread "C1 CompilerThread0" daemon [_thread_blocked, id=9812, stack(0x0000000062ce0000,0x0000000062de0000)]
  0x00000000622f9800 JavaThread "Sweeper thread" daemon [_thread_blocked, id=4628, stack(0x0000000062ef0000,0x0000000062ff0000)]
  0x00000000630f8800 JavaThread "Service Thread" daemon [_thread_blocked, id=12780, stack(0x0000000062df0000,0x0000000062ef0000)]
  0x0000000063100800 JavaThread "Common-Cleaner" daemon [_thread_blocked, id=4480, stack(0x0000000062bd0000,0x0000000062cd0000)]
  0x000000006a4cf000 JavaThread "C2 CompilerThread1" daemon [_thread_blocked, id=4644, stack(0x0000000069960000,0x0000000069a60000)]
  0x00000000688da000 JavaThread "Compiler Processing Task" daemon [_thread_blocked, id=4632, stack(0x00000000635c0000,0x00000000636c0000)]

Other Threads:
  0x00000000622cb000 VMThread "VM Thread" [stack: 0x0000000021720000,0x0000000021820000] [id=7240]
  0x00000000630ff000 WatcherThread [stack: 0x0000000063470000,0x0000000063570000] [id=12060]
  0x0000000000279000 GCTaskThread "GC Thread#0" [stack: 0x0000000019ce0000,0x0000000019de0000] [id=8672]
  0x0000000063d23800 GCTaskThread "GC Thread#1" [stack: 0x00000000643c0000,0x00000000644c0000] [id=10032]
  0x0000000063d24800 GCTaskThread "GC Thread#2" [stack: 0x00000000645c0000,0x00000000646c0000] [id=11492]
=>0x000000006773e800 GCTaskThread "GC Thread#3" [stack: 0x0000000065eb0000,0x0000000065fb0000] [id=6436]
  0x00000000002ad800 ConcurrentGCThread "G1 Main Marker" [stack: 0x000000001ed20000,0x000000001ee20000] [id=6412]
  0x00000000002b0000 ConcurrentGCThread "G1 Conc#0" [stack: 0x000000001eef0000,0x000000001eff0000] [id=664]
  0x000000002149c800 ConcurrentGCThread "G1 Refine#0" [stack: 0x00000000215e0000,0x00000000216e0000] [id=5160]
  0x000000002149f000 ConcurrentGCThread "G1 Young RemSet Sampling" [stack: 0x0000000021890000,0x0000000021990000] [id=13680]

Threads with active compile tasks:

VM state:at safepoint (normal execution)

VM Mutex/Monitor currently owned by a thread:  ([mutex/lock_event])
[0x0000000000261380] Threads_lock - owner thread: 0x00000000622cb000
[0x0000000000261b60] Heap_lock - owner thread: 0x00000000688da000

Heap address: 0x0000000080000000, size: 2048 MB, Compressed Oops mode: 32-bit
Narrow klass base: 0x0000000000000000, Narrow klass shift: 0
Compressed class space size: 1073741824 Address: 0x0000000021990000

Heap:
 garbage-first heap   total 196608K, used 153681K [0x0000000080000000, 0x0000000100000000)
  region size 1024K, 113 young (115712K), 14 survivors (14336K)
 Metaspace       used 43123K, capacity 44844K, committed 45184K, reserved 1089536K
  class space    used 4077K, capacity 4612K, committed 4736K, reserved 1048576K
Heap Regions: E=young(eden), S=young(survivor), O=old, HS=humongous(starts), HC=humongous(continues), CS=collection set, F=free, A=archive, TAMS=top-at-mark-start (previous, next)
|   0|0x0000000080000000, 0x0000000080100000, 0x0000000080100000|100%| O|  |TAMS 0x0000000080100000, 0x0000000080000000| Untracked 
|   1|0x0000000080100000, 0x0000000080200000, 0x0000000080200000|100%| O|  |TAMS 0x0000000080200000, 0x0000000080100000| Untracked 
|   2|0x0000000080200000, 0x0000000080300000, 0x0000000080300000|100%| O|  |TAMS 0x0000000080300000, 0x0000000080200000| Untracked 
|   3|0x0000000080300000, 0x0000000080400000, 0x0000000080400000|100%| O|  |TAMS 0x0000000080400000, 0x0000000080300000| Untracked 
|   4|0x0000000080400000, 0x0000000080500000, 0x0000000080500000|100%| O|  |TAMS 0x0000000080500000, 0x0000000080400000| Untracked 
|   5|0x0000000080500000, 0x0000000080600000, 0x0000000080600000|100%| O|  |TAMS 0x0000000080600000, 0x0000000080500000| Untracked 
|   6|0x0000000080600000, 0x0000000080700000, 0x0000000080700000|100%|HS|  |TAMS 0x0000000080700000, 0x0000000080600000| Complete 
|   7|0x0000000080700000, 0x0000000080800000, 0x0000000080800000|100%|HS|  |TAMS 0x0000000080800000, 0x0000000080700000| Complete 
|   8|0x0000000080800000, 0x0000000080900000, 0x0000000080900000|100%|HC|  |TAMS 0x0000000080900000, 0x0000000080800000| Complete 
|   9|0x0000000080900000, 0x0000000080a00000, 0x0000000080a00000|100%| O|  |TAMS 0x0000000080a00000, 0x0000000080900000| Untracked 
|  10|0x0000000080a00000, 0x0000000080b00000, 0x0000000080b00000|100%| O|  |TAMS 0x0000000080b00000, 0x0000000080a00000| Untracked 
|  11|0x0000000080b00000, 0x0000000080c00000, 0x0000000080c00000|100%| O|  |TAMS 0x0000000080c00000, 0x0000000080b00000| Untracked 
|  12|0x0000000080c00000, 0x0000000080d00000, 0x0000000080d00000|100%| O|  |TAMS 0x0000000080d00000, 0x0000000080c00000| Untracked 
|  13|0x0000000080d00000, 0x0000000080e00000, 0x0000000080e00000|100%| O|  |TAMS 0x0000000080e00000, 0x0000000080d00000| Untracked 
|  14|0x0000000080e00000, 0x0000000080f00000, 0x0000000080f00000|100%| O|  |TAMS 0x0000000080f00000, 0x0000000080e00000| Untracked 
|  15|0x0000000080f00000, 0x0000000081000000, 0x0000000081000000|100%| O|  |TAMS 0x0000000081000000, 0x0000000080f00000| Untracked 
|  16|0x0000000081000000, 0x0000000081100000, 0x0000000081100000|100%| O|  |TAMS 0x0000000081100000, 0x0000000081000000| Untracked 
|  17|0x0000000081100000, 0x0000000081200000, 0x0000000081200000|100%| O|  |TAMS 0x0000000081200000, 0x0000000081100000| Untracked 
|  18|0x0000000081200000, 0x0000000081300000, 0x0000000081300000|100%| O|  |TAMS 0x0000000081300000, 0x0000000081200000| Untracked 
|  19|0x0000000081300000, 0x0000000081400000, 0x0000000081400000|100%| O|  |TAMS 0x0000000081400000, 0x0000000081300000| Untracked 
|  20|0x0000000081400000, 0x0000000081500000, 0x0000000081500000|100%| O|  |TAMS 0x0000000081500000, 0x0000000081400000| Untracked 
|  21|0x0000000081500000, 0x0000000081600000, 0x0000000081600000|100%| O|  |TAMS 0x0000000081600000, 0x0000000081500000| Untracked 
|  22|0x0000000081600000, 0x0000000081700000, 0x0000000081700000|100%| O|  |TAMS 0x0000000081700000, 0x0000000081600000| Untracked 
|  23|0x0000000081700000, 0x0000000081800000, 0x0000000081800000|100%| O|  |TAMS 0x0000000081800000, 0x0000000081700000| Untracked 
|  24|0x0000000081800000, 0x0000000081900000, 0x0000000081900000|100%| O|  |TAMS 0x0000000081900000, 0x0000000081800000| Untracked 
|  25|0x0000000081900000, 0x0000000081a00000, 0x0000000081a00000|100%| O|  |TAMS 0x0000000081a00000, 0x0000000081900000| Untracked 
|  26|0x0000000081a00000, 0x0000000081b00000, 0x0000000081b00000|100%| O|  |TAMS 0x0000000081ac8a00, 0x0000000081a00000| Untracked 
|  27|0x0000000081b00000, 0x0000000081c00000, 0x0000000081c00000|100%| O|  |TAMS 0x0000000081b00000, 0x0000000081b00000| Untracked 
|  28|0x0000000081c00000, 0x0000000081d00000, 0x0000000081d00000|100%|HS|  |TAMS 0x0000000081c00000, 0x0000000081c00000| Complete 
|  29|0x0000000081d00000, 0x0000000081e00000, 0x0000000081e00000|100%| O|  |TAMS 0x0000000081d00000, 0x0000000081d00000| Untracked 
|  30|0x0000000081e00000, 0x0000000081f00000, 0x0000000081f00000|100%| O|  |TAMS 0x0000000081e00000, 0x0000000081e00000| Untracked 
|  31|0x0000000081f00000, 0x0000000082000000, 0x0000000082000000|100%| O|  |TAMS 0x0000000081f00000, 0x0000000081f00000| Untracked 
|  32|0x0000000082000000, 0x0000000082100000, 0x0000000082100000|100%| O|  |TAMS 0x0000000082000000, 0x0000000082000000| Untracked 
|  33|0x0000000082100000, 0x0000000082200000, 0x0000000082200000|100%| O|  |TAMS 0x0000000082100000, 0x0000000082100000| Untracked 
|  34|0x0000000082200000, 0x0000000082300000, 0x0000000082300000|100%| O|  |TAMS 0x0000000082200000, 0x0000000082200000| Untracked 
|  35|0x0000000082300000, 0x0000000082400000, 0x0000000082400000|100%| O|  |TAMS 0x0000000082300000, 0x0000000082300000| Untracked 
|  36|0x0000000082400000, 0x0000000082500000, 0x0000000082500000|100%| O|  |TAMS 0x0000000082400000, 0x0000000082400000| Untracked 
|  37|0x0000000082500000, 0x0000000082600000, 0x0000000082600000|100%| O|  |TAMS 0x0000000082500000, 0x0000000082500000| Untracked 
|  38|0x0000000082600000, 0x0000000082700000, 0x0000000082700000|100%| O|  |TAMS 0x0000000082600000, 0x0000000082600000| Untracked 
|  39|0x0000000082700000, 0x0000000082800000, 0x0000000082800000|100%| O|  |TAMS 0x0000000082700000, 0x0000000082700000| Untracked 
|  40|0x0000000082800000, 0x0000000082900000, 0x0000000082900000|100%| O|  |TAMS 0x0000000082800000, 0x0000000082800000| Untracked 
|  41|0x0000000082900000, 0x0000000082a00000, 0x0000000082a00000|100%| O|  |TAMS 0x0000000082900000, 0x0000000082900000| Untracked 
|  42|0x0000000082a00000, 0x0000000082b00000, 0x0000000082b00000|100%| O|  |TAMS 0x0000000082a00000, 0x0000000082a00000| Untracked 
|  43|0x0000000082b00000, 0x0000000082c00000, 0x0000000082c00000|100%| O|  |TAMS 0x0000000082b00000, 0x0000000082b00000| Untracked 
|  44|0x0000000082c00000, 0x0000000082d00000, 0x0000000082d00000|100%| O|  |TAMS 0x0000000082c00000, 0x0000000082c00000| Untracked 
|  45|0x0000000082d00000, 0x0000000082e00000, 0x0000000082e00000|100%| O|  |TAMS 0x0000000082d00000, 0x0000000082d00000| Untracked 
|  46|0x0000000082e00000, 0x0000000082f00000, 0x0000000082f00000|100%| O|  |TAMS 0x0000000082e00000, 0x0000000082e00000| Untracked 
|  47|0x0000000082f00000, 0x0000000083000000, 0x0000000083000000|100%| O|  |TAMS 0x0000000082f00000, 0x0000000082f00000| Untracked 
|  48|0x0000000083000000, 0x0000000083100000, 0x0000000083100000|100%| O|  |TAMS 0x0000000083000000, 0x0000000083000000| Untracked 
|  49|0x0000000083100000, 0x0000000083200000, 0x0000000083200000|100%| O|  |TAMS 0x0000000083100000, 0x0000000083100000| Untracked 
|  50|0x0000000083200000, 0x0000000083300000, 0x0000000083300000|100%| O|  |TAMS 0x0000000083200000, 0x0000000083200000| Untracked 
|  51|0x0000000083300000, 0x0000000083400000, 0x0000000083400000|100%| O|  |TAMS 0x0000000083300000, 0x0000000083300000| Untracked 
|  52|0x0000000083400000, 0x0000000083500000, 0x0000000083500000|100%| O|  |TAMS 0x0000000083400000, 0x0000000083400000| Untracked 
|  53|0x0000000083500000, 0x0000000083600000, 0x0000000083600000|100%| O|  |TAMS 0x0000000083500000, 0x0000000083500000| Untracked 
|  54|0x0000000083600000, 0x0000000083700000, 0x0000000083700000|100%| O|  |TAMS 0x0000000083600000, 0x0000000083600000| Untracked 
|  55|0x0000000083700000, 0x0000000083800000, 0x0000000083800000|100%| O|  |TAMS 0x0000000083700000, 0x0000000083700000| Untracked 
|  56|0x0000000083800000, 0x0000000083900000, 0x0000000083900000|100%| O|  |TAMS 0x0000000083800000, 0x0000000083800000| Untracked 
|  57|0x0000000083900000, 0x0000000083a00000, 0x0000000083a00000|100%| O|  |TAMS 0x0000000083900000, 0x0000000083900000| Untracked 
|  58|0x0000000083a00000, 0x0000000083b00000, 0x0000000083b00000|100%| O|  |TAMS 0x0000000083a00000, 0x0000000083a00000| Untracked 
|  59|0x0000000083b00000, 0x0000000083c00000, 0x0000000083c00000|100%| O|  |TAMS 0x0000000083b00000, 0x0000000083b00000| Untracked 
|  60|0x0000000083c00000, 0x0000000083d00000, 0x0000000083d00000|100%| O|  |TAMS 0x0000000083c00000, 0x0000000083c00000| Untracked 
|  61|0x0000000083d00000, 0x0000000083d00000, 0x0000000083e00000|  0%| F|  |TAMS 0x0000000083d00000, 0x0000000083d00000| Untracked 
|  62|0x0000000083e00000, 0x0000000083e00000, 0x0000000083f00000|  0%| F|  |TAMS 0x0000000083e00000, 0x0000000083e00000| Untracked 
|  63|0x0000000083f00000, 0x0000000083f00000, 0x0000000084000000|  0%| F|  |TAMS 0x0000000083f00000, 0x0000000083f00000| Untracked 
|  64|0x0000000084000000, 0x0000000084000000, 0x0000000084100000|  0%| F|  |TAMS 0x0000000084000000, 0x0000000084000000| Untracked 
|  65|0x0000000084100000, 0x0000000084100000, 0x0000000084200000|  0%| F|  |TAMS 0x0000000084100000, 0x0000000084100000| Untracked 
|  66|0x0000000084200000, 0x0000000084200000, 0x0000000084300000|  0%| F|  |TAMS 0x0000000084200000, 0x0000000084200000| Untracked 
|  67|0x0000000084300000, 0x0000000084300000, 0x0000000084400000|  0%| F|  |TAMS 0x0000000084300000, 0x0000000084300000| Untracked 
|  68|0x0000000084400000, 0x0000000084400000, 0x0000000084500000|  0%| F|  |TAMS 0x0000000084400000, 0x0000000084400000| Untracked 
|  69|0x0000000084500000, 0x0000000084500000, 0x0000000084600000|  0%| F|  |TAMS 0x0000000084500000, 0x0000000084500000| Untracked 
|  70|0x0000000084600000, 0x0000000084700000, 0x0000000084700000|100%| S|  |TAMS 0x0000000084600000, 0x0000000084600000| Complete 
|  71|0x0000000084700000, 0x0000000084800000, 0x0000000084800000|100%| S|  |TAMS 0x0000000084700000, 0x0000000084700000| Complete 
|  72|0x0000000084800000, 0x0000000084900000, 0x0000000084900000|100%| S|  |TAMS 0x0000000084800000, 0x0000000084800000| Complete 
|  73|0x0000000084900000, 0x0000000084a00000, 0x0000000084a00000|100%| S|  |TAMS 0x0000000084900000, 0x0000000084900000| Complete 
|  74|0x0000000084a00000, 0x0000000084b00000, 0x0000000084b00000|100%| S|  |TAMS 0x0000000084a00000, 0x0000000084a00000| Complete 
|  75|0x0000000084b00000, 0x0000000084c00000, 0x0000000084c00000|100%| S|  |TAMS 0x0000000084b00000, 0x0000000084b00000| Complete 
|  76|0x0000000084c00000, 0x0000000084d00000, 0x0000000084d00000|100%| S|  |TAMS 0x0000000084c00000, 0x0000000084c00000| Complete 
|  77|0x0000000084d00000, 0x0000000084e00000, 0x0000000084e00000|100%| S|  |TAMS 0x0000000084d00000, 0x0000000084d00000| Complete 
|  78|0x0000000084e00000, 0x0000000084f00000, 0x0000000084f00000|100%| S|  |TAMS 0x0000000084e00000, 0x0000000084e00000| Complete 
|  79|0x0000000084f00000, 0x0000000085000000, 0x0000000085000000|100%| S|  |TAMS 0x0000000084f00000, 0x0000000084f00000| Complete 
|  80|0x0000000085000000, 0x0000000085100000, 0x0000000085100000|100%| S|  |TAMS 0x0000000085000000, 0x0000000085000000| Complete 
|  81|0x0000000085100000, 0x0000000085200000, 0x0000000085200000|100%| S|  |TAMS 0x0000000085100000, 0x0000000085100000| Complete 
|  82|0x0000000085200000, 0x0000000085300000, 0x0000000085300000|100%| E|CS|TAMS 0x0000000085200000, 0x0000000085200000| Complete 
|  83|0x0000000085300000, 0x0000000085400000, 0x0000000085400000|100%| E|CS|TAMS 0x0000000085300000, 0x0000000085300000| Complete 
|  84|0x0000000085400000, 0x0000000085500000, 0x0000000085500000|100%| E|CS|TAMS 0x0000000085400000, 0x0000000085400000| Complete 
|  85|0x0000000085500000, 0x0000000085600000, 0x0000000085600000|100%| E|CS|TAMS 0x0000000085500000, 0x0000000085500000| Complete 
|  86|0x0000000085600000, 0x0000000085700000, 0x0000000085700000|100%| E|CS|TAMS 0x0000000085600000, 0x0000000085600000| Complete 
|  87|0x0000000085700000, 0x0000000085800000, 0x0000000085800000|100%| E|CS|TAMS 0x0000000085700000, 0x0000000085700000| Complete 
|  88|0x0000000085800000, 0x0000000085900000, 0x0000000085900000|100%| E|CS|TAMS 0x0000000085800000, 0x0000000085800000| Complete 
|  89|0x0000000085900000, 0x0000000085a00000, 0x0000000085a00000|100%| E|CS|TAMS 0x0000000085900000, 0x0000000085900000| Complete 
|  90|0x0000000085a00000, 0x0000000085b00000, 0x0000000085b00000|100%| E|CS|TAMS 0x0000000085a00000, 0x0000000085a00000| Complete 
|  91|0x0000000085b00000, 0x0000000085c00000, 0x0000000085c00000|100%| S|  |TAMS 0x0000000085b00000, 0x0000000085b00000| Complete 
|  92|0x0000000085c00000, 0x0000000085d00000, 0x0000000085d00000|100%| S|  |TAMS 0x0000000085c00000, 0x0000000085c00000| Complete 
|  93|0x0000000085d00000, 0x0000000085dff3b8, 0x0000000085e00000| 99%| E|CS|TAMS 0x0000000085d00000, 0x0000000085d00000| Complete 
|  94|0x0000000085e00000, 0x0000000085f00000, 0x0000000085f00000|100%| E|CS|TAMS 0x0000000085e00000, 0x0000000085e00000| Complete 
|  95|0x0000000085f00000, 0x0000000086000000, 0x0000000086000000|100%| E|CS|TAMS 0x0000000085f00000, 0x0000000085f00000| Complete 
|  96|0x0000000086000000, 0x0000000086100000, 0x0000000086100000|100%| E|CS|TAMS 0x0000000086000000, 0x0000000086000000| Complete 
|  97|0x0000000086100000, 0x0000000086200000, 0x0000000086200000|100%| E|CS|TAMS 0x0000000086100000, 0x0000000086100000| Complete 
|  98|0x0000000086200000, 0x0000000086300000, 0x0000000086300000|100%| E|CS|TAMS 0x0000000086200000, 0x0000000086200000| Complete 
|  99|0x0000000086300000, 0x0000000086400000, 0x0000000086400000|100%| E|CS|TAMS 0x0000000086300000, 0x0000000086300000| Complete 
| 100|0x0000000086400000, 0x0000000086500000, 0x0000000086500000|100%| E|CS|TAMS 0x0000000086400000, 0x0000000086400000| Complete 
| 101|0x0000000086500000, 0x0000000086600000, 0x0000000086600000|100%| E|CS|TAMS 0x0000000086500000, 0x0000000086500000| Complete 
| 102|0x0000000086600000, 0x0000000086700000, 0x0000000086700000|100%| E|CS|TAMS 0x0000000086600000, 0x0000000086600000| Complete 
| 103|0x0000000086700000, 0x0000000086800000, 0x0000000086800000|100%| E|CS|TAMS 0x0000000086700000, 0x0000000086700000| Complete 
| 104|0x0000000086800000, 0x0000000086900000, 0x0000000086900000|100%| E|CS|TAMS 0x0000000086800000, 0x0000000086800000| Complete 
| 105|0x0000000086900000, 0x0000000086a00000, 0x0000000086a00000|100%| E|CS|TAMS 0x0000000086900000, 0x0000000086900000| Complete 
| 106|0x0000000086a00000, 0x0000000086b00000, 0x0000000086b00000|100%| E|CS|TAMS 0x0000000086a00000, 0x0000000086a00000| Complete 
| 107|0x0000000086b00000, 0x0000000086c00000, 0x0000000086c00000|100%| E|CS|TAMS 0x0000000086b00000, 0x0000000086b00000| Complete 
| 108|0x0000000086c00000, 0x0000000086d00000, 0x0000000086d00000|100%| E|CS|TAMS 0x0000000086c00000, 0x0000000086c00000| Complete 
| 109|0x0000000086d00000, 0x0000000086e00000, 0x0000000086e00000|100%| E|CS|TAMS 0x0000000086d00000, 0x0000000086d00000| Complete 
| 110|0x0000000086e00000, 0x0000000086f00000, 0x0000000086f00000|100%| E|CS|TAMS 0x0000000086e00000, 0x0000000086e00000| Complete 
| 111|0x0000000086f00000, 0x0000000087000000, 0x0000000087000000|100%| E|CS|TAMS 0x0000000086f00000, 0x0000000086f00000| Complete 
| 112|0x0000000087000000, 0x0000000087100000, 0x0000000087100000|100%| E|CS|TAMS 0x0000000087000000, 0x0000000087000000| Complete 
| 113|0x0000000087100000, 0x0000000087200000, 0x0000000087200000|100%| E|CS|TAMS 0x0000000087100000, 0x0000000087100000| Complete 
| 114|0x0000000087200000, 0x0000000087300000, 0x0000000087300000|100%| E|CS|TAMS 0x0000000087200000, 0x0000000087200000| Complete 
| 115|0x0000000087300000, 0x0000000087400000, 0x0000000087400000|100%| E|CS|TAMS 0x0000000087300000, 0x0000000087300000| Complete 
| 116|0x0000000087400000, 0x0000000087500000, 0x0000000087500000|100%| E|CS|TAMS 0x0000000087400000, 0x0000000087400000| Complete 
| 117|0x0000000087500000, 0x0000000087600000, 0x0000000087600000|100%| E|CS|TAMS 0x0000000087500000, 0x0000000087500000| Complete 
| 118|0x0000000087600000, 0x0000000087700000, 0x0000000087700000|100%| E|CS|TAMS 0x0000000087600000, 0x0000000087600000| Complete 
| 119|0x0000000087700000, 0x0000000087800000, 0x0000000087800000|100%| E|CS|TAMS 0x0000000087700000, 0x0000000087700000| Complete 
| 120|0x0000000087800000, 0x0000000087900000, 0x0000000087900000|100%| E|CS|TAMS 0x0000000087800000, 0x0000000087800000| Complete 
| 121|0x0000000087900000, 0x0000000087a00000, 0x0000000087a00000|100%| E|CS|TAMS 0x0000000087900000, 0x0000000087900000| Complete 
| 122|0x0000000087a00000, 0x0000000087b00000, 0x0000000087b00000|100%| E|CS|TAMS 0x0000000087a00000, 0x0000000087a00000| Complete 
| 123|0x0000000087b00000, 0x0000000087c00000, 0x0000000087c00000|100%| E|CS|TAMS 0x0000000087b00000, 0x0000000087b00000| Complete 
| 124|0x0000000087c00000, 0x0000000087d00000, 0x0000000087d00000|100%| E|CS|TAMS 0x0000000087c00000, 0x0000000087c00000| Complete 
| 125|0x0000000087d00000, 0x0000000087e00000, 0x0000000087e00000|100%| E|CS|TAMS 0x0000000087d00000, 0x0000000087d00000| Complete 
| 126|0x0000000087e00000, 0x0000000087f00000, 0x0000000087f00000|100%| E|CS|TAMS 0x0000000087e00000, 0x0000000087e00000| Complete 
| 127|0x0000000087f00000, 0x0000000088000000, 0x0000000088000000|100%| E|CS|TAMS 0x0000000087f00000, 0x0000000087f00000| Complete 
| 128|0x0000000088000000, 0x0000000088100000, 0x0000000088100000|100%| E|CS|TAMS 0x0000000088000000, 0x0000000088000000| Complete 
| 129|0x0000000088100000, 0x0000000088200000, 0x0000000088200000|100%| E|CS|TAMS 0x0000000088100000, 0x0000000088100000| Complete 
| 130|0x0000000088200000, 0x0000000088300000, 0x0000000088300000|100%| E|CS|TAMS 0x0000000088200000, 0x0000000088200000| Complete 
| 131|0x0000000088300000, 0x0000000088400000, 0x0000000088400000|100%| E|CS|TAMS 0x0000000088300000, 0x0000000088300000| Complete 
| 132|0x0000000088400000, 0x0000000088500000, 0x0000000088500000|100%| E|CS|TAMS 0x0000000088400000, 0x0000000088400000| Complete 
| 133|0x0000000088500000, 0x0000000088600000, 0x0000000088600000|100%| E|CS|TAMS 0x0000000088500000, 0x0000000088500000| Complete 
| 134|0x0000000088600000, 0x0000000088700000, 0x0000000088700000|100%| E|CS|TAMS 0x0000000088600000, 0x0000000088600000| Complete 
| 135|0x0000000088700000, 0x0000000088800000, 0x0000000088800000|100%| E|CS|TAMS 0x0000000088700000, 0x0000000088700000| Complete 
| 136|0x0000000088800000, 0x0000000088900000, 0x0000000088900000|100%| E|CS|TAMS 0x0000000088800000, 0x0000000088800000| Complete 
| 137|0x0000000088900000, 0x0000000088a00000, 0x0000000088a00000|100%| E|CS|TAMS 0x0000000088900000, 0x0000000088900000| Complete 
| 138|0x0000000088a00000, 0x0000000088b00000, 0x0000000088b00000|100%| E|CS|TAMS 0x0000000088a00000, 0x0000000088a00000| Complete 
| 139|0x0000000088b00000, 0x0000000088c00000, 0x0000000088c00000|100%| E|CS|TAMS 0x0000000088b00000, 0x0000000088b00000| Complete 
| 140|0x0000000088c00000, 0x0000000088d00000, 0x0000000088d00000|100%| E|CS|TAMS 0x0000000088c00000, 0x0000000088c00000| Complete 
| 141|0x0000000088d00000, 0x0000000088e00000, 0x0000000088e00000|100%| E|CS|TAMS 0x0000000088d00000, 0x0000000088d00000| Complete 
| 142|0x0000000088e00000, 0x0000000088f00000, 0x0000000088f00000|100%| E|CS|TAMS 0x0000000088e00000, 0x0000000088e00000| Complete 
| 143|0x0000000088f00000, 0x0000000089000000, 0x0000000089000000|100%| E|CS|TAMS 0x0000000088f00000, 0x0000000088f00000| Complete 
| 144|0x0000000089000000, 0x0000000089100000, 0x0000000089100000|100%| E|CS|TAMS 0x0000000089000000, 0x0000000089000000| Complete 
| 145|0x0000000089100000, 0x0000000089200000, 0x0000000089200000|100%| E|CS|TAMS 0x0000000089100000, 0x0000000089100000| Complete 
| 146|0x0000000089200000, 0x0000000089300000, 0x0000000089300000|100%| E|CS|TAMS 0x0000000089200000, 0x0000000089200000| Complete 
| 147|0x0000000089300000, 0x0000000089400000, 0x0000000089400000|100%| E|CS|TAMS 0x0000000089300000, 0x0000000089300000| Complete 
| 148|0x0000000089400000, 0x0000000089500000, 0x0000000089500000|100%| E|CS|TAMS 0x0000000089400000, 0x0000000089400000| Complete 
| 149|0x0000000089500000, 0x0000000089600000, 0x0000000089600000|100%| E|CS|TAMS 0x0000000089500000, 0x0000000089500000| Complete 
| 150|0x0000000089600000, 0x0000000089700000, 0x0000000089700000|100%| E|CS|TAMS 0x0000000089600000, 0x0000000089600000| Complete 
| 151|0x0000000089700000, 0x0000000089800000, 0x0000000089800000|100%| E|CS|TAMS 0x0000000089700000, 0x0000000089700000| Complete 
| 152|0x0000000089800000, 0x0000000089900000, 0x0000000089900000|100%| E|CS|TAMS 0x0000000089800000, 0x0000000089800000| Complete 
| 153|0x0000000089900000, 0x0000000089a00000, 0x0000000089a00000|100%| E|CS|TAMS 0x0000000089900000, 0x0000000089900000| Complete 
| 154|0x0000000089a00000, 0x0000000089b00000, 0x0000000089b00000|100%| E|CS|TAMS 0x0000000089a00000, 0x0000000089a00000| Complete 
| 155|0x0000000089b00000, 0x0000000089c00000, 0x0000000089c00000|100%| E|CS|TAMS 0x0000000089b00000, 0x0000000089b00000| Complete 
| 156|0x0000000089c00000, 0x0000000089d00000, 0x0000000089d00000|100%| E|CS|TAMS 0x0000000089c00000, 0x0000000089c00000| Complete 
| 157|0x0000000089d00000, 0x0000000089e00000, 0x0000000089e00000|100%| E|CS|TAMS 0x0000000089d00000, 0x0000000089d00000| Complete 
| 158|0x0000000089e00000, 0x0000000089f00000, 0x0000000089f00000|100%| E|CS|TAMS 0x0000000089e00000, 0x0000000089e00000| Complete 
| 159|0x0000000089f00000, 0x000000008a000000, 0x000000008a000000|100%| E|CS|TAMS 0x0000000089f00000, 0x0000000089f00000| Complete 
| 160|0x000000008a000000, 0x000000008a100000, 0x000000008a100000|100%| E|CS|TAMS 0x000000008a000000, 0x000000008a000000| Complete 
| 161|0x000000008a100000, 0x000000008a200000, 0x000000008a200000|100%| E|CS|TAMS 0x000000008a100000, 0x000000008a100000| Complete 
| 162|0x000000008a200000, 0x000000008a300000, 0x000000008a300000|100%| E|CS|TAMS 0x000000008a200000, 0x000000008a200000| Complete 
| 163|0x000000008a300000, 0x000000008a400000, 0x000000008a400000|100%| E|CS|TAMS 0x000000008a300000, 0x000000008a300000| Complete 
| 164|0x000000008a400000, 0x000000008a500000, 0x000000008a500000|100%| E|CS|TAMS 0x000000008a400000, 0x000000008a400000| Complete 
| 165|0x000000008a500000, 0x000000008a600000, 0x000000008a600000|100%| E|CS|TAMS 0x000000008a500000, 0x000000008a500000| Complete 
| 166|0x000000008a600000, 0x000000008a700000, 0x000000008a700000|100%| E|CS|TAMS 0x000000008a600000, 0x000000008a600000| Complete 
| 167|0x000000008a700000, 0x000000008a800000, 0x000000008a800000|100%| E|CS|TAMS 0x000000008a700000, 0x000000008a700000| Complete 
| 168|0x000000008a800000, 0x000000008a900000, 0x000000008a900000|100%| E|CS|TAMS 0x000000008a800000, 0x000000008a800000| Complete 
| 169|0x000000008a900000, 0x000000008aa00000, 0x000000008aa00000|100%| E|CS|TAMS 0x000000008a900000, 0x000000008a900000| Complete 
| 170|0x000000008aa00000, 0x000000008ab00000, 0x000000008ab00000|100%| E|CS|TAMS 0x000000008aa00000, 0x000000008aa00000| Complete 
| 171|0x000000008ab00000, 0x000000008ac00000, 0x000000008ac00000|100%| E|CS|TAMS 0x000000008ab00000, 0x000000008ab00000| Complete 
| 172|0x000000008ac00000, 0x000000008ad00000, 0x000000008ad00000|100%| E|CS|TAMS 0x000000008ac00000, 0x000000008ac00000| Complete 
| 173|0x000000008ad00000, 0x000000008ae00000, 0x000000008ae00000|100%| E|CS|TAMS 0x000000008ad00000, 0x000000008ad00000| Complete 
| 174|0x000000008ae00000, 0x000000008af00000, 0x000000008af00000|100%| E|CS|TAMS 0x000000008ae00000, 0x000000008ae00000| Complete 
| 175|0x000000008af00000, 0x000000008b000000, 0x000000008b000000|100%| E|CS|TAMS 0x000000008af00000, 0x000000008af00000| Complete 
| 176|0x000000008b000000, 0x000000008b100000, 0x000000008b100000|100%| E|CS|TAMS 0x000000008b000000, 0x000000008b000000| Complete 
| 177|0x000000008b100000, 0x000000008b200000, 0x000000008b200000|100%| E|CS|TAMS 0x000000008b100000, 0x000000008b100000| Complete 
| 178|0x000000008b200000, 0x000000008b300000, 0x000000008b300000|100%| E|CS|TAMS 0x000000008b200000, 0x000000008b200000| Complete 
| 179|0x000000008b300000, 0x000000008b400000, 0x000000008b400000|100%| E|CS|TAMS 0x000000008b300000, 0x000000008b300000| Complete 
| 180|0x000000008b400000, 0x000000008b500000, 0x000000008b500000|100%| E|CS|TAMS 0x000000008b400000, 0x000000008b400000| Complete 
| 181|0x000000008b500000, 0x000000008b600000, 0x000000008b600000|100%| E|CS|TAMS 0x000000008b500000, 0x000000008b500000| Complete 
| 182|0x000000008b600000, 0x000000008b700000, 0x000000008b700000|100%| E|CS|TAMS 0x000000008b600000, 0x000000008b600000| Complete 
| 183|0x000000008b700000, 0x000000008b800000, 0x000000008b800000|100%| E|CS|TAMS 0x000000008b700000, 0x000000008b700000| Complete 
| 184|0x000000008b800000, 0x000000008b900000, 0x000000008b900000|100%| E|CS|TAMS 0x000000008b800000, 0x000000008b800000| Complete 
| 185|0x000000008b900000, 0x000000008ba00000, 0x000000008ba00000|100%| E|CS|TAMS 0x000000008b900000, 0x000000008b900000| Complete 
| 186|0x000000008ba00000, 0x000000008bb00000, 0x000000008bb00000|100%| E|CS|TAMS 0x000000008ba00000, 0x000000008ba00000| Complete 
| 187|0x000000008bb00000, 0x000000008bc00000, 0x000000008bc00000|100%| E|CS|TAMS 0x000000008bb00000, 0x000000008bb00000| Complete 
| 188|0x000000008bc00000, 0x000000008bd00000, 0x000000008bd00000|100%| E|CS|TAMS 0x000000008bc00000, 0x000000008bc00000| Complete 
| 189|0x000000008bd00000, 0x000000008be00000, 0x000000008be00000|100%| E|CS|TAMS 0x000000008bd00000, 0x000000008bd00000| Complete 
| 190|0x000000008be00000, 0x000000008bf00000, 0x000000008bf00000|100%| E|CS|TAMS 0x000000008be00000, 0x000000008be00000| Complete 
| 191|0x000000008bf00000, 0x000000008c000000, 0x000000008c000000|100%| E|CS|TAMS 0x000000008bf00000, 0x000000008bf00000| Complete 

Card table byte_map: [0x000000001a510000,0x000000001a910000] _byte_map_base: 0x000000001a110000

Marking Bits (Prev, Next): (CMBitMap*) 0x00000000002a4b28, (CMBitMap*) 0x00000000002a4b60
 Prev Bits: [0x000000001ad10000, 0x000000001cd10000)
 Next Bits: [0x000000001cd10000, 0x000000001ed10000)

Polling page: 0x00000000001c0000

Metaspace:

Usage:
  Non-class:     39.29 MB capacity,    38.13 MB ( 97%) used,     1.05 MB (  3%) free+waste,   110.75 KB ( <1%) overhead. 
      Class:      4.50 MB capacity,     3.98 MB ( 88%) used,   487.23 KB ( 11%) free+waste,    47.19 KB (  1%) overhead. 
       Both:     43.79 MB capacity,    42.11 MB ( 96%) used,     1.53 MB (  3%) free+waste,   157.94 KB ( <1%) overhead. 

Virtual space:
  Non-class space:       40.00 MB reserved,      39.50 MB ( 99%) committed 
      Class space:        1.00 GB reserved,       4.63 MB ( <1%) committed 
             Both:        1.04 GB reserved,      44.13 MB (  4%) committed 

Chunk freelists:
   Non-Class:  3.00 KB
       Class:  3.50 KB
        Both:  6.50 KB

CodeHeap 'non-profiled nmethods': size=120064Kb used=7170Kb max_used=7616Kb free=112893Kb
 bounds [0x0000000012560000, 0x0000000012ce0000, 0x0000000019aa0000]
CodeHeap 'profiled nmethods': size=120000Kb used=22438Kb max_used=24555Kb free=97561Kb
 bounds [0x000000000b030000, 0x000000000c840000, 0x0000000012560000]
CodeHeap 'non-nmethods': size=5696Kb used=1170Kb max_used=1217Kb free=4525Kb
 bounds [0x000000000aaa0000, 0x000000000ad10000, 0x000000000b030000]
 total_blobs=9465 nmethods=8943 adapters=432
 compilation: enabled
              stopped_count=0, restarted_count=0
 full_count=0

Compilation events (10 events):
Event: 74.816 Thread 0x00000000622f0000 nmethod 10283 0x00000000126da110 code [0x00000000126da2c0, 0x00000000126da638]
Event: 74.816 Thread 0x00000000622f0000 10282       4       org.eclipse.jdt.internal.compiler.lookup.LookupEnvironment::convertToRawType (416 bytes)
Event: 74.840 Thread 0x00000000622f0000 nmethod 10282 0x0000000012717710 code [0x0000000012717960, 0x00000000127183e0]
Event: 74.840 Thread 0x00000000622f0000 10025       4       org.eclipse.jdt.internal.compiler.lookup.TypeBinding::initializeForStaticImports (1 bytes)
Event: 74.841 Thread 0x00000000622f0000 nmethod 10025 0x00000000126fe990 code [0x00000000126feb20, 0x00000000126feb78]
Event: 74.841 Thread 0x00000000622f0000 10293       4       org.eclipse.jdt.internal.compiler.lookup.ModuleBinding$UnNamedModule::canAccess (23 bytes)
Event: 74.858 Thread 0x00000000622f0000 nmethod 10293 0x0000000012721a90 code [0x0000000012721c80, 0x0000000012722188]
Event: 74.895 Thread 0x000000006a4cf000 nmethod 10181 0x00000000127e1e10 code [0x00000000127e2440, 0x00000000127eb230]
Event: 74.950 Thread 0x00000000622f6000 10334       3       org.eclipse.jdt.internal.compiler.lookup.Scope::substitute (9 bytes)
Event: 74.950 Thread 0x00000000622f6000 nmethod 10334 0x000000000b1d3e10 code [0x000000000b1d3fc0, 0x000000000b1d4168]

GC Heap History (10 events):
Event: 64.396 GC heap after
{Heap after GC invocations=18 (full 0):
 garbage-first heap   total 196608K, used 39342K [0x0000000080000000, 0x0000000100000000)
  region size 1024K, 12 young (12288K), 12 survivors (12288K)
 Metaspace       used 34307K, capacity 35733K, committed 35840K, reserved 1081344K
  class space    used 3419K, capacity 3887K, committed 3968K, reserved 1048576K
}
Event: 67.230 GC heap before
{Heap before GC invocations=19 (full 0):
 garbage-first heap   total 196608K, used 144814K [0x0000000080000000, 0x0000000100000000)
  region size 1024K, 115 young (117760K), 12 survivors (12288K)
 Metaspace       used 34890K, capacity 36422K, committed 36608K, reserved 1081344K
  class space    used 3451K, capacity 3898K, committed 3968K, reserved 1048576K
}
Event: 67.242 GC heap after
{Heap after GC invocations=20 (full 0):
 garbage-first heap   total 196608K, used 32945K [0x0000000080000000, 0x0000000100000000)
  region size 1024K, 5 young (5120K), 5 survivors (5120K)
 Metaspace       used 34890K, capacity 36422K, committed 36608K, reserved 1081344K
  class space    used 3451K, capacity 3898K, committed 3968K, reserved 1048576K
}
Event: 68.623 GC heap before
{Heap before GC invocations=20 (full 0):
 garbage-first heap   total 196608K, used 148657K [0x0000000080000000, 0x0000000100000000)
  region size 1024K, 115 young (117760K), 5 survivors (5120K)
 Metaspace       used 38097K, capacity 39688K, committed 39808K, reserved 1085440K
  class space    used 3699K, capacity 4179K, committed 4224K, reserved 1048576K
}
Event: 68.633 GC heap after
{Heap after GC invocations=21 (full 0):
 garbage-first heap   total 196608K, used 34019K [0x0000000080000000, 0x0000000100000000)
  region size 1024K, 5 young (5120K), 5 survivors (5120K)
 Metaspace       used 38097K, capacity 39688K, committed 39808K, reserved 1085440K
  class space    used 3699K, capacity 4179K, committed 4224K, reserved 1048576K
}
Event: 69.792 GC heap before
{Heap before GC invocations=21 (full 0):
 garbage-first heap   total 196608K, used 146659K [0x0000000080000000, 0x0000000100000000)
  region size 1024K, 115 young (117760K), 5 survivors (5120K)
 Metaspace       used 40041K, capacity 41688K, committed 41856K, reserved 1087488K
  class space    used 3888K, capacity 4396K, committed 4480K, reserved 1048576K
}
Event: 69.817 GC heap after
{Heap after GC invocations=22 (full 0):
 garbage-first heap   total 196608K, used 43704K [0x0000000080000000, 0x0000000100000000)
  region size 1024K, 14 young (14336K), 14 survivors (14336K)
 Metaspace       used 40041K, capacity 41688K, committed 41856K, reserved 1087488K
  class space    used 3888K, capacity 4396K, committed 4480K, reserved 1048576K
}
Event: 71.239 GC heap before
{Heap before GC invocations=22 (full 0):
 garbage-first heap   total 196608K, used 146104K [0x0000000080000000, 0x0000000100000000)
  region size 1024K, 115 young (117760K), 14 survivors (14336K)
 Metaspace       used 41344K, capacity 43039K, committed 43264K, reserved 1087488K
  class space    used 3988K, capacity 4507K, committed 4608K, reserved 1048576K
}
Event: 71.278 GC heap after
{Heap after GC invocations=23 (full 0):
 garbage-first heap   total 196608K, used 52308K [0x0000000080000000, 0x0000000100000000)
  region size 1024K, 9 young (9216K), 9 survivors (9216K)
 Metaspace       used 41344K, capacity 43039K, committed 43264K, reserved 1087488K
  class space    used 3988K, capacity 4507K, committed 4608K, reserved 1048576K
}
Event: 74.956 GC heap before
{Heap before GC invocations=23 (full 0):
 garbage-first heap   total 196608K, used 152660K [0x0000000080000000, 0x0000000100000000)
  region size 1024K, 108 young (110592K), 9 survivors (9216K)
 Metaspace       used 43123K, capacity 44844K, committed 45184K, reserved 1089536K
  class space    used 4077K, capacity 4612K, committed 4736K, reserved 1048576K
}

Deoptimization events (10 events):
Event: 74.548 Thread 0x0000000000264000 Uncommon trap: reason=class_check action=maybe_recompile pc=0x0000000012bd13d0 method=jdk.internal.loader.URLClassPath.getLoader(I)Ljdk/internal/loader/URLClassPath$Loader; @ 190 c2
Event: 74.548 Thread 0x0000000000264000 Uncommon trap: reason=class_check action=maybe_recompile pc=0x0000000012be7034 method=jdk.internal.loader.URLClassPath.getResource(Ljava/lang/String;Z)Ljdk/internal/loader/Resource; @ 53 c2
Event: 74.548 Thread 0x0000000000264000 Uncommon trap: reason=class_check action=maybe_recompile pc=0x0000000012bd13d0 method=jdk.internal.loader.URLClassPath.getLoader(I)Ljdk/internal/loader/URLClassPath$Loader; @ 190 c2
Event: 74.552 Thread 0x0000000000264000 Uncommon trap: reason=class_check action=maybe_recompile pc=0x0000000012be7034 method=jdk.internal.loader.URLClassPath.getResource(Ljava/lang/String;Z)Ljdk/internal/loader/Resource; @ 53 c2
Event: 74.559 Thread 0x0000000000264000 Uncommon trap: reason=profile_predicate action=maybe_recompile pc=0x0000000012a79558 method=java.util.regex.Pattern$BnM.optimize(Ljava/util/regex/Pattern$Node;)Ljava/util/regex/Pattern$Node; @ 67 c2
Event: 74.600 Thread 0x00000000688da000 Uncommon trap: reason=class_check action=maybe_recompile pc=0x0000000012b23198 method=java.lang.ThreadLocal.setInitialValue()Ljava/lang/Object; @ 31 c2
Event: 74.601 Thread 0x00000000688da000 Uncommon trap: reason=unstable_if action=reinterpret pc=0x0000000012c51edc method=org.eclipse.jdt.internal.compiler.parser.Scanner.getNextToken0()I @ 281 c2
Event: 74.610 Thread 0x00000000688da000 Uncommon trap: reason=unstable_if action=reinterpret pc=0x0000000012661c0c method=org.eclipse.jdt.internal.compiler.lookup.TypeBinding.notEquals(Lorg/eclipse/jdt/internal/compiler/lookup/TypeBinding;Lorg/eclipse/jdt/internal/compiler/lookup/TypeBinding;)Z
Event: 74.621 Thread 0x00000000688da000 Uncommon trap: reason=unstable_if action=reinterpret pc=0x0000000012757224 method=org.eclipse.jdt.internal.compiler.lookup.SourceTypeBinding.canBeSeenBy(Lorg/eclipse/jdt/internal/compiler/lookup/Scope;)Z @ 10 c2
Event: 74.622 Thread 0x00000000688da000 Uncommon trap: reason=unstable_if action=reinterpret pc=0x0000000012639698 method=org.eclipse.jdt.internal.compiler.lookup.Scope.getBinding([CILorg/eclipse/jdt/internal/compiler/lookup/InvocationSite;Z)Lorg/eclipse/jdt/internal/compiler/lookup/Binding; @ 

Classes redefined (0 events):
No events

Internal exceptions (10 events):
Event: 74.538 Thread 0x0000000000264000 Exception <a 'java/security/PrivilegedActionException'{0x00000000865e3a80}> (0x00000000865e3a80) thrown at [./open/src/hotspot/share/prims/jvm.cpp, line 1305]
Event: 74.539 Thread 0x0000000000264000 Exception <a 'java/security/PrivilegedActionException'{0x00000000865e4548}> (0x00000000865e4548) thrown at [./open/src/hotspot/share/prims/jvm.cpp, line 1305]
Event: 74.569 Thread 0x0000000000264000 Exception <a 'java/security/PrivilegedActionException'{0x0000000085f0fb40}> (0x0000000085f0fb40) thrown at [./open/src/hotspot/share/prims/jvm.cpp, line 1305]
Event: 74.569 Thread 0x0000000000264000 Exception <a 'java/security/PrivilegedActionException'{0x0000000085f10608}> (0x0000000085f10608) thrown at [./open/src/hotspot/share/prims/jvm.cpp, line 1305]
Event: 74.577 Thread 0x0000000000264000 Exception <a 'java/security/PrivilegedActionException'{0x0000000085f56d00}> (0x0000000085f56d00) thrown at [./open/src/hotspot/share/prims/jvm.cpp, line 1305]
Event: 74.577 Thread 0x0000000000264000 Exception <a 'java/security/PrivilegedActionException'{0x0000000085f577c8}> (0x0000000085f577c8) thrown at [./open/src/hotspot/share/prims/jvm.cpp, line 1305]
Event: 74.577 Thread 0x0000000000264000 Exception <a 'java/security/PrivilegedActionException'{0x0000000085f595b8}> (0x0000000085f595b8) thrown at [./open/src/hotspot/share/prims/jvm.cpp, line 1305]
Event: 74.578 Thread 0x0000000000264000 Exception <a 'java/security/PrivilegedActionException'{0x0000000085f5a080}> (0x0000000085f5a080) thrown at [./open/src/hotspot/share/prims/jvm.cpp, line 1305]
Event: 74.578 Thread 0x0000000000264000 Exception <a 'java/security/PrivilegedActionException'{0x0000000085f5be98}> (0x0000000085f5be98) thrown at [./open/src/hotspot/share/prims/jvm.cpp, line 1305]
Event: 74.578 Thread 0x0000000000264000 Exception <a 'java/security/PrivilegedActionException'{0x0000000085f5c960}> (0x0000000085f5c960) thrown at [./open/src/hotspot/share/prims/jvm.cpp, line 1305]

Events (10 events):
Event: 74.949 loading class org/eclipse/jdt/internal/compiler/lookup/InferenceContext18$3 done
Event: 74.949 loading class org/eclipse/jdt/internal/compiler/lookup/InferenceContext18$2
Event: 74.949 loading class org/eclipse/jdt/internal/compiler/lookup/InferenceContext18$2 done
Event: 74.952 loading class org/eclipse/jdt/internal/compiler/flow/ConditionalFlowInfo
Event: 74.952 loading class org/eclipse/jdt/internal/compiler/flow/ConditionalFlowInfo done
Event: 74.953 loading class org/eclipse/jdt/internal/compiler/flow/UnconditionalFlowInfo$AssertionFailedException
Event: 74.953 loading class org/eclipse/jdt/internal/compiler/flow/UnconditionalFlowInfo$AssertionFailedException done
Event: 74.956 loading class org/eclipse/jdt/internal/compiler/codegen/ObjectCache
Event: 74.956 loading class org/eclipse/jdt/internal/compiler/codegen/ObjectCache done
Event: 74.956 Executing VM operation: G1CollectForAllocation


Dynamic libraries:
0x000000013f0f0000 - 0x000000013f0ff000 	C:\Program Files\Java\jdk-11.0.11\bin\java.exe
0x0000000077bf0000 - 0x0000000077d8f000 	C:\Windows\SYSTEM32\ntdll.dll
0x00000000779d0000 - 0x0000000077aef000 	C:\Windows\system32\kernel32.dll
0x000007fefd770000 - 0x000007fefd7d7000 	C:\Windows\system32\KERNELBASE.dll
0x000007feec650000 - 0x000007feec668000 	C:\Program Files\Java\jdk-11.0.11\bin\jli.dll
0x000007fefe610000 - 0x000007fefe6eb000 	C:\Windows\system32\ADVAPI32.dll
0x000007fefdba0000 - 0x000007fefdc3f000 	C:\Windows\system32\msvcrt.dll
0x000007fefdad0000 - 0x000007fefdaef000 	C:\Windows\SYSTEM32\sechost.dll
0x000007fefeed0000 - 0x000007fefeffc000 	C:\Windows\system32\RPCRT4.dll
0x000007fefbc00000 - 0x000007fefbdf5000 	C:\Windows\WinSxS\amd64_microsoft.windows.common-controls_6595b64144ccf1df_6.0.7601.24483_none_e372d88f30fbb845\COMCTL32.dll
0x000007feff000000 - 0x000007feff067000 	C:\Windows\system32\GDI32.dll
0x0000000077af0000 - 0x0000000077beb000 	C:\Windows\system32\USER32.dll
0x000007feff070000 - 0x000007feff07e000 	C:\Windows\system32\LPK.dll
0x000007fefe3a0000 - 0x000007fefe46b000 	C:\Windows\system32\USP10.dll
0x000007fefe210000 - 0x000007fefe281000 	C:\Windows\system32\SHLWAPI.dll
0x000007fefc7f0000 - 0x000007fefc7fc000 	C:\Windows\system32\VERSION.dll
0x000007feec670000 - 0x000007feec685000 	C:\Program Files\Java\jdk-11.0.11\bin\VCRUNTIME140.dll
0x000007fefbe30000 - 0x000007fefbe34000 	C:\Program Files\Java\jdk-11.0.11\bin\api-ms-win-crt-runtime-l1-1-0.dll
0x000007fee46c0000 - 0x000007fee47ba000 	C:\Program Files\Java\jdk-11.0.11\bin\ucrtbase.DLL
0x000007fefc170000 - 0x000007fefc173000 	C:\Program Files\Java\jdk-11.0.11\bin\api-ms-win-core-localization-l1-2-0.dll
0x000007feec640000 - 0x000007feec643000 	C:\Program Files\Java\jdk-11.0.11\bin\api-ms-win-core-processthreads-l1-1-1.dll
0x000007fefafb0000 - 0x000007fefafb3000 	C:\Program Files\Java\jdk-11.0.11\bin\api-ms-win-core-file-l1-2-0.dll
0x000007feec620000 - 0x000007feec623000 	C:\Program Files\Java\jdk-11.0.11\bin\api-ms-win-core-timezone-l1-1-0.dll
0x000007feec630000 - 0x000007feec633000 	C:\Program Files\Java\jdk-11.0.11\bin\api-ms-win-core-file-l2-1-0.dll
0x000007feec600000 - 0x000007feec603000 	C:\Program Files\Java\jdk-11.0.11\bin\api-ms-win-core-synch-l1-2-0.dll
0x000007feec610000 - 0x000007feec613000 	C:\Program Files\Java\jdk-11.0.11\bin\api-ms-win-crt-heap-l1-1-0.dll
0x000007feec5e0000 - 0x000007feec5e4000 	C:\Program Files\Java\jdk-11.0.11\bin\api-ms-win-crt-string-l1-1-0.dll
0x000007feec5f0000 - 0x000007feec5f4000 	C:\Program Files\Java\jdk-11.0.11\bin\api-ms-win-crt-stdio-l1-1-0.dll
0x000007feec5c0000 - 0x000007feec5c4000 	C:\Program Files\Java\jdk-11.0.11\bin\api-ms-win-crt-convert-l1-1-0.dll
0x000007feec5d0000 - 0x000007feec5d3000 	C:\Program Files\Java\jdk-11.0.11\bin\api-ms-win-crt-environment-l1-1-0.dll
0x000007feec5a0000 - 0x000007feec5a3000 	C:\Program Files\Java\jdk-11.0.11\bin\api-ms-win-crt-filesystem-l1-1-0.dll
0x000007feec5b0000 - 0x000007feec5b5000 	C:\Program Files\Java\jdk-11.0.11\bin\api-ms-win-crt-math-l1-1-0.dll
0x000007feec580000 - 0x000007feec583000 	C:\Program Files\Java\jdk-11.0.11\bin\api-ms-win-crt-locale-l1-1-0.dll
0x000007fefdb70000 - 0x000007fefdb9e000 	C:\Windows\system32\IMM32.DLL
0x000007fefe290000 - 0x000007fefe39b000 	C:\Windows\system32\MSCTF.dll
0x000007feea410000 - 0x000007feea4ab000 	C:\Program Files\Java\jdk-11.0.11\bin\msvcp140.dll
0x000007feec590000 - 0x000007feec593000 	C:\Program Files\Java\jdk-11.0.11\bin\api-ms-win-crt-time-l1-1-0.dll
0x000007feec560000 - 0x000007feec563000 	C:\Program Files\Java\jdk-11.0.11\bin\api-ms-win-crt-utility-l1-1-0.dll
0x000007fee0540000 - 0x000007fee103e000 	C:\Program Files\Java\jdk-11.0.11\bin\server\jvm.dll
0x000007fef8a60000 - 0x000007fef8a69000 	C:\Windows\system32\WSOCK32.dll
0x000007fefee80000 - 0x000007fefeecd000 	C:\Windows\system32\WS2_32.dll
0x000007fefe470000 - 0x000007fefe478000 	C:\Windows\system32\NSI.dll
0x000007fefbe80000 - 0x000007fefbebb000 	C:\Windows\system32\WINMM.dll
0x0000000077d90000 - 0x0000000077d97000 	C:\Windows\system32\PSAPI.DLL
0x000007feec570000 - 0x000007feec580000 	C:\Program Files\Java\jdk-11.0.11\bin\verify.dll
0x000007fef8890000 - 0x000007fef89b5000 	C:\Windows\system32\DBGHELP.DLL
0x000007feebc50000 - 0x000007feebc78000 	C:\Program Files\Java\jdk-11.0.11\bin\java.dll
0x000007feec360000 - 0x000007feec36a000 	C:\Program Files\Java\jdk-11.0.11\bin\jimage.dll
0x000007feebcc0000 - 0x000007feebcd6000 	C:\Program Files\Java\jdk-11.0.11\bin\zip.dll
0x000007feff120000 - 0x000007feffeab000 	C:\Windows\system32\SHELL32.dll
0x000007fefe8d0000 - 0x000007fefeacf000 	C:\Windows\system32\ole32.dll
0x000007fefd720000 - 0x000007fefd72f000 	C:\Windows\system32\profapi.dll
0x000007feebd70000 - 0x000007feebd89000 	C:\Program Files\Java\jdk-11.0.11\bin\net.dll
0x000007fef98c0000 - 0x000007fef9931000 	C:\Windows\system32\WINHTTP.dll
0x000007fef9850000 - 0x000007fef98b5000 	C:\Windows\system32\webio.dll
0x000007fefce90000 - 0x000007fefcee5000 	C:\Windows\system32\mswsock.dll
0x000007fefce80000 - 0x000007fefce87000 	C:\Windows\System32\wship6.dll
0x000007feebc90000 - 0x000007feebca2000 	C:\Program Files\Java\jdk-11.0.11\bin\nio.dll

dbghelp: loaded successfully - version: 4.0.5 - missing functions: none
symbol engine: initialized successfully - sym options: 0x614 - pdb path: .;C:\Program Files\Java\jdk-11.0.11\bin;C:\Windows\SYSTEM32;C:\Windows\WinSxS\amd64_microsoft.windows.common-controls_6595b64144ccf1df_6.0.7601.24483_none_e372d88f30fbb845;C:\Program Files\Java\jdk-11.0.11\bin\server

VM Arguments:
jvm_args: -Xmx2g -Dfile.encoding=UTF-8 -Dant.home=D:\habrisBatch2021\hybris\bin\platform\apache-ant 
java_command: org.apache.tools.ant.launch.Launcher clean all
java_class_path (initial): D:\habrisBatch2021\hybris\bin\platform\apache-ant\lib\ant-launcher.jar
Launcher Type: SUN_STANDARD

[Global flags]
     intx CICompilerCount                          = 3                                         {product} {ergonomic}
     uint ConcGCThreads                            = 1                                         {product} {ergonomic}
     uint G1ConcRefinementThreads                  = 4                                         {product} {ergonomic}
   size_t G1HeapRegionSize                         = 1048576                                   {product} {ergonomic}
    uintx GCDrainStackTargetSize                   = 64                                        {product} {ergonomic}
   size_t InitialHeapSize                          = 167772160                                 {product} {ergonomic}
   size_t MarkStackSize                            = 4194304                                   {product} {ergonomic}
   size_t MaxHeapSize                              = 2147483648                                {product} {command line}
   size_t MaxNewSize                               = 1287651328                                {product} {ergonomic}
   size_t MinHeapDeltaBytes                        = 1048576                                   {product} {ergonomic}
    uintx NonNMethodCodeHeapSize                   = 5830732                                {pd product} {ergonomic}
    uintx NonProfiledCodeHeapSize                  = 122913754                              {pd product} {ergonomic}
    uintx ProfiledCodeHeapSize                     = 122913754                              {pd product} {ergonomic}
    uintx ReservedCodeCacheSize                    = 251658240                              {pd product} {ergonomic}
     bool SegmentedCodeCache                       = true                                      {product} {ergonomic}
     bool UseCompressedClassPointers               = true                                 {lp64_product} {ergonomic}
     bool UseCompressedOops                        = true                                 {lp64_product} {ergonomic}
     bool UseG1GC                                  = true                                      {product} {ergonomic}
     bool UseLargePagesIndividualAllocation        = false                                  {pd product} {ergonomic}

Logging:
Log output configuration:
 #0: stdout all=warning uptime,level,tags
 #1: stderr all=off uptime,level,tags

Environment Variables:
JAVA_HOME=C:\Program Files\Java\jdk-11.0.11
PATH=D:\habrisBatch2021\hybris\bin\platform\apache-ant\bin;C:\Program Files\Common Files\Oracle\Java\javapath;C:\Program Files\nodejs\;C:\Program Files\Git\cmd;C:\Users\razhaka\AppData\Roaming\npm;C:\Users\razhaka\AppData\Local\Programs\Microsoft VS Code\bin;C:\Program Files\Java\jdk1.8.0_201\bin;C:\Users\razhaka\AppData\Local\Programs\Microsoft VS Code
USERNAME=razhaka
OS=Windows_NT
PROCESSOR_IDENTIFIER=Intel64 Family 6 Model 42 Stepping 7, GenuineIntel



---------------  S Y S T E M  ---------------

OS: Windows 7 , 64 bit Build 7601 (6.1.7601.24545)

CPU:total 4 (initial active 4) (2 cores per cpu, 2 threads per core) family 6 model 42 stepping 7 microcode 0x0, cmov, cx8, fxsr, mmx, sse, sse2, sse3, ssse3, sse4.1, sse4.2, popcnt, avx, clmul, ht, tsc, tscinvbit

Memory: 4k page, system-wide physical 10187M (2700M free)
TotalPageFile size 20373M (AvailPageFile size 11202M)
current process WorkingSet (physical memory assigned to process): 402M, peak: 402M
current process commit charge ("private bytes"): 449M, peak: 455M

vm_info: Java HotSpot(TM) 64-Bit Server VM (11.0.11+9-LTS-194) for windows-amd64 JRE (11.0.11+9-LTS-194), built on Mar 18 2021 18:46:53 by "mach5one" with MS VC++ 15.9 (VS2017)

END.
