#
# A fatal error has been detected by the Java Runtime Environment:
#
#  EXCEPTION_ACCESS_VIOLATION (0xc0000005) at pc=0x000007fed27790e6, pid=14284, tid=11628
#
# JRE version: Java(TM) SE Runtime Environment 18.9 (11.0.11+9) (build 11.0.11+9-LTS-194)
# Java VM: Java HotSpot(TM) 64-Bit Server VM 18.9 (11.0.11+9-LTS-194, mixed mode, tiered, compressed oops, g1 gc, windows-amd64)
# Problematic frame:
# V  [jvm.dll+0x2f90e6]
#
# No core dump will be written. Minidumps are not enabled by default on client versions of Windows
#
# If you would like to submit a bug report, please visit:
#   https://bugreport.java.com/bugreport/crash.jsp
#

---------------  S U M M A R Y ------------

Command Line: -Xmx2g -Dfile.encoding=UTF-8 -Dant.home=D:\habrisBatch2021\hybris\bin\platform\apache-ant org.apache.tools.ant.launch.Launcher clean all

Host: Intel(R) Core(TM) i3-2330M CPU @ 2.20GHz, 4 cores, 9G,  Windows 7 , 64 bit Build 7601 (6.1.7601.24545)
Time: Fri Jun 25 17:12:43 2021 India Standard Time elapsed time: 69.513011 seconds (0d 0h 1m 9s)

---------------  T H R E A D  ---------------

Current thread (0x0000000000459000):  GCTaskThread "GC Thread#0" [stack: 0x0000000019dd0000,0x0000000019ed0000] [id=11628]

Stack: [0x0000000019dd0000,0x0000000019ed0000],  sp=0x0000000019ecefc0,  free space=1019k
Native frames: (J=compiled Java code, j=interpreted, Vv=VM code, C=native code)
V  [jvm.dll+0x2f90e6]
V  [jvm.dll+0x2f79e3]
V  [jvm.dll+0x305c2e]
V  [jvm.dll+0x30463e]
V  [jvm.dll+0x2abfd0]
V  [jvm.dll+0x2abef1]
V  [jvm.dll+0x2d6f4b]
V  [jvm.dll+0x304cd6]
V  [jvm.dll+0x2d94e9]
V  [jvm.dll+0x77a9d0]
V  [jvm.dll+0x70dfc4]
V  [jvm.dll+0x6160f6]
C  [ucrtbase.DLL+0x1d912]
C  [kernel32.dll+0x1556d]
C  [ntdll.dll+0x5372d]


siginfo: EXCEPTION_ACCESS_VIOLATION (0xc0000005), reading address 0xffffffffffffffff


Register to memory mapping:

RIP=0x000007fed27790e6 jvm.dll
RAX=0x8298938800000000 is an unknown value
RBX=0x0000000083d73a20 is pointing into object: org.eclipse.jdt.internal.compiler.lookup.ClassScope 
{0x0000000083d73a10} - klass: 'org/eclipse/jdt/internal/compiler/lookup/ClassScope'
RCX=0x00000000216e13b0 points into unknown readable memory: 00 c6 cd d2 fe 07 00 00
RDX=0x0000000000000865 is an unknown value
RSP=0x0000000019ecefc0 points into unknown readable memory: 02 00 00 00 00 00 00 00
RBP=0x0000000064172a30 points into unknown readable memory: 48 4c cd d2 fe 07 00 00
RSI=0x0000000064172a30 points into unknown readable memory: 48 4c cd d2 fe 07 00 00
RDI=0x0000000000000001 is an unknown value
R8 =0x00000000043f622b points into unknown readable memory: 53 75 70 70 6c
R9 =0x0000000086586e80 is an oop: org.eclipse.jdt.internal.compiler.ast.CompilationUnitDeclaration 
{0x0000000086586e80} - klass: 'org/eclipse/jdt/internal/compiler/ast/CompilationUnitDeclaration'
R10=0x0000000083d73a20 is pointing into object: org.eclipse.jdt.internal.compiler.lookup.ClassScope 
{0x0000000083d73a10} - klass: 'org/eclipse/jdt/internal/compiler/lookup/ClassScope'
R11=0x0000000064172ba0 points into unknown readable memory: 00 4c cd d2 fe 07 00 00
R12=0x0 is NULL
R13=0x00000000043f622b points into unknown readable memory: 53 75 70 70 6c
R14=0x0000000086586e38 is pointing into object: org.eclipse.jdt.internal.compiler.lookup.CompilationUnitScope 
{0x0000000086586e18} - klass: 'org/eclipse/jdt/internal/compiler/lookup/CompilationUnitScope'
R15=0x8298938800000000 is an unknown value


Registers:
RAX=0x8298938800000000, RBX=0x0000000083d73a20, RCX=0x00000000216e13b0, RDX=0x0000000000000865
RSP=0x0000000019ecefc0, RBP=0x0000000064172a30, RSI=0x0000000064172a30, RDI=0x0000000000000001
R8 =0x00000000043f622b, R9 =0x0000000086586e80, R10=0x0000000083d73a20, R11=0x0000000064172ba0
R12=0x0000000000000000, R13=0x00000000043f622b, R14=0x0000000086586e38, R15=0x8298938800000000
RIP=0x000007fed27790e6, EFLAGS=0x0000000000010286

Top of Stack: (sp=0x0000000019ecefc0)
0x0000000019ecefc0:   0000000000000002 0000000064172a30
0x0000000019ecefd0:   0000000083d73a10 00000000000000af
0x0000000019ecefe0:   00000000000000af 0000000019ecf2a8
0x0000000019eceff0:   0000000283d6a5d0 000007fed2752c2e
0x0000000019ecf000:   0000000064172a30 0000000000000040
0x0000000019ecf010:   0000000000419e10 0000000019ecf2a8
0x0000000019ecf020:   0000000000000000 0000000000419d90
0x0000000019ecf030:   0000000000000100 000007fed27779e3
0x0000000019ecf040:   0000000064172a30 0000000000419e10
0x0000000019ecf050:   000000000000000d 0000000083d73a20
0x0000000019ecf060:   00000000832c3e0c 0000000083d73a21
0x0000000019ecf070:   00000000832c3e04 000007fed2780110
0x0000000019ecf080:   00000000832c3ab8 0003000300030003
0x0000000019ecf090:   0000000000000100 0000000000000032
0x0000000019ecf0a0:   0000000019ecf280 0000000000000002
0x0000000019ecf0b0:   0000000000000000 0000000000477120 

Instructions: (pc=0x000007fed27790e6)
0x000007fed27790c6:   44 24 34 40 80 ff 01 75 2f 41 0f b6 c7 f6 d0 40
0x000007fed27790d6:   84 c7 75 05 4d 8b e7 eb 0a 49 8b c7 48 83 e0 fd
0x000007fed27790e6:   4c 8b 20 49 c1 ec 03 41 83 e4 0f 44 3b a5 6c 01
0x000007fed27790f6:   00 00 73 04 b3 01 eb 0c 48 0f be c7 0f b6 9c 28 


Stack slot to memory mapping:
stack at sp + 0 slots: 0x0000000000000002 is an unknown value
stack at sp + 1 slots: 0x0000000064172a30 points into unknown readable memory: 48 4c cd d2 fe 07 00 00
stack at sp + 2 slots: 0x0000000083d73a10 is an oop: org.eclipse.jdt.internal.compiler.lookup.ClassScope 
{0x0000000083d73a10} - klass: 'org/eclipse/jdt/internal/compiler/lookup/ClassScope'
stack at sp + 3 slots: 0x00000000000000af is an unknown value
stack at sp + 4 slots: 0x00000000000000af is an unknown value
stack at sp + 5 slots: 0x0000000019ecf2a8 points into unknown readable memory: e0 55 cd d2 fe 07 00 00
stack at sp + 6 slots: 0x0000000283d6a5d0 is an unknown value
stack at sp + 7 slots: 0x000007fed2752c2e jvm.dll


---------------  P R O C E S S  ---------------

Threads class SMR info:
_java_thread_list=0x0000000069c6dda0, length=12, elements={
0x0000000000444000, 0x00000000624bc800, 0x00000000624c5800, 0x00000000624d7800,
0x00000000624da000, 0x00000000624db000, 0x00000000624e0800, 0x00000000624eb000,
0x0000000063261000, 0x0000000063268000, 0x00000000649d5000, 0x000000006a0c4800
}

Java Threads: ( => current thread )
  0x0000000000444000 JavaThread "main" [_thread_blocked, id=7544, stack(0x00000000022d0000,0x00000000023d0000)]
  0x00000000624bc800 JavaThread "Reference Handler" daemon [_thread_blocked, id=11440, stack(0x0000000062850000,0x0000000062950000)]
  0x00000000624c5800 JavaThread "Finalizer" daemon [_thread_blocked, id=13980, stack(0x0000000062700000,0x0000000062800000)]
  0x00000000624d7800 JavaThread "Signal Dispatcher" daemon [_thread_blocked, id=9892, stack(0x0000000062af0000,0x0000000062bf0000)]
  0x00000000624da000 JavaThread "Attach Listener" daemon [_thread_blocked, id=8752, stack(0x0000000062970000,0x0000000062a70000)]
  0x00000000624db000 JavaThread "C2 CompilerThread0" daemon [_thread_blocked, id=7928, stack(0x0000000062db0000,0x0000000062eb0000)]
  0x00000000624e0800 JavaThread "C1 CompilerThread0" daemon [_thread_blocked, id=2504, stack(0x0000000062ec0000,0x0000000062fc0000)]
  0x00000000624eb000 JavaThread "Sweeper thread" daemon [_thread_blocked, id=10840, stack(0x0000000063050000,0x0000000063150000)]
  0x0000000063261000 JavaThread "Service Thread" daemon [_thread_blocked, id=14724, stack(0x0000000063630000,0x0000000063730000)]
  0x0000000063268000 JavaThread "Common-Cleaner" daemon [_thread_blocked, id=9348, stack(0x00000000638a0000,0x00000000639a0000)]
  0x00000000649d5000 JavaThread "C2 CompilerThread1" daemon [_thread_blocked, id=12152, stack(0x0000000066d60000,0x0000000066e60000)]
  0x000000006a0c4800 JavaThread "Compiler Processing Task" daemon [_thread_blocked, id=11960, stack(0x000000006a860000,0x000000006a960000)]

Other Threads:
  0x00000000624b8000 VMThread "VM Thread" [stack: 0x00000000625a0000,0x00000000626a0000] [id=12624]
  0x0000000063267800 WatcherThread [stack: 0x0000000062c20000,0x0000000062d20000] [id=12320]
=>0x0000000000459000 GCTaskThread "GC Thread#0" [stack: 0x0000000019dd0000,0x0000000019ed0000] [id=11628]
  0x00000000640f0000 GCTaskThread "GC Thread#1" [stack: 0x00000000656e0000,0x00000000657e0000] [id=9828]
  0x00000000640f0800 GCTaskThread "GC Thread#2" [stack: 0x0000000063760000,0x0000000063860000] [id=14916]
  0x00000000762d1800 GCTaskThread "GC Thread#3" [stack: 0x0000000078490000,0x0000000078590000] [id=14408]
  0x000000000048d800 ConcurrentGCThread "G1 Main Marker" [stack: 0x000000001ef80000,0x000000001f080000] [id=10332]
  0x0000000000490000 ConcurrentGCThread "G1 Conc#0" [stack: 0x000000001f170000,0x000000001f270000] [id=8184]
  0x0000000021715800 ConcurrentGCThread "G1 Refine#0" [stack: 0x0000000021890000,0x0000000021990000] [id=9192]
  0x000000006c659800 ConcurrentGCThread "G1 Refine#1" [stack: 0x0000000064400000,0x0000000064500000] [id=14904]
  0x000000006c65a800 ConcurrentGCThread "G1 Refine#2" [stack: 0x00000000639a0000,0x0000000063aa0000] [id=3488]
  0x0000000021718000 ConcurrentGCThread "G1 Young RemSet Sampling" [stack: 0x0000000021a70000,0x0000000021b70000] [id=11476]

Threads with active compile tasks:
C2 CompilerThread0  69628 11041       4       org.eclipse.jdt.internal.compiler.parser.Scanner::disambiguatedToken (154 bytes)
C1 CompilerThread0  69628 11071       3       org.eclipse.jdt.internal.compiler.ast.AbstractMethodDeclaration::resolveStatements (89 bytes)
C2 CompilerThread1  69628 11021       4       org.eclipse.jdt.internal.compiler.lookup.CompilationUnitScope::faultInImports (984 bytes)

VM state:at safepoint (normal execution)

VM Mutex/Monitor currently owned by a thread:  ([mutex/lock_event])
[0x0000000000441380] Threads_lock - owner thread: 0x00000000624b8000
[0x0000000000441b60] Heap_lock - owner thread: 0x000000006a0c4800

Heap address: 0x0000000080000000, size: 2048 MB, Compressed Oops mode: 32-bit
Narrow klass base: 0x0000000000000000, Narrow klass shift: 0
Compressed class space size: 1073741824 Address: 0x0000000021b70000

Heap:
 garbage-first heap   total 196608K, used 147877K [0x0000000080000000, 0x0000000100000000)
  region size 1024K, 68 young (69632K), 4 survivors (4096K)
 Metaspace       used 44750K, capacity 46411K, committed 46720K, reserved 1091584K
  class space    used 4127K, capacity 4644K, committed 4736K, reserved 1048576K
Heap Regions: E=young(eden), S=young(survivor), O=old, HS=humongous(starts), HC=humongous(continues), CS=collection set, F=free, A=archive, TAMS=top-at-mark-start (previous, next)
|   0|0x0000000080000000, 0x0000000080100000, 0x0000000080100000|100%| O|  |TAMS 0x0000000080100000, 0x0000000080000000| Untracked 
|   1|0x0000000080100000, 0x0000000080200000, 0x0000000080200000|100%|HS|  |TAMS 0x0000000080200000, 0x0000000080100000| Complete 
|   2|0x0000000080200000, 0x0000000080300000, 0x0000000080300000|100%|HS|  |TAMS 0x0000000080300000, 0x0000000080200000| Complete 
|   3|0x0000000080300000, 0x0000000080400000, 0x0000000080400000|100%|HC|  |TAMS 0x0000000080400000, 0x0000000080300000| Complete 
|   4|0x0000000080400000, 0x0000000080500000, 0x0000000080500000|100%| O|  |TAMS 0x0000000080500000, 0x0000000080400000| Untracked 
|   5|0x0000000080500000, 0x0000000080600000, 0x0000000080600000|100%| O|  |TAMS 0x0000000080600000, 0x0000000080500000| Untracked 
|   6|0x0000000080600000, 0x0000000080700000, 0x0000000080700000|100%| O|  |TAMS 0x0000000080700000, 0x0000000080600000| Untracked 
|   7|0x0000000080700000, 0x0000000080800000, 0x0000000080800000|100%| O|  |TAMS 0x0000000080800000, 0x0000000080700000| Untracked 
|   8|0x0000000080800000, 0x0000000080900000, 0x0000000080900000|100%| O|  |TAMS 0x0000000080900000, 0x0000000080800000| Untracked 
|   9|0x0000000080900000, 0x0000000080a00000, 0x0000000080a00000|100%| O|  |TAMS 0x0000000080a00000, 0x0000000080900000| Untracked 
|  10|0x0000000080a00000, 0x0000000080b00000, 0x0000000080b00000|100%| O|  |TAMS 0x0000000080b00000, 0x0000000080a00000| Untracked 
|  11|0x0000000080b00000, 0x0000000080c00000, 0x0000000080c00000|100%| O|  |TAMS 0x0000000080c00000, 0x0000000080b00000| Untracked 
|  12|0x0000000080c00000, 0x0000000080d00000, 0x0000000080d00000|100%| O|  |TAMS 0x0000000080d00000, 0x0000000080c00000| Untracked 
|  13|0x0000000080d00000, 0x0000000080e00000, 0x0000000080e00000|100%| O|  |TAMS 0x0000000080e00000, 0x0000000080d00000| Untracked 
|  14|0x0000000080e00000, 0x0000000080f00000, 0x0000000080f00000|100%| O|  |TAMS 0x0000000080f00000, 0x0000000080e00000| Untracked 
|  15|0x0000000080f00000, 0x0000000081000000, 0x0000000081000000|100%| O|  |TAMS 0x0000000081000000, 0x0000000080f00000| Untracked 
|  16|0x0000000081000000, 0x0000000081100000, 0x0000000081100000|100%| O|  |TAMS 0x0000000081100000, 0x0000000081000000| Untracked 
|  17|0x0000000081100000, 0x0000000081200000, 0x0000000081200000|100%| O|  |TAMS 0x0000000081200000, 0x0000000081100000| Untracked 
|  18|0x0000000081200000, 0x0000000081300000, 0x0000000081300000|100%| O|  |TAMS 0x0000000081300000, 0x0000000081200000| Untracked 
|  19|0x0000000081300000, 0x0000000081400000, 0x0000000081400000|100%| O|  |TAMS 0x0000000081400000, 0x0000000081300000| Untracked 
|  20|0x0000000081400000, 0x0000000081500000, 0x0000000081500000|100%| O|  |TAMS 0x0000000081500000, 0x0000000081400000| Untracked 
|  21|0x0000000081500000, 0x0000000081600000, 0x0000000081600000|100%| O|  |TAMS 0x0000000081600000, 0x0000000081500000| Untracked 
|  22|0x0000000081600000, 0x0000000081700000, 0x0000000081700000|100%| O|  |TAMS 0x0000000081700000, 0x0000000081600000| Untracked 
|  23|0x0000000081700000, 0x0000000081800000, 0x0000000081800000|100%| O|  |TAMS 0x0000000081800000, 0x0000000081700000| Untracked 
|  24|0x0000000081800000, 0x0000000081900000, 0x0000000081900000|100%| O|  |TAMS 0x0000000081900000, 0x0000000081800000| Untracked 
|  25|0x0000000081900000, 0x0000000081a00000, 0x0000000081a00000|100%| O|  |TAMS 0x0000000081a00000, 0x0000000081900000| Untracked 
|  26|0x0000000081a00000, 0x0000000081b00000, 0x0000000081b00000|100%| O|  |TAMS 0x0000000081afca00, 0x0000000081a00000| Untracked 
|  27|0x0000000081b00000, 0x0000000081c00000, 0x0000000081c00000|100%| O|  |TAMS 0x0000000081b00000, 0x0000000081b00000| Untracked 
|  28|0x0000000081c00000, 0x0000000081d00000, 0x0000000081d00000|100%| O|  |TAMS 0x0000000081c00000, 0x0000000081c00000| Untracked 
|  29|0x0000000081d00000, 0x0000000081e00000, 0x0000000081e00000|100%| O|  |TAMS 0x0000000081d00000, 0x0000000081d00000| Untracked 
|  30|0x0000000081e00000, 0x0000000081f00000, 0x0000000081f00000|100%| O|  |TAMS 0x0000000081e00000, 0x0000000081e00000| Untracked 
|  31|0x0000000081f00000, 0x0000000082000000, 0x0000000082000000|100%| O|  |TAMS 0x0000000081f00000, 0x0000000081f00000| Untracked 
|  32|0x0000000082000000, 0x0000000082100000, 0x0000000082100000|100%| O|  |TAMS 0x0000000082000000, 0x0000000082000000| Untracked 
|  33|0x0000000082100000, 0x0000000082200000, 0x0000000082200000|100%|HS|  |TAMS 0x0000000082100000, 0x0000000082100000| Complete 
|  34|0x0000000082200000, 0x0000000082300000, 0x0000000082300000|100%| O|  |TAMS 0x0000000082200000, 0x0000000082200000| Untracked 
|  35|0x0000000082300000, 0x0000000082400000, 0x0000000082400000|100%| O|  |TAMS 0x0000000082300000, 0x0000000082300000| Untracked 
|  36|0x0000000082400000, 0x0000000082500000, 0x0000000082500000|100%| O|  |TAMS 0x0000000082400000, 0x0000000082400000| Untracked 
|  37|0x0000000082500000, 0x0000000082600000, 0x0000000082600000|100%| O|  |TAMS 0x0000000082500000, 0x0000000082500000| Untracked 
|  38|0x0000000082600000, 0x0000000082700000, 0x0000000082700000|100%| O|  |TAMS 0x0000000082600000, 0x0000000082600000| Untracked 
|  39|0x0000000082700000, 0x0000000082800000, 0x0000000082800000|100%| O|  |TAMS 0x0000000082700000, 0x0000000082700000| Untracked 
|  40|0x0000000082800000, 0x0000000082900000, 0x0000000082900000|100%| O|  |TAMS 0x0000000082800000, 0x0000000082800000| Untracked 
|  41|0x0000000082900000, 0x0000000082a00000, 0x0000000082a00000|100%| O|  |TAMS 0x0000000082900000, 0x0000000082900000| Untracked 
|  42|0x0000000082a00000, 0x0000000082b00000, 0x0000000082b00000|100%| O|  |TAMS 0x0000000082a00000, 0x0000000082a00000| Untracked 
|  43|0x0000000082b00000, 0x0000000082c00000, 0x0000000082c00000|100%| O|  |TAMS 0x0000000082b00000, 0x0000000082b00000| Untracked 
|  44|0x0000000082c00000, 0x0000000082d00000, 0x0000000082d00000|100%| O|  |TAMS 0x0000000082c00000, 0x0000000082c00000| Untracked 
|  45|0x0000000082d00000, 0x0000000082e00000, 0x0000000082e00000|100%| O|  |TAMS 0x0000000082d00000, 0x0000000082d00000| Untracked 
|  46|0x0000000082e00000, 0x0000000082f00000, 0x0000000082f00000|100%| O|  |TAMS 0x0000000082e00000, 0x0000000082e00000| Untracked 
|  47|0x0000000082f00000, 0x0000000083000000, 0x0000000083000000|100%| O|  |TAMS 0x0000000082f00000, 0x0000000082f00000| Untracked 
|  48|0x0000000083000000, 0x0000000083100000, 0x0000000083100000|100%| O|  |TAMS 0x0000000083000000, 0x0000000083000000| Untracked 
|  49|0x0000000083100000, 0x0000000083200000, 0x0000000083200000|100%| O|  |TAMS 0x0000000083100000, 0x0000000083100000| Untracked 
|  50|0x0000000083200000, 0x0000000083300000, 0x0000000083300000|100%| O|  |TAMS 0x0000000083200000, 0x0000000083200000| Untracked 
|  51|0x0000000083300000, 0x0000000083400000, 0x0000000083400000|100%| O|  |TAMS 0x0000000083300000, 0x0000000083300000| Untracked 
|  52|0x0000000083400000, 0x0000000083500000, 0x0000000083500000|100%| O|  |TAMS 0x0000000083400000, 0x0000000083400000| Untracked 
|  53|0x0000000083500000, 0x0000000083600000, 0x0000000083600000|100%| O|  |TAMS 0x0000000083500000, 0x0000000083500000| Untracked 
|  54|0x0000000083600000, 0x0000000083700000, 0x0000000083700000|100%| O|  |TAMS 0x0000000083600000, 0x0000000083600000| Untracked 
|  55|0x0000000083700000, 0x0000000083800000, 0x0000000083800000|100%| O|  |TAMS 0x0000000083700000, 0x0000000083700000| Untracked 
|  56|0x0000000083800000, 0x0000000083900000, 0x0000000083900000|100%| O|  |TAMS 0x0000000083800000, 0x0000000083800000| Untracked 
|  57|0x0000000083900000, 0x0000000083a00000, 0x0000000083a00000|100%| O|  |TAMS 0x0000000083900000, 0x0000000083900000| Untracked 
|  58|0x0000000083a00000, 0x0000000083b00000, 0x0000000083b00000|100%| O|  |TAMS 0x0000000083a00000, 0x0000000083a00000| Untracked 
|  59|0x0000000083b00000, 0x0000000083c00000, 0x0000000083c00000|100%| O|  |TAMS 0x0000000083b00000, 0x0000000083b00000| Untracked 
|  60|0x0000000083c00000, 0x0000000083d00000, 0x0000000083d00000|100%| O|  |TAMS 0x0000000083c00000, 0x0000000083c00000| Untracked 
|  61|0x0000000083d00000, 0x0000000083e00000, 0x0000000083e00000|100%| O|  |TAMS 0x0000000083d00000, 0x0000000083d00000| Untracked 
|  62|0x0000000083e00000, 0x0000000083f00000, 0x0000000083f00000|100%| O|  |TAMS 0x0000000083e00000, 0x0000000083e00000| Untracked 
|  63|0x0000000083f00000, 0x0000000084000000, 0x0000000084000000|100%| O|  |TAMS 0x0000000083f00000, 0x0000000083f00000| Untracked 
|  64|0x0000000084000000, 0x0000000084100000, 0x0000000084100000|100%| O|  |TAMS 0x0000000084000000, 0x0000000084000000| Untracked 
|  65|0x0000000084100000, 0x0000000084200000, 0x0000000084200000|100%| O|  |TAMS 0x0000000084100000, 0x0000000084100000| Untracked 
|  66|0x0000000084200000, 0x0000000084300000, 0x0000000084300000|100%| O|  |TAMS 0x0000000084200000, 0x0000000084200000| Untracked 
|  67|0x0000000084300000, 0x0000000084400000, 0x0000000084400000|100%| O|  |TAMS 0x0000000084300000, 0x0000000084300000| Untracked 
|  68|0x0000000084400000, 0x0000000084500000, 0x0000000084500000|100%| O|  |TAMS 0x0000000084400000, 0x0000000084400000| Untracked 
|  69|0x0000000084500000, 0x0000000084600000, 0x0000000084600000|100%| O|  |TAMS 0x0000000084500000, 0x0000000084500000| Untracked 
|  70|0x0000000084600000, 0x0000000084700000, 0x0000000084700000|100%| O|  |TAMS 0x0000000084600000, 0x0000000084600000| Untracked 
|  71|0x0000000084700000, 0x0000000084800000, 0x0000000084800000|100%| O|  |TAMS 0x0000000084700000, 0x0000000084700000| Untracked 
|  72|0x0000000084800000, 0x0000000084900000, 0x0000000084900000|100%| O|  |TAMS 0x0000000084800000, 0x0000000084800000| Untracked 
|  73|0x0000000084900000, 0x0000000084a00000, 0x0000000084a00000|100%| O|  |TAMS 0x0000000084900000, 0x0000000084900000| Untracked 
|  74|0x0000000084a00000, 0x0000000084b00000, 0x0000000084b00000|100%| O|  |TAMS 0x0000000084a00000, 0x0000000084a00000| Untracked 
|  75|0x0000000084b00000, 0x0000000084c00000, 0x0000000084c00000|100%| O|  |TAMS 0x0000000084b00000, 0x0000000084b00000| Untracked 
|  76|0x0000000084c00000, 0x0000000084d00000, 0x0000000084d00000|100%| O|  |TAMS 0x0000000084c00000, 0x0000000084c00000| Untracked 
|  77|0x0000000084d00000, 0x0000000084e00000, 0x0000000084e00000|100%| O|  |TAMS 0x0000000084d00000, 0x0000000084d00000| Untracked 
|  78|0x0000000084e00000, 0x0000000084f00000, 0x0000000084f00000|100%| O|  |TAMS 0x0000000084e00000, 0x0000000084e00000| Untracked 
|  79|0x0000000084f00000, 0x0000000085000000, 0x0000000085000000|100%| O|  |TAMS 0x0000000084f00000, 0x0000000084f00000| Untracked 
|  80|0x0000000085000000, 0x0000000085100000, 0x0000000085100000|100%| O|  |TAMS 0x0000000085000000, 0x0000000085000000| Untracked 
|  81|0x0000000085100000, 0x0000000085100000, 0x0000000085200000|  0%| F|  |TAMS 0x0000000085100000, 0x0000000085100000| Untracked 
|  82|0x0000000085200000, 0x0000000085200000, 0x0000000085300000|  0%| F|  |TAMS 0x0000000085200000, 0x0000000085200000| Untracked 
|  83|0x0000000085300000, 0x0000000085300000, 0x0000000085400000|  0%| F|  |TAMS 0x0000000085300000, 0x0000000085300000| Untracked 
|  84|0x0000000085400000, 0x0000000085400000, 0x0000000085500000|  0%| F|  |TAMS 0x0000000085400000, 0x0000000085400000| Untracked 
|  85|0x0000000085500000, 0x0000000085500000, 0x0000000085600000|  0%| F|  |TAMS 0x0000000085500000, 0x0000000085500000| Untracked 
|  86|0x0000000085600000, 0x0000000085600000, 0x0000000085700000|  0%| F|  |TAMS 0x0000000085600000, 0x0000000085600000| Untracked 
|  87|0x0000000085700000, 0x0000000085700000, 0x0000000085800000|  0%| F|  |TAMS 0x0000000085700000, 0x0000000085700000| Untracked 
|  88|0x0000000085800000, 0x0000000085800000, 0x0000000085900000|  0%| F|  |TAMS 0x0000000085800000, 0x0000000085800000| Untracked 
|  89|0x0000000085900000, 0x0000000085900000, 0x0000000085a00000|  0%| F|  |TAMS 0x0000000085900000, 0x0000000085900000| Untracked 
|  90|0x0000000085a00000, 0x0000000085a00000, 0x0000000085b00000|  0%| F|  |TAMS 0x0000000085a00000, 0x0000000085a00000| Untracked 
|  91|0x0000000085b00000, 0x0000000085c00000, 0x0000000085c00000|100%| E|CS|TAMS 0x0000000085b00000, 0x0000000085b00000| Complete 
|  92|0x0000000085c00000, 0x0000000085d00000, 0x0000000085d00000|100%| E|CS|TAMS 0x0000000085c00000, 0x0000000085c00000| Complete 
|  93|0x0000000085d00000, 0x0000000085e00000, 0x0000000085e00000|100%| E|CS|TAMS 0x0000000085d00000, 0x0000000085d00000| Complete 
|  94|0x0000000085e00000, 0x0000000085f00000, 0x0000000085f00000|100%| E|CS|TAMS 0x0000000085e00000, 0x0000000085e00000| Complete 
|  95|0x0000000085f00000, 0x0000000086000000, 0x0000000086000000|100%| E|CS|TAMS 0x0000000085f00000, 0x0000000085f00000| Complete 
|  96|0x0000000086000000, 0x0000000086100000, 0x0000000086100000|100%| E|CS|TAMS 0x0000000086000000, 0x0000000086000000| Complete 
|  97|0x0000000086100000, 0x0000000086200000, 0x0000000086200000|100%| E|CS|TAMS 0x0000000086100000, 0x0000000086100000| Complete 
|  98|0x0000000086200000, 0x0000000086300000, 0x0000000086300000|100%| E|CS|TAMS 0x0000000086200000, 0x0000000086200000| Complete 
|  99|0x0000000086300000, 0x0000000086400000, 0x0000000086400000|100%| E|CS|TAMS 0x0000000086300000, 0x0000000086300000| Complete 
| 100|0x0000000086400000, 0x0000000086500000, 0x0000000086500000|100%| E|CS|TAMS 0x0000000086400000, 0x0000000086400000| Complete 
| 101|0x0000000086500000, 0x0000000086600000, 0x0000000086600000|100%| E|CS|TAMS 0x0000000086500000, 0x0000000086500000| Complete 
| 102|0x0000000086600000, 0x0000000086700000, 0x0000000086700000|100%| E|CS|TAMS 0x0000000086600000, 0x0000000086600000| Complete 
| 103|0x0000000086700000, 0x0000000086800000, 0x0000000086800000|100%| E|CS|TAMS 0x0000000086700000, 0x0000000086700000| Complete 
| 104|0x0000000086800000, 0x0000000086800000, 0x0000000086900000|  0%| F|  |TAMS 0x0000000086800000, 0x0000000086800000| Untracked 
| 105|0x0000000086900000, 0x0000000086900000, 0x0000000086a00000|  0%| F|  |TAMS 0x0000000086900000, 0x0000000086900000| Untracked 
| 106|0x0000000086a00000, 0x0000000086a00000, 0x0000000086b00000|  0%| F|  |TAMS 0x0000000086a00000, 0x0000000086a00000| Untracked 
| 107|0x0000000086b00000, 0x0000000086b00000, 0x0000000086c00000|  0%| F|  |TAMS 0x0000000086b00000, 0x0000000086b00000| Untracked 
| 108|0x0000000086c00000, 0x0000000086c00000, 0x0000000086d00000|  0%| F|  |TAMS 0x0000000086c00000, 0x0000000086c00000| Untracked 
| 109|0x0000000086d00000, 0x0000000086d00000, 0x0000000086e00000|  0%| F|  |TAMS 0x0000000086d00000, 0x0000000086d00000| Untracked 
| 110|0x0000000086e00000, 0x0000000086e00000, 0x0000000086f00000|  0%| F|  |TAMS 0x0000000086e00000, 0x0000000086e00000| Untracked 
| 111|0x0000000086f00000, 0x0000000086f00000, 0x0000000087000000|  0%| F|  |TAMS 0x0000000086f00000, 0x0000000086f00000| Untracked 
| 112|0x0000000087000000, 0x0000000087000000, 0x0000000087100000|  0%| F|  |TAMS 0x0000000087000000, 0x0000000087000000| Untracked 
| 113|0x0000000087100000, 0x0000000087100000, 0x0000000087200000|  0%| F|  |TAMS 0x0000000087100000, 0x0000000087100000| Untracked 
| 114|0x0000000087200000, 0x0000000087200000, 0x0000000087300000|  0%| F|  |TAMS 0x0000000087200000, 0x0000000087200000| Untracked 
| 115|0x0000000087300000, 0x0000000087300000, 0x0000000087400000|  0%| F|  |TAMS 0x0000000087300000, 0x0000000087300000| Untracked 
| 116|0x0000000087400000, 0x0000000087400000, 0x0000000087500000|  0%| F|  |TAMS 0x0000000087400000, 0x0000000087400000| Untracked 
| 117|0x0000000087500000, 0x0000000087500000, 0x0000000087600000|  0%| F|  |TAMS 0x0000000087500000, 0x0000000087500000| Untracked 
| 118|0x0000000087600000, 0x0000000087600000, 0x0000000087700000|  0%| F|  |TAMS 0x0000000087600000, 0x0000000087600000| Untracked 
| 119|0x0000000087700000, 0x0000000087700000, 0x0000000087800000|  0%| F|  |TAMS 0x0000000087700000, 0x0000000087700000| Untracked 
| 120|0x0000000087800000, 0x0000000087800000, 0x0000000087900000|  0%| F|  |TAMS 0x0000000087800000, 0x0000000087800000| Untracked 
| 121|0x0000000087900000, 0x0000000087900000, 0x0000000087a00000|  0%| F|  |TAMS 0x0000000087900000, 0x0000000087900000| Untracked 
| 122|0x0000000087a00000, 0x0000000087a00000, 0x0000000087b00000|  0%| F|  |TAMS 0x0000000087a00000, 0x0000000087a00000| Untracked 
| 123|0x0000000087b00000, 0x0000000087b00000, 0x0000000087c00000|  0%| F|  |TAMS 0x0000000087b00000, 0x0000000087b00000| Untracked 
| 124|0x0000000087c00000, 0x0000000087d00000, 0x0000000087d00000|100%| S|  |TAMS 0x0000000087c00000, 0x0000000087c00000| Complete 
| 125|0x0000000087d00000, 0x0000000087e00000, 0x0000000087e00000|100%| S|  |TAMS 0x0000000087d00000, 0x0000000087d00000| Complete 
| 126|0x0000000087e00000, 0x0000000087f00000, 0x0000000087f00000|100%| S|  |TAMS 0x0000000087e00000, 0x0000000087e00000| Complete 
| 127|0x0000000087f00000, 0x0000000088000000, 0x0000000088000000|100%| S|  |TAMS 0x0000000087f00000, 0x0000000087f00000| Complete 
| 128|0x0000000088000000, 0x0000000088100000, 0x0000000088100000|100%| E|CS|TAMS 0x0000000088000000, 0x0000000088000000| Complete 
| 129|0x0000000088100000, 0x0000000088200000, 0x0000000088200000|100%| E|CS|TAMS 0x0000000088100000, 0x0000000088100000| Complete 
| 130|0x0000000088200000, 0x0000000088300000, 0x0000000088300000|100%| E|CS|TAMS 0x0000000088200000, 0x0000000088200000| Complete 
| 131|0x0000000088300000, 0x0000000088400000, 0x0000000088400000|100%| E|CS|TAMS 0x0000000088300000, 0x0000000088300000| Complete 
| 132|0x0000000088400000, 0x0000000088500000, 0x0000000088500000|100%| E|CS|TAMS 0x0000000088400000, 0x0000000088400000| Complete 
| 133|0x0000000088500000, 0x0000000088600000, 0x0000000088600000|100%| E|CS|TAMS 0x0000000088500000, 0x0000000088500000| Complete 
| 134|0x0000000088600000, 0x0000000088700000, 0x0000000088700000|100%| E|CS|TAMS 0x0000000088600000, 0x0000000088600000| Complete 
| 135|0x0000000088700000, 0x0000000088800000, 0x0000000088800000|100%| E|CS|TAMS 0x0000000088700000, 0x0000000088700000| Complete 
| 136|0x0000000088800000, 0x0000000088900000, 0x0000000088900000|100%| E|CS|TAMS 0x0000000088800000, 0x0000000088800000| Complete 
| 137|0x0000000088900000, 0x0000000088a00000, 0x0000000088a00000|100%| E|CS|TAMS 0x0000000088900000, 0x0000000088900000| Complete 
| 138|0x0000000088a00000, 0x0000000088b00000, 0x0000000088b00000|100%| E|CS|TAMS 0x0000000088a00000, 0x0000000088a00000| Complete 
| 139|0x0000000088b00000, 0x0000000088c00000, 0x0000000088c00000|100%| E|CS|TAMS 0x0000000088b00000, 0x0000000088b00000| Complete 
| 140|0x0000000088c00000, 0x0000000088d00000, 0x0000000088d00000|100%| E|CS|TAMS 0x0000000088c00000, 0x0000000088c00000| Complete 
| 141|0x0000000088d00000, 0x0000000088e00000, 0x0000000088e00000|100%| E|CS|TAMS 0x0000000088d00000, 0x0000000088d00000| Complete 
| 142|0x0000000088e00000, 0x0000000088f00000, 0x0000000088f00000|100%| E|CS|TAMS 0x0000000088e00000, 0x0000000088e00000| Complete 
| 143|0x0000000088f00000, 0x0000000089000000, 0x0000000089000000|100%| E|CS|TAMS 0x0000000088f00000, 0x0000000088f00000| Complete 
| 144|0x0000000089000000, 0x0000000089100000, 0x0000000089100000|100%| E|CS|TAMS 0x0000000089000000, 0x0000000089000000| Complete 
| 145|0x0000000089100000, 0x0000000089200000, 0x0000000089200000|100%| E|CS|TAMS 0x0000000089100000, 0x0000000089100000| Complete 
| 146|0x0000000089200000, 0x0000000089300000, 0x0000000089300000|100%| E|CS|TAMS 0x0000000089200000, 0x0000000089200000| Complete 
| 147|0x0000000089300000, 0x0000000089400000, 0x0000000089400000|100%| E|CS|TAMS 0x0000000089300000, 0x0000000089300000| Complete 
| 148|0x0000000089400000, 0x0000000089500000, 0x0000000089500000|100%| E|CS|TAMS 0x0000000089400000, 0x0000000089400000| Complete 
| 149|0x0000000089500000, 0x0000000089600000, 0x0000000089600000|100%| E|CS|TAMS 0x0000000089500000, 0x0000000089500000| Complete 
| 150|0x0000000089600000, 0x0000000089700000, 0x0000000089700000|100%| E|CS|TAMS 0x0000000089600000, 0x0000000089600000| Complete 
| 151|0x0000000089700000, 0x0000000089800000, 0x0000000089800000|100%| E|CS|TAMS 0x0000000089700000, 0x0000000089700000| Complete 
| 152|0x0000000089800000, 0x0000000089900000, 0x0000000089900000|100%| E|CS|TAMS 0x0000000089800000, 0x0000000089800000| Complete 
| 153|0x0000000089900000, 0x0000000089a00000, 0x0000000089a00000|100%| E|CS|TAMS 0x0000000089900000, 0x0000000089900000| Complete 
| 154|0x0000000089a00000, 0x0000000089b00000, 0x0000000089b00000|100%| E|CS|TAMS 0x0000000089a00000, 0x0000000089a00000| Complete 
| 155|0x0000000089b00000, 0x0000000089c00000, 0x0000000089c00000|100%| E|CS|TAMS 0x0000000089b00000, 0x0000000089b00000| Complete 
| 156|0x0000000089c00000, 0x0000000089d00000, 0x0000000089d00000|100%| E|CS|TAMS 0x0000000089c00000, 0x0000000089c00000| Complete 
| 157|0x0000000089d00000, 0x0000000089e00000, 0x0000000089e00000|100%| E|CS|TAMS 0x0000000089d00000, 0x0000000089d00000| Complete 
| 158|0x0000000089e00000, 0x0000000089f00000, 0x0000000089f00000|100%| E|CS|TAMS 0x0000000089e00000, 0x0000000089e00000| Complete 
| 159|0x0000000089f00000, 0x000000008a000000, 0x000000008a000000|100%| E|CS|TAMS 0x0000000089f00000, 0x0000000089f00000| Complete 
| 160|0x000000008a000000, 0x000000008a100000, 0x000000008a100000|100%| E|CS|TAMS 0x000000008a000000, 0x000000008a000000| Complete 
| 161|0x000000008a100000, 0x000000008a200000, 0x000000008a200000|100%| E|CS|TAMS 0x000000008a100000, 0x000000008a100000| Complete 
| 162|0x000000008a200000, 0x000000008a300000, 0x000000008a300000|100%| E|CS|TAMS 0x000000008a200000, 0x000000008a200000| Complete 
| 163|0x000000008a300000, 0x000000008a400000, 0x000000008a400000|100%| E|CS|TAMS 0x000000008a300000, 0x000000008a300000| Complete 
| 164|0x000000008a400000, 0x000000008a500000, 0x000000008a500000|100%| E|CS|TAMS 0x000000008a400000, 0x000000008a400000| Complete 
| 165|0x000000008a500000, 0x000000008a600000, 0x000000008a600000|100%| E|CS|TAMS 0x000000008a500000, 0x000000008a500000| Complete 
| 166|0x000000008a600000, 0x000000008a700000, 0x000000008a700000|100%| E|CS|TAMS 0x000000008a600000, 0x000000008a600000| Complete 
| 167|0x000000008a700000, 0x000000008a800000, 0x000000008a800000|100%| E|CS|TAMS 0x000000008a700000, 0x000000008a700000| Complete 
| 168|0x000000008a800000, 0x000000008a900000, 0x000000008a900000|100%| E|CS|TAMS 0x000000008a800000, 0x000000008a800000| Complete 
| 169|0x000000008a900000, 0x000000008aa00000, 0x000000008aa00000|100%| E|CS|TAMS 0x000000008a900000, 0x000000008a900000| Complete 
| 170|0x000000008aa00000, 0x000000008ab00000, 0x000000008ab00000|100%| E|CS|TAMS 0x000000008aa00000, 0x000000008aa00000| Complete 
| 171|0x000000008ab00000, 0x000000008ac00000, 0x000000008ac00000|100%| E|CS|TAMS 0x000000008ab00000, 0x000000008ab00000| Complete 
| 172|0x000000008ac00000, 0x000000008ad00000, 0x000000008ad00000|100%| E|CS|TAMS 0x000000008ac00000, 0x000000008ac00000| Complete 
| 173|0x000000008ad00000, 0x000000008ae00000, 0x000000008ae00000|100%| E|CS|TAMS 0x000000008ad00000, 0x000000008ad00000| Complete 
| 174|0x000000008ae00000, 0x000000008af00000, 0x000000008af00000|100%| E|CS|TAMS 0x000000008ae00000, 0x000000008ae00000| Complete 
| 175|0x000000008af00000, 0x000000008b000000, 0x000000008b000000|100%| E|CS|TAMS 0x000000008af00000, 0x000000008af00000| Complete 
| 176|0x000000008b000000, 0x000000008b100000, 0x000000008b100000|100%| E|CS|TAMS 0x000000008b000000, 0x000000008b000000| Complete 
| 177|0x000000008b100000, 0x000000008b200000, 0x000000008b200000|100%| E|CS|TAMS 0x000000008b100000, 0x000000008b100000| Complete 
| 178|0x000000008b200000, 0x000000008b300000, 0x000000008b300000|100%| E|CS|TAMS 0x000000008b200000, 0x000000008b200000| Complete 
| 179|0x000000008b300000, 0x000000008b400000, 0x000000008b400000|100%| E|CS|TAMS 0x000000008b300000, 0x000000008b300000| Complete 
| 180|0x000000008b400000, 0x000000008b500000, 0x000000008b500000|100%| E|CS|TAMS 0x000000008b400000, 0x000000008b400000| Complete 
| 181|0x000000008b500000, 0x000000008b600000, 0x000000008b600000|100%| E|CS|TAMS 0x000000008b500000, 0x000000008b500000| Complete 
| 182|0x000000008b600000, 0x000000008b700000, 0x000000008b700000|100%| E|CS|TAMS 0x000000008b600000, 0x000000008b600000| Complete 
| 183|0x000000008b700000, 0x000000008b800000, 0x000000008b800000|100%| E|CS|TAMS 0x000000008b700000, 0x000000008b700000| Complete 
| 184|0x000000008b800000, 0x000000008b900000, 0x000000008b900000|100%| E|CS|TAMS 0x000000008b800000, 0x000000008b800000| Complete 
| 185|0x000000008b900000, 0x000000008ba00000, 0x000000008ba00000|100%| E|CS|TAMS 0x000000008b900000, 0x000000008b900000| Complete 
| 186|0x000000008ba00000, 0x000000008bb00000, 0x000000008bb00000|100%| E|CS|TAMS 0x000000008ba00000, 0x000000008ba00000| Complete 
| 187|0x000000008bb00000, 0x000000008bc00000, 0x000000008bc00000|100%| E|CS|TAMS 0x000000008bb00000, 0x000000008bb00000| Complete 
| 188|0x000000008bc00000, 0x000000008bd00000, 0x000000008bd00000|100%| E|CS|TAMS 0x000000008bc00000, 0x000000008bc00000| Complete 
| 189|0x000000008bd00000, 0x000000008be00000, 0x000000008be00000|100%| E|CS|TAMS 0x000000008bd00000, 0x000000008bd00000| Complete 
| 190|0x000000008be00000, 0x000000008bf00000, 0x000000008bf00000|100%| E|CS|TAMS 0x000000008be00000, 0x000000008be00000| Complete 
| 191|0x000000008bf00000, 0x000000008c000000, 0x000000008c000000|100%| E|CS|TAMS 0x000000008bf00000, 0x000000008bf00000| Complete 

Card table byte_map: [0x000000001a710000,0x000000001ab10000] _byte_map_base: 0x000000001a310000

Marking Bits (Prev, Next): (CMBitMap*) 0x0000000000484b28, (CMBitMap*) 0x0000000000484b60
 Prev Bits: [0x000000001af10000, 0x000000001cf10000)
 Next Bits: [0x000000001cf10000, 0x000000001ef10000)

Polling page: 0x0000000000330000

Metaspace:

Usage:
  Non-class:     40.79 MB capacity,    39.67 MB ( 97%) used,     1.01 MB (  2%) free+waste,   112.19 KB ( <1%) overhead. 
      Class:      4.54 MB capacity,     4.03 MB ( 89%) used,   469.58 KB ( 10%) free+waste,    47.25 KB (  1%) overhead. 
       Both:     45.32 MB capacity,    43.70 MB ( 96%) used,     1.47 MB (  3%) free+waste,   159.44 KB ( <1%) overhead. 

Virtual space:
  Non-class space:       42.00 MB reserved,      41.00 MB ( 98%) committed 
      Class space:        1.00 GB reserved,       4.63 MB ( <1%) committed 
             Both:        1.04 GB reserved,      45.63 MB (  4%) committed 

Chunk freelists:
   Non-Class:  3.13 KB
       Class:  3.50 KB
        Both:  6.63 KB

CodeHeap 'non-profiled nmethods': size=120064Kb used=7960Kb max_used=8181Kb free=112103Kb
 bounds [0x0000000012770000, 0x0000000012f70000, 0x0000000019cb0000]
CodeHeap 'profiled nmethods': size=120000Kb used=24909Kb max_used=24916Kb free=95091Kb
 bounds [0x000000000b240000, 0x000000000cad0000, 0x0000000012770000]
CodeHeap 'non-nmethods': size=5696Kb used=1175Kb max_used=1232Kb free=4520Kb
 bounds [0x000000000acb0000, 0x000000000af20000, 0x000000000b240000]
 total_blobs=10109 nmethods=9581 adapters=439
 compilation: enabled
              stopped_count=0, restarted_count=0
 full_count=0

Compilation events (10 events):
Event: 69.457 Thread 0x00000000624e0800 nmethod 11045 0x000000000bd87b90 code [0x000000000bd87d40, 0x000000000bd88018]
Event: 69.457 Thread 0x00000000624e0800 11042       3       org.eclipse.jdt.internal.compiler.lookup.Scope::lowerUpperBound (38 bytes)
Event: 69.457 Thread 0x00000000624e0800 nmethod 11042 0x000000000bd98110 code [0x000000000bd982e0, 0x000000000bd98578]
Event: 69.457 Thread 0x00000000624e0800 11065       3       org.eclipse.jdt.internal.compiler.lookup.BoundSet::copy (161 bytes)
Event: 69.459 Thread 0x00000000624e0800 nmethod 11065 0x000000000c031690 code [0x000000000c031960, 0x000000000c032968]
Event: 69.459 Thread 0x00000000624e0800 11066       3       org.eclipse.jdt.internal.compiler.ClassFile::generateConstantValueAttribute (563 bytes)
Event: 69.463 Thread 0x00000000624e0800 nmethod 11066 0x000000000c02e810 code [0x000000000c02ebe0, 0x000000000c030828]
Event: 69.463 Thread 0x00000000624e0800 11069       3       org.eclipse.jdt.internal.compiler.lookup.InferenceContext18::substitute (16 bytes)
Event: 69.463 Thread 0x00000000624e0800 nmethod 11069 0x000000000be56110 code [0x000000000be56300, 0x000000000be569a8]
Event: 69.463 Thread 0x00000000624e0800 11071       3       org.eclipse.jdt.internal.compiler.ast.AbstractMethodDeclaration::resolveStatements (89 bytes)

GC Heap History (10 events):
Event: 60.331 GC heap after
{Heap after GC invocations=23 (full 0):
 garbage-first heap   total 163840K, used 39242K [0x0000000080000000, 0x0000000100000000)
  region size 1024K, 6 young (6144K), 6 survivors (6144K)
 Metaspace       used 37968K, capacity 39492K, committed 39552K, reserved 1085440K
  class space    used 3690K, capacity 4178K, committed 4224K, reserved 1048576K
}
Event: 62.158 GC heap before
{Heap before GC invocations=23 (full 0):
 garbage-first heap   total 163840K, used 135498K [0x0000000080000000, 0x0000000100000000)
  region size 1024K, 96 young (98304K), 6 survivors (6144K)
 Metaspace       used 40015K, capacity 41623K, committed 41856K, reserved 1087488K
  class space    used 3889K, capacity 4396K, committed 4480K, reserved 1048576K
}
Event: 62.180 GC heap after
{Heap after GC invocations=24 (full 0):
 garbage-first heap   total 163840K, used 44350K [0x0000000080000000, 0x0000000100000000)
  region size 1024K, 10 young (10240K), 10 survivors (10240K)
 Metaspace       used 40015K, capacity 41623K, committed 41856K, reserved 1087488K
  class space    used 3889K, capacity 4396K, committed 4480K, reserved 1048576K
}
Event: 62.468 GC heap before
{Heap before GC invocations=24 (full 0):
 garbage-first heap   total 163840K, used 132414K [0x0000000080000000, 0x0000000100000000)
  region size 1024K, 96 young (98304K), 10 survivors (10240K)
 Metaspace       used 40019K, capacity 41623K, committed 41856K, reserved 1087488K
  class space    used 3890K, capacity 4396K, committed 4480K, reserved 1048576K
}
Event: 62.503 GC heap after
{Heap after GC invocations=25 (full 0):
 garbage-first heap   total 163840K, used 50280K [0x0000000080000000, 0x0000000100000000)
  region size 1024K, 12 young (12288K), 12 survivors (12288K)
 Metaspace       used 40019K, capacity 41623K, committed 41856K, reserved 1087488K
  class space    used 3890K, capacity 4396K, committed 4480K, reserved 1048576K
}
Event: 64.371 GC heap before
{Heap before GC invocations=25 (full 0):
 garbage-first heap   total 163840K, used 133224K [0x0000000080000000, 0x0000000100000000)
  region size 1024K, 93 young (95232K), 12 survivors (12288K)
 Metaspace       used 41407K, capacity 43038K, committed 43264K, reserved 1087488K
  class space    used 3996K, capacity 4507K, committed 4608K, reserved 1048576K
}
Event: 64.422 GC heap after
{Heap after GC invocations=26 (full 0):
 garbage-first heap   total 196608K, used 59384K [0x0000000080000000, 0x0000000100000000)
  region size 1024K, 9 young (9216K), 9 survivors (9216K)
 Metaspace       used 41407K, capacity 43038K, committed 43264K, reserved 1087488K
  class space    used 3996K, capacity 4507K, committed 4608K, reserved 1048576K
}
Event: 67.498 GC heap before
{Heap before GC invocations=26 (full 0):
 garbage-first heap   total 196608K, used 148472K [0x0000000080000000, 0x0000000100000000)
  region size 1024K, 97 young (99328K), 9 survivors (9216K)
 Metaspace       used 43102K, capacity 44779K, committed 44928K, reserved 1089536K
  class space    used 4083K, capacity 4612K, committed 4736K, reserved 1048576K
}
Event: 67.576 GC heap after
{Heap after GC invocations=27 (full 0):
 garbage-first heap   total 196608K, used 82341K [0x0000000080000000, 0x0000000100000000)
  region size 1024K, 13 young (13312K), 13 survivors (13312K)
 Metaspace       used 43102K, capacity 44779K, committed 44928K, reserved 1089536K
  class space    used 4083K, capacity 4612K, committed 4736K, reserved 1048576K
}
Event: 69.464 GC heap before
{Heap before GC invocations=27 (full 0):
 garbage-first heap   total 196608K, used 147877K [0x0000000080000000, 0x0000000100000000)
  region size 1024K, 77 young (78848K), 13 survivors (13312K)
 Metaspace       used 44750K, capacity 46411K, committed 46720K, reserved 1091584K
  class space    used 4127K, capacity 4644K, committed 4736K, reserved 1048576K
}

Deoptimization events (10 events):
Event: 67.800 Thread 0x000000006a0c4800 Uncommon trap: reason=class_check action=maybe_recompile pc=0x0000000012f00bb4 method=org.eclipse.jdt.internal.compiler.lookup.BinaryTypeBinding.superInterfaces()[Lorg/eclipse/jdt/internal/compiler/lookup/ReferenceBinding; @ 66 c2
Event: 67.801 Thread 0x000000006a0c4800 Uncommon trap: reason=unstable_if action=reinterpret pc=0x0000000012f366b4 method=org.eclipse.jdt.internal.compiler.lookup.BlockScope.findLocalType([C)Lorg/eclipse/jdt/internal/compiler/lookup/ReferenceBinding; @ 104 c2
Event: 67.823 Thread 0x000000006a0c4800 Uncommon trap: reason=unstable_if action=reinterpret pc=0x0000000012954300 method=java.util.HashMap$HashIterator.<init>(Ljava/util/HashMap;)V @ 45 c2
Event: 68.093 Thread 0x000000006a0c4800 Uncommon trap: reason=unstable_if action=reinterpret pc=0x0000000012f53320 method=org.eclipse.jdt.internal.compiler.ast.ASTNode.resolveAnnotations(Lorg/eclipse/jdt/internal/compiler/lookup/BlockScope;[Lorg/eclipse/jdt/internal/compiler/ast/Annotation;Lorg
Event: 68.172 Thread 0x000000006a0c4800 Uncommon trap: reason=unstable_if action=reinterpret pc=0x0000000012f64410 method=org.eclipse.jdt.internal.compiler.lookup.Scope.getTypeOrPackage([CIZ)Lorg/eclipse/jdt/internal/compiler/lookup/Binding; @ 72 c2
Event: 68.456 Thread 0x000000006a0c4800 Uncommon trap: reason=bimorphic_or_optimized_type_check action=maybe_recompile pc=0x0000000012dd89a0 method=java.util.HashMap.removeNode(ILjava/lang/Object;Ljava/lang/Object;ZZ)Ljava/util/HashMap$Node; @ 68 c2
Event: 68.811 Thread 0x000000006a0c4800 Uncommon trap: reason=bimorphic_or_optimized_type_check action=maybe_recompile pc=0x0000000012dd89a0 method=java.util.HashMap.removeNode(ILjava/lang/Object;Ljava/lang/Object;ZZ)Ljava/util/HashMap$Node; @ 68 c2
Event: 68.866 Thread 0x000000006a0c4800 Uncommon trap: reason=bimorphic_or_optimized_type_check action=maybe_recompile pc=0x0000000012dd89a0 method=java.util.HashMap.removeNode(ILjava/lang/Object;Ljava/lang/Object;ZZ)Ljava/util/HashMap$Node; @ 68 c2
Event: 68.870 Thread 0x000000006a0c4800 Uncommon trap: reason=bimorphic_or_optimized_type_check action=maybe_recompile pc=0x0000000012dd89a0 method=java.util.HashMap.removeNode(ILjava/lang/Object;Ljava/lang/Object;ZZ)Ljava/util/HashMap$Node; @ 68 c2
Event: 69.038 Thread 0x000000006a0c4800 Uncommon trap: reason=unstable_if action=reinterpret pc=0x0000000012a012d4 method=org.eclipse.jdt.internal.compiler.parser.Parser.consumeToken(I)V @ 1 c2

Classes redefined (0 events):
No events

Internal exceptions (10 events):
Event: 67.215 Thread 0x0000000000444000 Exception <a 'java/security/PrivilegedActionException'{0x00000000870a26b0}> (0x00000000870a26b0) thrown at [./open/src/hotspot/share/prims/jvm.cpp, line 1305]
Event: 67.215 Thread 0x0000000000444000 Exception <a 'java/security/PrivilegedActionException'{0x00000000870a3178}> (0x00000000870a3178) thrown at [./open/src/hotspot/share/prims/jvm.cpp, line 1305]
Event: 67.251 Thread 0x0000000000444000 Exception <a 'java/security/PrivilegedActionException'{0x0000000086bca710}> (0x0000000086bca710) thrown at [./open/src/hotspot/share/prims/jvm.cpp, line 1305]
Event: 67.251 Thread 0x0000000000444000 Exception <a 'java/security/PrivilegedActionException'{0x0000000086bcb1d8}> (0x0000000086bcb1d8) thrown at [./open/src/hotspot/share/prims/jvm.cpp, line 1305]
Event: 67.272 Thread 0x0000000000444000 Exception <a 'java/security/PrivilegedActionException'{0x0000000086a11660}> (0x0000000086a11660) thrown at [./open/src/hotspot/share/prims/jvm.cpp, line 1305]
Event: 67.272 Thread 0x0000000000444000 Exception <a 'java/security/PrivilegedActionException'{0x0000000086a12128}> (0x0000000086a12128) thrown at [./open/src/hotspot/share/prims/jvm.cpp, line 1305]
Event: 67.272 Thread 0x0000000000444000 Exception <a 'java/security/PrivilegedActionException'{0x0000000086a13f18}> (0x0000000086a13f18) thrown at [./open/src/hotspot/share/prims/jvm.cpp, line 1305]
Event: 67.272 Thread 0x0000000000444000 Exception <a 'java/security/PrivilegedActionException'{0x0000000086a149e0}> (0x0000000086a149e0) thrown at [./open/src/hotspot/share/prims/jvm.cpp, line 1305]
Event: 67.272 Thread 0x0000000000444000 Exception <a 'java/security/PrivilegedActionException'{0x0000000086a167f8}> (0x0000000086a167f8) thrown at [./open/src/hotspot/share/prims/jvm.cpp, line 1305]
Event: 67.272 Thread 0x0000000000444000 Exception <a 'java/security/PrivilegedActionException'{0x0000000086a172c0}> (0x0000000086a172c0) thrown at [./open/src/hotspot/share/prims/jvm.cpp, line 1305]

Events (10 events):
Event: 69.012 Executing VM operation: ICBufferFull
Event: 69.013 Executing VM operation: ICBufferFull done
Event: 69.038 Thread 0x000000006a0c4800 Uncommon trap: trap_request=0xffffff4d fr.pc=0x0000000012a012d4 relative=0x0000000000002374
Event: 69.038 Thread 0x000000006a0c4800 DEOPT PACKING pc=0x0000000012a012d4 sp=0x000000006a95f230
Event: 69.038 Thread 0x000000006a0c4800 DEOPT UNPACKING pc=0x000000000acd642f sp=0x000000006a95f1f0 mode 2
Event: 69.395 Thread 0x0000000000444000 DEOPT PACKING pc=0x000000000b583a25 sp=0x00000000023cc2e0
Event: 69.395 Thread 0x0000000000444000 DEOPT UNPACKING pc=0x000000000acd6bde sp=0x00000000023cb778 mode 0
Event: 69.436 Thread 0x000000006a0c4800 DEOPT PACKING pc=0x000000000b5f38ac sp=0x000000006a95e4b0
Event: 69.436 Thread 0x000000006a0c4800 DEOPT UNPACKING pc=0x000000000acd6bde sp=0x000000006a95d958 mode 0
Event: 69.464 Executing VM operation: G1CollectForAllocation


Dynamic libraries:
0x000000013f5f0000 - 0x000000013f5ff000 	C:\Program Files\Java\jdk-11.0.11\bin\java.exe
0x00000000772f0000 - 0x000000007748f000 	C:\Windows\SYSTEM32\ntdll.dll
0x00000000770d0000 - 0x00000000771ef000 	C:\Windows\system32\kernel32.dll
0x000007fefcfe0000 - 0x000007fefd047000 	C:\Windows\system32\KERNELBASE.dll
0x000007feec350000 - 0x000007feec368000 	C:\Program Files\Java\jdk-11.0.11\bin\jli.dll
0x000007fefd5d0000 - 0x000007fefd6ab000 	C:\Windows\system32\ADVAPI32.dll
0x000007fefe1a0000 - 0x000007fefe23f000 	C:\Windows\system32\msvcrt.dll
0x000007feff590000 - 0x000007feff5af000 	C:\Windows\SYSTEM32\sechost.dll
0x000007fefd6b0000 - 0x000007fefd7dc000 	C:\Windows\system32\RPCRT4.dll
0x000007fefb6d0000 - 0x000007fefb8c5000 	C:\Windows\WinSxS\amd64_microsoft.windows.common-controls_6595b64144ccf1df_6.0.7601.24483_none_e372d88f30fbb845\COMCTL32.dll
0x000007fefd1d0000 - 0x000007fefd237000 	C:\Windows\system32\GDI32.dll
0x00000000771f0000 - 0x00000000772eb000 	C:\Windows\system32\USER32.dll
0x000007fefe190000 - 0x000007fefe19e000 	C:\Windows\system32\LPK.dll
0x000007feff1a0000 - 0x000007feff26b000 	C:\Windows\system32\USP10.dll
0x000007feff270000 - 0x000007feff2e1000 	C:\Windows\system32\SHLWAPI.dll
0x000007fefbef0000 - 0x000007fefbefc000 	C:\Windows\system32\VERSION.dll
0x000007feec560000 - 0x000007feec575000 	C:\Program Files\Java\jdk-11.0.11\bin\VCRUNTIME140.dll
0x000007feec3b0000 - 0x000007feec3b4000 	C:\Program Files\Java\jdk-11.0.11\bin\api-ms-win-crt-runtime-l1-1-0.dll
0x000007fed8a60000 - 0x000007fed8b5a000 	C:\Program Files\Java\jdk-11.0.11\bin\ucrtbase.DLL
0x000007fef3cb0000 - 0x000007fef3cb3000 	C:\Program Files\Java\jdk-11.0.11\bin\api-ms-win-core-localization-l1-2-0.dll
0x000007feec190000 - 0x000007feec193000 	C:\Program Files\Java\jdk-11.0.11\bin\api-ms-win-core-processthreads-l1-1-1.dll
0x000007feec1a0000 - 0x000007feec1a3000 	C:\Program Files\Java\jdk-11.0.11\bin\api-ms-win-core-file-l1-2-0.dll
0x000007fedd900000 - 0x000007fedd903000 	C:\Program Files\Java\jdk-11.0.11\bin\api-ms-win-core-timezone-l1-1-0.dll
0x000007feddb00000 - 0x000007feddb03000 	C:\Program Files\Java\jdk-11.0.11\bin\api-ms-win-core-file-l2-1-0.dll
0x000007feda970000 - 0x000007feda973000 	C:\Program Files\Java\jdk-11.0.11\bin\api-ms-win-core-synch-l1-2-0.dll
0x000007feda980000 - 0x000007feda983000 	C:\Program Files\Java\jdk-11.0.11\bin\api-ms-win-crt-heap-l1-1-0.dll
0x000007feda480000 - 0x000007feda484000 	C:\Program Files\Java\jdk-11.0.11\bin\api-ms-win-crt-string-l1-1-0.dll
0x000007feda4d0000 - 0x000007feda4d4000 	C:\Program Files\Java\jdk-11.0.11\bin\api-ms-win-crt-stdio-l1-1-0.dll
0x000007feda460000 - 0x000007feda464000 	C:\Program Files\Java\jdk-11.0.11\bin\api-ms-win-crt-convert-l1-1-0.dll
0x000007feda470000 - 0x000007feda473000 	C:\Program Files\Java\jdk-11.0.11\bin\api-ms-win-crt-environment-l1-1-0.dll
0x000007feda440000 - 0x000007feda443000 	C:\Program Files\Java\jdk-11.0.11\bin\api-ms-win-crt-filesystem-l1-1-0.dll
0x000007feda450000 - 0x000007feda455000 	C:\Program Files\Java\jdk-11.0.11\bin\api-ms-win-crt-math-l1-1-0.dll
0x000007feda420000 - 0x000007feda423000 	C:\Program Files\Java\jdk-11.0.11\bin\api-ms-win-crt-locale-l1-1-0.dll
0x000007fefd840000 - 0x000007fefd86e000 	C:\Windows\system32\IMM32.DLL
0x000007fefd4c0000 - 0x000007fefd5cb000 	C:\Windows\system32\MSCTF.dll
0x000007feda020000 - 0x000007feda0bb000 	C:\Program Files\Java\jdk-11.0.11\bin\msvcp140.dll
0x000007feda430000 - 0x000007feda433000 	C:\Program Files\Java\jdk-11.0.11\bin\api-ms-win-crt-time-l1-1-0.dll
0x000007feda400000 - 0x000007feda403000 	C:\Program Files\Java\jdk-11.0.11\bin\api-ms-win-crt-utility-l1-1-0.dll
0x000007fed2480000 - 0x000007fed2f7e000 	C:\Program Files\Java\jdk-11.0.11\bin\server\jvm.dll
0x000007fef8070000 - 0x000007fef8079000 	C:\Windows\system32\WSOCK32.dll
0x000007fefefd0000 - 0x000007feff01d000 	C:\Windows\system32\WS2_32.dll
0x000007fefda00000 - 0x000007fefda08000 	C:\Windows\system32\NSI.dll
0x000007fefb3c0000 - 0x000007fefb3fb000 	C:\Windows\system32\WINMM.dll
0x00000000774a0000 - 0x00000000774a7000 	C:\Windows\system32\PSAPI.DLL
0x000007feda410000 - 0x000007feda420000 	C:\Program Files\Java\jdk-11.0.11\bin\verify.dll
0x000007fef7970000 - 0x000007fef7a95000 	C:\Windows\system32\DBGHELP.DLL
0x000007fed9ff0000 - 0x000007feda018000 	C:\Program Files\Java\jdk-11.0.11\bin\java.dll
0x000007feda290000 - 0x000007feda29a000 	C:\Program Files\Java\jdk-11.0.11\bin\jimage.dll
0x000007feda220000 - 0x000007feda236000 	C:\Program Files\Java\jdk-11.0.11\bin\zip.dll
0x000007fefe240000 - 0x000007fefefcb000 	C:\Windows\system32\SHELL32.dll
0x000007fefd2c0000 - 0x000007fefd4bf000 	C:\Windows\system32\ole32.dll
0x000007fefce10000 - 0x000007fefce1f000 	C:\Windows\system32\profapi.dll
0x000007feda150000 - 0x000007feda169000 	C:\Program Files\Java\jdk-11.0.11\bin\net.dll
0x000007fef9270000 - 0x000007fef92e1000 	C:\Windows\system32\WINHTTP.dll
0x000007fef90f0000 - 0x000007fef9155000 	C:\Windows\system32\webio.dll
0x000007fefc550000 - 0x000007fefc5a5000 	C:\Windows\system32\mswsock.dll
0x000007fefc540000 - 0x000007fefc547000 	C:\Windows\System32\wship6.dll
0x000007fed9fd0000 - 0x000007fed9fe2000 	C:\Program Files\Java\jdk-11.0.11\bin\nio.dll

dbghelp: loaded successfully - version: 4.0.5 - missing functions: none
symbol engine: initialized successfully - sym options: 0x614 - pdb path: .;C:\Program Files\Java\jdk-11.0.11\bin;C:\Windows\SYSTEM32;C:\Windows\WinSxS\amd64_microsoft.windows.common-controls_6595b64144ccf1df_6.0.7601.24483_none_e372d88f30fbb845;C:\Program Files\Java\jdk-11.0.11\bin\server

VM Arguments:
jvm_args: -Xmx2g -Dfile.encoding=UTF-8 -Dant.home=D:\habrisBatch2021\hybris\bin\platform\apache-ant 
java_command: org.apache.tools.ant.launch.Launcher clean all
java_class_path (initial): D:\habrisBatch2021\hybris\bin\platform\apache-ant\lib\ant-launcher.jar
Launcher Type: SUN_STANDARD

[Global flags]
     intx CICompilerCount                          = 3                                         {product} {ergonomic}
     uint ConcGCThreads                            = 1                                         {product} {ergonomic}
     uint G1ConcRefinementThreads                  = 4                                         {product} {ergonomic}
   size_t G1HeapRegionSize                         = 1048576                                   {product} {ergonomic}
    uintx GCDrainStackTargetSize                   = 64                                        {product} {ergonomic}
   size_t InitialHeapSize                          = 167772160                                 {product} {ergonomic}
   size_t MarkStackSize                            = 4194304                                   {product} {ergonomic}
   size_t MaxHeapSize                              = 2147483648                                {product} {command line}
   size_t MaxNewSize                               = 1287651328                                {product} {ergonomic}
   size_t MinHeapDeltaBytes                        = 1048576                                   {product} {ergonomic}
    uintx NonNMethodCodeHeapSize                   = 5830732                                {pd product} {ergonomic}
    uintx NonProfiledCodeHeapSize                  = 122913754                              {pd product} {ergonomic}
    uintx ProfiledCodeHeapSize                     = 122913754                              {pd product} {ergonomic}
    uintx ReservedCodeCacheSize                    = 251658240                              {pd product} {ergonomic}
     bool SegmentedCodeCache                       = true                                      {product} {ergonomic}
     bool UseCompressedClassPointers               = true                                 {lp64_product} {ergonomic}
     bool UseCompressedOops                        = true                                 {lp64_product} {ergonomic}
     bool UseG1GC                                  = true                                      {product} {ergonomic}
     bool UseLargePagesIndividualAllocation        = false                                  {pd product} {ergonomic}

Logging:
Log output configuration:
 #0: stdout all=warning uptime,level,tags
 #1: stderr all=off uptime,level,tags

Environment Variables:
JAVA_HOME=C:\Program Files\Java\jdk-11.0.11
PATH=D:\habrisBatch2021\hybris\bin\platform\apache-ant\bin;C:\Program Files\Common Files\Oracle\Java\javapath;C:\Program Files\nodejs\;C:\Program Files\Git\cmd;C:\Users\razhaka\AppData\Roaming\npm;C:\Users\razhaka\AppData\Local\Programs\Microsoft VS Code\bin;C:\Program Files\Java\jdk1.8.0_201\bin;C:\Users\razhaka\AppData\Local\Programs\Microsoft VS Code
USERNAME=razhaka
OS=Windows_NT
PROCESSOR_IDENTIFIER=Intel64 Family 6 Model 42 Stepping 7, GenuineIntel



---------------  S Y S T E M  ---------------

OS: Windows 7 , 64 bit Build 7601 (6.1.7601.24545)

CPU:total 4 (initial active 4) (2 cores per cpu, 2 threads per core) family 6 model 42 stepping 7 microcode 0x0, cmov, cx8, fxsr, mmx, sse, sse2, sse3, ssse3, sse4.1, sse4.2, popcnt, avx, clmul, ht, tsc, tscinvbit

Memory: 4k page, system-wide physical 10187M (2181M free)
TotalPageFile size 20373M (AvailPageFile size 10943M)
current process WorkingSet (physical memory assigned to process): 413M, peak: 415M
current process commit charge ("private bytes"): 466M, peak: 474M

vm_info: Java HotSpot(TM) 64-Bit Server VM (11.0.11+9-LTS-194) for windows-amd64 JRE (11.0.11+9-LTS-194), built on Mar 18 2021 18:46:53 by "mach5one" with MS VC++ 15.9 (VS2017)

END.
