#
# A fatal error has been detected by the Java Runtime Environment:
#
#  EXCEPTION_ACCESS_VIOLATION (0xc0000005) at pc=0x000007fee29aad70, pid=19276, tid=15616
#
# JRE version: Java(TM) SE Runtime Environment 18.9 (11.0.11+9) (build 11.0.11+9-LTS-194)
# Java VM: Java HotSpot(TM) 64-Bit Server VM 18.9 (11.0.11+9-LTS-194, mixed mode, tiered, compressed oops, g1 gc, windows-amd64)
# Problematic frame:
# V  [jvm.dll+0x34ad70]
#
# No core dump will be written. Minidumps are not enabled by default on client versions of Windows
#
# If you would like to submit a bug report, please visit:
#   https://bugreport.java.com/bugreport/crash.jsp
#

---------------  S U M M A R Y ------------

Command Line: -Xmx2g -Dfile.encoding=UTF-8 -Dant.home=D:\habrisBatch2021\hybris\bin\platform\apache-ant org.apache.tools.ant.launch.Launcher clean all

Host: Intel(R) Core(TM) i3-2330M CPU @ 2.20GHz, 4 cores, 9G,  Windows 7 , 64 bit Build 7601 (6.1.7601.24545)
Time: Tue Jun 22 11:51:59 2021 India Standard Time elapsed time: 79.499882 seconds (0d 0h 1m 19s)

---------------  T H R E A D  ---------------

Current thread (0x0000000063a2d000):  JavaThread "C2 CompilerThread1" daemon [_thread_in_native, id=15616, stack(0x000000006bcf0000,0x000000006bdf0000)]


Current CompileTask:
C2:  79500 8575   !   4       org.apache.velocity.runtime.parser.Parser::jj_2_4 (61 bytes)

Stack: [0x000000006bcf0000,0x000000006bdf0000],  sp=0x000000006bdeb6a0,  free space=1005k
Native frames: (J=compiled Java code, j=interpreted, Vv=VM code, C=native code)
V  [jvm.dll+0x34ad70]
V  [jvm.dll+0x3447c0]
V  [jvm.dll+0x193ffe]
V  [jvm.dll+0x1fd152]
V  [jvm.dll+0x1fc22f]
V  [jvm.dll+0x17f0bc]
V  [jvm.dll+0x20b68c]
V  [jvm.dll+0x20978b]
V  [jvm.dll+0x7152c9]
V  [jvm.dll+0x70dfc4]
V  [jvm.dll+0x6160f6]
C  [ucrtbase.DLL+0x1d912]
C  [kernel32.dll+0x1556d]
C  [ntdll.dll+0x5372d]


siginfo: EXCEPTION_ACCESS_VIOLATION (0xc0000005), reading address 0xffffffffffffffff


Register to memory mapping:

RIP=0x000007fee29aad70 jvm.dll
RAX=0x0 is NULL
RBX=0x0000000000000002 is an unknown value
RCX=0x0 is NULL
RDX=0x0000000000000008 is an unknown value
RSP=0x000000006bdeb6a0 is pointing into the stack for thread: 0x0000000063a2d000
RBP=0x0000000000000008 is an unknown value
RSI=0x000007fee308d468 jvm.dll
RDI=0x00000000683e6490 points into unknown readable memory: c0 ac 4c 68 00 00 00 00
R8 =0x800007fee308d468 is an unknown value
R9 =0x000000006bdeb6f0 is pointing into the stack for thread: 0x0000000063a2d000
R10=0x0000000000000002 is an unknown value
R11=0x000000006bdeb600 is pointing into the stack for thread: 0x0000000063a2d000
R12=0x000007fee2660000 jvm.dll
R13=0x000000006217a750 points into unknown readable memory: 80 bf 67 6a 00 00 00 00
R14=0x0000000000000009 is an unknown value
R15=0x000007fee308d468 jvm.dll


Registers:
RAX=0x0000000000000000, RBX=0x0000000000000002, RCX=0x0000000000000000, RDX=0x0000000000000008
RSP=0x000000006bdeb6a0, RBP=0x0000000000000008, RSI=0x000007fee308d468, RDI=0x00000000683e6490
R8 =0x800007fee308d468, R9 =0x000000006bdeb6f0, R10=0x0000000000000002, R11=0x000000006bdeb600
R12=0x000007fee2660000, R13=0x000000006217a750, R14=0x0000000000000009, R15=0x000007fee308d468
RIP=0x000007fee29aad70, EFLAGS=0x0000000000010246

Top of Stack: (sp=0x000000006bdeb6a0)
0x000000006bdeb6a0:   000000006bde0000 0000000000000000
0x000000006bdeb6b0:   0000000000000300 000000006a52d100
0x000000006bdeb6c0:   0000000000000d89 000007fee29a47c0
0x000000006bdeb6d0:   000000006a67f050 000000006bdeb820
0x000000006bdeb6e0:   0000000000000d89 000007fee2ebe690
0x000000006bdeb6f0:   0000004f00000000 0000000000000003
0x000000006bdeb700:   800007fee308d468 0000000000000001
0x000000006bdeb710:   000000006b9b8610 0000000000000018
0x000000006bdeb720:   000000006a703530 0000000000000000
0x000000006bdeb730:   000000006217a760 0000000000000000
0x000000006bdeb740:   000000006bdeb850 000007fee27f3ffe
0x000000006bdeb750:   000000006bdebbd0 000000006bdebcb8
0x000000006bdeb760:   000000006217ab38 00000000000003d8
0x000000006bdeb770:   000007fee2e78f00 000000000000000d
0x000000006bdeb780:   0000000000000006 000000006217a750
0x000000006bdeb790:   000000006ad2a040 000000006ad30cb0 

Instructions: (pc=0x000007fee29aad70)
0x000007fee29aad50:   49 8b 41 20 41 8b da 4c 8b 04 d8 4c 3b c6 74 7a
0x000007fee29aad60:   33 c0 4d 89 41 10 33 c9 0f 1f 84 00 00 00 00 00
0x000007fee29aad70:   42 83 3c 01 00 8d 50 01 0f 85 be 00 00 00 48 83
0x000007fee29aad80:   c1 04 8b c2 83 fa 08 72 e7 4d 8b 59 30 4d 85 db 


Stack slot to memory mapping:
stack at sp + 0 slots: 0x000000006bde0000 is pointing into the stack for thread: 0x0000000063a2d000
stack at sp + 1 slots: 0x0 is NULL
stack at sp + 2 slots: 0x0000000000000300 is an unknown value
stack at sp + 3 slots: 0x000000006a52d100 points into unknown readable memory: 20 d7 2b 6a 00 00 00 00
stack at sp + 4 slots: 0x0000000000000d89 is an unknown value
stack at sp + 5 slots: 0x000007fee29a47c0 jvm.dll
stack at sp + 6 slots: 0x000000006a67f050 points into unknown readable memory: 0e 00 00 00 f8 89 16 40
stack at sp + 7 slots: 0x000000006bdeb820 is pointing into the stack for thread: 0x0000000063a2d000


---------------  P R O C E S S  ---------------

Threads class SMR info:
_java_thread_list=0x0000000067be14d0, length=11, elements={
0x0000000000314000, 0x0000000062133800, 0x000000006213c000, 0x0000000062151000,
0x0000000062154000, 0x0000000062155800, 0x000000006215b000, 0x000000006215e800,
0x0000000062fdf000, 0x0000000062fe6000, 0x0000000063a2d000
}

Java Threads: ( => current thread )
  0x0000000000314000 JavaThread "main" [_thread_in_vm, id=19284, stack(0x00000000021f0000,0x00000000022f0000)]
  0x0000000062133800 JavaThread "Reference Handler" daemon [_thread_blocked, id=19312, stack(0x00000000624a0000,0x00000000625a0000)]
  0x000000006213c000 JavaThread "Finalizer" daemon [_thread_blocked, id=19316, stack(0x0000000062730000,0x0000000062830000)]
  0x0000000062151000 JavaThread "Signal Dispatcher" daemon [_thread_blocked, id=19320, stack(0x00000000625f0000,0x00000000626f0000)]
  0x0000000062154000 JavaThread "Attach Listener" daemon [_thread_blocked, id=19324, stack(0x00000000629c0000,0x0000000062ac0000)]
  0x0000000062155800 JavaThread "C2 CompilerThread0" daemon [_thread_in_native, id=19328, stack(0x0000000062b30000,0x0000000062c30000)]
  0x000000006215b000 JavaThread "C1 CompilerThread0" daemon [_thread_blocked, id=19332, stack(0x0000000062840000,0x0000000062940000)]
  0x000000006215e800 JavaThread "Sweeper thread" daemon [_thread_blocked, id=19336, stack(0x0000000062dd0000,0x0000000062ed0000)]
  0x0000000062fdf000 JavaThread "Service Thread" daemon [_thread_blocked, id=19340, stack(0x0000000063300000,0x0000000063400000)]
  0x0000000062fe6000 JavaThread "Common-Cleaner" daemon [_thread_blocked, id=19348, stack(0x0000000063460000,0x0000000063560000)]
=>0x0000000063a2d000 JavaThread "C2 CompilerThread1" daemon [_thread_in_native, id=15616, stack(0x000000006bcf0000,0x000000006bdf0000)]

Other Threads:
  0x0000000062131800 VMThread "VM Thread" [stack: 0x0000000062320000,0x0000000062420000] [id=19308]
  0x0000000062fe4800 WatcherThread [stack: 0x0000000062c80000,0x0000000062d80000] [id=19344]
  0x0000000000329000 GCTaskThread "GC Thread#0" [stack: 0x0000000019cf0000,0x0000000019df0000] [id=19288]
  0x0000000063aae800 GCTaskThread "GC Thread#1" [stack: 0x0000000064110000,0x0000000064210000] [id=19368]
  0x0000000063aaf000 GCTaskThread "GC Thread#2" [stack: 0x0000000064010000,0x0000000064110000] [id=19372]
  0x00000000645f9000 GCTaskThread "GC Thread#3" [stack: 0x0000000067f30000,0x0000000068030000] [id=15240]
  0x000000000035d800 ConcurrentGCThread "G1 Main Marker" [stack: 0x000000001efa0000,0x000000001f0a0000] [id=19292]
  0x0000000000360000 ConcurrentGCThread "G1 Conc#0" [stack: 0x000000001f0a0000,0x000000001f1a0000] [id=19296]
  0x0000000019c63800 ConcurrentGCThread "G1 Refine#0" [stack: 0x00000000215c0000,0x00000000216c0000] [id=19300]
  0x0000000019c66800 ConcurrentGCThread "G1 Young RemSet Sampling" [stack: 0x00000000216f0000,0x00000000217f0000] [id=19304]

Threads with active compile tasks:
C2 CompilerThread0  79736 8852       4       java.util.zip.ZipFile$Source::initCEN (658 bytes)
C2 CompilerThread1  79737 8575   !   4       org.apache.velocity.runtime.parser.Parser::jj_2_4 (61 bytes)

VM state:not at safepoint (normal execution)

VM Mutex/Monitor currently owned by a thread: None

Heap address: 0x0000000080000000, size: 2048 MB, Compressed Oops mode: 32-bit
Narrow klass base: 0x0000000000000000, Narrow klass shift: 0
Compressed class space size: 1073741824 Address: 0x00000000217f0000

Heap:
 garbage-first heap   total 196608K, used 54610K [0x0000000080000000, 0x0000000100000000)
  region size 1024K, 24 young (24576K), 4 survivors (4096K)
 Metaspace       used 38595K, capacity 40187K, committed 40448K, reserved 1085440K
  class space    used 3755K, capacity 4260K, committed 4352K, reserved 1048576K
Heap Regions: E=young(eden), S=young(survivor), O=old, HS=humongous(starts), HC=humongous(continues), CS=collection set, F=free, A=archive, TAMS=top-at-mark-start (previous, next)
|   0|0x0000000080000000, 0x0000000080100000, 0x0000000080100000|100%| O|  |TAMS 0x0000000080100000, 0x0000000080000000| Untracked 
|   1|0x0000000080100000, 0x0000000080200000, 0x0000000080200000|100%| O|  |TAMS 0x0000000080200000, 0x0000000080100000| Untracked 
|   2|0x0000000080200000, 0x0000000080300000, 0x0000000080300000|100%| O|  |TAMS 0x0000000080300000, 0x0000000080200000| Untracked 
|   3|0x0000000080300000, 0x0000000080400000, 0x0000000080400000|100%| O|  |TAMS 0x0000000080400000, 0x0000000080300000| Untracked 
|   4|0x0000000080400000, 0x0000000080500000, 0x0000000080500000|100%| O|  |TAMS 0x0000000080500000, 0x0000000080400000| Untracked 
|   5|0x0000000080500000, 0x0000000080600000, 0x0000000080600000|100%| O|  |TAMS 0x0000000080600000, 0x0000000080500000| Untracked 
|   6|0x0000000080600000, 0x0000000080700000, 0x0000000080700000|100%|HS|  |TAMS 0x0000000080700000, 0x0000000080600000| Complete 
|   7|0x0000000080700000, 0x0000000080800000, 0x0000000080800000|100%|HS|  |TAMS 0x0000000080800000, 0x0000000080700000| Complete 
|   8|0x0000000080800000, 0x0000000080900000, 0x0000000080900000|100%|HC|  |TAMS 0x0000000080900000, 0x0000000080800000| Complete 
|   9|0x0000000080900000, 0x0000000080a00000, 0x0000000080a00000|100%| O|  |TAMS 0x0000000080a00000, 0x0000000080900000| Untracked 
|  10|0x0000000080a00000, 0x0000000080b00000, 0x0000000080b00000|100%| O|  |TAMS 0x0000000080b00000, 0x0000000080a00000| Untracked 
|  11|0x0000000080b00000, 0x0000000080c00000, 0x0000000080c00000|100%| O|  |TAMS 0x0000000080c00000, 0x0000000080b00000| Untracked 
|  12|0x0000000080c00000, 0x0000000080d00000, 0x0000000080d00000|100%| O|  |TAMS 0x0000000080d00000, 0x0000000080c00000| Untracked 
|  13|0x0000000080d00000, 0x0000000080e00000, 0x0000000080e00000|100%| O|  |TAMS 0x0000000080e00000, 0x0000000080d00000| Untracked 
|  14|0x0000000080e00000, 0x0000000080f00000, 0x0000000080f00000|100%| O|  |TAMS 0x0000000080f00000, 0x0000000080e00000| Untracked 
|  15|0x0000000080f00000, 0x0000000081000000, 0x0000000081000000|100%| O|  |TAMS 0x0000000081000000, 0x0000000080f00000| Untracked 
|  16|0x0000000081000000, 0x0000000081100000, 0x0000000081100000|100%| O|  |TAMS 0x0000000081100000, 0x0000000081000000| Untracked 
|  17|0x0000000081100000, 0x0000000081200000, 0x0000000081200000|100%| O|  |TAMS 0x0000000081200000, 0x0000000081100000| Untracked 
|  18|0x0000000081200000, 0x0000000081300000, 0x0000000081300000|100%| O|  |TAMS 0x0000000081300000, 0x0000000081200000| Untracked 
|  19|0x0000000081300000, 0x0000000081400000, 0x0000000081400000|100%| O|  |TAMS 0x0000000081400000, 0x0000000081300000| Untracked 
|  20|0x0000000081400000, 0x0000000081500000, 0x0000000081500000|100%| O|  |TAMS 0x0000000081500000, 0x0000000081400000| Untracked 
|  21|0x0000000081500000, 0x0000000081600000, 0x0000000081600000|100%| O|  |TAMS 0x0000000081600000, 0x0000000081500000| Untracked 
|  22|0x0000000081600000, 0x0000000081700000, 0x0000000081700000|100%| O|  |TAMS 0x0000000081700000, 0x0000000081600000| Untracked 
|  23|0x0000000081700000, 0x0000000081800000, 0x0000000081800000|100%| O|  |TAMS 0x0000000081800000, 0x0000000081700000| Untracked 
|  24|0x0000000081800000, 0x0000000081900000, 0x0000000081900000|100%| O|  |TAMS 0x0000000081900000, 0x0000000081800000| Untracked 
|  25|0x0000000081900000, 0x0000000081a00000, 0x0000000081a00000|100%| O|  |TAMS 0x0000000081a00000, 0x0000000081900000| Untracked 
|  26|0x0000000081a00000, 0x0000000081b00000, 0x0000000081b00000|100%| O|  |TAMS 0x0000000081aacc00, 0x0000000081a00000| Untracked 
|  27|0x0000000081b00000, 0x0000000081b92600, 0x0000000081c00000| 57%| O|  |TAMS 0x0000000081b00000, 0x0000000081b00000| Untracked 
|  28|0x0000000081c00000, 0x0000000081d00000, 0x0000000081d00000|100%|HS|  |TAMS 0x0000000081c00000, 0x0000000081c00000| Complete 
|  29|0x0000000081d00000, 0x0000000081e00000, 0x0000000081e00000|100%|HS|  |TAMS 0x0000000081d00000, 0x0000000081d00000| Complete 
|  30|0x0000000081e00000, 0x0000000081f00000, 0x0000000081f00000|100%|HS|  |TAMS 0x0000000081e00000, 0x0000000081e00000| Complete 
|  31|0x0000000081f00000, 0x0000000082000000, 0x0000000082000000|100%|HS|  |TAMS 0x0000000081f00000, 0x0000000081f00000| Complete 
|  32|0x0000000082000000, 0x0000000082000000, 0x0000000082100000|  0%| F|  |TAMS 0x0000000082000000, 0x0000000082000000| Untracked 
|  33|0x0000000082100000, 0x0000000082100000, 0x0000000082200000|  0%| F|  |TAMS 0x0000000082100000, 0x0000000082100000| Untracked 
|  34|0x0000000082200000, 0x0000000082200000, 0x0000000082300000|  0%| F|  |TAMS 0x0000000082200000, 0x0000000082200000| Untracked 
|  35|0x0000000082300000, 0x0000000082300000, 0x0000000082400000|  0%| F|  |TAMS 0x0000000082300000, 0x0000000082300000| Untracked 
|  36|0x0000000082400000, 0x0000000082400000, 0x0000000082500000|  0%| F|  |TAMS 0x0000000082400000, 0x0000000082400000| Untracked 
|  37|0x0000000082500000, 0x0000000082500000, 0x0000000082600000|  0%| F|  |TAMS 0x0000000082500000, 0x0000000082500000| Untracked 
|  38|0x0000000082600000, 0x0000000082600000, 0x0000000082700000|  0%| F|  |TAMS 0x0000000082600000, 0x0000000082600000| Untracked 
|  39|0x0000000082700000, 0x0000000082700000, 0x0000000082800000|  0%| F|  |TAMS 0x0000000082700000, 0x0000000082700000| Untracked 
|  40|0x0000000082800000, 0x0000000082800000, 0x0000000082900000|  0%| F|  |TAMS 0x0000000082800000, 0x0000000082800000| Untracked 
|  41|0x0000000082900000, 0x0000000082900000, 0x0000000082a00000|  0%| F|  |TAMS 0x0000000082900000, 0x0000000082900000| Untracked 
|  42|0x0000000082a00000, 0x0000000082a00000, 0x0000000082b00000|  0%| F|  |TAMS 0x0000000082a00000, 0x0000000082a00000| Untracked 
|  43|0x0000000082b00000, 0x0000000082b00000, 0x0000000082c00000|  0%| F|  |TAMS 0x0000000082b00000, 0x0000000082b00000| Untracked 
|  44|0x0000000082c00000, 0x0000000082c00000, 0x0000000082d00000|  0%| F|  |TAMS 0x0000000082c00000, 0x0000000082c00000| Untracked 
|  45|0x0000000082d00000, 0x0000000082d00000, 0x0000000082e00000|  0%| F|  |TAMS 0x0000000082d00000, 0x0000000082d00000| Untracked 
|  46|0x0000000082e00000, 0x0000000082e00000, 0x0000000082f00000|  0%| F|  |TAMS 0x0000000082e00000, 0x0000000082e00000| Untracked 
|  47|0x0000000082f00000, 0x0000000082f00000, 0x0000000083000000|  0%| F|  |TAMS 0x0000000082f00000, 0x0000000082f00000| Untracked 
|  48|0x0000000083000000, 0x0000000083000000, 0x0000000083100000|  0%| F|  |TAMS 0x0000000083000000, 0x0000000083000000| Untracked 
|  49|0x0000000083100000, 0x0000000083100000, 0x0000000083200000|  0%| F|  |TAMS 0x0000000083100000, 0x0000000083100000| Untracked 
|  50|0x0000000083200000, 0x0000000083200000, 0x0000000083300000|  0%| F|  |TAMS 0x0000000083200000, 0x0000000083200000| Untracked 
|  51|0x0000000083300000, 0x0000000083300000, 0x0000000083400000|  0%| F|  |TAMS 0x0000000083300000, 0x0000000083300000| Untracked 
|  52|0x0000000083400000, 0x0000000083400000, 0x0000000083500000|  0%| F|  |TAMS 0x0000000083400000, 0x0000000083400000| Untracked 
|  53|0x0000000083500000, 0x0000000083500000, 0x0000000083600000|  0%| F|  |TAMS 0x0000000083500000, 0x0000000083500000| Untracked 
|  54|0x0000000083600000, 0x0000000083600000, 0x0000000083700000|  0%| F|  |TAMS 0x0000000083600000, 0x0000000083600000| Untracked 
|  55|0x0000000083700000, 0x0000000083700000, 0x0000000083800000|  0%| F|  |TAMS 0x0000000083700000, 0x0000000083700000| Untracked 
|  56|0x0000000083800000, 0x0000000083800000, 0x0000000083900000|  0%| F|  |TAMS 0x0000000083800000, 0x0000000083800000| Untracked 
|  57|0x0000000083900000, 0x0000000083900000, 0x0000000083a00000|  0%| F|  |TAMS 0x0000000083900000, 0x0000000083900000| Untracked 
|  58|0x0000000083a00000, 0x0000000083a00000, 0x0000000083b00000|  0%| F|  |TAMS 0x0000000083a00000, 0x0000000083a00000| Untracked 
|  59|0x0000000083b00000, 0x0000000083b00000, 0x0000000083c00000|  0%| F|  |TAMS 0x0000000083b00000, 0x0000000083b00000| Untracked 
|  60|0x0000000083c00000, 0x0000000083c00000, 0x0000000083d00000|  0%| F|  |TAMS 0x0000000083c00000, 0x0000000083c00000| Untracked 
|  61|0x0000000083d00000, 0x0000000083d00000, 0x0000000083e00000|  0%| F|  |TAMS 0x0000000083d00000, 0x0000000083d00000| Untracked 
|  62|0x0000000083e00000, 0x0000000083e00000, 0x0000000083f00000|  0%| F|  |TAMS 0x0000000083e00000, 0x0000000083e00000| Untracked 
|  63|0x0000000083f00000, 0x0000000083f00000, 0x0000000084000000|  0%| F|  |TAMS 0x0000000083f00000, 0x0000000083f00000| Untracked 
|  64|0x0000000084000000, 0x0000000084000000, 0x0000000084100000|  0%| F|  |TAMS 0x0000000084000000, 0x0000000084000000| Untracked 
|  65|0x0000000084100000, 0x0000000084100000, 0x0000000084200000|  0%| F|  |TAMS 0x0000000084100000, 0x0000000084100000| Untracked 
|  66|0x0000000084200000, 0x0000000084200000, 0x0000000084300000|  0%| F|  |TAMS 0x0000000084200000, 0x0000000084200000| Untracked 
|  67|0x0000000084300000, 0x0000000084300000, 0x0000000084400000|  0%| F|  |TAMS 0x0000000084300000, 0x0000000084300000| Untracked 
|  68|0x0000000084400000, 0x0000000084400000, 0x0000000084500000|  0%| F|  |TAMS 0x0000000084400000, 0x0000000084400000| Untracked 
|  69|0x0000000084500000, 0x0000000084500000, 0x0000000084600000|  0%| F|  |TAMS 0x0000000084500000, 0x0000000084500000| Untracked 
|  70|0x0000000084600000, 0x0000000084600000, 0x0000000084700000|  0%| F|  |TAMS 0x0000000084600000, 0x0000000084600000| Untracked 
|  71|0x0000000084700000, 0x0000000084700000, 0x0000000084800000|  0%| F|  |TAMS 0x0000000084700000, 0x0000000084700000| Untracked 
|  72|0x0000000084800000, 0x0000000084800000, 0x0000000084900000|  0%| F|  |TAMS 0x0000000084800000, 0x0000000084800000| Untracked 
|  73|0x0000000084900000, 0x0000000084900000, 0x0000000084a00000|  0%| F|  |TAMS 0x0000000084900000, 0x0000000084900000| Untracked 
|  74|0x0000000084a00000, 0x0000000084a00000, 0x0000000084b00000|  0%| F|  |TAMS 0x0000000084a00000, 0x0000000084a00000| Untracked 
|  75|0x0000000084b00000, 0x0000000084b00000, 0x0000000084c00000|  0%| F|  |TAMS 0x0000000084b00000, 0x0000000084b00000| Untracked 
|  76|0x0000000084c00000, 0x0000000084c00000, 0x0000000084d00000|  0%| F|  |TAMS 0x0000000084c00000, 0x0000000084c00000| Untracked 
|  77|0x0000000084d00000, 0x0000000084d00000, 0x0000000084e00000|  0%| F|  |TAMS 0x0000000084d00000, 0x0000000084d00000| Untracked 
|  78|0x0000000084e00000, 0x0000000084ec23a0, 0x0000000084f00000| 75%| S|CS|TAMS 0x0000000084e00000, 0x0000000084e00000| Complete 
|  79|0x0000000084f00000, 0x0000000084f00000, 0x0000000085000000|  0%| F|  |TAMS 0x0000000084f00000, 0x0000000084f00000| Untracked 
|  80|0x0000000085000000, 0x0000000085000000, 0x0000000085100000|  0%| F|  |TAMS 0x0000000085000000, 0x0000000085000000| Untracked 
|  81|0x0000000085100000, 0x0000000085100000, 0x0000000085200000|  0%| F|  |TAMS 0x0000000085100000, 0x0000000085100000| Untracked 
|  82|0x0000000085200000, 0x0000000085200000, 0x0000000085300000|  0%| F|  |TAMS 0x0000000085200000, 0x0000000085200000| Untracked 
|  83|0x0000000085300000, 0x0000000085300000, 0x0000000085400000|  0%| F|  |TAMS 0x0000000085300000, 0x0000000085300000| Untracked 
|  84|0x0000000085400000, 0x0000000085500000, 0x0000000085500000|100%| S|CS|TAMS 0x0000000085400000, 0x0000000085400000| Complete 
|  85|0x0000000085500000, 0x0000000085600000, 0x0000000085600000|100%| S|CS|TAMS 0x0000000085500000, 0x0000000085500000| Complete 
|  86|0x0000000085600000, 0x0000000085700000, 0x0000000085700000|100%| S|CS|TAMS 0x0000000085600000, 0x0000000085600000| Complete 
|  87|0x0000000085700000, 0x0000000085700000, 0x0000000085800000|  0%| F|  |TAMS 0x0000000085700000, 0x0000000085700000| Untracked 
|  88|0x0000000085800000, 0x0000000085800000, 0x0000000085900000|  0%| F|  |TAMS 0x0000000085800000, 0x0000000085800000| Untracked 
|  89|0x0000000085900000, 0x0000000085900000, 0x0000000085a00000|  0%| F|  |TAMS 0x0000000085900000, 0x0000000085900000| Untracked 
|  90|0x0000000085a00000, 0x0000000085a00000, 0x0000000085b00000|  0%| F|  |TAMS 0x0000000085a00000, 0x0000000085a00000| Untracked 
|  91|0x0000000085b00000, 0x0000000085b00000, 0x0000000085c00000|  0%| F|  |TAMS 0x0000000085b00000, 0x0000000085b00000| Untracked 
|  92|0x0000000085c00000, 0x0000000085c00000, 0x0000000085d00000|  0%| F|  |TAMS 0x0000000085c00000, 0x0000000085c00000| Untracked 
|  93|0x0000000085d00000, 0x0000000085d00000, 0x0000000085e00000|  0%| F|  |TAMS 0x0000000085d00000, 0x0000000085d00000| Untracked 
|  94|0x0000000085e00000, 0x0000000085e00000, 0x0000000085f00000|  0%| F|  |TAMS 0x0000000085e00000, 0x0000000085e00000| Untracked 
|  95|0x0000000085f00000, 0x0000000085f00000, 0x0000000086000000|  0%| F|  |TAMS 0x0000000085f00000, 0x0000000085f00000| Untracked 
|  96|0x0000000086000000, 0x0000000086000000, 0x0000000086100000|  0%| F|  |TAMS 0x0000000086000000, 0x0000000086000000| Untracked 
|  97|0x0000000086100000, 0x0000000086100000, 0x0000000086200000|  0%| F|  |TAMS 0x0000000086100000, 0x0000000086100000| Untracked 
|  98|0x0000000086200000, 0x0000000086200000, 0x0000000086300000|  0%| F|  |TAMS 0x0000000086200000, 0x0000000086200000| Untracked 
|  99|0x0000000086300000, 0x0000000086300000, 0x0000000086400000|  0%| F|  |TAMS 0x0000000086300000, 0x0000000086300000| Untracked 
| 100|0x0000000086400000, 0x0000000086400000, 0x0000000086500000|  0%| F|  |TAMS 0x0000000086400000, 0x0000000086400000| Untracked 
| 101|0x0000000086500000, 0x0000000086500000, 0x0000000086600000|  0%| F|  |TAMS 0x0000000086500000, 0x0000000086500000| Untracked 
| 102|0x0000000086600000, 0x0000000086600000, 0x0000000086700000|  0%| F|  |TAMS 0x0000000086600000, 0x0000000086600000| Untracked 
| 103|0x0000000086700000, 0x0000000086700000, 0x0000000086800000|  0%| F|  |TAMS 0x0000000086700000, 0x0000000086700000| Untracked 
| 104|0x0000000086800000, 0x0000000086800000, 0x0000000086900000|  0%| F|  |TAMS 0x0000000086800000, 0x0000000086800000| Untracked 
| 105|0x0000000086900000, 0x0000000086900000, 0x0000000086a00000|  0%| F|  |TAMS 0x0000000086900000, 0x0000000086900000| Untracked 
| 106|0x0000000086a00000, 0x0000000086a00000, 0x0000000086b00000|  0%| F|  |TAMS 0x0000000086a00000, 0x0000000086a00000| Untracked 
| 107|0x0000000086b00000, 0x0000000086b00000, 0x0000000086c00000|  0%| F|  |TAMS 0x0000000086b00000, 0x0000000086b00000| Untracked 
| 108|0x0000000086c00000, 0x0000000086c00000, 0x0000000086d00000|  0%| F|  |TAMS 0x0000000086c00000, 0x0000000086c00000| Untracked 
| 109|0x0000000086d00000, 0x0000000086d00000, 0x0000000086e00000|  0%| F|  |TAMS 0x0000000086d00000, 0x0000000086d00000| Untracked 
| 110|0x0000000086e00000, 0x0000000086e00000, 0x0000000086f00000|  0%| F|  |TAMS 0x0000000086e00000, 0x0000000086e00000| Untracked 
| 111|0x0000000086f00000, 0x0000000086f00000, 0x0000000087000000|  0%| F|  |TAMS 0x0000000086f00000, 0x0000000086f00000| Untracked 
| 112|0x0000000087000000, 0x0000000087000000, 0x0000000087100000|  0%| F|  |TAMS 0x0000000087000000, 0x0000000087000000| Untracked 
| 113|0x0000000087100000, 0x0000000087100000, 0x0000000087200000|  0%| F|  |TAMS 0x0000000087100000, 0x0000000087100000| Untracked 
| 114|0x0000000087200000, 0x0000000087200000, 0x0000000087300000|  0%| F|  |TAMS 0x0000000087200000, 0x0000000087200000| Untracked 
| 115|0x0000000087300000, 0x0000000087300000, 0x0000000087400000|  0%| F|  |TAMS 0x0000000087300000, 0x0000000087300000| Untracked 
| 116|0x0000000087400000, 0x0000000087400000, 0x0000000087500000|  0%| F|  |TAMS 0x0000000087400000, 0x0000000087400000| Untracked 
| 117|0x0000000087500000, 0x0000000087500000, 0x0000000087600000|  0%| F|  |TAMS 0x0000000087500000, 0x0000000087500000| Untracked 
| 118|0x0000000087600000, 0x0000000087600000, 0x0000000087700000|  0%| F|  |TAMS 0x0000000087600000, 0x0000000087600000| Untracked 
| 119|0x0000000087700000, 0x0000000087700000, 0x0000000087800000|  0%| F|  |TAMS 0x0000000087700000, 0x0000000087700000| Untracked 
| 120|0x0000000087800000, 0x0000000087800000, 0x0000000087900000|  0%| F|  |TAMS 0x0000000087800000, 0x0000000087800000| Untracked 
| 121|0x0000000087900000, 0x0000000087900000, 0x0000000087a00000|  0%| F|  |TAMS 0x0000000087900000, 0x0000000087900000| Untracked 
| 122|0x0000000087a00000, 0x0000000087a00000, 0x0000000087b00000|  0%| F|  |TAMS 0x0000000087a00000, 0x0000000087a00000| Untracked 
| 123|0x0000000087b00000, 0x0000000087b00000, 0x0000000087c00000|  0%| F|  |TAMS 0x0000000087b00000, 0x0000000087b00000| Untracked 
| 124|0x0000000087c00000, 0x0000000087c00000, 0x0000000087d00000|  0%| F|  |TAMS 0x0000000087c00000, 0x0000000087c00000| Untracked 
| 125|0x0000000087d00000, 0x0000000087d00000, 0x0000000087e00000|  0%| F|  |TAMS 0x0000000087d00000, 0x0000000087d00000| Untracked 
| 126|0x0000000087e00000, 0x0000000087e00000, 0x0000000087f00000|  0%| F|  |TAMS 0x0000000087e00000, 0x0000000087e00000| Untracked 
| 127|0x0000000087f00000, 0x0000000087f00000, 0x0000000088000000|  0%| F|  |TAMS 0x0000000087f00000, 0x0000000087f00000| Untracked 
| 128|0x0000000088000000, 0x0000000088000000, 0x0000000088100000|  0%| F|  |TAMS 0x0000000088000000, 0x0000000088000000| Untracked 
| 129|0x0000000088100000, 0x0000000088100000, 0x0000000088200000|  0%| F|  |TAMS 0x0000000088100000, 0x0000000088100000| Untracked 
| 130|0x0000000088200000, 0x0000000088200000, 0x0000000088300000|  0%| F|  |TAMS 0x0000000088200000, 0x0000000088200000| Untracked 
| 131|0x0000000088300000, 0x0000000088300000, 0x0000000088400000|  0%| F|  |TAMS 0x0000000088300000, 0x0000000088300000| Untracked 
| 132|0x0000000088400000, 0x0000000088400000, 0x0000000088500000|  0%| F|  |TAMS 0x0000000088400000, 0x0000000088400000| Untracked 
| 133|0x0000000088500000, 0x0000000088500000, 0x0000000088600000|  0%| F|  |TAMS 0x0000000088500000, 0x0000000088500000| Untracked 
| 134|0x0000000088600000, 0x0000000088600000, 0x0000000088700000|  0%| F|  |TAMS 0x0000000088600000, 0x0000000088600000| Untracked 
| 135|0x0000000088700000, 0x0000000088700000, 0x0000000088800000|  0%| F|  |TAMS 0x0000000088700000, 0x0000000088700000| Untracked 
| 136|0x0000000088800000, 0x0000000088800000, 0x0000000088900000|  0%| F|  |TAMS 0x0000000088800000, 0x0000000088800000| Untracked 
| 137|0x0000000088900000, 0x0000000088900000, 0x0000000088a00000|  0%| F|  |TAMS 0x0000000088900000, 0x0000000088900000| Untracked 
| 138|0x0000000088a00000, 0x0000000088a00000, 0x0000000088b00000|  0%| F|  |TAMS 0x0000000088a00000, 0x0000000088a00000| Untracked 
| 139|0x0000000088b00000, 0x0000000088b00000, 0x0000000088c00000|  0%| F|  |TAMS 0x0000000088b00000, 0x0000000088b00000| Untracked 
| 140|0x0000000088c00000, 0x0000000088c00000, 0x0000000088d00000|  0%| F|  |TAMS 0x0000000088c00000, 0x0000000088c00000| Untracked 
| 141|0x0000000088d00000, 0x0000000088d00000, 0x0000000088e00000|  0%| F|  |TAMS 0x0000000088d00000, 0x0000000088d00000| Untracked 
| 142|0x0000000088e00000, 0x0000000088e00000, 0x0000000088f00000|  0%| F|  |TAMS 0x0000000088e00000, 0x0000000088e00000| Untracked 
| 143|0x0000000088f00000, 0x0000000088f00000, 0x0000000089000000|  0%| F|  |TAMS 0x0000000088f00000, 0x0000000088f00000| Untracked 
| 144|0x0000000089000000, 0x0000000089000000, 0x0000000089100000|  0%| F|  |TAMS 0x0000000089000000, 0x0000000089000000| Untracked 
| 145|0x0000000089100000, 0x0000000089100000, 0x0000000089200000|  0%| F|  |TAMS 0x0000000089100000, 0x0000000089100000| Untracked 
| 146|0x0000000089200000, 0x0000000089200000, 0x0000000089300000|  0%| F|  |TAMS 0x0000000089200000, 0x0000000089200000| Untracked 
| 147|0x0000000089300000, 0x0000000089300000, 0x0000000089400000|  0%| F|  |TAMS 0x0000000089300000, 0x0000000089300000| Untracked 
| 148|0x0000000089400000, 0x0000000089400000, 0x0000000089500000|  0%| F|  |TAMS 0x0000000089400000, 0x0000000089400000| Untracked 
| 149|0x0000000089500000, 0x0000000089500000, 0x0000000089600000|  0%| F|  |TAMS 0x0000000089500000, 0x0000000089500000| Untracked 
| 150|0x0000000089600000, 0x0000000089600000, 0x0000000089700000|  0%| F|  |TAMS 0x0000000089600000, 0x0000000089600000| Untracked 
| 151|0x0000000089700000, 0x0000000089700000, 0x0000000089800000|  0%| F|  |TAMS 0x0000000089700000, 0x0000000089700000| Untracked 
| 152|0x0000000089800000, 0x0000000089800000, 0x0000000089900000|  0%| F|  |TAMS 0x0000000089800000, 0x0000000089800000| Untracked 
| 153|0x0000000089900000, 0x0000000089900000, 0x0000000089a00000|  0%| F|  |TAMS 0x0000000089900000, 0x0000000089900000| Untracked 
| 154|0x0000000089a00000, 0x0000000089a00000, 0x0000000089b00000|  0%| F|  |TAMS 0x0000000089a00000, 0x0000000089a00000| Untracked 
| 155|0x0000000089b00000, 0x0000000089b00000, 0x0000000089c00000|  0%| F|  |TAMS 0x0000000089b00000, 0x0000000089b00000| Untracked 
| 156|0x0000000089c00000, 0x0000000089c00000, 0x0000000089d00000|  0%| F|  |TAMS 0x0000000089c00000, 0x0000000089c00000| Untracked 
| 157|0x0000000089d00000, 0x0000000089d00000, 0x0000000089e00000|  0%| F|  |TAMS 0x0000000089d00000, 0x0000000089d00000| Untracked 
| 158|0x0000000089e00000, 0x0000000089e00000, 0x0000000089f00000|  0%| F|  |TAMS 0x0000000089e00000, 0x0000000089e00000| Untracked 
| 159|0x0000000089f00000, 0x0000000089f00000, 0x000000008a000000|  0%| F|  |TAMS 0x0000000089f00000, 0x0000000089f00000| Untracked 
| 160|0x000000008a000000, 0x000000008a000000, 0x000000008a100000|  0%| F|  |TAMS 0x000000008a000000, 0x000000008a000000| Untracked 
| 161|0x000000008a100000, 0x000000008a100000, 0x000000008a200000|  0%| F|  |TAMS 0x000000008a100000, 0x000000008a100000| Untracked 
| 162|0x000000008a200000, 0x000000008a200000, 0x000000008a300000|  0%| F|  |TAMS 0x000000008a200000, 0x000000008a200000| Untracked 
| 163|0x000000008a300000, 0x000000008a300000, 0x000000008a400000|  0%| F|  |TAMS 0x000000008a300000, 0x000000008a300000| Untracked 
| 164|0x000000008a400000, 0x000000008a400000, 0x000000008a500000|  0%| F|  |TAMS 0x000000008a400000, 0x000000008a400000| Untracked 
| 165|0x000000008a500000, 0x000000008a500000, 0x000000008a600000|  0%| F|  |TAMS 0x000000008a500000, 0x000000008a500000| Untracked 
| 166|0x000000008a600000, 0x000000008a600000, 0x000000008a700000|  0%| F|  |TAMS 0x000000008a600000, 0x000000008a600000| Untracked 
| 167|0x000000008a700000, 0x000000008a700000, 0x000000008a800000|  0%| F|  |TAMS 0x000000008a700000, 0x000000008a700000| Untracked 
| 168|0x000000008a800000, 0x000000008a800000, 0x000000008a900000|  0%| F|  |TAMS 0x000000008a800000, 0x000000008a800000| Untracked 
| 169|0x000000008a900000, 0x000000008a900000, 0x000000008aa00000|  0%| F|  |TAMS 0x000000008a900000, 0x000000008a900000| Untracked 
| 170|0x000000008aa00000, 0x000000008aa00000, 0x000000008ab00000|  0%| F|  |TAMS 0x000000008aa00000, 0x000000008aa00000| Untracked 
| 171|0x000000008ab00000, 0x000000008ab00000, 0x000000008ac00000|  0%| F|  |TAMS 0x000000008ab00000, 0x000000008ab00000| Untracked 
| 172|0x000000008ac00000, 0x000000008ad00000, 0x000000008ad00000|100%| E|  |TAMS 0x000000008ac00000, 0x000000008ac00000| Complete 
| 173|0x000000008ad00000, 0x000000008ae00000, 0x000000008ae00000|100%| E|CS|TAMS 0x000000008ad00000, 0x000000008ad00000| Complete 
| 174|0x000000008ae00000, 0x000000008af00000, 0x000000008af00000|100%| E|CS|TAMS 0x000000008ae00000, 0x000000008ae00000| Complete 
| 175|0x000000008af00000, 0x000000008b000000, 0x000000008b000000|100%| E|CS|TAMS 0x000000008af00000, 0x000000008af00000| Complete 
| 176|0x000000008b000000, 0x000000008b100000, 0x000000008b100000|100%| E|  |TAMS 0x000000008b000000, 0x000000008b000000| Complete 
| 177|0x000000008b100000, 0x000000008b200000, 0x000000008b200000|100%| E|CS|TAMS 0x000000008b100000, 0x000000008b100000| Complete 
| 178|0x000000008b200000, 0x000000008b300000, 0x000000008b300000|100%| E|CS|TAMS 0x000000008b200000, 0x000000008b200000| Complete 
| 179|0x000000008b300000, 0x000000008b400000, 0x000000008b400000|100%| E|CS|TAMS 0x000000008b300000, 0x000000008b300000| Complete 
| 180|0x000000008b400000, 0x000000008b500000, 0x000000008b500000|100%| E|CS|TAMS 0x000000008b400000, 0x000000008b400000| Complete 
| 181|0x000000008b500000, 0x000000008b600000, 0x000000008b600000|100%| E|CS|TAMS 0x000000008b500000, 0x000000008b500000| Complete 
| 182|0x000000008b600000, 0x000000008b700000, 0x000000008b700000|100%| E|CS|TAMS 0x000000008b600000, 0x000000008b600000| Complete 
| 183|0x000000008b700000, 0x000000008b800000, 0x000000008b800000|100%| E|CS|TAMS 0x000000008b700000, 0x000000008b700000| Complete 
| 184|0x000000008b800000, 0x000000008b900000, 0x000000008b900000|100%| E|CS|TAMS 0x000000008b800000, 0x000000008b800000| Complete 
| 185|0x000000008b900000, 0x000000008ba00000, 0x000000008ba00000|100%| E|CS|TAMS 0x000000008b900000, 0x000000008b900000| Complete 
| 186|0x000000008ba00000, 0x000000008bb00000, 0x000000008bb00000|100%| E|CS|TAMS 0x000000008ba00000, 0x000000008ba00000| Complete 
| 187|0x000000008bb00000, 0x000000008bc00000, 0x000000008bc00000|100%| E|CS|TAMS 0x000000008bb00000, 0x000000008bb00000| Complete 
| 188|0x000000008bc00000, 0x000000008bd00000, 0x000000008bd00000|100%| E|CS|TAMS 0x000000008bc00000, 0x000000008bc00000| Complete 
| 189|0x000000008bd00000, 0x000000008be00000, 0x000000008be00000|100%| E|CS|TAMS 0x000000008bd00000, 0x000000008bd00000| Complete 
| 190|0x000000008be00000, 0x000000008bf00000, 0x000000008bf00000|100%| E|CS|TAMS 0x000000008be00000, 0x000000008be00000| Complete 
| 191|0x000000008bf00000, 0x000000008c000000, 0x000000008c000000|100%| E|CS|TAMS 0x000000008bf00000, 0x000000008bf00000| Complete 

Card table byte_map: [0x000000001a630000,0x000000001aa30000] _byte_map_base: 0x000000001a230000

Marking Bits (Prev, Next): (CMBitMap*) 0x0000000000354b28, (CMBitMap*) 0x0000000000354b60
 Prev Bits: [0x000000001ae30000, 0x000000001ce30000)
 Next Bits: [0x000000001ce30000, 0x000000001ee30000)

Polling page: 0x0000000000130000

Metaspace:

Usage:
  Non-class:     35.15 MB capacity,    34.04 MB ( 97%) used,     1.01 MB (  3%) free+waste,   102.50 KB ( <1%) overhead. 
      Class:      4.16 MB capacity,     3.67 MB ( 88%) used,   456.60 KB ( 11%) free+waste,    44.75 KB (  1%) overhead. 
       Both:     39.31 MB capacity,    37.71 MB ( 96%) used,     1.46 MB (  4%) free+waste,   147.25 KB ( <1%) overhead. 

Virtual space:
  Non-class space:       36.00 MB reserved,      35.25 MB ( 98%) committed 
      Class space:        1.00 GB reserved,       4.25 MB ( <1%) committed 
             Both:        1.04 GB reserved,      39.50 MB (  4%) committed 

Chunk freelists:
   Non-Class:  4.88 KB
       Class:  3.38 KB
        Both:  8.25 KB

CodeHeap 'non-profiled nmethods': size=120064Kb used=7361Kb max_used=7361Kb free=112702Kb
 bounds [0x00000000126b0000, 0x0000000012df0000, 0x0000000019bf0000]
CodeHeap 'profiled nmethods': size=120000Kb used=20245Kb max_used=20503Kb free=99754Kb
 bounds [0x000000000b180000, 0x000000000c5b0000, 0x00000000126b0000]
CodeHeap 'non-nmethods': size=5696Kb used=1163Kb max_used=1203Kb free=4532Kb
 bounds [0x000000000abf0000, 0x000000000ae60000, 0x000000000b180000]
 total_blobs=8478 nmethods=7971 adapters=418
 compilation: enabled
              stopped_count=0, restarted_count=0
 full_count=0

Compilation events (10 events):
Event: 78.424 Thread 0x0000000062155800 nmethod 8694 0x0000000012dc1390 code [0x0000000012dc1540, 0x0000000012dc1728]
Event: 78.424 Thread 0x0000000062155800 8697   !   4       java.util.stream.ReferencePipeline$7$1::accept (127 bytes)
Event: 78.424 Thread 0x000000006215b000 8700       3       java.lang.invoke.MethodHandleNatives::canBeCalledVirtual (93 bytes)
Event: 78.425 Thread 0x000000006215b000 nmethod 8700 0x000000000b657f10 code [0x000000000b658120, 0x000000000b658698]
Event: 78.426 Thread 0x000000006215b000 8701       3       org.apache.tools.ant.util.SourceFileScanner$$Lambda$194/0x0000000021bc9440::apply (8 bytes)
Event: 78.427 Thread 0x000000006215b000 nmethod 8701 0x000000000b4fc310 code [0x000000000b4fc4c0, 0x000000000b4fc748]
Event: 78.430 Thread 0x000000006215b000 8703       3       org.apache.tools.ant.util.SourceFileScanner$$Lambda$196/0x0000000021bc9c40::apply (12 bytes)
Event: 78.430 Thread 0x000000006215b000 nmethod 8703 0x000000000b52a390 code [0x000000000b52a540, 0x000000000b52a828]
Event: 78.430 Thread 0x000000006215b000 8704       3       org.apache.tools.ant.util.SourceFileScanner::lambda$restrictAsFiles$3 (10 bytes)
Event: 78.431 Thread 0x000000006215b000 nmethod 8704 0x000000000b444c10 code [0x000000000b444dc0, 0x000000000b444f48]

GC Heap History (10 events):
Event: 63.803 GC heap before
{Heap before GC invocations=14 (full 0):
 garbage-first heap   total 196608K, used 141389K [0x0000000080000000, 0x0000000100000000)
  region size 1024K, 115 young (117760K), 10 survivors (10240K)
 Metaspace       used 31712K, capacity 33081K, committed 33408K, reserved 1079296K
  class space    used 3194K, capacity 3612K, committed 3712K, reserved 1048576K
}
Event: 63.825 GC heap after
{Heap after GC invocations=15 (full 0):
 garbage-first heap   total 196608K, used 34318K [0x0000000080000000, 0x0000000100000000)
  region size 1024K, 7 young (7168K), 7 survivors (7168K)
 Metaspace       used 31712K, capacity 33081K, committed 33408K, reserved 1079296K
  class space    used 3194K, capacity 3612K, committed 3712K, reserved 1048576K
}
Event: 66.169 GC heap before
{Heap before GC invocations=15 (full 0):
 garbage-first heap   total 196608K, used 144910K [0x0000000080000000, 0x0000000100000000)
  region size 1024K, 115 young (117760K), 7 survivors (7168K)
 Metaspace       used 31859K, capacity 33273K, committed 33408K, reserved 1079296K
  class space    used 3195K, capacity 3612K, committed 3712K, reserved 1048576K
}
Event: 66.186 GC heap after
{Heap after GC invocations=16 (full 0):
 garbage-first heap   total 196608K, used 34159K [0x0000000080000000, 0x0000000100000000)
  region size 1024K, 7 young (7168K), 7 survivors (7168K)
 Metaspace       used 31859K, capacity 33273K, committed 33408K, reserved 1079296K
  class space    used 3195K, capacity 3612K, committed 3712K, reserved 1048576K
}
Event: 68.772 GC heap before
{Heap before GC invocations=16 (full 0):
 garbage-first heap   total 196608K, used 144751K [0x0000000080000000, 0x0000000100000000)
  region size 1024K, 115 young (117760K), 7 survivors (7168K)
 Metaspace       used 32256K, capacity 33670K, committed 33920K, reserved 1079296K
  class space    used 3243K, capacity 3678K, committed 3712K, reserved 1048576K
}
Event: 68.792 GC heap after
{Heap after GC invocations=17 (full 0):
 garbage-first heap   total 196608K, used 34483K [0x0000000080000000, 0x0000000100000000)
  region size 1024K, 7 young (7168K), 7 survivors (7168K)
 Metaspace       used 32256K, capacity 33670K, committed 33920K, reserved 1079296K
  class space    used 3243K, capacity 3678K, committed 3712K, reserved 1048576K
}
Event: 70.592 GC heap before
{Heap before GC invocations=17 (full 0):
 garbage-first heap   total 196608K, used 73395K [0x0000000080000000, 0x0000000100000000)
  region size 1024K, 46 young (47104K), 7 survivors (7168K)
 Metaspace       used 34303K, capacity 35733K, committed 35840K, reserved 1081344K
  class space    used 3420K, capacity 3887K, committed 3968K, reserved 1048576K
}
Event: 70.616 GC heap after
{Heap after GC invocations=18 (full 0):
 garbage-first heap   total 196608K, used 38909K [0x0000000080000000, 0x0000000100000000)
  region size 1024K, 12 young (12288K), 12 survivors (12288K)
 Metaspace       used 34303K, capacity 35733K, committed 35840K, reserved 1081344K
  class space    used 3420K, capacity 3887K, committed 3968K, reserved 1048576K
}
Event: 77.299 GC heap before
{Heap before GC invocations=19 (full 0):
 garbage-first heap   total 196608K, used 137213K [0x0000000080000000, 0x0000000100000000)
  region size 1024K, 108 young (110592K), 12 survivors (12288K)
 Metaspace       used 34819K, capacity 36274K, committed 36352K, reserved 1081344K
  class space    used 3441K, capacity 3892K, committed 3968K, reserved 1048576K
}
Event: 77.312 GC heap after
{Heap after GC invocations=20 (full 0):
 garbage-first heap   total 196608K, used 33336K [0x0000000080000000, 0x0000000100000000)
  region size 1024K, 5 young (5120K), 5 survivors (5120K)
 Metaspace       used 34819K, capacity 36274K, committed 36352K, reserved 1081344K
  class space    used 3441K, capacity 3892K, committed 3968K, reserved 1048576K
}

Deoptimization events (10 events):
Event: 77.390 Thread 0x0000000000314000 Uncommon trap: reason=class_check action=maybe_recompile pc=0x0000000012982af0 method=org.apache.tools.ant.types.resources.FailFast.next()Lorg/apache/tools/ant/types/Resource; @ 40 c2
Event: 77.390 Thread 0x0000000000314000 Uncommon trap: reason=class_check action=maybe_recompile pc=0x0000000012982af0 method=org.apache.tools.ant.types.resources.FailFast.next()Lorg/apache/tools/ant/types/Resource; @ 40 c2
Event: 78.007 Thread 0x0000000000314000 Uncommon trap: reason=bimorphic_or_optimized_type_check action=maybe_recompile pc=0x0000000012db4254 method=org.apache.tools.ant.types.resources.FailFast.next()Lorg/apache/tools/ant/types/Resource; @ 11 c2
Event: 78.008 Thread 0x0000000000314000 Uncommon trap: reason=bimorphic_or_optimized_type_check action=maybe_recompile pc=0x0000000012db4254 method=org.apache.tools.ant.types.resources.FailFast.next()Lorg/apache/tools/ant/types/Resource; @ 11 c2
Event: 78.009 Thread 0x0000000000314000 Uncommon trap: reason=bimorphic_or_optimized_type_check action=maybe_recompile pc=0x0000000012db4254 method=org.apache.tools.ant.types.resources.FailFast.next()Lorg/apache/tools/ant/types/Resource; @ 11 c2
Event: 78.010 Thread 0x0000000000314000 Uncommon trap: reason=bimorphic_or_optimized_type_check action=maybe_recompile pc=0x0000000012db4254 method=org.apache.tools.ant.types.resources.FailFast.next()Lorg/apache/tools/ant/types/Resource; @ 11 c2
Event: 78.419 Thread 0x0000000000314000 Uncommon trap: reason=bimorphic_or_optimized_type_check action=maybe_recompile pc=0x0000000012b14f30 method=java.util.stream.DistinctOps$1$2.accept(Ljava/lang/Object;)V @ 29 c2
Event: 78.419 Thread 0x0000000000314000 Uncommon trap: reason=bimorphic_or_optimized_type_check action=maybe_recompile pc=0x0000000012b14f30 method=java.util.stream.DistinctOps$1$2.accept(Ljava/lang/Object;)V @ 29 c2
Event: 78.419 Thread 0x0000000000314000 Uncommon trap: reason=bimorphic_or_optimized_type_check action=maybe_recompile pc=0x0000000012b14f30 method=java.util.stream.DistinctOps$1$2.accept(Ljava/lang/Object;)V @ 29 c2
Event: 78.419 Thread 0x0000000000314000 Uncommon trap: reason=bimorphic_or_optimized_type_check action=maybe_recompile pc=0x0000000012b14f30 method=java.util.stream.DistinctOps$1$2.accept(Ljava/lang/Object;)V @ 29 c2

Classes redefined (0 events):
No events

Internal exceptions (10 events):
Event: 53.195 Thread 0x0000000000314000 Exception <a 'java/lang/ClassCastException'{0x00000000879fc2b8}: class de.hybris.bootstrap.config.PlatformConfig cannot be cast to class de.hybris.bootstrap.config.PlatformConfig (de.hybris.bootstrap.config.PlatformConfig is in unnamed module of loader or
Event: 55.720 Thread 0x0000000000314000 Implicit null exception at 0x0000000012af63f7 to 0x0000000012af6462
Event: 55.720 Thread 0x0000000000314000 Implicit null exception at 0x0000000012b01852 to 0x0000000012b01968
Event: 55.723 Thread 0x0000000000314000 Implicit null exception at 0x0000000012af7415 to 0x0000000012af74ea
Event: 57.820 Thread 0x0000000000314000 Implicit null exception at 0x0000000012bdbe34 to 0x0000000012bdc4d7
Event: 68.803 Thread 0x0000000000314000 Exception <a 'java/lang/NoClassDefFoundError'{0x000000008bf6e230}: org/apache/log/format/Formatter> (0x000000008bf6e230) thrown at [./open/src/hotspot/share/classfile/systemDictionary.cpp, line 217]
Event: 77.695 Thread 0x0000000000314000 Exception <a 'java/lang/NoSuchMethodError'{0x000000008b8d9018}: java.lang.invoke.DirectMethodHandle$Holder.invokeStatic(Ljava/lang/Object;JLjava/lang/Object;)Ljava/lang/Object;> (0x000000008b8d9018) thrown at [./open/src/hotspot/share/interpreter/linkReso
Event: 77.697 Thread 0x0000000000314000 Exception <a 'java/lang/NoSuchMethodError'{0x000000008b8e8260}: java.lang.invoke.DirectMethodHandle$Holder.invokeStatic(Ljava/lang/Object;J)Ljava/lang/Object;> (0x000000008b8e8260) thrown at [./open/src/hotspot/share/interpreter/linkResolver.cpp, line 772
Event: 77.700 Thread 0x0000000000314000 Exception <a 'java/lang/NoSuchMethodError'{0x000000008b8f82e8}: java.lang.invoke.DirectMethodHandle$Holder.invokeStatic(Ljava/lang/Object;Ljava/lang/Object;J)Ljava/lang/Object;> (0x000000008b8f82e8) thrown at [./open/src/hotspot/share/interpreter/linkReso
Event: 77.701 Thread 0x0000000000314000 Exception <a 'java/lang/NoSuchMethodError'{0x000000008b8fec58}: java.lang.invoke.Invokers$Holder.linkToTargetMethod(Ljava/lang/Object;JLjava/lang/Object;)Ljava/lang/Object;> (0x000000008b8fec58) thrown at [./open/src/hotspot/share/interpreter/linkResolver

Events (10 events):
Event: 78.419 Thread 0x0000000000314000 DEOPT PACKING pc=0x0000000012b14f30 sp=0x00000000022ec2e0
Event: 78.419 Thread 0x0000000000314000 DEOPT UNPACKING pc=0x000000000ac1642f sp=0x00000000022ec288 mode 2
Event: 78.419 Thread 0x0000000000314000 Uncommon trap: trap_request=0xffffffc6 fr.pc=0x0000000012b14f30 relative=0x00000000000005b0
Event: 78.419 Thread 0x0000000000314000 DEOPT PACKING pc=0x0000000012b14f30 sp=0x00000000022ec2e0
Event: 78.419 Thread 0x0000000000314000 DEOPT UNPACKING pc=0x000000000ac1642f sp=0x00000000022ec288 mode 2
Event: 78.419 Thread 0x0000000000314000 Uncommon trap: trap_request=0xffffffc6 fr.pc=0x0000000012b14f30 relative=0x00000000000005b0
Event: 78.419 Thread 0x0000000000314000 DEOPT PACKING pc=0x0000000012b14f30 sp=0x00000000022ec2e0
Event: 78.419 Thread 0x0000000000314000 DEOPT UNPACKING pc=0x000000000ac1642f sp=0x00000000022ec288 mode 2
Event: 78.424 loading class org/apache/tools/ant/types/Resource
Event: 78.424 loading class org/apache/tools/ant/types/Resource done


Dynamic libraries:
0x000000013fd30000 - 0x000000013fd3f000 	C:\Program Files\Java\jdk-11.0.11\bin\java.exe
0x00000000778d0000 - 0x0000000077a6f000 	C:\Windows\SYSTEM32\ntdll.dll
0x00000000776b0000 - 0x00000000777cf000 	C:\Windows\system32\kernel32.dll
0x000007fefd450000 - 0x000007fefd4b7000 	C:\Windows\system32\KERNELBASE.dll
0x000007feea2c0000 - 0x000007feea2d8000 	C:\Program Files\Java\jdk-11.0.11\bin\jli.dll
0x000007fefd890000 - 0x000007fefd96b000 	C:\Windows\system32\ADVAPI32.dll
0x000007feffaf0000 - 0x000007feffb8f000 	C:\Windows\system32\msvcrt.dll
0x000007fefddf0000 - 0x000007fefde0f000 	C:\Windows\SYSTEM32\sechost.dll
0x000007fefde10000 - 0x000007fefdf3c000 	C:\Windows\system32\RPCRT4.dll
0x000007fefbe10000 - 0x000007fefc005000 	C:\Windows\WinSxS\amd64_microsoft.windows.common-controls_6595b64144ccf1df_6.0.7601.24483_none_e372d88f30fbb845\COMCTL32.dll
0x000007fefe2e0000 - 0x000007fefe347000 	C:\Windows\system32\GDI32.dll
0x00000000777d0000 - 0x00000000778cb000 	C:\Windows\system32\USER32.dll
0x000007fefdfe0000 - 0x000007fefdfee000 	C:\Windows\system32\LPK.dll
0x000007feff8f0000 - 0x000007feff9bb000 	C:\Windows\system32\USP10.dll
0x000007fefd970000 - 0x000007fefd9e1000 	C:\Windows\system32\SHLWAPI.dll
0x000007fefc4d0000 - 0x000007fefc4dc000 	C:\Windows\system32\VERSION.dll
0x000007fee5a20000 - 0x000007fee5a35000 	C:\Program Files\Java\jdk-11.0.11\bin\VCRUNTIME140.dll
0x000007feeb6f0000 - 0x000007feeb6f4000 	C:\Program Files\Java\jdk-11.0.11\bin\api-ms-win-crt-runtime-l1-1-0.dll
0x000007fee3fe0000 - 0x000007fee40da000 	C:\Program Files\Java\jdk-11.0.11\bin\ucrtbase.DLL
0x000007fee5bc0000 - 0x000007fee5bc3000 	C:\Program Files\Java\jdk-11.0.11\bin\api-ms-win-core-localization-l1-2-0.dll
0x000007fee5a10000 - 0x000007fee5a13000 	C:\Program Files\Java\jdk-11.0.11\bin\api-ms-win-core-processthreads-l1-1-1.dll
0x000007fee5a00000 - 0x000007fee5a03000 	C:\Program Files\Java\jdk-11.0.11\bin\api-ms-win-core-file-l1-2-0.dll
0x000007fee59f0000 - 0x000007fee59f3000 	C:\Program Files\Java\jdk-11.0.11\bin\api-ms-win-core-timezone-l1-1-0.dll
0x000007fee59e0000 - 0x000007fee59e3000 	C:\Program Files\Java\jdk-11.0.11\bin\api-ms-win-core-file-l2-1-0.dll
0x000007fee59d0000 - 0x000007fee59d3000 	C:\Program Files\Java\jdk-11.0.11\bin\api-ms-win-core-synch-l1-2-0.dll
0x000007fee59c0000 - 0x000007fee59c3000 	C:\Program Files\Java\jdk-11.0.11\bin\api-ms-win-crt-heap-l1-1-0.dll
0x000007fee59b0000 - 0x000007fee59b4000 	C:\Program Files\Java\jdk-11.0.11\bin\api-ms-win-crt-string-l1-1-0.dll
0x000007fee59a0000 - 0x000007fee59a4000 	C:\Program Files\Java\jdk-11.0.11\bin\api-ms-win-crt-stdio-l1-1-0.dll
0x000007fee5990000 - 0x000007fee5994000 	C:\Program Files\Java\jdk-11.0.11\bin\api-ms-win-crt-convert-l1-1-0.dll
0x000007fee5850000 - 0x000007fee5853000 	C:\Program Files\Java\jdk-11.0.11\bin\api-ms-win-crt-environment-l1-1-0.dll
0x000007fee5840000 - 0x000007fee5843000 	C:\Program Files\Java\jdk-11.0.11\bin\api-ms-win-crt-filesystem-l1-1-0.dll
0x000007fee5830000 - 0x000007fee5835000 	C:\Program Files\Java\jdk-11.0.11\bin\api-ms-win-crt-math-l1-1-0.dll
0x000007fee5820000 - 0x000007fee5823000 	C:\Program Files\Java\jdk-11.0.11\bin\api-ms-win-crt-locale-l1-1-0.dll
0x000007fefdb80000 - 0x000007fefdbae000 	C:\Windows\system32\IMM32.DLL
0x000007fefe350000 - 0x000007fefe45b000 	C:\Windows\system32\MSCTF.dll
0x000007fee5780000 - 0x000007fee581b000 	C:\Program Files\Java\jdk-11.0.11\bin\msvcp140.dll
0x000007fee5770000 - 0x000007fee5773000 	C:\Program Files\Java\jdk-11.0.11\bin\api-ms-win-crt-time-l1-1-0.dll
0x000007fee5760000 - 0x000007fee5763000 	C:\Program Files\Java\jdk-11.0.11\bin\api-ms-win-crt-utility-l1-1-0.dll
0x000007fee2660000 - 0x000007fee315e000 	C:\Program Files\Java\jdk-11.0.11\bin\server\jvm.dll
0x000007fef8800000 - 0x000007fef8809000 	C:\Windows\system32\WSOCK32.dll
0x000007fefe460000 - 0x000007fefe4ad000 	C:\Windows\system32\WS2_32.dll
0x000007feffa40000 - 0x000007feffa48000 	C:\Windows\system32\NSI.dll
0x000007fefb470000 - 0x000007fefb4ab000 	C:\Windows\system32\WINMM.dll
0x0000000077a80000 - 0x0000000077a87000 	C:\Windows\system32\PSAPI.DLL
0x000007fee5670000 - 0x000007fee5680000 	C:\Program Files\Java\jdk-11.0.11\bin\verify.dll
0x000007fef8570000 - 0x000007fef8695000 	C:\Windows\system32\DBGHELP.DLL
0x000007fee5640000 - 0x000007fee5668000 	C:\Program Files\Java\jdk-11.0.11\bin\java.dll
0x000007fee5630000 - 0x000007fee563a000 	C:\Program Files\Java\jdk-11.0.11\bin\jimage.dll
0x000007fee5610000 - 0x000007fee5626000 	C:\Program Files\Java\jdk-11.0.11\bin\zip.dll
0x000007fefe4b0000 - 0x000007feff23b000 	C:\Windows\system32\SHELL32.dll
0x000007feff240000 - 0x000007feff43f000 	C:\Windows\system32\ole32.dll
0x000007fefd3f0000 - 0x000007fefd3ff000 	C:\Windows\system32\profapi.dll
0x000007fee3f70000 - 0x000007fee3f89000 	C:\Program Files\Java\jdk-11.0.11\bin\net.dll
0x000007fef8e90000 - 0x000007fef8f01000 	C:\Windows\system32\WINHTTP.dll
0x000007fef8e20000 - 0x000007fef8e85000 	C:\Windows\system32\webio.dll
0x000007fefcb30000 - 0x000007fefcb85000 	C:\Windows\system32\mswsock.dll
0x000007fefcb20000 - 0x000007fefcb27000 	C:\Windows\System32\wship6.dll
0x000007fee3f50000 - 0x000007fee3f62000 	C:\Program Files\Java\jdk-11.0.11\bin\nio.dll

dbghelp: loaded successfully - version: 4.0.5 - missing functions: none
symbol engine: initialized successfully - sym options: 0x614 - pdb path: .;C:\Program Files\Java\jdk-11.0.11\bin;C:\Windows\SYSTEM32;C:\Windows\WinSxS\amd64_microsoft.windows.common-controls_6595b64144ccf1df_6.0.7601.24483_none_e372d88f30fbb845;C:\Program Files\Java\jdk-11.0.11\bin\server

VM Arguments:
jvm_args: -Xmx2g -Dfile.encoding=UTF-8 -Dant.home=D:\habrisBatch2021\hybris\bin\platform\apache-ant 
java_command: org.apache.tools.ant.launch.Launcher clean all
java_class_path (initial): D:\habrisBatch2021\hybris\bin\platform\apache-ant\lib\ant-launcher.jar
Launcher Type: SUN_STANDARD

[Global flags]
     intx CICompilerCount                          = 3                                         {product} {ergonomic}
     uint ConcGCThreads                            = 1                                         {product} {ergonomic}
     uint G1ConcRefinementThreads                  = 4                                         {product} {ergonomic}
   size_t G1HeapRegionSize                         = 1048576                                   {product} {ergonomic}
    uintx GCDrainStackTargetSize                   = 64                                        {product} {ergonomic}
   size_t InitialHeapSize                          = 167772160                                 {product} {ergonomic}
   size_t MarkStackSize                            = 4194304                                   {product} {ergonomic}
   size_t MaxHeapSize                              = 2147483648                                {product} {command line}
   size_t MaxNewSize                               = 1287651328                                {product} {ergonomic}
   size_t MinHeapDeltaBytes                        = 1048576                                   {product} {ergonomic}
    uintx NonNMethodCodeHeapSize                   = 5830732                                {pd product} {ergonomic}
    uintx NonProfiledCodeHeapSize                  = 122913754                              {pd product} {ergonomic}
    uintx ProfiledCodeHeapSize                     = 122913754                              {pd product} {ergonomic}
    uintx ReservedCodeCacheSize                    = 251658240                              {pd product} {ergonomic}
     bool SegmentedCodeCache                       = true                                      {product} {ergonomic}
     bool UseCompressedClassPointers               = true                                 {lp64_product} {ergonomic}
     bool UseCompressedOops                        = true                                 {lp64_product} {ergonomic}
     bool UseG1GC                                  = true                                      {product} {ergonomic}
     bool UseLargePagesIndividualAllocation        = false                                  {pd product} {ergonomic}

Logging:
Log output configuration:
 #0: stdout all=warning uptime,level,tags
 #1: stderr all=off uptime,level,tags

Environment Variables:
JAVA_HOME=C:\Program Files\Java\jdk-11.0.11
PATH=D:\habrisBatch2021\hybris\bin\platform\apache-ant\bin;C:\Program Files\Common Files\Oracle\Java\javapath;C:\Program Files\nodejs\;C:\Program Files\Git\cmd;C:\Users\razhaka\AppData\Roaming\npm;C:\Users\razhaka\AppData\Local\Programs\Microsoft VS Code\bin;C:\Program Files\Java\jdk1.8.0_201\bin;C:\Users\razhaka\AppData\Local\Programs\Microsoft VS Code
USERNAME=razhaka
OS=Windows_NT
PROCESSOR_IDENTIFIER=Intel64 Family 6 Model 42 Stepping 7, GenuineIntel



---------------  S Y S T E M  ---------------

OS: Windows 7 , 64 bit Build 7601 (6.1.7601.24545)

CPU:total 4 (initial active 4) (2 cores per cpu, 2 threads per core) family 6 model 42 stepping 7 microcode 0x0, cmov, cx8, fxsr, mmx, sse, sse2, sse3, ssse3, sse4.1, sse4.2, popcnt, avx, clmul, ht, tsc, tscinvbit

Memory: 4k page, system-wide physical 10187M (3160M free)
TotalPageFile size 20373M (AvailPageFile size 12229M)
current process WorkingSet (physical memory assigned to process): 362M, peak: 362M
current process commit charge ("private bytes"): 433M, peak: 435M

vm_info: Java HotSpot(TM) 64-Bit Server VM (11.0.11+9-LTS-194) for windows-amd64 JRE (11.0.11+9-LTS-194), built on Mar 18 2021 18:46:53 by "mach5one" with MS VC++ 15.9 (VS2017)

END.
