#
# A fatal error has been detected by the Java Runtime Environment:
#
#  EXCEPTION_ACCESS_VIOLATION (0xc0000005) at pc=0x000007fed4a6ad70, pid=7180, tid=8364
#
# JRE version: Java(TM) SE Runtime Environment 18.9 (11.0.11+9) (build 11.0.11+9-LTS-194)
# Java VM: Java HotSpot(TM) 64-Bit Server VM 18.9 (11.0.11+9-LTS-194, mixed mode, tiered, compressed oops, g1 gc, windows-amd64)
# Problematic frame:
# V  [jvm.dll+0x34ad70]
#
# No core dump will be written. Minidumps are not enabled by default on client versions of Windows
#
# If you would like to submit a bug report, please visit:
#   https://bugreport.java.com/bugreport/crash.jsp
#

---------------  S U M M A R Y ------------

Command Line: D:\habrisBatch2021\hybris\bin\custom\Nendrasys\Nendrasysstorefront\web\webroot\WEB-INF\lib\rhino-1.7.7.jar -f D:\habrisBatch2021\hybris\bin\custom\Nendrasys\Nendrasysstorefront\web\webroot\WEB-INF\lib\less-rhino-1.7.3.js D:\habrisBatch2021\hybris\bin\custom\Nendrasys\Nendrasysstorefront\web\webroot\WEB-INF\lib\lessc-rhino-1.7.3.js D:\habrisBatch2021\hybris\bin\custom\Nendrasys\Nendrasysstorefront\web\webroot\WEB-INF\_ui-src\responsive\themes\lambda\less\style.less D:\habrisBatch2021\hybris\bin\custom\Nendrasys\Nendrasysstorefront\web\webroot\_ui\responsive\theme-lambda\css\style.css

Host: Intel(R) Core(TM) i3-2330M CPU @ 2.20GHz, 4 cores, 9G,  Windows 7 , 64 bit Build 7601 (6.1.7601.24545)
Time: Tue Jun 15 19:33:49 2021 India Standard Time elapsed time: 2.224144 seconds (0d 0h 0m 2s)

---------------  T H R E A D  ---------------

Current thread (0x000000002365c000):  JavaThread "C2 CompilerThread0" daemon [_thread_in_native, id=8364, stack(0x0000000022970000,0x0000000022a70000)]


Current CompileTask:
C2:   2224  986       4       org.mozilla.classfile.ClassFileWriter$StackMapTable::execute (2220 bytes)

Stack: [0x0000000022970000,0x0000000022a70000],  sp=0x0000000022a6ba60,  free space=1006k
Native frames: (J=compiled Java code, j=interpreted, Vv=VM code, C=native code)
V  [jvm.dll+0x34ad70]
V  [jvm.dll+0x3447c0]
V  [jvm.dll+0x193ffe]
V  [jvm.dll+0x1fd152]
V  [jvm.dll+0x1fc22f]
V  [jvm.dll+0x17f0bc]
V  [jvm.dll+0x20b68c]
V  [jvm.dll+0x20978b]
V  [jvm.dll+0x7152c9]
V  [jvm.dll+0x70dfc4]
V  [jvm.dll+0x6160f6]
C  [ucrtbase.DLL+0x1d912]
C  [kernel32.dll+0x1556d]
C  [ntdll.dll+0x5372d]


siginfo: EXCEPTION_ACCESS_VIOLATION (0xc0000005), reading address 0xffffffffffffffff


Register to memory mapping:

RIP=0x000007fed4a6ad70 jvm.dll
RAX=0x0 is NULL
RBX=0x0 is NULL
RCX=0x0 is NULL
RDX=0x00000000274d5bb0 points into unknown readable memory: 04 00 00 00 00 00 00 00
RSP=0x0000000022a6ba60 is pointing into the stack for thread: 0x000000002365c000
RBP=0x0000000000000008 is an unknown value
RSI=0x000007fed514d468 jvm.dll
RDI=0x000000002364c110 points into unknown readable memory: 20 71 65 23 00 00 00 00
R8 =0x800007fed514d468 is an unknown value
R9 =0x0000000022a6bab0 is pointing into the stack for thread: 0x000000002365c000
R10=0x0 is NULL
R11=0x0000000022a6b9c0 is pointing into the stack for thread: 0x000000002365c000
R12=0x000007fed4720000 jvm.dll
R13=0x0000000024433410 points into unknown readable memory: 40 00 3b 27 00 00 00 00
R14=0x000000000000001f is an unknown value
R15=0x000007fed514d468 jvm.dll


Registers:
RAX=0x0000000000000000, RBX=0x0000000000000000, RCX=0x0000000000000000, RDX=0x00000000274d5bb0
RSP=0x0000000022a6ba60, RBP=0x0000000000000008, RSI=0x000007fed514d468, RDI=0x000000002364c110
R8 =0x800007fed514d468, R9 =0x0000000022a6bab0, R10=0x0000000000000000, R11=0x0000000022a6b9c0
R12=0x000007fed4720000, R13=0x0000000024433410, R14=0x000000000000001f, R15=0x000007fed514d468
RIP=0x000007fed4a6ad70, EFLAGS=0x0000000000010246

Top of Stack: (sp=0x0000000022a6ba60)
0x0000000022a6ba60:   0000000022a60000 0000000000000000
0x0000000022a6ba70:   0000000000000c68 0000000023649f00
0x0000000022a6ba80:   0000000000001d5f 000007fed4a647c0
0x0000000022a6ba90:   0000000027463510 0000000022a6bbe0
0x0000000022a6baa0:   0000000000001d5f 000007fed4f7e690
0x0000000022a6bab0:   0000000000000000 0000000000000008
0x0000000022a6bac0:   800007fed514d468 0000000000000000
0x0000000022a6bad0:   0000000025005620 000000000000001e
0x0000000022a6bae0:   00000000274d5bb0 0000000000000000
0x0000000022a6baf0:   0000000024433420 0000000000000000
0x0000000022a6bb00:   0000000022a6bc10 000007fed48b3ffe
0x0000000022a6bb10:   0000000022a6bf90 0000000022a6c078
0x0000000022a6bb20:   00000000244337f8 00000000000003d8
0x0000000022a6bb30:   000007fed4f38f00 000000000000000d
0x0000000022a6bb40:   0000000000000006 0000000024433410
0x0000000022a6bb50:   0000000028437b70 000000002843a1c0 

Instructions: (pc=0x000007fed4a6ad70)
0x000007fed4a6ad50:   49 8b 41 20 41 8b da 4c 8b 04 d8 4c 3b c6 74 7a
0x000007fed4a6ad60:   33 c0 4d 89 41 10 33 c9 0f 1f 84 00 00 00 00 00
0x000007fed4a6ad70:   42 83 3c 01 00 8d 50 01 0f 85 be 00 00 00 48 83
0x000007fed4a6ad80:   c1 04 8b c2 83 fa 08 72 e7 4d 8b 59 30 4d 85 db 


Stack slot to memory mapping:
stack at sp + 0 slots: 0x0000000022a60000 is pointing into the stack for thread: 0x000000002365c000
stack at sp + 1 slots: 0x0 is NULL
stack at sp + 2 slots: 0x0000000000000c68 is an unknown value
stack at sp + 3 slots: 0x0000000023649f00 points into unknown readable memory: 02 00 00 00 00 00 00 00
stack at sp + 4 slots: 0x0000000000001d5f is an unknown value
stack at sp + 5 slots: 0x000007fed4a647c0 jvm.dll
stack at sp + 6 slots: 0x0000000027463510 points into unknown readable memory: 08 00 00 00 00 00 00 00
stack at sp + 7 slots: 0x0000000022a6bbe0 is pointing into the stack for thread: 0x000000002365c000


---------------  P R O C E S S  ---------------

Threads class SMR info:
_java_thread_list=0x000000002459d7b0, length=11, elements={
0x00000000002b3000, 0x000000002363d800, 0x0000000023648000, 0x0000000023658000,
0x000000002365b000, 0x000000002365c000, 0x0000000023662000, 0x000000002366d800,
0x00000000243b7800, 0x000000002441c000, 0x00000000244f6800
}

Java Threads: ( => current thread )
  0x00000000002b3000 JavaThread "main" [_thread_in_native_trans, id=9076, stack(0x0000000002170000,0x0000000002270000)]
  0x000000002363d800 JavaThread "Reference Handler" daemon [_thread_blocked, id=10632, stack(0x0000000023940000,0x0000000023a40000)]
  0x0000000023648000 JavaThread "Finalizer" daemon [_thread_blocked, id=8160, stack(0x0000000023ab0000,0x0000000023bb0000)]
  0x0000000023658000 JavaThread "Signal Dispatcher" daemon [_thread_blocked, id=1712, stack(0x0000000023c90000,0x0000000023d90000)]
  0x000000002365b000 JavaThread "Attach Listener" daemon [_thread_blocked, id=10744, stack(0x0000000023e00000,0x0000000023f00000)]
=>0x000000002365c000 JavaThread "C2 CompilerThread0" daemon [_thread_in_native, id=8364, stack(0x0000000022970000,0x0000000022a70000)]
  0x0000000023662000 JavaThread "C1 CompilerThread0" daemon [_thread_in_vm, id=6060, stack(0x0000000024070000,0x0000000024170000)]
  0x000000002366d800 JavaThread "Sweeper thread" daemon [_thread_blocked, id=10212, stack(0x00000000241e0000,0x00000000242e0000)]
  0x00000000243b7800 JavaThread "Service Thread" daemon [_thread_blocked, id=9548, stack(0x0000000023f70000,0x0000000024070000)]
  0x000000002441c000 JavaThread "Common-Cleaner" daemon [_thread_blocked, id=9532, stack(0x00000000248e0000,0x00000000249e0000)]
  0x00000000244f6800 JavaThread "C2 CompilerThread1" daemon [_thread_in_native, id=5856, stack(0x0000000025310000,0x0000000025410000)]

Other Threads:
  0x00000000235fa000 VMThread "VM Thread" [stack: 0x0000000023760000,0x0000000023860000] [id=8376]
  0x000000002441b000 WatcherThread [stack: 0x00000000247b0000,0x00000000248b0000] [id=10416]
  0x00000000002c8000 GCTaskThread "GC Thread#0" [stack: 0x0000000019d00000,0x0000000019e00000] [id=10188]
  0x0000000026147000 GCTaskThread "GC Thread#1" [stack: 0x00000000274f0000,0x00000000275f0000] [id=10888]
  0x0000000026909000 GCTaskThread "GC Thread#2" [stack: 0x00000000276a0000,0x00000000277a0000] [id=9804]
  0x000000000030b000 ConcurrentGCThread "G1 Main Marker" [stack: 0x0000000020130000,0x0000000020230000] [id=7092]
  0x000000000030c000 ConcurrentGCThread "G1 Conc#0" [stack: 0x0000000020300000,0x0000000020400000] [id=6940]
  0x00000000228b4800 ConcurrentGCThread "G1 Refine#0" [stack: 0x0000000022ab0000,0x0000000022bb0000] [id=8728]
  0x00000000244fd800 ConcurrentGCThread "G1 Refine#1" [stack: 0x0000000027870000,0x0000000027970000] [id=8700]
  0x0000000025a48800 ConcurrentGCThread "G1 Refine#2" [stack: 0x0000000027b10000,0x0000000027c10000] [id=3084]
  0x00000000228b5800 ConcurrentGCThread "G1 Young RemSet Sampling" [stack: 0x0000000022be0000,0x0000000022ce0000] [id=9396]

Threads with active compile tasks:
C2 CompilerThread0   2299  986       4       org.mozilla.classfile.ClassFileWriter$StackMapTable::execute (2220 bytes)
C1 CompilerThread0   2299 1126       2       org.mozilla.javascript.ScriptRuntime::nameOrFunction (252 bytes)
C2 CompilerThread1   2299 1007       4       org.mozilla.classfile.ClassFileWriter$StackMapTable::executeBlock (422 bytes)

VM state:not at safepoint (normal execution)

VM Mutex/Monitor currently owned by a thread: None

Heap address: 0x0000000760c00000, size: 2548 MB, Compressed Oops mode: Zero based, Oop shift amount: 3
Narrow klass base: 0x0000000800000000, Narrow klass shift: 0
Compressed class space size: 1073741824 Address: 0x0000000800000000

Heap:
 garbage-first heap   total 163840K, used 18386K [0x0000000760c00000, 0x0000000800000000)
  region size 1024K, 10 young (10240K), 2 survivors (2048K)
 Metaspace       used 10817K, capacity 10952K, committed 11136K, reserved 1058816K
  class space    used 841K, capacity 893K, committed 896K, reserved 1048576K
Heap Regions: E=young(eden), S=young(survivor), O=old, HS=humongous(starts), HC=humongous(continues), CS=collection set, F=free, A=archive, TAMS=top-at-mark-start (previous, next)
|   0|0x0000000760c00000, 0x0000000760d00000, 0x0000000760d00000|100%| O|  |TAMS 0x0000000760c00000, 0x0000000760c00000| Untracked 
|   1|0x0000000760d00000, 0x0000000760e00000, 0x0000000760e00000|100%| O|  |TAMS 0x0000000760d00000, 0x0000000760d00000| Untracked 
|   2|0x0000000760e00000, 0x0000000760f00000, 0x0000000760f00000|100%|HS|  |TAMS 0x0000000760e00000, 0x0000000760e00000| Complete 
|   3|0x0000000760f00000, 0x0000000760ff4800, 0x0000000761000000| 95%| O|  |TAMS 0x0000000760f00000, 0x0000000760f00000| Untracked 
|   4|0x0000000761000000, 0x0000000761100000, 0x0000000761100000|100%|HS|  |TAMS 0x0000000761000000, 0x0000000761000000| Complete 
|   5|0x0000000761100000, 0x0000000761200000, 0x0000000761200000|100%| O|  |TAMS 0x0000000761100000, 0x0000000761100000| Untracked 
|   6|0x0000000761200000, 0x0000000761300000, 0x0000000761300000|100%| O|  |TAMS 0x0000000761200000, 0x0000000761200000| Untracked 
|   7|0x0000000761300000, 0x0000000761400000, 0x0000000761400000|100%| O|  |TAMS 0x0000000761300000, 0x0000000761300000| Untracked 
|   8|0x0000000761400000, 0x0000000761500000, 0x0000000761500000|100%| O|  |TAMS 0x0000000761400000, 0x0000000761400000| Untracked 
|   9|0x0000000761500000, 0x0000000761500000, 0x0000000761600000|  0%| F|  |TAMS 0x0000000761500000, 0x0000000761500000| Untracked 
|  10|0x0000000761600000, 0x0000000761600000, 0x0000000761700000|  0%| F|  |TAMS 0x0000000761600000, 0x0000000761600000| Untracked 
|  11|0x0000000761700000, 0x0000000761700000, 0x0000000761800000|  0%| F|  |TAMS 0x0000000761700000, 0x0000000761700000| Untracked 
|  12|0x0000000761800000, 0x0000000761800000, 0x0000000761900000|  0%| F|  |TAMS 0x0000000761800000, 0x0000000761800000| Untracked 
|  13|0x0000000761900000, 0x0000000761900000, 0x0000000761a00000|  0%| F|  |TAMS 0x0000000761900000, 0x0000000761900000| Untracked 
|  14|0x0000000761a00000, 0x0000000761a00000, 0x0000000761b00000|  0%| F|  |TAMS 0x0000000761a00000, 0x0000000761a00000| Untracked 
|  15|0x0000000761b00000, 0x0000000761b00000, 0x0000000761c00000|  0%| F|  |TAMS 0x0000000761b00000, 0x0000000761b00000| Untracked 
|  16|0x0000000761c00000, 0x0000000761c00000, 0x0000000761d00000|  0%| F|  |TAMS 0x0000000761c00000, 0x0000000761c00000| Untracked 
|  17|0x0000000761d00000, 0x0000000761d00000, 0x0000000761e00000|  0%| F|  |TAMS 0x0000000761d00000, 0x0000000761d00000| Untracked 
|  18|0x0000000761e00000, 0x0000000761e00000, 0x0000000761f00000|  0%| F|  |TAMS 0x0000000761e00000, 0x0000000761e00000| Untracked 
|  19|0x0000000761f00000, 0x0000000761f00000, 0x0000000762000000|  0%| F|  |TAMS 0x0000000761f00000, 0x0000000761f00000| Untracked 
|  20|0x0000000762000000, 0x0000000762000000, 0x0000000762100000|  0%| F|  |TAMS 0x0000000762000000, 0x0000000762000000| Untracked 
|  21|0x0000000762100000, 0x0000000762100000, 0x0000000762200000|  0%| F|  |TAMS 0x0000000762100000, 0x0000000762100000| Untracked 
|  22|0x0000000762200000, 0x0000000762200000, 0x0000000762300000|  0%| F|  |TAMS 0x0000000762200000, 0x0000000762200000| Untracked 
|  23|0x0000000762300000, 0x0000000762300000, 0x0000000762400000|  0%| F|  |TAMS 0x0000000762300000, 0x0000000762300000| Untracked 
|  24|0x0000000762400000, 0x0000000762400000, 0x0000000762500000|  0%| F|  |TAMS 0x0000000762400000, 0x0000000762400000| Untracked 
|  25|0x0000000762500000, 0x0000000762500000, 0x0000000762600000|  0%| F|  |TAMS 0x0000000762500000, 0x0000000762500000| Untracked 
|  26|0x0000000762600000, 0x0000000762600000, 0x0000000762700000|  0%| F|  |TAMS 0x0000000762600000, 0x0000000762600000| Untracked 
|  27|0x0000000762700000, 0x0000000762700000, 0x0000000762800000|  0%| F|  |TAMS 0x0000000762700000, 0x0000000762700000| Untracked 
|  28|0x0000000762800000, 0x0000000762800000, 0x0000000762900000|  0%| F|  |TAMS 0x0000000762800000, 0x0000000762800000| Untracked 
|  29|0x0000000762900000, 0x0000000762900000, 0x0000000762a00000|  0%| F|  |TAMS 0x0000000762900000, 0x0000000762900000| Untracked 
|  30|0x0000000762a00000, 0x0000000762a00000, 0x0000000762b00000|  0%| F|  |TAMS 0x0000000762a00000, 0x0000000762a00000| Untracked 
|  31|0x0000000762b00000, 0x0000000762b00000, 0x0000000762c00000|  0%| F|  |TAMS 0x0000000762b00000, 0x0000000762b00000| Untracked 
|  32|0x0000000762c00000, 0x0000000762c00000, 0x0000000762d00000|  0%| F|  |TAMS 0x0000000762c00000, 0x0000000762c00000| Untracked 
|  33|0x0000000762d00000, 0x0000000762d00000, 0x0000000762e00000|  0%| F|  |TAMS 0x0000000762d00000, 0x0000000762d00000| Untracked 
|  34|0x0000000762e00000, 0x0000000762e00000, 0x0000000762f00000|  0%| F|  |TAMS 0x0000000762e00000, 0x0000000762e00000| Untracked 
|  35|0x0000000762f00000, 0x0000000762f00000, 0x0000000763000000|  0%| F|  |TAMS 0x0000000762f00000, 0x0000000762f00000| Untracked 
|  36|0x0000000763000000, 0x0000000763000000, 0x0000000763100000|  0%| F|  |TAMS 0x0000000763000000, 0x0000000763000000| Untracked 
|  37|0x0000000763100000, 0x0000000763100000, 0x0000000763200000|  0%| F|  |TAMS 0x0000000763100000, 0x0000000763100000| Untracked 
|  38|0x0000000763200000, 0x0000000763200000, 0x0000000763300000|  0%| F|  |TAMS 0x0000000763200000, 0x0000000763200000| Untracked 
|  39|0x0000000763300000, 0x0000000763300000, 0x0000000763400000|  0%| F|  |TAMS 0x0000000763300000, 0x0000000763300000| Untracked 
|  40|0x0000000763400000, 0x0000000763400000, 0x0000000763500000|  0%| F|  |TAMS 0x0000000763400000, 0x0000000763400000| Untracked 
|  41|0x0000000763500000, 0x0000000763500000, 0x0000000763600000|  0%| F|  |TAMS 0x0000000763500000, 0x0000000763500000| Untracked 
|  42|0x0000000763600000, 0x0000000763600000, 0x0000000763700000|  0%| F|  |TAMS 0x0000000763600000, 0x0000000763600000| Untracked 
|  43|0x0000000763700000, 0x0000000763700000, 0x0000000763800000|  0%| F|  |TAMS 0x0000000763700000, 0x0000000763700000| Untracked 
|  44|0x0000000763800000, 0x0000000763800000, 0x0000000763900000|  0%| F|  |TAMS 0x0000000763800000, 0x0000000763800000| Untracked 
|  45|0x0000000763900000, 0x0000000763900000, 0x0000000763a00000|  0%| F|  |TAMS 0x0000000763900000, 0x0000000763900000| Untracked 
|  46|0x0000000763a00000, 0x0000000763a00000, 0x0000000763b00000|  0%| F|  |TAMS 0x0000000763a00000, 0x0000000763a00000| Untracked 
|  47|0x0000000763b00000, 0x0000000763b00000, 0x0000000763c00000|  0%| F|  |TAMS 0x0000000763b00000, 0x0000000763b00000| Untracked 
|  48|0x0000000763c00000, 0x0000000763c00000, 0x0000000763d00000|  0%| F|  |TAMS 0x0000000763c00000, 0x0000000763c00000| Untracked 
|  49|0x0000000763d00000, 0x0000000763d00000, 0x0000000763e00000|  0%| F|  |TAMS 0x0000000763d00000, 0x0000000763d00000| Untracked 
|  50|0x0000000763e00000, 0x0000000763e00000, 0x0000000763f00000|  0%| F|  |TAMS 0x0000000763e00000, 0x0000000763e00000| Untracked 
|  51|0x0000000763f00000, 0x0000000763f00000, 0x0000000764000000|  0%| F|  |TAMS 0x0000000763f00000, 0x0000000763f00000| Untracked 
|  52|0x0000000764000000, 0x0000000764000000, 0x0000000764100000|  0%| F|  |TAMS 0x0000000764000000, 0x0000000764000000| Untracked 
|  53|0x0000000764100000, 0x0000000764100000, 0x0000000764200000|  0%| F|  |TAMS 0x0000000764100000, 0x0000000764100000| Untracked 
|  54|0x0000000764200000, 0x0000000764200000, 0x0000000764300000|  0%| F|  |TAMS 0x0000000764200000, 0x0000000764200000| Untracked 
|  55|0x0000000764300000, 0x0000000764300000, 0x0000000764400000|  0%| F|  |TAMS 0x0000000764300000, 0x0000000764300000| Untracked 
|  56|0x0000000764400000, 0x0000000764400000, 0x0000000764500000|  0%| F|  |TAMS 0x0000000764400000, 0x0000000764400000| Untracked 
|  57|0x0000000764500000, 0x0000000764500000, 0x0000000764600000|  0%| F|  |TAMS 0x0000000764500000, 0x0000000764500000| Untracked 
|  58|0x0000000764600000, 0x0000000764600000, 0x0000000764700000|  0%| F|  |TAMS 0x0000000764600000, 0x0000000764600000| Untracked 
|  59|0x0000000764700000, 0x0000000764700000, 0x0000000764800000|  0%| F|  |TAMS 0x0000000764700000, 0x0000000764700000| Untracked 
|  60|0x0000000764800000, 0x0000000764800000, 0x0000000764900000|  0%| F|  |TAMS 0x0000000764800000, 0x0000000764800000| Untracked 
|  61|0x0000000764900000, 0x0000000764900000, 0x0000000764a00000|  0%| F|  |TAMS 0x0000000764900000, 0x0000000764900000| Untracked 
|  62|0x0000000764a00000, 0x0000000764a00000, 0x0000000764b00000|  0%| F|  |TAMS 0x0000000764a00000, 0x0000000764a00000| Untracked 
|  63|0x0000000764b00000, 0x0000000764b00000, 0x0000000764c00000|  0%| F|  |TAMS 0x0000000764b00000, 0x0000000764b00000| Untracked 
|  64|0x0000000764c00000, 0x0000000764c00000, 0x0000000764d00000|  0%| F|  |TAMS 0x0000000764c00000, 0x0000000764c00000| Untracked 
|  65|0x0000000764d00000, 0x0000000764d00000, 0x0000000764e00000|  0%| F|  |TAMS 0x0000000764d00000, 0x0000000764d00000| Untracked 
|  66|0x0000000764e00000, 0x0000000764e00000, 0x0000000764f00000|  0%| F|  |TAMS 0x0000000764e00000, 0x0000000764e00000| Untracked 
|  67|0x0000000764f00000, 0x0000000764f00000, 0x0000000765000000|  0%| F|  |TAMS 0x0000000764f00000, 0x0000000764f00000| Untracked 
|  68|0x0000000765000000, 0x0000000765000000, 0x0000000765100000|  0%| F|  |TAMS 0x0000000765000000, 0x0000000765000000| Untracked 
|  69|0x0000000765100000, 0x0000000765100000, 0x0000000765200000|  0%| F|  |TAMS 0x0000000765100000, 0x0000000765100000| Untracked 
|  70|0x0000000765200000, 0x0000000765200000, 0x0000000765300000|  0%| F|  |TAMS 0x0000000765200000, 0x0000000765200000| Untracked 
|  71|0x0000000765300000, 0x0000000765300000, 0x0000000765400000|  0%| F|  |TAMS 0x0000000765300000, 0x0000000765300000| Untracked 
|  72|0x0000000765400000, 0x0000000765400000, 0x0000000765500000|  0%| F|  |TAMS 0x0000000765400000, 0x0000000765400000| Untracked 
|  73|0x0000000765500000, 0x0000000765500000, 0x0000000765600000|  0%| F|  |TAMS 0x0000000765500000, 0x0000000765500000| Untracked 
|  74|0x0000000765600000, 0x0000000765600000, 0x0000000765700000|  0%| F|  |TAMS 0x0000000765600000, 0x0000000765600000| Untracked 
|  75|0x0000000765700000, 0x0000000765700000, 0x0000000765800000|  0%| F|  |TAMS 0x0000000765700000, 0x0000000765700000| Untracked 
|  76|0x0000000765800000, 0x0000000765800000, 0x0000000765900000|  0%| F|  |TAMS 0x0000000765800000, 0x0000000765800000| Untracked 
|  77|0x0000000765900000, 0x0000000765900000, 0x0000000765a00000|  0%| F|  |TAMS 0x0000000765900000, 0x0000000765900000| Untracked 
|  78|0x0000000765a00000, 0x0000000765a00000, 0x0000000765b00000|  0%| F|  |TAMS 0x0000000765a00000, 0x0000000765a00000| Untracked 
|  79|0x0000000765b00000, 0x0000000765b00000, 0x0000000765c00000|  0%| F|  |TAMS 0x0000000765b00000, 0x0000000765b00000| Untracked 
|  80|0x0000000765c00000, 0x0000000765c00000, 0x0000000765d00000|  0%| F|  |TAMS 0x0000000765c00000, 0x0000000765c00000| Untracked 
|  81|0x0000000765d00000, 0x0000000765d00000, 0x0000000765e00000|  0%| F|  |TAMS 0x0000000765d00000, 0x0000000765d00000| Untracked 
|  82|0x0000000765e00000, 0x0000000765e00000, 0x0000000765f00000|  0%| F|  |TAMS 0x0000000765e00000, 0x0000000765e00000| Untracked 
|  83|0x0000000765f00000, 0x0000000765f00000, 0x0000000766000000|  0%| F|  |TAMS 0x0000000765f00000, 0x0000000765f00000| Untracked 
|  84|0x0000000766000000, 0x0000000766000000, 0x0000000766100000|  0%| F|  |TAMS 0x0000000766000000, 0x0000000766000000| Untracked 
|  85|0x0000000766100000, 0x0000000766100000, 0x0000000766200000|  0%| F|  |TAMS 0x0000000766100000, 0x0000000766100000| Untracked 
|  86|0x0000000766200000, 0x0000000766200000, 0x0000000766300000|  0%| F|  |TAMS 0x0000000766200000, 0x0000000766200000| Untracked 
|  87|0x0000000766300000, 0x0000000766300000, 0x0000000766400000|  0%| F|  |TAMS 0x0000000766300000, 0x0000000766300000| Untracked 
|  88|0x0000000766400000, 0x0000000766400000, 0x0000000766500000|  0%| F|  |TAMS 0x0000000766400000, 0x0000000766400000| Untracked 
|  89|0x0000000766500000, 0x0000000766500000, 0x0000000766600000|  0%| F|  |TAMS 0x0000000766500000, 0x0000000766500000| Untracked 
|  90|0x0000000766600000, 0x0000000766600000, 0x0000000766700000|  0%| F|  |TAMS 0x0000000766600000, 0x0000000766600000| Untracked 
|  91|0x0000000766700000, 0x0000000766700000, 0x0000000766800000|  0%| F|  |TAMS 0x0000000766700000, 0x0000000766700000| Untracked 
|  92|0x0000000766800000, 0x0000000766800000, 0x0000000766900000|  0%| F|  |TAMS 0x0000000766800000, 0x0000000766800000| Untracked 
|  93|0x0000000766900000, 0x0000000766900000, 0x0000000766a00000|  0%| F|  |TAMS 0x0000000766900000, 0x0000000766900000| Untracked 
|  94|0x0000000766a00000, 0x0000000766a00000, 0x0000000766b00000|  0%| F|  |TAMS 0x0000000766a00000, 0x0000000766a00000| Untracked 
|  95|0x0000000766b00000, 0x0000000766b00000, 0x0000000766c00000|  0%| F|  |TAMS 0x0000000766b00000, 0x0000000766b00000| Untracked 
|  96|0x0000000766c00000, 0x0000000766c00000, 0x0000000766d00000|  0%| F|  |TAMS 0x0000000766c00000, 0x0000000766c00000| Untracked 
|  97|0x0000000766d00000, 0x0000000766d00000, 0x0000000766e00000|  0%| F|  |TAMS 0x0000000766d00000, 0x0000000766d00000| Untracked 
|  98|0x0000000766e00000, 0x0000000766e00000, 0x0000000766f00000|  0%| F|  |TAMS 0x0000000766e00000, 0x0000000766e00000| Untracked 
|  99|0x0000000766f00000, 0x0000000766f00000, 0x0000000767000000|  0%| F|  |TAMS 0x0000000766f00000, 0x0000000766f00000| Untracked 
| 100|0x0000000767000000, 0x0000000767000000, 0x0000000767100000|  0%| F|  |TAMS 0x0000000767000000, 0x0000000767000000| Untracked 
| 101|0x0000000767100000, 0x0000000767100000, 0x0000000767200000|  0%| F|  |TAMS 0x0000000767100000, 0x0000000767100000| Untracked 
| 102|0x0000000767200000, 0x0000000767200000, 0x0000000767300000|  0%| F|  |TAMS 0x0000000767200000, 0x0000000767200000| Untracked 
| 103|0x0000000767300000, 0x0000000767300000, 0x0000000767400000|  0%| F|  |TAMS 0x0000000767300000, 0x0000000767300000| Untracked 
| 104|0x0000000767400000, 0x0000000767400000, 0x0000000767500000|  0%| F|  |TAMS 0x0000000767400000, 0x0000000767400000| Untracked 
| 105|0x0000000767500000, 0x0000000767500000, 0x0000000767600000|  0%| F|  |TAMS 0x0000000767500000, 0x0000000767500000| Untracked 
| 106|0x0000000767600000, 0x0000000767600000, 0x0000000767700000|  0%| F|  |TAMS 0x0000000767600000, 0x0000000767600000| Untracked 
| 107|0x0000000767700000, 0x0000000767700000, 0x0000000767800000|  0%| F|  |TAMS 0x0000000767700000, 0x0000000767700000| Untracked 
| 108|0x0000000767800000, 0x0000000767800000, 0x0000000767900000|  0%| F|  |TAMS 0x0000000767800000, 0x0000000767800000| Untracked 
| 109|0x0000000767900000, 0x0000000767900000, 0x0000000767a00000|  0%| F|  |TAMS 0x0000000767900000, 0x0000000767900000| Untracked 
| 110|0x0000000767a00000, 0x0000000767a00000, 0x0000000767b00000|  0%| F|  |TAMS 0x0000000767a00000, 0x0000000767a00000| Untracked 
| 111|0x0000000767b00000, 0x0000000767b00000, 0x0000000767c00000|  0%| F|  |TAMS 0x0000000767b00000, 0x0000000767b00000| Untracked 
| 112|0x0000000767c00000, 0x0000000767c00000, 0x0000000767d00000|  0%| F|  |TAMS 0x0000000767c00000, 0x0000000767c00000| Untracked 
| 113|0x0000000767d00000, 0x0000000767d00000, 0x0000000767e00000|  0%| F|  |TAMS 0x0000000767d00000, 0x0000000767d00000| Untracked 
| 114|0x0000000767e00000, 0x0000000767e00000, 0x0000000767f00000|  0%| F|  |TAMS 0x0000000767e00000, 0x0000000767e00000| Untracked 
| 115|0x0000000767f00000, 0x0000000767f00000, 0x0000000768000000|  0%| F|  |TAMS 0x0000000767f00000, 0x0000000767f00000| Untracked 
| 116|0x0000000768000000, 0x0000000768000000, 0x0000000768100000|  0%| F|  |TAMS 0x0000000768000000, 0x0000000768000000| Untracked 
| 117|0x0000000768100000, 0x0000000768100000, 0x0000000768200000|  0%| F|  |TAMS 0x0000000768100000, 0x0000000768100000| Untracked 
| 118|0x0000000768200000, 0x0000000768200000, 0x0000000768300000|  0%| F|  |TAMS 0x0000000768200000, 0x0000000768200000| Untracked 
| 119|0x0000000768300000, 0x0000000768300000, 0x0000000768400000|  0%| F|  |TAMS 0x0000000768300000, 0x0000000768300000| Untracked 
| 120|0x0000000768400000, 0x0000000768400000, 0x0000000768500000|  0%| F|  |TAMS 0x0000000768400000, 0x0000000768400000| Untracked 
| 121|0x0000000768500000, 0x0000000768500000, 0x0000000768600000|  0%| F|  |TAMS 0x0000000768500000, 0x0000000768500000| Untracked 
| 122|0x0000000768600000, 0x0000000768600000, 0x0000000768700000|  0%| F|  |TAMS 0x0000000768600000, 0x0000000768600000| Untracked 
| 123|0x0000000768700000, 0x0000000768700000, 0x0000000768800000|  0%| F|  |TAMS 0x0000000768700000, 0x0000000768700000| Untracked 
| 124|0x0000000768800000, 0x0000000768800000, 0x0000000768900000|  0%| F|  |TAMS 0x0000000768800000, 0x0000000768800000| Untracked 
| 125|0x0000000768900000, 0x0000000768900000, 0x0000000768a00000|  0%| F|  |TAMS 0x0000000768900000, 0x0000000768900000| Untracked 
| 126|0x0000000768a00000, 0x0000000768a00000, 0x0000000768b00000|  0%| F|  |TAMS 0x0000000768a00000, 0x0000000768a00000| Untracked 
| 127|0x0000000768b00000, 0x0000000768b00000, 0x0000000768c00000|  0%| F|  |TAMS 0x0000000768b00000, 0x0000000768b00000| Untracked 
| 128|0x0000000768c00000, 0x0000000768c00000, 0x0000000768d00000|  0%| F|  |TAMS 0x0000000768c00000, 0x0000000768c00000| Untracked 
| 129|0x0000000768d00000, 0x0000000768d00000, 0x0000000768e00000|  0%| F|  |TAMS 0x0000000768d00000, 0x0000000768d00000| Untracked 
| 130|0x0000000768e00000, 0x0000000768e00000, 0x0000000768f00000|  0%| F|  |TAMS 0x0000000768e00000, 0x0000000768e00000| Untracked 
| 131|0x0000000768f00000, 0x0000000768f00000, 0x0000000769000000|  0%| F|  |TAMS 0x0000000768f00000, 0x0000000768f00000| Untracked 
| 132|0x0000000769000000, 0x0000000769000000, 0x0000000769100000|  0%| F|  |TAMS 0x0000000769000000, 0x0000000769000000| Untracked 
| 133|0x0000000769100000, 0x0000000769100000, 0x0000000769200000|  0%| F|  |TAMS 0x0000000769100000, 0x0000000769100000| Untracked 
| 134|0x0000000769200000, 0x0000000769200000, 0x0000000769300000|  0%| F|  |TAMS 0x0000000769200000, 0x0000000769200000| Untracked 
| 135|0x0000000769300000, 0x0000000769300000, 0x0000000769400000|  0%| F|  |TAMS 0x0000000769300000, 0x0000000769300000| Untracked 
| 136|0x0000000769400000, 0x0000000769400000, 0x0000000769500000|  0%| F|  |TAMS 0x0000000769400000, 0x0000000769400000| Untracked 
| 137|0x0000000769500000, 0x0000000769500000, 0x0000000769600000|  0%| F|  |TAMS 0x0000000769500000, 0x0000000769500000| Untracked 
| 138|0x0000000769600000, 0x0000000769600000, 0x0000000769700000|  0%| F|  |TAMS 0x0000000769600000, 0x0000000769600000| Untracked 
| 139|0x0000000769700000, 0x0000000769700000, 0x0000000769800000|  0%| F|  |TAMS 0x0000000769700000, 0x0000000769700000| Untracked 
| 140|0x0000000769800000, 0x0000000769800000, 0x0000000769900000|  0%| F|  |TAMS 0x0000000769800000, 0x0000000769800000| Untracked 
| 141|0x0000000769900000, 0x0000000769900000, 0x0000000769a00000|  0%| F|  |TAMS 0x0000000769900000, 0x0000000769900000| Untracked 
| 142|0x0000000769a00000, 0x0000000769a00000, 0x0000000769b00000|  0%| F|  |TAMS 0x0000000769a00000, 0x0000000769a00000| Untracked 
| 143|0x0000000769b00000, 0x0000000769b00000, 0x0000000769c00000|  0%| F|  |TAMS 0x0000000769b00000, 0x0000000769b00000| Untracked 
| 144|0x0000000769c00000, 0x0000000769c00000, 0x0000000769d00000|  0%| F|  |TAMS 0x0000000769c00000, 0x0000000769c00000| Untracked 
| 145|0x0000000769d00000, 0x0000000769d00000, 0x0000000769e00000|  0%| F|  |TAMS 0x0000000769d00000, 0x0000000769d00000| Untracked 
| 146|0x0000000769e00000, 0x0000000769e00000, 0x0000000769f00000|  0%| F|  |TAMS 0x0000000769e00000, 0x0000000769e00000| Untracked 
| 147|0x0000000769f00000, 0x000000076a000000, 0x000000076a000000|100%| S|CS|TAMS 0x0000000769f00000, 0x0000000769f00000| Complete 
| 148|0x000000076a000000, 0x000000076a100000, 0x000000076a100000|100%| S|CS|TAMS 0x000000076a000000, 0x000000076a000000| Complete 
| 149|0x000000076a100000, 0x000000076a100000, 0x000000076a200000|  0%| F|  |TAMS 0x000000076a100000, 0x000000076a100000| Untracked 
| 150|0x000000076a200000, 0x000000076a200000, 0x000000076a300000|  0%| F|  |TAMS 0x000000076a200000, 0x000000076a200000| Untracked 
| 151|0x000000076a300000, 0x000000076a300000, 0x000000076a400000|  0%| F|  |TAMS 0x000000076a300000, 0x000000076a300000| Untracked 
| 152|0x000000076a400000, 0x000000076a47f060, 0x000000076a500000| 49%| E|  |TAMS 0x000000076a400000, 0x000000076a400000| Complete 
| 153|0x000000076a500000, 0x000000076a600000, 0x000000076a600000|100%| E|CS|TAMS 0x000000076a500000, 0x000000076a500000| Complete 
| 154|0x000000076a600000, 0x000000076a700000, 0x000000076a700000|100%| E|CS|TAMS 0x000000076a600000, 0x000000076a600000| Complete 
| 155|0x000000076a700000, 0x000000076a800000, 0x000000076a800000|100%| E|CS|TAMS 0x000000076a700000, 0x000000076a700000| Complete 
| 156|0x000000076a800000, 0x000000076a900000, 0x000000076a900000|100%| E|CS|TAMS 0x000000076a800000, 0x000000076a800000| Complete 
| 157|0x000000076a900000, 0x000000076aa00000, 0x000000076aa00000|100%| E|CS|TAMS 0x000000076a900000, 0x000000076a900000| Complete 
| 158|0x000000076aa00000, 0x000000076ab00000, 0x000000076ab00000|100%| E|CS|TAMS 0x000000076aa00000, 0x000000076aa00000| Complete 
| 159|0x000000076ab00000, 0x000000076ac00000, 0x000000076ac00000|100%| E|CS|TAMS 0x000000076ab00000, 0x000000076ab00000| Complete 

Card table byte_map: [0x000000001a740000,0x000000001ac40000] _byte_map_base: 0x0000000016c3a000

Marking Bits (Prev, Next): (CMBitMap*) 0x00000000003000d8, (CMBitMap*) 0x0000000000300110
 Prev Bits: [0x000000001b140000, 0x000000001d910000)
 Next Bits: [0x000000001d910000, 0x00000000200e0000)

Polling page: 0x0000000000230000

Metaspace:

Usage:
  Non-class:      9.89 MB capacity,     9.77 MB ( 99%) used,   106.56 KB (  1%) free+waste,     7.25 KB ( <1%) overhead. 
      Class:    893.00 KB capacity,   843.09 KB ( 94%) used,    47.66 KB (  5%) free+waste,     2.25 KB ( <1%) overhead. 
       Both:     10.76 MB capacity,    10.60 MB ( 99%) used,   154.23 KB (  1%) free+waste,     9.50 KB ( <1%) overhead. 

Virtual space:
  Non-class space:       10.00 MB reserved,      10.00 MB (100%) committed 
      Class space:        1.00 GB reserved,     896.00 KB ( <1%) committed 
             Both:        1.01 GB reserved,      10.88 MB (  1%) committed 

Chunk freelists:
   Non-Class:  14.63 KB
       Class:  384 bytes
        Both:  15.00 KB

CodeHeap 'non-profiled nmethods': size=120064Kb used=414Kb max_used=414Kb free=119649Kb
 bounds [0x0000000012610000, 0x0000000012880000, 0x0000000019b50000]
CodeHeap 'profiled nmethods': size=120000Kb used=2585Kb max_used=2585Kb free=117414Kb
 bounds [0x000000000b0e0000, 0x000000000b370000, 0x0000000012610000]
CodeHeap 'non-nmethods': size=5696Kb used=1083Kb max_used=1127Kb free=4612Kb
 bounds [0x000000000ab50000, 0x000000000adc0000, 0x000000000b0e0000]
 total_blobs=1454 nmethods=1071 adapters=295
 compilation: enabled
              stopped_count=0, restarted_count=0
 full_count=0

Compilation events (10 events):
Event: 2.136 Thread 0x0000000023662000 1065       1       org.mozilla.javascript.ObjArray::size (5 bytes)
Event: 2.136 Thread 0x0000000023662000 nmethod 1065 0x0000000012674e90 code [0x0000000012675020, 0x00000000126750d8]
Event: 2.136 Thread 0x0000000023662000 1066       2       org.mozilla.javascript.ObjArray::get (28 bytes)
Event: 2.136 Thread 0x0000000023662000 nmethod 1066 0x000000000b34a290 code [0x000000000b34a440, 0x000000000b34a598]
Event: 2.136 Thread 0x0000000023662000 1069       2       org.mozilla.classfile.ClassFileMethod::write (62 bytes)
Event: 2.137 Thread 0x0000000023662000 nmethod 1069 0x000000000b34a690 code [0x000000000b34a860, 0x000000000b34ab68]
Event: 2.137 Thread 0x0000000023662000 1067       2       org.mozilla.classfile.ClassFileMethod::getWriteSize (9 bytes)
Event: 2.137 Thread 0x0000000023662000 nmethod 1067 0x000000000b34ad90 code [0x000000000b34af20, 0x000000000b34b038]
Event: 2.137 Thread 0x0000000023662000 1070       2       java.nio.ByteBuffer::position (8 bytes)
Event: 2.138 Thread 0x0000000023662000 nmethod 1070 0x000000000b34b110 code [0x000000000b34b2c0, 0x000000000b34b3e8]

GC Heap History (6 events):
Event: 0.917 GC heap before
{Heap before GC invocations=0 (full 0):
 garbage-first heap   total 163840K, used 18432K [0x0000000760c00000, 0x0000000800000000)
  region size 1024K, 14 young (14336K), 0 survivors (0K)
 Metaspace       used 7665K, capacity 7780K, committed 7936K, reserved 1056768K
  class space    used 691K, capacity 720K, committed 768K, reserved 1048576K
}
Event: 0.944 GC heap after
{Heap after GC invocations=1 (full 0):
 garbage-first heap   total 163840K, used 7498K [0x0000000760c00000, 0x0000000800000000)
  region size 1024K, 2 young (2048K), 2 survivors (2048K)
 Metaspace       used 7665K, capacity 7780K, committed 7936K, reserved 1056768K
  class space    used 691K, capacity 720K, committed 768K, reserved 1048576K
}
Event: 1.358 GC heap before
{Heap before GC invocations=1 (full 0):
 garbage-first heap   total 163840K, used 12618K [0x0000000760c00000, 0x0000000800000000)
  region size 1024K, 8 young (8192K), 2 survivors (2048K)
 Metaspace       used 9246K, capacity 9358K, committed 9600K, reserved 1058816K
  class space    used 788K, capacity 820K, committed 896K, reserved 1048576K
}
Event: 1.369 GC heap after
{Heap after GC invocations=2 (full 0):
 garbage-first heap   total 163840K, used 9170K [0x0000000760c00000, 0x0000000800000000)
  region size 1024K, 1 young (1024K), 1 survivors (1024K)
 Metaspace       used 9246K, capacity 9358K, committed 9600K, reserved 1058816K
  class space    used 788K, capacity 820K, committed 896K, reserved 1048576K
}
Event: 1.940 GC heap before
{Heap before GC invocations=2 (full 0):
 garbage-first heap   total 163840K, used 19410K [0x0000000760c00000, 0x0000000800000000)
  region size 1024K, 11 young (11264K), 1 survivors (1024K)
 Metaspace       used 9586K, capacity 9718K, committed 9856K, reserved 1058816K
  class space    used 804K, capacity 855K, committed 896K, reserved 1048576K
}
Event: 1.945 GC heap after
{Heap after GC invocations=3 (full 0):
 garbage-first heap   total 163840K, used 10194K [0x0000000760c00000, 0x0000000800000000)
  region size 1024K, 2 young (2048K), 2 survivors (2048K)
 Metaspace       used 9586K, capacity 9718K, committed 9856K, reserved 1058816K
  class space    used 804K, capacity 855K, committed 896K, reserved 1048576K
}

Deoptimization events (10 events):
Event: 0.473 Thread 0x00000000002b3000 Uncommon trap: reason=unstable_if action=reinterpret pc=0x0000000012621264 method=java.lang.CharacterData.of(I)Ljava/lang/CharacterData; @ 4 c2
Event: 0.770 Thread 0x00000000002b3000 Uncommon trap: reason=unstable_if action=reinterpret pc=0x00000000126349bc method=org.mozilla.javascript.TokenStream.stringToKeyword(Ljava/lang/String;)I @ 1091 c2
Event: 0.818 Thread 0x00000000002b3000 Uncommon trap: reason=unstable_if action=reinterpret pc=0x00000000126281b0 method=org.mozilla.javascript.TokenStream.getChar(Z)I @ 49 c2
Event: 0.949 Thread 0x00000000002b3000 Uncommon trap: reason=unstable_if action=reinterpret pc=0x000000001262a33c method=java.lang.String.<init>([CIILjava/lang/Void;)V @ 43 c2
Event: 1.034 Thread 0x00000000002b3000 Uncommon trap: reason=class_check action=maybe_recompile pc=0x0000000012630e84 method=org.mozilla.javascript.ObjToIntMap.ensureIndex(Ljava/lang/Object;)I @ 1 c2
Event: 1.034 Thread 0x00000000002b3000 Uncommon trap: reason=class_check action=maybe_recompile pc=0x0000000012630e84 method=org.mozilla.javascript.ObjToIntMap.ensureIndex(Ljava/lang/Object;)I @ 1 c2
Event: 1.034 Thread 0x00000000002b3000 Uncommon trap: reason=class_check action=maybe_recompile pc=0x0000000012630e84 method=org.mozilla.javascript.ObjToIntMap.ensureIndex(Ljava/lang/Object;)I @ 1 c2
Event: 1.034 Thread 0x00000000002b3000 Uncommon trap: reason=class_check action=maybe_recompile pc=0x0000000012630e84 method=org.mozilla.javascript.ObjToIntMap.ensureIndex(Ljava/lang/Object;)I @ 1 c2
Event: 1.346 Thread 0x00000000002b3000 Uncommon trap: reason=unstable_if action=reinterpret pc=0x000000001262cf28 method=java.lang.String.hashCode()I @ 22 c2
Event: 2.081 Thread 0x00000000002b3000 Uncommon trap: reason=unstable_if action=reinterpret pc=0x00000000126742d4 method=org.mozilla.classfile.ClassFileWriter.sizeOfParameters(Ljava/lang/String;)I @ 424 c2

Classes redefined (0 events):
No events

Internal exceptions (1 events):
Event: 0.995 Thread 0x00000000002b3000 Exception <a 'java/lang/NoSuchMethodError'{0x000000076ab9c2c0}: java.lang.invoke.DirectMethodHandle$Holder.invokeSpecialIFC(Ljava/lang/Object;Ljava/lang/Object;I)I> (0x000000076ab9c2c0) thrown at [./open/src/hotspot/share/interpreter/linkResolver.cpp, lin

Events (10 events):
Event: 2.132 loading class org/mozilla/javascript/ContextFactory$1
Event: 2.132 loading class org/mozilla/javascript/ContextFactory$1 done
Event: 2.133 loading class org/mozilla/javascript/DefiningClassLoader
Event: 2.133 loading class org/mozilla/javascript/DefiningClassLoader done
Event: 2.133 loading class org/mozilla/javascript/GeneratedClassLoader
Event: 2.133 loading class org/mozilla/javascript/GeneratedClassLoader done
Event: 2.134 loading class org/mozilla/javascript/SecurityUtilities
Event: 2.134 loading class org/mozilla/javascript/SecurityUtilities done
Event: 2.135 loading class org/mozilla/javascript/SecurityUtilities$2
Event: 2.135 loading class org/mozilla/javascript/SecurityUtilities$2 done


Dynamic libraries:
0x000000013ff30000 - 0x000000013ff3f000 	C:\Program Files\Java\jdk-11.0.11\bin\java.exe
0x0000000077550000 - 0x00000000776ef000 	C:\Windows\SYSTEM32\ntdll.dll
0x0000000077430000 - 0x000000007754f000 	C:\Windows\system32\kernel32.dll
0x000007fefd200000 - 0x000007fefd267000 	C:\Windows\system32\KERNELBASE.dll
0x000007fefb080000 - 0x000007fefb098000 	C:\Program Files\Java\jdk-11.0.11\bin\jli.dll
0x000007fefeea0000 - 0x000007fefef7b000 	C:\Windows\system32\ADVAPI32.dll
0x000007feff2a0000 - 0x000007feff33f000 	C:\Windows\system32\msvcrt.dll
0x000007feff340000 - 0x000007feff35f000 	C:\Windows\SYSTEM32\sechost.dll
0x000007feff360000 - 0x000007feff48c000 	C:\Windows\system32\RPCRT4.dll
0x000007fefb700000 - 0x000007fefb8f5000 	C:\Windows\WinSxS\amd64_microsoft.windows.common-controls_6595b64144ccf1df_6.0.7601.24483_none_e372d88f30fbb845\COMCTL32.dll
0x000007fefe850000 - 0x000007fefe8b7000 	C:\Windows\system32\GDI32.dll
0x0000000077330000 - 0x000000007742b000 	C:\Windows\system32\USER32.dll
0x000007feff230000 - 0x000007feff23e000 	C:\Windows\system32\LPK.dll
0x000007fefe8c0000 - 0x000007fefe98b000 	C:\Windows\system32\USP10.dll
0x000007fefef80000 - 0x000007fefeff1000 	C:\Windows\system32\SHLWAPI.dll
0x000007fefc150000 - 0x000007fefc15c000 	C:\Windows\system32\VERSION.dll
0x000007fef6c30000 - 0x000007fef6c45000 	C:\Program Files\Java\jdk-11.0.11\bin\VCRUNTIME140.dll
0x000007fef71a0000 - 0x000007fef71a4000 	C:\Program Files\Java\jdk-11.0.11\bin\api-ms-win-crt-runtime-l1-1-0.dll
0x000007feefaa0000 - 0x000007feefb9a000 	C:\Program Files\Java\jdk-11.0.11\bin\ucrtbase.DLL
0x000007fef7080000 - 0x000007fef7083000 	C:\Program Files\Java\jdk-11.0.11\bin\api-ms-win-core-localization-l1-2-0.dll
0x000007fef6270000 - 0x000007fef6273000 	C:\Program Files\Java\jdk-11.0.11\bin\api-ms-win-core-processthreads-l1-1-1.dll
0x000007fef6260000 - 0x000007fef6263000 	C:\Program Files\Java\jdk-11.0.11\bin\api-ms-win-core-file-l1-2-0.dll
0x000007fef6250000 - 0x000007fef6253000 	C:\Program Files\Java\jdk-11.0.11\bin\api-ms-win-core-timezone-l1-1-0.dll
0x000007fef5f90000 - 0x000007fef5f93000 	C:\Program Files\Java\jdk-11.0.11\bin\api-ms-win-core-file-l2-1-0.dll
0x000007fef5f80000 - 0x000007fef5f83000 	C:\Program Files\Java\jdk-11.0.11\bin\api-ms-win-core-synch-l1-2-0.dll
0x000007fef5f70000 - 0x000007fef5f73000 	C:\Program Files\Java\jdk-11.0.11\bin\api-ms-win-crt-heap-l1-1-0.dll
0x000007fef5f60000 - 0x000007fef5f64000 	C:\Program Files\Java\jdk-11.0.11\bin\api-ms-win-crt-string-l1-1-0.dll
0x000007fef5f50000 - 0x000007fef5f54000 	C:\Program Files\Java\jdk-11.0.11\bin\api-ms-win-crt-stdio-l1-1-0.dll
0x000007fef5c70000 - 0x000007fef5c74000 	C:\Program Files\Java\jdk-11.0.11\bin\api-ms-win-crt-convert-l1-1-0.dll
0x000007fef17e0000 - 0x000007fef17e3000 	C:\Program Files\Java\jdk-11.0.11\bin\api-ms-win-crt-environment-l1-1-0.dll
0x000007fef1310000 - 0x000007fef1313000 	C:\Program Files\Java\jdk-11.0.11\bin\api-ms-win-crt-filesystem-l1-1-0.dll
0x000007fef1300000 - 0x000007fef1305000 	C:\Program Files\Java\jdk-11.0.11\bin\api-ms-win-crt-math-l1-1-0.dll
0x000007fef12f0000 - 0x000007fef12f3000 	C:\Program Files\Java\jdk-11.0.11\bin\api-ms-win-crt-locale-l1-1-0.dll
0x000007feff200000 - 0x000007feff22e000 	C:\Windows\system32\IMM32.DLL
0x000007feff700000 - 0x000007feff80b000 	C:\Windows\system32\MSCTF.dll
0x000007fef1250000 - 0x000007fef12eb000 	C:\Program Files\Java\jdk-11.0.11\bin\msvcp140.dll
0x000007fef1240000 - 0x000007fef1243000 	C:\Program Files\Java\jdk-11.0.11\bin\api-ms-win-crt-time-l1-1-0.dll
0x000007fef0e80000 - 0x000007fef0e83000 	C:\Program Files\Java\jdk-11.0.11\bin\api-ms-win-crt-utility-l1-1-0.dll
0x000007fed4720000 - 0x000007fed521e000 	C:\Program Files\Java\jdk-11.0.11\bin\server\jvm.dll
0x000007fef83f0000 - 0x000007fef83f9000 	C:\Windows\system32\WSOCK32.dll
0x000007feff250000 - 0x000007feff29d000 	C:\Windows\system32\WS2_32.dll
0x000007feff240000 - 0x000007feff248000 	C:\Windows\system32\NSI.dll
0x000007fefb4c0000 - 0x000007fefb4fb000 	C:\Windows\system32\WINMM.dll
0x00000000776f0000 - 0x00000000776f7000 	C:\Windows\system32\PSAPI.DLL
0x000007fef0e70000 - 0x000007fef0e80000 	C:\Program Files\Java\jdk-11.0.11\bin\verify.dll
0x000007fef81f0000 - 0x000007fef8315000 	C:\Windows\system32\DBGHELP.DLL
0x000007feeff40000 - 0x000007feeff68000 	C:\Program Files\Java\jdk-11.0.11\bin\java.dll
0x000007fef09e0000 - 0x000007fef09ea000 	C:\Program Files\Java\jdk-11.0.11\bin\jimage.dll
0x000007feefee0000 - 0x000007feefef6000 	C:\Program Files\Java\jdk-11.0.11\bin\zip.dll
0x000007fefd610000 - 0x000007fefe39b000 	C:\Windows\system32\SHELL32.dll
0x000007feff000000 - 0x000007feff1ff000 	C:\Windows\system32\ole32.dll
0x000007fefd080000 - 0x000007fefd08f000 	C:\Windows\system32\profapi.dll
0x000007fee7a80000 - 0x000007fee7a99000 	C:\Program Files\Java\jdk-11.0.11\bin\net.dll
0x000007fef94d0000 - 0x000007fef9541000 	C:\Windows\system32\WINHTTP.dll
0x000007fef9350000 - 0x000007fef93b5000 	C:\Windows\system32\webio.dll
0x000007fefc7b0000 - 0x000007fefc805000 	C:\Windows\system32\mswsock.dll
0x000007fefc7a0000 - 0x000007fefc7a7000 	C:\Windows\System32\wship6.dll
0x000007fee7a60000 - 0x000007fee7a72000 	C:\Program Files\Java\jdk-11.0.11\bin\nio.dll

dbghelp: loaded successfully - version: 4.0.5 - missing functions: none
symbol engine: initialized successfully - sym options: 0x614 - pdb path: .;C:\Program Files\Java\jdk-11.0.11\bin;C:\Windows\SYSTEM32;C:\Windows\WinSxS\amd64_microsoft.windows.common-controls_6595b64144ccf1df_6.0.7601.24483_none_e372d88f30fbb845;C:\Program Files\Java\jdk-11.0.11\bin\server

VM Arguments:
java_command: D:\habrisBatch2021\hybris\bin\custom\Nendrasys\Nendrasysstorefront\web\webroot\WEB-INF\lib\rhino-1.7.7.jar -f D:\habrisBatch2021\hybris\bin\custom\Nendrasys\Nendrasysstorefront\web\webroot\WEB-INF\lib\less-rhino-1.7.3.js D:\habrisBatch2021\hybris\bin\custom\Nendrasys\Nendrasysstorefront\web\webroot\WEB-INF\lib\lessc-rhino-1.7.3.js D:\habrisBatch2021\hybris\bin\custom\Nendrasys\Nendrasysstorefront\web\webroot\WEB-INF\_ui-src\responsive\themes\lambda\less\style.less D:\habrisBatch2021\hybris\bin\custom\Nendrasys\Nendrasysstorefront\web\webroot\_ui\responsive\theme-lambda\css\style.css
java_class_path (initial): D:\habrisBatch2021\hybris\bin\custom\Nendrasys\Nendrasysstorefront\web\webroot\WEB-INF\lib\rhino-1.7.7.jar
Launcher Type: SUN_STANDARD

[Global flags]
     intx CICompilerCount                          = 3                                         {product} {ergonomic}
     uint ConcGCThreads                            = 1                                         {product} {ergonomic}
     uint G1ConcRefinementThreads                  = 4                                         {product} {ergonomic}
   size_t G1HeapRegionSize                         = 1048576                                   {product} {ergonomic}
    uintx GCDrainStackTargetSize                   = 64                                        {product} {ergonomic}
   size_t InitialHeapSize                          = 167772160                                 {product} {ergonomic}
   size_t MarkStackSize                            = 4194304                                   {product} {ergonomic}
   size_t MaxHeapSize                              = 2671771648                                {product} {ergonomic}
   size_t MaxNewSize                               = 1602224128                                {product} {ergonomic}
   size_t MinHeapDeltaBytes                        = 1048576                                   {product} {ergonomic}
    uintx NonNMethodCodeHeapSize                   = 5830732                                {pd product} {ergonomic}
    uintx NonProfiledCodeHeapSize                  = 122913754                              {pd product} {ergonomic}
    uintx ProfiledCodeHeapSize                     = 122913754                              {pd product} {ergonomic}
    uintx ReservedCodeCacheSize                    = 251658240                              {pd product} {ergonomic}
     bool SegmentedCodeCache                       = true                                      {product} {ergonomic}
     bool UseCompressedClassPointers               = true                                 {lp64_product} {ergonomic}
     bool UseCompressedOops                        = true                                 {lp64_product} {ergonomic}
     bool UseG1GC                                  = true                                      {product} {ergonomic}
     bool UseLargePagesIndividualAllocation        = false                                  {pd product} {ergonomic}

Logging:
Log output configuration:
 #0: stdout all=warning uptime,level,tags
 #1: stderr all=off uptime,level,tags

Environment Variables:
JAVA_HOME=C:\Program Files\Java\jdk-11.0.11
PATH=D:\habrisBatch2021\hybris\bin\platform\apache-ant\bin;C:\Program Files\Common Files\Oracle\Java\javapath;C:\Program Files\nodejs\;C:\Program Files\Git\cmd;C:\Users\razhaka\AppData\Roaming\npm;C:\Users\razhaka\AppData\Local\Programs\Microsoft VS Code\bin;C:\Program Files\Java\jdk1.8.0_201\bin;C:\Users\razhaka\AppData\Local\Programs\Microsoft VS Code
USERNAME=razhaka
OS=Windows_NT
PROCESSOR_IDENTIFIER=Intel64 Family 6 Model 42 Stepping 7, GenuineIntel



---------------  S Y S T E M  ---------------

OS: Windows 7 , 64 bit Build 7601 (6.1.7601.24545)

CPU:total 4 (initial active 4) (2 cores per cpu, 2 threads per core) family 6 model 42 stepping 7 microcode 0x0, cmov, cx8, fxsr, mmx, sse, sse2, sse3, ssse3, sse4.1, sse4.2, popcnt, avx, clmul, ht, tsc, tscinvbit

Memory: 4k page, system-wide physical 10187M (2066M free)
TotalPageFile size 20373M (AvailPageFile size 8348M)
current process WorkingSet (physical memory assigned to process): 115M, peak: 117M
current process commit charge ("private bytes"): 294M, peak: 296M

vm_info: Java HotSpot(TM) 64-Bit Server VM (11.0.11+9-LTS-194) for windows-amd64 JRE (11.0.11+9-LTS-194), built on Mar 18 2021 18:46:53 by "mach5one" with MS VC++ 15.9 (VS2017)

END.
