#
# A fatal error has been detected by the Java Runtime Environment:
#
#  EXCEPTION_ACCESS_VIOLATION (0xc0000005) at pc=0x0000005600000000, pid=24456, tid=23668
#
# JRE version: Java(TM) SE Runtime Environment 18.9 (11.0.11+9) (build 11.0.11+9-LTS-194)
# Java VM: Java HotSpot(TM) 64-Bit Server VM 18.9 (11.0.11+9-LTS-194, mixed mode, tiered, compressed oops, g1 gc, windows-amd64)
# Problematic frame:
# C  0x0000005600000000
#
# No core dump will be written. Minidumps are not enabled by default on client versions of Windows
#
# If you would like to submit a bug report, please visit:
#   https://bugreport.java.com/bugreport/crash.jsp
#

---------------  S U M M A R Y ------------

Command Line: D:\habrisBatch2021\hybris\bin\custom\Nendrasys\Nendrasysstorefront\web\webroot\WEB-INF\lib\rhino-1.7.7.jar -f D:\habrisBatch2021\hybris\bin\custom\Nendrasys\Nendrasysstorefront\web\webroot\WEB-INF\lib\less-rhino-1.7.3.js D:\habrisBatch2021\hybris\bin\custom\Nendrasys\Nendrasysstorefront\web\webroot\WEB-INF\lib\lessc-rhino-1.7.3.js D:\habrisBatch2021\hybris\bin\custom\Nendrasys\Nendrasysstorefront\web\webroot\WEB-INF\_ui-src\responsive\themes\lambda\less\style.less D:\habrisBatch2021\hybris\bin\custom\Nendrasys\Nendrasysstorefront\web\webroot\_ui\responsive\theme-lambda\css\style.css

Host: Intel(R) Core(TM) i3-2330M CPU @ 2.20GHz, 4 cores, 9G,  Windows 7 , 64 bit Build 7601 (6.1.7601.24545)
Time: Tue May 11 16:26:46 2021 India Standard Time elapsed time: 25.115867 seconds (0d 0h 0m 25s)

---------------  T H R E A D  ---------------

Current thread (0x00000000263be000):  GCTaskThread "GC Thread#2" [stack: 0x0000000027710000,0x0000000027810000] [id=23668]

Stack: [0x0000000027710000,0x0000000027810000],  sp=0x000000002780f498,  free space=1021k
Native frames: (J=compiled Java code, j=interpreted, Vv=VM code, C=native code)
C  0x0000005600000000


siginfo: EXCEPTION_ACCESS_VIOLATION (0xc0000005), data execution prevention violation at address 0x0000005600000000


Register to memory mapping:

RIP=0x0000005600000000 is an unknown value
RAX={method} {0x0000000022f86b08} 'markDeleted' '()V' in 'org/mozilla/javascript/ScriptableObject$GetterSlot'
RBX=0x00000007650b14f4 is pointing into object: [Lorg.mozilla.javascript.ScriptableObject$Slot; 
{0x00000007650b14d8} - klass: 'org/mozilla/javascript/ScriptableObject$Slot'[]
 - length: 16
RCX=0x0000000800074848 is pointing into metadata
RDX=0x0000000769f0fdf8 is an oop: 
[error occurred during error reporting (printing register info), id 0xc0000005, EXCEPTION_ACCESS_VIOLATION (0xc0000005) at pc=0x000000000041000f]

Registers:
RAX=0x0000000022f86b00, RBX=0x00000007650b14f4, RCX=0x0000000800074848, RDX=0x0000000769f0fdf8
RSP=0x000000002780f498, RBP=0x0000000026321c30, RSI=0x0000000026321c30, RDI=0x0000000000000001
R8 =0x0000000000000000, R9 =0x0000000800074848, R10=0x00000007650b153c, R11=0x0000000026321da0
R12=0x0000000000000000, R13=0x0000000000398b10, R14=0x0000000769f0fdf8, R15=0x000000000000000d
RIP=0x0000005600000000, EFLAGS=0x0000000000010246

Top of Stack: (sp=0x000000002780f498)
0x000000002780f498:   000007fee342909e 0000000000000002
0x000000002780f4a8:   0000000026321c30 00000007650b1528
0x000000002780f4b8:   000007fee346cc1c 0000000762000000
0x000000002780f4c8:   0000000000020000 00000001004089d0
0x000000002780f4d8:   000007fee346cd60 0000000026321c30
0x000000002780f4e8:   0000000000000040 000000000035a0f0
0x000000002780f4f8:   0000000000398b10 0000000000000000
0x000000002780f508:   000000000035a070 000000000000019d
0x000000002780f518:   000007fee34279e3 00000000004089d0
0x000000002780f528:   000007fee346cd60 000000000000000d
0x000000002780f538:   00000007650b14f4 000000076206dfe8
0x000000002780f548:   00000007650b14f5 000000076208ebc4
0x000000002780f558:   000007fee34300a0 000000076208ec00
0x000000002780f568:   00000000004089d0 000000000000019d
0x000000002780f578:   0000000000000014 0000000000000040
0x000000002780f588:   0000000000000040 0000000000000000 

Instructions: (pc=0x0000005600000000)
0x00000055ffffffe0:   ?? ?? ?? ?? ?? ?? ?? ?? ?? ?? ?? ?? ?? ?? ?? ??
0x00000055fffffff0:   ?? ?? ?? ?? ?? ?? ?? ?? ?? ?? ?? ?? ?? ?? ?? ??
0x0000005600000000:   ?? ?? ?? ?? ?? ?? ?? ?? ?? ?? ?? ?? ?? ?? ?? ??
0x0000005600000010:   ?? ?? ?? ?? ?? ?? ?? ?? ?? ?? ?? ?? ?? ?? ?? ?? 


Stack slot to memory mapping:
stack at sp + 0 slots: 0x000007fee342909e jvm.dll
stack at sp + 1 slots: 0x0000000000000002 is an unknown value
stack at sp + 2 slots: 0x0000000026321c30 points into unknown readable memory: 48 4c 98 e3 fe 07 00 00
stack at sp + 3 slots: 0x00000007650b1528 is an oop: org.mozilla.javascript.ScriptableObject$RelinkedSlot 
{0x00000007650b1528} - klass: 'org/mozilla/javascript/ScriptableObject$RelinkedSlot'
stack at sp + 4 slots: 0x000007fee346cc1c jvm.dll
stack at sp + 5 slots: 0x0000000762000000 is an oop: org.mozilla.javascript.ScriptableObject$Slot 
{0x0000000762000000} - klass: 'org/mozilla/javascript/ScriptableObject$Slot'
stack at sp + 6 slots: 0x0000000000020000 points into unknown readable memory: 00 00 00 00 00 00 00 00
stack at sp + 7 slots: 0x00000001004089d0 is an unknown value


---------------  P R O C E S S  ---------------

Threads class SMR info:
_java_thread_list=0x00000000244d4a30, length=11, elements={
0x0000000000385000, 0x0000000023456800, 0x0000000023460000, 0x0000000023473000,
0x0000000023476000, 0x0000000023477000, 0x00000000234df800, 0x00000000234e1000,
0x00000000243a9000, 0x00000000243f1800, 0x00000000244e2000
}

Java Threads: ( => current thread )
  0x0000000000385000 JavaThread "main" [_thread_blocked, id=24108, stack(0x00000000021c0000,0x00000000022c0000)]
  0x0000000023456800 JavaThread "Reference Handler" daemon [_thread_blocked, id=23640, stack(0x0000000023860000,0x0000000023960000)]
  0x0000000023460000 JavaThread "Finalizer" daemon [_thread_blocked, id=23828, stack(0x0000000023a60000,0x0000000023b60000)]
  0x0000000023473000 JavaThread "Signal Dispatcher" daemon [_thread_blocked, id=22968, stack(0x0000000023be0000,0x0000000023ce0000)]
  0x0000000023476000 JavaThread "Attach Listener" daemon [_thread_blocked, id=22912, stack(0x0000000023750000,0x0000000023850000)]
  0x0000000023477000 JavaThread "C2 CompilerThread0" daemon [_thread_blocked, id=23672, stack(0x0000000023e40000,0x0000000023f40000)]
  0x00000000234df800 JavaThread "C1 CompilerThread0" daemon [_thread_blocked, id=22408, stack(0x0000000024020000,0x0000000024120000)]
  0x00000000234e1000 JavaThread "Sweeper thread" daemon [_thread_blocked, id=23568, stack(0x00000000241d0000,0x00000000242d0000)]
  0x00000000243a9000 JavaThread "Service Thread" daemon [_thread_blocked, id=24436, stack(0x0000000024710000,0x0000000024810000)]
  0x00000000243f1800 JavaThread "Common-Cleaner" daemon [_thread_blocked, id=24528, stack(0x0000000023500000,0x0000000023600000)]
  0x00000000244e2000 JavaThread "C2 CompilerThread1" daemon [_thread_blocked, id=24572, stack(0x0000000023d00000,0x0000000023e00000)]

Other Threads:
  0x0000000023413000 VMThread "VM Thread" [stack: 0x0000000023650000,0x0000000023750000] [id=22832]
  0x00000000243f0000 WatcherThread [stack: 0x00000000248e0000,0x00000000249e0000] [id=22924]
  0x000000000039a000 GCTaskThread "GC Thread#0" [stack: 0x0000000019dd0000,0x0000000019ed0000] [id=23760]
  0x0000000024e84000 GCTaskThread "GC Thread#1" [stack: 0x0000000027590000,0x0000000027690000] [id=23692]
=>0x00000000263be000 GCTaskThread "GC Thread#2" [stack: 0x0000000027710000,0x0000000027810000] [id=23668]
  0x0000000027ff3800 GCTaskThread "GC Thread#3" [stack: 0x0000000029f20000,0x000000002a020000] [id=21384]
  0x00000000003db000 ConcurrentGCThread "G1 Main Marker" [stack: 0x0000000020120000,0x0000000020220000] [id=23448]
  0x00000000003dc000 ConcurrentGCThread "G1 Conc#0" [stack: 0x0000000020330000,0x0000000020430000] [id=23728]
  0x00000000227dc800 ConcurrentGCThread "G1 Refine#0" [stack: 0x00000000228f0000,0x00000000229f0000] [id=24120]
  0x000000002629c800 ConcurrentGCThread "G1 Refine#1" [stack: 0x0000000027890000,0x0000000027990000] [id=24380]
  0x00000000227dd800 ConcurrentGCThread "G1 Young RemSet Sampling" [stack: 0x0000000022a00000,0x0000000022b00000] [id=23592]

Threads with active compile tasks:
C2 CompilerThread0  25228 2528       4       org.mozilla.javascript.NativeArray::execIdCall (562 bytes)
C2 CompilerThread1  25235 2507   !   4       org.mozilla.javascript.gen.D__habrisBatch2021_hybris_bin_custom_Nendrasys_Nendrasysstorefront_web_webroot_WEB_INF_lib_less_rhino_1_7_3_js_1::_c_anonymous_536 (1085 bytes)

VM state:at safepoint (normal execution)

VM Mutex/Monitor currently owned by a thread:  ([mutex/lock_event])
[0x0000000000382020] Threads_lock - owner thread: 0x0000000023413000
[0x0000000000382800] Heap_lock - owner thread: 0x0000000000385000

Heap address: 0x0000000760c00000, size: 2548 MB, Compressed Oops mode: Zero based, Oop shift amount: 3
Narrow klass base: 0x0000000800000000, Narrow klass shift: 0
Compressed class space size: 1073741824 Address: 0x0000000800000000

Heap:
 garbage-first heap   total 398336K, used 209075K [0x0000000760c00000, 0x0000000800000000)
  region size 1024K, 146 young (149504K), 11 survivors (11264K)
 Metaspace       used 13046K, capacity 13201K, committed 13440K, reserved 1062912K
  class space    used 866K, capacity 896K, committed 896K, reserved 1048576K
Heap Regions: E=young(eden), S=young(survivor), O=old, HS=humongous(starts), HC=humongous(continues), CS=collection set, F=free, A=archive, TAMS=top-at-mark-start (previous, next)
|   0|0x0000000760c00000, 0x0000000760d00000, 0x0000000760d00000|100%| O|  |TAMS 0x0000000760c00000, 0x0000000760c00000| Untracked 
|   1|0x0000000760d00000, 0x0000000760e00000, 0x0000000760e00000|100%| O|  |TAMS 0x0000000760d00000, 0x0000000760d00000| Untracked 
|   2|0x0000000760e00000, 0x0000000760f00000, 0x0000000760f00000|100%|HS|  |TAMS 0x0000000760e00000, 0x0000000760e00000| Complete 
|   3|0x0000000760f00000, 0x0000000761000000, 0x0000000761000000|100%| O|  |TAMS 0x0000000760f00000, 0x0000000760f00000| Untracked 
|   4|0x0000000761000000, 0x0000000761100000, 0x0000000761100000|100%| O|  |TAMS 0x0000000761000000, 0x0000000761000000| Untracked 
|   5|0x0000000761100000, 0x0000000761200000, 0x0000000761200000|100%| O|  |TAMS 0x0000000761100000, 0x0000000761100000| Untracked 
|   6|0x0000000761200000, 0x0000000761300000, 0x0000000761300000|100%| O|  |TAMS 0x0000000761200000, 0x0000000761200000| Untracked 
|   7|0x0000000761300000, 0x0000000761400000, 0x0000000761400000|100%| O|  |TAMS 0x0000000761300000, 0x0000000761300000| Untracked 
|   8|0x0000000761400000, 0x0000000761500000, 0x0000000761500000|100%| O|  |TAMS 0x0000000761400000, 0x0000000761400000| Untracked 
|   9|0x0000000761500000, 0x0000000761600000, 0x0000000761600000|100%| O|  |TAMS 0x0000000761500000, 0x0000000761500000| Untracked 
|  10|0x0000000761600000, 0x0000000761700000, 0x0000000761700000|100%| O|  |TAMS 0x0000000761600000, 0x0000000761600000| Untracked 
|  11|0x0000000761700000, 0x0000000761800000, 0x0000000761800000|100%| O|  |TAMS 0x0000000761700000, 0x0000000761700000| Untracked 
|  12|0x0000000761800000, 0x0000000761900000, 0x0000000761900000|100%| O|  |TAMS 0x0000000761800000, 0x0000000761800000| Untracked 
|  13|0x0000000761900000, 0x0000000761a00000, 0x0000000761a00000|100%| O|  |TAMS 0x0000000761900000, 0x0000000761900000| Untracked 
|  14|0x0000000761a00000, 0x0000000761b00000, 0x0000000761b00000|100%| O|  |TAMS 0x0000000761a00000, 0x0000000761a00000| Untracked 
|  15|0x0000000761b00000, 0x0000000761c00000, 0x0000000761c00000|100%| O|  |TAMS 0x0000000761b00000, 0x0000000761b00000| Untracked 
|  16|0x0000000761c00000, 0x0000000761d00000, 0x0000000761d00000|100%| O|  |TAMS 0x0000000761c00000, 0x0000000761c00000| Untracked 
|  17|0x0000000761d00000, 0x0000000761e00000, 0x0000000761e00000|100%| O|  |TAMS 0x0000000761d00000, 0x0000000761d00000| Untracked 
|  18|0x0000000761e00000, 0x0000000761f00000, 0x0000000761f00000|100%| O|  |TAMS 0x0000000761e00000, 0x0000000761e00000| Untracked 
|  19|0x0000000761f00000, 0x0000000762000000, 0x0000000762000000|100%| O|  |TAMS 0x0000000761f00000, 0x0000000761f00000| Untracked 
|  20|0x0000000762000000, 0x0000000762100000, 0x0000000762100000|100%| O|  |TAMS 0x0000000762000000, 0x0000000762000000| Untracked 
|  21|0x0000000762100000, 0x0000000762200000, 0x0000000762200000|100%| O|  |TAMS 0x0000000762100000, 0x0000000762100000| Untracked 
|  22|0x0000000762200000, 0x0000000762300000, 0x0000000762300000|100%| O|  |TAMS 0x0000000762200000, 0x0000000762200000| Untracked 
|  23|0x0000000762300000, 0x0000000762400000, 0x0000000762400000|100%| O|  |TAMS 0x0000000762300000, 0x0000000762300000| Untracked 
|  24|0x0000000762400000, 0x0000000762500000, 0x0000000762500000|100%| O|  |TAMS 0x0000000762400000, 0x0000000762400000| Untracked 
|  25|0x0000000762500000, 0x0000000762600000, 0x0000000762600000|100%| O|  |TAMS 0x0000000762500000, 0x0000000762500000| Untracked 
|  26|0x0000000762600000, 0x0000000762700000, 0x0000000762700000|100%| O|  |TAMS 0x0000000762600000, 0x0000000762600000| Untracked 
|  27|0x0000000762700000, 0x0000000762800000, 0x0000000762800000|100%| O|  |TAMS 0x0000000762700000, 0x0000000762700000| Untracked 
|  28|0x0000000762800000, 0x0000000762900000, 0x0000000762900000|100%| O|  |TAMS 0x0000000762800000, 0x0000000762800000| Untracked 
|  29|0x0000000762900000, 0x0000000762a00000, 0x0000000762a00000|100%| O|  |TAMS 0x0000000762900000, 0x0000000762900000| Untracked 
|  30|0x0000000762a00000, 0x0000000762b00000, 0x0000000762b00000|100%| O|  |TAMS 0x0000000762a00000, 0x0000000762a00000| Untracked 
|  31|0x0000000762b00000, 0x0000000762c00000, 0x0000000762c00000|100%| O|  |TAMS 0x0000000762b00000, 0x0000000762b00000| Untracked 
|  32|0x0000000762c00000, 0x0000000762d00000, 0x0000000762d00000|100%| O|  |TAMS 0x0000000762c00000, 0x0000000762c00000| Untracked 
|  33|0x0000000762d00000, 0x0000000762e00000, 0x0000000762e00000|100%| O|  |TAMS 0x0000000762d00000, 0x0000000762d00000| Untracked 
|  34|0x0000000762e00000, 0x0000000762f00000, 0x0000000762f00000|100%| O|  |TAMS 0x0000000762e00000, 0x0000000762e00000| Untracked 
|  35|0x0000000762f00000, 0x0000000763000000, 0x0000000763000000|100%| O|  |TAMS 0x0000000762f00000, 0x0000000762f00000| Untracked 
|  36|0x0000000763000000, 0x0000000763100000, 0x0000000763100000|100%| O|  |TAMS 0x0000000763000000, 0x0000000763000000| Untracked 
|  37|0x0000000763100000, 0x0000000763200000, 0x0000000763200000|100%| O|  |TAMS 0x0000000763100000, 0x0000000763100000| Untracked 
|  38|0x0000000763200000, 0x0000000763300000, 0x0000000763300000|100%| O|  |TAMS 0x0000000763200000, 0x0000000763200000| Untracked 
|  39|0x0000000763300000, 0x0000000763400000, 0x0000000763400000|100%| O|  |TAMS 0x0000000763300000, 0x0000000763300000| Untracked 
|  40|0x0000000763400000, 0x0000000763500000, 0x0000000763500000|100%| O|  |TAMS 0x0000000763400000, 0x0000000763400000| Untracked 
|  41|0x0000000763500000, 0x0000000763600000, 0x0000000763600000|100%| O|  |TAMS 0x0000000763500000, 0x0000000763500000| Untracked 
|  42|0x0000000763600000, 0x0000000763700000, 0x0000000763700000|100%| O|  |TAMS 0x0000000763600000, 0x0000000763600000| Untracked 
|  43|0x0000000763700000, 0x0000000763800000, 0x0000000763800000|100%| O|  |TAMS 0x0000000763700000, 0x0000000763700000| Untracked 
|  44|0x0000000763800000, 0x0000000763900000, 0x0000000763900000|100%| O|  |TAMS 0x0000000763800000, 0x0000000763800000| Untracked 
|  45|0x0000000763900000, 0x0000000763a00000, 0x0000000763a00000|100%| O|  |TAMS 0x0000000763900000, 0x0000000763900000| Untracked 
|  46|0x0000000763a00000, 0x0000000763b00000, 0x0000000763b00000|100%| O|  |TAMS 0x0000000763a00000, 0x0000000763a00000| Untracked 
|  47|0x0000000763b00000, 0x0000000763c00000, 0x0000000763c00000|100%| O|  |TAMS 0x0000000763b00000, 0x0000000763b00000| Untracked 
|  48|0x0000000763c00000, 0x0000000763d00000, 0x0000000763d00000|100%| O|  |TAMS 0x0000000763c00000, 0x0000000763c00000| Untracked 
|  49|0x0000000763d00000, 0x0000000763e00000, 0x0000000763e00000|100%| O|  |TAMS 0x0000000763d00000, 0x0000000763d00000| Untracked 
|  50|0x0000000763e00000, 0x0000000763f00000, 0x0000000763f00000|100%| O|  |TAMS 0x0000000763e00000, 0x0000000763e00000| Untracked 
|  51|0x0000000763f00000, 0x0000000764000000, 0x0000000764000000|100%| O|  |TAMS 0x0000000763f00000, 0x0000000763f00000| Untracked 
|  52|0x0000000764000000, 0x0000000764100000, 0x0000000764100000|100%| O|  |TAMS 0x0000000764000000, 0x0000000764000000| Untracked 
|  53|0x0000000764100000, 0x0000000764200000, 0x0000000764200000|100%| O|  |TAMS 0x0000000764100000, 0x0000000764100000| Untracked 
|  54|0x0000000764200000, 0x0000000764300000, 0x0000000764300000|100%| O|  |TAMS 0x0000000764200000, 0x0000000764200000| Untracked 
|  55|0x0000000764300000, 0x0000000764400000, 0x0000000764400000|100%| O|  |TAMS 0x0000000764300000, 0x0000000764300000| Untracked 
|  56|0x0000000764400000, 0x0000000764500000, 0x0000000764500000|100%| O|  |TAMS 0x0000000764400000, 0x0000000764400000| Untracked 
|  57|0x0000000764500000, 0x0000000764600000, 0x0000000764600000|100%| O|  |TAMS 0x0000000764500000, 0x0000000764500000| Untracked 
|  58|0x0000000764600000, 0x0000000764700000, 0x0000000764700000|100%| O|  |TAMS 0x0000000764600000, 0x0000000764600000| Untracked 
|  59|0x0000000764700000, 0x0000000764800000, 0x0000000764800000|100%| O|  |TAMS 0x0000000764700000, 0x0000000764700000| Untracked 
|  60|0x0000000764800000, 0x0000000764900000, 0x0000000764900000|100%| O|  |TAMS 0x0000000764800000, 0x0000000764800000| Untracked 
|  61|0x0000000764900000, 0x0000000764a00000, 0x0000000764a00000|100%| O|  |TAMS 0x0000000764900000, 0x0000000764900000| Untracked 
|  62|0x0000000764a00000, 0x0000000764b00000, 0x0000000764b00000|100%| O|  |TAMS 0x0000000764a00000, 0x0000000764a00000| Untracked 
|  63|0x0000000764b00000, 0x0000000764c00000, 0x0000000764c00000|100%| O|  |TAMS 0x0000000764b00000, 0x0000000764b00000| Untracked 
|  64|0x0000000764c00000, 0x0000000764d00000, 0x0000000764d00000|100%| O|  |TAMS 0x0000000764c00000, 0x0000000764c00000| Untracked 
|  65|0x0000000764d00000, 0x0000000764e00000, 0x0000000764e00000|100%| O|  |TAMS 0x0000000764d00000, 0x0000000764d00000| Untracked 
|  66|0x0000000764e00000, 0x0000000764f00000, 0x0000000764f00000|100%| O|  |TAMS 0x0000000764e00000, 0x0000000764e00000| Untracked 
|  67|0x0000000764f00000, 0x0000000765000000, 0x0000000765000000|100%| O|  |TAMS 0x0000000764f00000, 0x0000000764f00000| Untracked 
|  68|0x0000000765000000, 0x0000000765100000, 0x0000000765100000|100%| O|  |TAMS 0x0000000765000000, 0x0000000765000000| Untracked 
|  69|0x0000000765100000, 0x0000000765180000, 0x0000000765200000| 50%| O|  |TAMS 0x0000000765100000, 0x0000000765100000| Untracked 
|  70|0x0000000765200000, 0x0000000765200000, 0x0000000765300000|  0%| F|  |TAMS 0x0000000765200000, 0x0000000765200000| Untracked 
|  71|0x0000000765300000, 0x0000000765300000, 0x0000000765400000|  0%| F|  |TAMS 0x0000000765300000, 0x0000000765300000| Untracked 
|  72|0x0000000765400000, 0x0000000765400000, 0x0000000765500000|  0%| F|  |TAMS 0x0000000765400000, 0x0000000765400000| Untracked 
|  73|0x0000000765500000, 0x0000000765500000, 0x0000000765600000|  0%| F|  |TAMS 0x0000000765500000, 0x0000000765500000| Untracked 
|  74|0x0000000765600000, 0x0000000765600000, 0x0000000765700000|  0%| F|  |TAMS 0x0000000765600000, 0x0000000765600000| Untracked 
|  75|0x0000000765700000, 0x0000000765700000, 0x0000000765800000|  0%| F|  |TAMS 0x0000000765700000, 0x0000000765700000| Untracked 
|  76|0x0000000765800000, 0x0000000765800000, 0x0000000765900000|  0%| F|  |TAMS 0x0000000765800000, 0x0000000765800000| Untracked 
|  77|0x0000000765900000, 0x0000000765900000, 0x0000000765a00000|  0%| F|  |TAMS 0x0000000765900000, 0x0000000765900000| Untracked 
|  78|0x0000000765a00000, 0x0000000765a00000, 0x0000000765b00000|  0%| F|  |TAMS 0x0000000765a00000, 0x0000000765a00000| Untracked 
|  79|0x0000000765b00000, 0x0000000765b00000, 0x0000000765c00000|  0%| F|  |TAMS 0x0000000765b00000, 0x0000000765b00000| Untracked 
|  80|0x0000000765c00000, 0x0000000765c00000, 0x0000000765d00000|  0%| F|  |TAMS 0x0000000765c00000, 0x0000000765c00000| Untracked 
|  81|0x0000000765d00000, 0x0000000765d00000, 0x0000000765e00000|  0%| F|  |TAMS 0x0000000765d00000, 0x0000000765d00000| Untracked 
|  82|0x0000000765e00000, 0x0000000765e00000, 0x0000000765f00000|  0%| F|  |TAMS 0x0000000765e00000, 0x0000000765e00000| Untracked 
|  83|0x0000000765f00000, 0x0000000765f00000, 0x0000000766000000|  0%| F|  |TAMS 0x0000000765f00000, 0x0000000765f00000| Untracked 
|  84|0x0000000766000000, 0x0000000766000000, 0x0000000766100000|  0%| F|  |TAMS 0x0000000766000000, 0x0000000766000000| Untracked 
|  85|0x0000000766100000, 0x0000000766100000, 0x0000000766200000|  0%| F|  |TAMS 0x0000000766100000, 0x0000000766100000| Untracked 
|  86|0x0000000766200000, 0x0000000766200000, 0x0000000766300000|  0%| F|  |TAMS 0x0000000766200000, 0x0000000766200000| Untracked 
|  87|0x0000000766300000, 0x0000000766300000, 0x0000000766400000|  0%| F|  |TAMS 0x0000000766300000, 0x0000000766300000| Untracked 
|  88|0x0000000766400000, 0x0000000766400000, 0x0000000766500000|  0%| F|  |TAMS 0x0000000766400000, 0x0000000766400000| Untracked 
|  89|0x0000000766500000, 0x0000000766500000, 0x0000000766600000|  0%| F|  |TAMS 0x0000000766500000, 0x0000000766500000| Untracked 
|  90|0x0000000766600000, 0x0000000766600000, 0x0000000766700000|  0%| F|  |TAMS 0x0000000766600000, 0x0000000766600000| Untracked 
|  91|0x0000000766700000, 0x0000000766700000, 0x0000000766800000|  0%| F|  |TAMS 0x0000000766700000, 0x0000000766700000| Untracked 
|  92|0x0000000766800000, 0x0000000766800000, 0x0000000766900000|  0%| F|  |TAMS 0x0000000766800000, 0x0000000766800000| Untracked 
|  93|0x0000000766900000, 0x0000000766900000, 0x0000000766a00000|  0%| F|  |TAMS 0x0000000766900000, 0x0000000766900000| Untracked 
|  94|0x0000000766a00000, 0x0000000766a00000, 0x0000000766b00000|  0%| F|  |TAMS 0x0000000766a00000, 0x0000000766a00000| Untracked 
|  95|0x0000000766b00000, 0x0000000766b00000, 0x0000000766c00000|  0%| F|  |TAMS 0x0000000766b00000, 0x0000000766b00000| Untracked 
|  96|0x0000000766c00000, 0x0000000766c00000, 0x0000000766d00000|  0%| F|  |TAMS 0x0000000766c00000, 0x0000000766c00000| Untracked 
|  97|0x0000000766d00000, 0x0000000766d00000, 0x0000000766e00000|  0%| F|  |TAMS 0x0000000766d00000, 0x0000000766d00000| Untracked 
|  98|0x0000000766e00000, 0x0000000766e00000, 0x0000000766f00000|  0%| F|  |TAMS 0x0000000766e00000, 0x0000000766e00000| Untracked 
|  99|0x0000000766f00000, 0x0000000766f00000, 0x0000000767000000|  0%| F|  |TAMS 0x0000000766f00000, 0x0000000766f00000| Untracked 
| 100|0x0000000767000000, 0x0000000767000000, 0x0000000767100000|  0%| F|  |TAMS 0x0000000767000000, 0x0000000767000000| Untracked 
| 101|0x0000000767100000, 0x0000000767100000, 0x0000000767200000|  0%| F|  |TAMS 0x0000000767100000, 0x0000000767100000| Untracked 
| 102|0x0000000767200000, 0x0000000767200000, 0x0000000767300000|  0%| F|  |TAMS 0x0000000767200000, 0x0000000767200000| Untracked 
| 103|0x0000000767300000, 0x0000000767300000, 0x0000000767400000|  0%| F|  |TAMS 0x0000000767300000, 0x0000000767300000| Untracked 
| 104|0x0000000767400000, 0x0000000767400000, 0x0000000767500000|  0%| F|  |TAMS 0x0000000767400000, 0x0000000767400000| Untracked 
| 105|0x0000000767500000, 0x0000000767500000, 0x0000000767600000|  0%| F|  |TAMS 0x0000000767500000, 0x0000000767500000| Untracked 
| 106|0x0000000767600000, 0x0000000767600000, 0x0000000767700000|  0%| F|  |TAMS 0x0000000767600000, 0x0000000767600000| Untracked 
| 107|0x0000000767700000, 0x0000000767700000, 0x0000000767800000|  0%| F|  |TAMS 0x0000000767700000, 0x0000000767700000| Untracked 
| 108|0x0000000767800000, 0x0000000767800000, 0x0000000767900000|  0%| F|  |TAMS 0x0000000767800000, 0x0000000767800000| Untracked 
| 109|0x0000000767900000, 0x0000000767900000, 0x0000000767a00000|  0%| F|  |TAMS 0x0000000767900000, 0x0000000767900000| Untracked 
| 110|0x0000000767a00000, 0x0000000767a00000, 0x0000000767b00000|  0%| F|  |TAMS 0x0000000767a00000, 0x0000000767a00000| Untracked 
| 111|0x0000000767b00000, 0x0000000767b00000, 0x0000000767c00000|  0%| F|  |TAMS 0x0000000767b00000, 0x0000000767b00000| Untracked 
| 112|0x0000000767c00000, 0x0000000767c00000, 0x0000000767d00000|  0%| F|  |TAMS 0x0000000767c00000, 0x0000000767c00000| Untracked 
| 113|0x0000000767d00000, 0x0000000767d00000, 0x0000000767e00000|  0%| F|  |TAMS 0x0000000767d00000, 0x0000000767d00000| Untracked 
| 114|0x0000000767e00000, 0x0000000767e00000, 0x0000000767f00000|  0%| F|  |TAMS 0x0000000767e00000, 0x0000000767e00000| Untracked 
| 115|0x0000000767f00000, 0x0000000767f00000, 0x0000000768000000|  0%| F|  |TAMS 0x0000000767f00000, 0x0000000767f00000| Untracked 
| 116|0x0000000768000000, 0x0000000768000000, 0x0000000768100000|  0%| F|  |TAMS 0x0000000768000000, 0x0000000768000000| Untracked 
| 117|0x0000000768100000, 0x0000000768100000, 0x0000000768200000|  0%| F|  |TAMS 0x0000000768100000, 0x0000000768100000| Untracked 
| 118|0x0000000768200000, 0x0000000768200000, 0x0000000768300000|  0%| F|  |TAMS 0x0000000768200000, 0x0000000768200000| Untracked 
| 119|0x0000000768300000, 0x0000000768300000, 0x0000000768400000|  0%| F|  |TAMS 0x0000000768300000, 0x0000000768300000| Untracked 
| 120|0x0000000768400000, 0x0000000768400000, 0x0000000768500000|  0%| F|  |TAMS 0x0000000768400000, 0x0000000768400000| Untracked 
| 121|0x0000000768500000, 0x0000000768500000, 0x0000000768600000|  0%| F|  |TAMS 0x0000000768500000, 0x0000000768500000| Untracked 
| 122|0x0000000768600000, 0x0000000768600000, 0x0000000768700000|  0%| F|  |TAMS 0x0000000768600000, 0x0000000768600000| Untracked 
| 123|0x0000000768700000, 0x0000000768700000, 0x0000000768800000|  0%| F|  |TAMS 0x0000000768700000, 0x0000000768700000| Untracked 
| 124|0x0000000768800000, 0x0000000768800000, 0x0000000768900000|  0%| F|  |TAMS 0x0000000768800000, 0x0000000768800000| Untracked 
| 125|0x0000000768900000, 0x0000000768900000, 0x0000000768a00000|  0%| F|  |TAMS 0x0000000768900000, 0x0000000768900000| Untracked 
| 126|0x0000000768a00000, 0x0000000768a00000, 0x0000000768b00000|  0%| F|  |TAMS 0x0000000768a00000, 0x0000000768a00000| Untracked 
| 127|0x0000000768b00000, 0x0000000768b00000, 0x0000000768c00000|  0%| F|  |TAMS 0x0000000768b00000, 0x0000000768b00000| Untracked 
| 128|0x0000000768c00000, 0x0000000768c00000, 0x0000000768d00000|  0%| F|  |TAMS 0x0000000768c00000, 0x0000000768c00000| Untracked 
| 129|0x0000000768d00000, 0x0000000768d00000, 0x0000000768e00000|  0%| F|  |TAMS 0x0000000768d00000, 0x0000000768d00000| Untracked 
| 130|0x0000000768e00000, 0x0000000768f00000, 0x0000000768f00000|100%| E|CS|TAMS 0x0000000768e00000, 0x0000000768e00000| Complete 
| 131|0x0000000768f00000, 0x0000000769000000, 0x0000000769000000|100%| E|CS|TAMS 0x0000000768f00000, 0x0000000768f00000| Complete 
| 132|0x0000000769000000, 0x0000000769100000, 0x0000000769100000|100%| E|CS|TAMS 0x0000000769000000, 0x0000000769000000| Complete 
| 133|0x0000000769100000, 0x0000000769200000, 0x0000000769200000|100%| E|CS|TAMS 0x0000000769100000, 0x0000000769100000| Complete 
| 134|0x0000000769200000, 0x0000000769300000, 0x0000000769300000|100%| E|CS|TAMS 0x0000000769200000, 0x0000000769200000| Complete 
| 135|0x0000000769300000, 0x0000000769400000, 0x0000000769400000|100%| E|CS|TAMS 0x0000000769300000, 0x0000000769300000| Complete 
| 136|0x0000000769400000, 0x0000000769500000, 0x0000000769500000|100%| E|CS|TAMS 0x0000000769400000, 0x0000000769400000| Complete 
| 137|0x0000000769500000, 0x0000000769600000, 0x0000000769600000|100%| E|CS|TAMS 0x0000000769500000, 0x0000000769500000| Complete 
| 138|0x0000000769600000, 0x0000000769700000, 0x0000000769700000|100%| E|CS|TAMS 0x0000000769600000, 0x0000000769600000| Complete 
| 139|0x0000000769700000, 0x0000000769800000, 0x0000000769800000|100%| E|CS|TAMS 0x0000000769700000, 0x0000000769700000| Complete 
| 140|0x0000000769800000, 0x0000000769900000, 0x0000000769900000|100%| E|CS|TAMS 0x0000000769800000, 0x0000000769800000| Complete 
| 141|0x0000000769900000, 0x0000000769a00000, 0x0000000769a00000|100%| E|CS|TAMS 0x0000000769900000, 0x0000000769900000| Complete 
| 142|0x0000000769a00000, 0x0000000769b00000, 0x0000000769b00000|100%| E|CS|TAMS 0x0000000769a00000, 0x0000000769a00000| Complete 
| 143|0x0000000769b00000, 0x0000000769c00000, 0x0000000769c00000|100%| E|CS|TAMS 0x0000000769b00000, 0x0000000769b00000| Complete 
| 144|0x0000000769c00000, 0x0000000769d00000, 0x0000000769d00000|100%| E|CS|TAMS 0x0000000769c00000, 0x0000000769c00000| Complete 
| 145|0x0000000769d00000, 0x0000000769e00000, 0x0000000769e00000|100%| E|CS|TAMS 0x0000000769d00000, 0x0000000769d00000| Complete 
| 146|0x0000000769e00000, 0x0000000769f00000, 0x0000000769f00000|100%| E|CS|TAMS 0x0000000769e00000, 0x0000000769e00000| Complete 
| 147|0x0000000769f00000, 0x000000076a000000, 0x000000076a000000|100%| E|CS|TAMS 0x0000000769f00000, 0x0000000769f00000| Complete 
| 148|0x000000076a000000, 0x000000076a100000, 0x000000076a100000|100%| E|CS|TAMS 0x000000076a000000, 0x000000076a000000| Complete 
| 149|0x000000076a100000, 0x000000076a100000, 0x000000076a200000|  0%| F|  |TAMS 0x000000076a100000, 0x000000076a100000| Untracked 
| 150|0x000000076a200000, 0x000000076a200000, 0x000000076a300000|  0%| F|  |TAMS 0x000000076a200000, 0x000000076a200000| Untracked 
| 151|0x000000076a300000, 0x000000076a300000, 0x000000076a400000|  0%| F|  |TAMS 0x000000076a300000, 0x000000076a300000| Untracked 
| 152|0x000000076a400000, 0x000000076a400000, 0x000000076a500000|  0%| F|  |TAMS 0x000000076a400000, 0x000000076a400000| Untracked 
| 153|0x000000076a500000, 0x000000076a500000, 0x000000076a600000|  0%| F|  |TAMS 0x000000076a500000, 0x000000076a500000| Untracked 
| 154|0x000000076a600000, 0x000000076a600000, 0x000000076a700000|  0%| F|  |TAMS 0x000000076a600000, 0x000000076a600000| Untracked 
| 155|0x000000076a700000, 0x000000076a700000, 0x000000076a800000|  0%| F|  |TAMS 0x000000076a700000, 0x000000076a700000| Untracked 
| 156|0x000000076a800000, 0x000000076a800000, 0x000000076a900000|  0%| F|  |TAMS 0x000000076a800000, 0x000000076a800000| Untracked 
| 157|0x000000076a900000, 0x000000076a900000, 0x000000076aa00000|  0%| F|  |TAMS 0x000000076a900000, 0x000000076a900000| Untracked 
| 158|0x000000076aa00000, 0x000000076aa00000, 0x000000076ab00000|  0%| F|  |TAMS 0x000000076aa00000, 0x000000076aa00000| Untracked 
| 159|0x000000076ab00000, 0x000000076ab00000, 0x000000076ac00000|  0%| F|  |TAMS 0x000000076ab00000, 0x000000076ab00000| Untracked 
| 160|0x000000076ac00000, 0x000000076ac00000, 0x000000076ad00000|  0%| F|  |TAMS 0x000000076ac00000, 0x000000076ac00000| Untracked 
| 161|0x000000076ad00000, 0x000000076ad00000, 0x000000076ae00000|  0%| F|  |TAMS 0x000000076ad00000, 0x000000076ad00000| Untracked 
| 162|0x000000076ae00000, 0x000000076ae00000, 0x000000076af00000|  0%| F|  |TAMS 0x000000076ae00000, 0x000000076ae00000| Untracked 
| 163|0x000000076af00000, 0x000000076af00000, 0x000000076b000000|  0%| F|  |TAMS 0x000000076af00000, 0x000000076af00000| Untracked 
| 164|0x000000076b000000, 0x000000076b000000, 0x000000076b100000|  0%| F|  |TAMS 0x000000076b000000, 0x000000076b000000| Untracked 
| 165|0x000000076b100000, 0x000000076b100000, 0x000000076b200000|  0%| F|  |TAMS 0x000000076b100000, 0x000000076b100000| Untracked 
| 166|0x000000076b200000, 0x000000076b200000, 0x000000076b300000|  0%| F|  |TAMS 0x000000076b200000, 0x000000076b200000| Untracked 
| 167|0x000000076b300000, 0x000000076b300000, 0x000000076b400000|  0%| F|  |TAMS 0x000000076b300000, 0x000000076b300000| Untracked 
| 168|0x000000076b400000, 0x000000076b400000, 0x000000076b500000|  0%| F|  |TAMS 0x000000076b400000, 0x000000076b400000| Untracked 
| 169|0x000000076b500000, 0x000000076b500000, 0x000000076b600000|  0%| F|  |TAMS 0x000000076b500000, 0x000000076b500000| Untracked 
| 170|0x000000076b600000, 0x000000076b600000, 0x000000076b700000|  0%| F|  |TAMS 0x000000076b600000, 0x000000076b600000| Untracked 
| 171|0x000000076b700000, 0x000000076b700000, 0x000000076b800000|  0%| F|  |TAMS 0x000000076b700000, 0x000000076b700000| Untracked 
| 172|0x000000076b800000, 0x000000076b800000, 0x000000076b900000|  0%| F|  |TAMS 0x000000076b800000, 0x000000076b800000| Untracked 
| 173|0x000000076b900000, 0x000000076b900000, 0x000000076ba00000|  0%| F|  |TAMS 0x000000076b900000, 0x000000076b900000| Untracked 
| 174|0x000000076ba00000, 0x000000076ba00000, 0x000000076bb00000|  0%| F|  |TAMS 0x000000076ba00000, 0x000000076ba00000| Untracked 
| 175|0x000000076bb00000, 0x000000076bb00000, 0x000000076bc00000|  0%| F|  |TAMS 0x000000076bb00000, 0x000000076bb00000| Untracked 
| 176|0x000000076bc00000, 0x000000076bc00000, 0x000000076bd00000|  0%| F|  |TAMS 0x000000076bc00000, 0x000000076bc00000| Untracked 
| 177|0x000000076bd00000, 0x000000076bd00000, 0x000000076be00000|  0%| F|  |TAMS 0x000000076bd00000, 0x000000076bd00000| Untracked 
| 178|0x000000076be00000, 0x000000076be00000, 0x000000076bf00000|  0%| F|  |TAMS 0x000000076be00000, 0x000000076be00000| Untracked 
| 179|0x000000076bf00000, 0x000000076bf00000, 0x000000076c000000|  0%| F|  |TAMS 0x000000076bf00000, 0x000000076bf00000| Untracked 
| 180|0x000000076c000000, 0x000000076c000000, 0x000000076c100000|  0%| F|  |TAMS 0x000000076c000000, 0x000000076c000000| Untracked 
| 181|0x000000076c100000, 0x000000076c100000, 0x000000076c200000|  0%| F|  |TAMS 0x000000076c100000, 0x000000076c100000| Untracked 
| 182|0x000000076c200000, 0x000000076c200000, 0x000000076c300000|  0%| F|  |TAMS 0x000000076c200000, 0x000000076c200000| Untracked 
| 183|0x000000076c300000, 0x000000076c300000, 0x000000076c400000|  0%| F|  |TAMS 0x000000076c300000, 0x000000076c300000| Untracked 
| 184|0x000000076c400000, 0x000000076c400000, 0x000000076c500000|  0%| F|  |TAMS 0x000000076c400000, 0x000000076c400000| Untracked 
| 185|0x000000076c500000, 0x000000076c500000, 0x000000076c600000|  0%| F|  |TAMS 0x000000076c500000, 0x000000076c500000| Untracked 
| 186|0x000000076c600000, 0x000000076c600000, 0x000000076c700000|  0%| F|  |TAMS 0x000000076c600000, 0x000000076c600000| Untracked 
| 187|0x000000076c700000, 0x000000076c700000, 0x000000076c800000|  0%| F|  |TAMS 0x000000076c700000, 0x000000076c700000| Untracked 
| 188|0x000000076c800000, 0x000000076c800000, 0x000000076c900000|  0%| F|  |TAMS 0x000000076c800000, 0x000000076c800000| Untracked 
| 189|0x000000076c900000, 0x000000076c900000, 0x000000076ca00000|  0%| F|  |TAMS 0x000000076c900000, 0x000000076c900000| Untracked 
| 190|0x000000076ca00000, 0x000000076ca00000, 0x000000076cb00000|  0%| F|  |TAMS 0x000000076ca00000, 0x000000076ca00000| Untracked 
| 191|0x000000076cb00000, 0x000000076cb00000, 0x000000076cc00000|  0%| F|  |TAMS 0x000000076cb00000, 0x000000076cb00000| Untracked 
| 192|0x000000076cc00000, 0x000000076cc00000, 0x000000076cd00000|  0%| F|  |TAMS 0x000000076cc00000, 0x000000076cc00000| Untracked 
| 193|0x000000076cd00000, 0x000000076cd00000, 0x000000076ce00000|  0%| F|  |TAMS 0x000000076cd00000, 0x000000076cd00000| Untracked 
| 194|0x000000076ce00000, 0x000000076ce00000, 0x000000076cf00000|  0%| F|  |TAMS 0x000000076ce00000, 0x000000076ce00000| Untracked 
| 195|0x000000076cf00000, 0x000000076cf00000, 0x000000076d000000|  0%| F|  |TAMS 0x000000076cf00000, 0x000000076cf00000| Untracked 
| 196|0x000000076d000000, 0x000000076d000000, 0x000000076d100000|  0%| F|  |TAMS 0x000000076d000000, 0x000000076d000000| Untracked 
| 197|0x000000076d100000, 0x000000076d100000, 0x000000076d200000|  0%| F|  |TAMS 0x000000076d100000, 0x000000076d100000| Untracked 
| 198|0x000000076d200000, 0x000000076d200000, 0x000000076d300000|  0%| F|  |TAMS 0x000000076d200000, 0x000000076d200000| Untracked 
| 199|0x000000076d300000, 0x000000076d300000, 0x000000076d400000|  0%| F|  |TAMS 0x000000076d300000, 0x000000076d300000| Untracked 
| 200|0x000000076d400000, 0x000000076d400000, 0x000000076d500000|  0%| F|  |TAMS 0x000000076d400000, 0x000000076d400000| Untracked 
| 201|0x000000076d500000, 0x000000076d500000, 0x000000076d600000|  0%| F|  |TAMS 0x000000076d500000, 0x000000076d500000| Untracked 
| 202|0x000000076d600000, 0x000000076d600000, 0x000000076d700000|  0%| F|  |TAMS 0x000000076d600000, 0x000000076d600000| Untracked 
| 203|0x000000076d700000, 0x000000076d700000, 0x000000076d800000|  0%| F|  |TAMS 0x000000076d700000, 0x000000076d700000| Untracked 
| 204|0x000000076d800000, 0x000000076d800000, 0x000000076d900000|  0%| F|  |TAMS 0x000000076d800000, 0x000000076d800000| Untracked 
| 205|0x000000076d900000, 0x000000076d900000, 0x000000076da00000|  0%| F|  |TAMS 0x000000076d900000, 0x000000076d900000| Untracked 
| 206|0x000000076da00000, 0x000000076da00000, 0x000000076db00000|  0%| F|  |TAMS 0x000000076da00000, 0x000000076da00000| Untracked 
| 207|0x000000076db00000, 0x000000076db00000, 0x000000076dc00000|  0%| F|  |TAMS 0x000000076db00000, 0x000000076db00000| Untracked 
| 208|0x000000076dc00000, 0x000000076dc00000, 0x000000076dd00000|  0%| F|  |TAMS 0x000000076dc00000, 0x000000076dc00000| Untracked 
| 209|0x000000076dd00000, 0x000000076dd00000, 0x000000076de00000|  0%| F|  |TAMS 0x000000076dd00000, 0x000000076dd00000| Untracked 
| 210|0x000000076de00000, 0x000000076de00000, 0x000000076df00000|  0%| F|  |TAMS 0x000000076de00000, 0x000000076de00000| Untracked 
| 211|0x000000076df00000, 0x000000076df00000, 0x000000076e000000|  0%| F|  |TAMS 0x000000076df00000, 0x000000076df00000| Untracked 
| 212|0x000000076e000000, 0x000000076e000000, 0x000000076e100000|  0%| F|  |TAMS 0x000000076e000000, 0x000000076e000000| Untracked 
| 213|0x000000076e100000, 0x000000076e100000, 0x000000076e200000|  0%| F|  |TAMS 0x000000076e100000, 0x000000076e100000| Untracked 
| 214|0x000000076e200000, 0x000000076e200000, 0x000000076e300000|  0%| F|  |TAMS 0x000000076e200000, 0x000000076e200000| Untracked 
| 215|0x000000076e300000, 0x000000076e300000, 0x000000076e400000|  0%| F|  |TAMS 0x000000076e300000, 0x000000076e300000| Untracked 
| 216|0x000000076e400000, 0x000000076e400000, 0x000000076e500000|  0%| F|  |TAMS 0x000000076e400000, 0x000000076e400000| Untracked 
| 217|0x000000076e500000, 0x000000076e500000, 0x000000076e600000|  0%| F|  |TAMS 0x000000076e500000, 0x000000076e500000| Untracked 
| 218|0x000000076e600000, 0x000000076e600000, 0x000000076e700000|  0%| F|  |TAMS 0x000000076e600000, 0x000000076e600000| Untracked 
| 219|0x000000076e700000, 0x000000076e700000, 0x000000076e800000|  0%| F|  |TAMS 0x000000076e700000, 0x000000076e700000| Untracked 
| 220|0x000000076e800000, 0x000000076e800000, 0x000000076e900000|  0%| F|  |TAMS 0x000000076e800000, 0x000000076e800000| Untracked 
| 221|0x000000076e900000, 0x000000076e900000, 0x000000076ea00000|  0%| F|  |TAMS 0x000000076e900000, 0x000000076e900000| Untracked 
| 222|0x000000076ea00000, 0x000000076ea00000, 0x000000076eb00000|  0%| F|  |TAMS 0x000000076ea00000, 0x000000076ea00000| Untracked 
| 223|0x000000076eb00000, 0x000000076eb00000, 0x000000076ec00000|  0%| F|  |TAMS 0x000000076eb00000, 0x000000076eb00000| Untracked 
| 224|0x000000076ec00000, 0x000000076ec00000, 0x000000076ed00000|  0%| F|  |TAMS 0x000000076ec00000, 0x000000076ec00000| Untracked 
| 225|0x000000076ed00000, 0x000000076ed00000, 0x000000076ee00000|  0%| F|  |TAMS 0x000000076ed00000, 0x000000076ed00000| Untracked 
| 226|0x000000076ee00000, 0x000000076ee00000, 0x000000076ef00000|  0%| F|  |TAMS 0x000000076ee00000, 0x000000076ee00000| Untracked 
| 227|0x000000076ef00000, 0x000000076ef00000, 0x000000076f000000|  0%| F|  |TAMS 0x000000076ef00000, 0x000000076ef00000| Untracked 
| 228|0x000000076f000000, 0x000000076f000000, 0x000000076f100000|  0%| F|  |TAMS 0x000000076f000000, 0x000000076f000000| Untracked 
| 229|0x000000076f100000, 0x000000076f100000, 0x000000076f200000|  0%| F|  |TAMS 0x000000076f100000, 0x000000076f100000| Untracked 
| 230|0x000000076f200000, 0x000000076f200000, 0x000000076f300000|  0%| F|  |TAMS 0x000000076f200000, 0x000000076f200000| Untracked 
| 231|0x000000076f300000, 0x000000076f300000, 0x000000076f400000|  0%| F|  |TAMS 0x000000076f300000, 0x000000076f300000| Untracked 
| 232|0x000000076f400000, 0x000000076f400000, 0x000000076f500000|  0%| F|  |TAMS 0x000000076f400000, 0x000000076f400000| Untracked 
| 233|0x000000076f500000, 0x000000076f500000, 0x000000076f600000|  0%| F|  |TAMS 0x000000076f500000, 0x000000076f500000| Untracked 
| 234|0x000000076f600000, 0x000000076f600000, 0x000000076f700000|  0%| F|  |TAMS 0x000000076f600000, 0x000000076f600000| Untracked 
| 235|0x000000076f700000, 0x000000076f700000, 0x000000076f800000|  0%| F|  |TAMS 0x000000076f700000, 0x000000076f700000| Untracked 
| 236|0x000000076f800000, 0x000000076f800000, 0x000000076f900000|  0%| F|  |TAMS 0x000000076f800000, 0x000000076f800000| Untracked 
| 237|0x000000076f900000, 0x000000076f900000, 0x000000076fa00000|  0%| F|  |TAMS 0x000000076f900000, 0x000000076f900000| Untracked 
| 238|0x000000076fa00000, 0x000000076fa00000, 0x000000076fb00000|  0%| F|  |TAMS 0x000000076fa00000, 0x000000076fa00000| Untracked 
| 239|0x000000076fb00000, 0x000000076fb00000, 0x000000076fc00000|  0%| F|  |TAMS 0x000000076fb00000, 0x000000076fb00000| Untracked 
| 240|0x000000076fc00000, 0x000000076fc00000, 0x000000076fd00000|  0%| F|  |TAMS 0x000000076fc00000, 0x000000076fc00000| Untracked 
| 241|0x000000076fd00000, 0x000000076fd00000, 0x000000076fe00000|  0%| F|  |TAMS 0x000000076fd00000, 0x000000076fd00000| Untracked 
| 242|0x000000076fe00000, 0x000000076fe00000, 0x000000076ff00000|  0%| F|  |TAMS 0x000000076fe00000, 0x000000076fe00000| Untracked 
| 243|0x000000076ff00000, 0x0000000770000000, 0x0000000770000000|100%| S|  |TAMS 0x000000076ff00000, 0x000000076ff00000| Complete 
| 244|0x0000000770000000, 0x0000000770100000, 0x0000000770100000|100%| S|  |TAMS 0x0000000770000000, 0x0000000770000000| Complete 
| 245|0x0000000770100000, 0x0000000770200000, 0x0000000770200000|100%| S|  |TAMS 0x0000000770100000, 0x0000000770100000| Complete 
| 246|0x0000000770200000, 0x0000000770300000, 0x0000000770300000|100%| S|  |TAMS 0x0000000770200000, 0x0000000770200000| Complete 
| 247|0x0000000770300000, 0x0000000770400000, 0x0000000770400000|100%| S|  |TAMS 0x0000000770300000, 0x0000000770300000| Complete 
| 248|0x0000000770400000, 0x0000000770500000, 0x0000000770500000|100%| S|  |TAMS 0x0000000770400000, 0x0000000770400000| Complete 
| 249|0x0000000770500000, 0x0000000770600000, 0x0000000770600000|100%| S|  |TAMS 0x0000000770500000, 0x0000000770500000| Complete 
| 250|0x0000000770600000, 0x0000000770700000, 0x0000000770700000|100%| S|  |TAMS 0x0000000770600000, 0x0000000770600000| Complete 
| 251|0x0000000770700000, 0x0000000770800000, 0x0000000770800000|100%| S|  |TAMS 0x0000000770700000, 0x0000000770700000| Complete 
| 252|0x0000000770800000, 0x0000000770900000, 0x0000000770900000|100%| S|  |TAMS 0x0000000770800000, 0x0000000770800000| Complete 
| 253|0x0000000770900000, 0x0000000770a00000, 0x0000000770a00000|100%| S|  |TAMS 0x0000000770900000, 0x0000000770900000| Complete 
| 254|0x0000000770a00000, 0x0000000770b00000, 0x0000000770b00000|100%| E|CS|TAMS 0x0000000770a00000, 0x0000000770a00000| Complete 
| 255|0x0000000770b00000, 0x0000000770c00000, 0x0000000770c00000|100%| E|CS|TAMS 0x0000000770b00000, 0x0000000770b00000| Complete 
| 256|0x0000000770c00000, 0x0000000770d00000, 0x0000000770d00000|100%| E|CS|TAMS 0x0000000770c00000, 0x0000000770c00000| Complete 
| 257|0x0000000770d00000, 0x0000000770e00000, 0x0000000770e00000|100%| E|CS|TAMS 0x0000000770d00000, 0x0000000770d00000| Complete 
| 258|0x0000000770e00000, 0x0000000770f00000, 0x0000000770f00000|100%| E|CS|TAMS 0x0000000770e00000, 0x0000000770e00000| Complete 
| 259|0x0000000770f00000, 0x0000000771000000, 0x0000000771000000|100%| E|CS|TAMS 0x0000000770f00000, 0x0000000770f00000| Complete 
| 260|0x0000000771000000, 0x0000000771100000, 0x0000000771100000|100%| E|CS|TAMS 0x0000000771000000, 0x0000000771000000| Complete 
| 261|0x0000000771100000, 0x0000000771200000, 0x0000000771200000|100%| E|CS|TAMS 0x0000000771100000, 0x0000000771100000| Complete 
| 262|0x0000000771200000, 0x0000000771300000, 0x0000000771300000|100%| E|CS|TAMS 0x0000000771200000, 0x0000000771200000| Complete 
| 263|0x0000000771300000, 0x0000000771400000, 0x0000000771400000|100%| E|CS|TAMS 0x0000000771300000, 0x0000000771300000| Complete 
| 264|0x0000000771400000, 0x0000000771500000, 0x0000000771500000|100%| E|CS|TAMS 0x0000000771400000, 0x0000000771400000| Complete 
| 265|0x0000000771500000, 0x0000000771600000, 0x0000000771600000|100%| E|CS|TAMS 0x0000000771500000, 0x0000000771500000| Complete 
| 266|0x0000000771600000, 0x0000000771700000, 0x0000000771700000|100%| E|CS|TAMS 0x0000000771600000, 0x0000000771600000| Complete 
| 267|0x0000000771700000, 0x0000000771800000, 0x0000000771800000|100%| E|CS|TAMS 0x0000000771700000, 0x0000000771700000| Complete 
| 268|0x0000000771800000, 0x0000000771900000, 0x0000000771900000|100%| E|CS|TAMS 0x0000000771800000, 0x0000000771800000| Complete 
| 269|0x0000000771900000, 0x0000000771a00000, 0x0000000771a00000|100%| E|CS|TAMS 0x0000000771900000, 0x0000000771900000| Complete 
| 270|0x0000000771a00000, 0x0000000771b00000, 0x0000000771b00000|100%| E|CS|TAMS 0x0000000771a00000, 0x0000000771a00000| Complete 
| 271|0x0000000771b00000, 0x0000000771c00000, 0x0000000771c00000|100%| E|CS|TAMS 0x0000000771b00000, 0x0000000771b00000| Complete 
| 272|0x0000000771c00000, 0x0000000771d00000, 0x0000000771d00000|100%| E|CS|TAMS 0x0000000771c00000, 0x0000000771c00000| Complete 
| 273|0x0000000771d00000, 0x0000000771e00000, 0x0000000771e00000|100%| E|CS|TAMS 0x0000000771d00000, 0x0000000771d00000| Complete 
| 274|0x0000000771e00000, 0x0000000771f00000, 0x0000000771f00000|100%| E|CS|TAMS 0x0000000771e00000, 0x0000000771e00000| Complete 
| 275|0x0000000771f00000, 0x0000000772000000, 0x0000000772000000|100%| E|CS|TAMS 0x0000000771f00000, 0x0000000771f00000| Complete 
| 276|0x0000000772000000, 0x0000000772100000, 0x0000000772100000|100%| E|CS|TAMS 0x0000000772000000, 0x0000000772000000| Complete 
| 277|0x0000000772100000, 0x0000000772200000, 0x0000000772200000|100%| E|CS|TAMS 0x0000000772100000, 0x0000000772100000| Complete 
| 278|0x0000000772200000, 0x0000000772300000, 0x0000000772300000|100%| E|CS|TAMS 0x0000000772200000, 0x0000000772200000| Complete 
| 279|0x0000000772300000, 0x0000000772400000, 0x0000000772400000|100%| E|CS|TAMS 0x0000000772300000, 0x0000000772300000| Complete 
| 280|0x0000000772400000, 0x0000000772500000, 0x0000000772500000|100%| E|CS|TAMS 0x0000000772400000, 0x0000000772400000| Complete 
| 281|0x0000000772500000, 0x0000000772600000, 0x0000000772600000|100%| E|CS|TAMS 0x0000000772500000, 0x0000000772500000| Complete 
| 282|0x0000000772600000, 0x0000000772700000, 0x0000000772700000|100%| E|CS|TAMS 0x0000000772600000, 0x0000000772600000| Complete 
| 283|0x0000000772700000, 0x0000000772800000, 0x0000000772800000|100%| E|CS|TAMS 0x0000000772700000, 0x0000000772700000| Complete 
| 284|0x0000000772800000, 0x0000000772900000, 0x0000000772900000|100%| E|CS|TAMS 0x0000000772800000, 0x0000000772800000| Complete 
| 285|0x0000000772900000, 0x0000000772a00000, 0x0000000772a00000|100%| E|CS|TAMS 0x0000000772900000, 0x0000000772900000| Complete 
| 286|0x0000000772a00000, 0x0000000772b00000, 0x0000000772b00000|100%| E|CS|TAMS 0x0000000772a00000, 0x0000000772a00000| Complete 
| 287|0x0000000772b00000, 0x0000000772c00000, 0x0000000772c00000|100%| E|CS|TAMS 0x0000000772b00000, 0x0000000772b00000| Complete 
| 288|0x0000000772c00000, 0x0000000772d00000, 0x0000000772d00000|100%| E|CS|TAMS 0x0000000772c00000, 0x0000000772c00000| Complete 
| 289|0x0000000772d00000, 0x0000000772e00000, 0x0000000772e00000|100%| E|CS|TAMS 0x0000000772d00000, 0x0000000772d00000| Complete 
| 290|0x0000000772e00000, 0x0000000772f00000, 0x0000000772f00000|100%| E|CS|TAMS 0x0000000772e00000, 0x0000000772e00000| Complete 
| 291|0x0000000772f00000, 0x0000000773000000, 0x0000000773000000|100%| E|CS|TAMS 0x0000000772f00000, 0x0000000772f00000| Complete 
| 292|0x0000000773000000, 0x0000000773100000, 0x0000000773100000|100%| E|CS|TAMS 0x0000000773000000, 0x0000000773000000| Complete 
| 293|0x0000000773100000, 0x0000000773200000, 0x0000000773200000|100%| E|CS|TAMS 0x0000000773100000, 0x0000000773100000| Complete 
| 294|0x0000000773200000, 0x0000000773300000, 0x0000000773300000|100%| E|CS|TAMS 0x0000000773200000, 0x0000000773200000| Complete 
| 295|0x0000000773300000, 0x0000000773400000, 0x0000000773400000|100%| E|CS|TAMS 0x0000000773300000, 0x0000000773300000| Complete 
| 296|0x0000000773400000, 0x0000000773500000, 0x0000000773500000|100%| E|CS|TAMS 0x0000000773400000, 0x0000000773400000| Complete 
| 297|0x0000000773500000, 0x0000000773600000, 0x0000000773600000|100%| E|CS|TAMS 0x0000000773500000, 0x0000000773500000| Complete 
| 298|0x0000000773600000, 0x0000000773700000, 0x0000000773700000|100%| E|CS|TAMS 0x0000000773600000, 0x0000000773600000| Complete 
| 299|0x0000000773700000, 0x0000000773800000, 0x0000000773800000|100%| E|CS|TAMS 0x0000000773700000, 0x0000000773700000| Complete 
| 300|0x0000000773800000, 0x0000000773900000, 0x0000000773900000|100%| E|CS|TAMS 0x0000000773800000, 0x0000000773800000| Complete 
| 301|0x0000000773900000, 0x0000000773a00000, 0x0000000773a00000|100%| E|CS|TAMS 0x0000000773900000, 0x0000000773900000| Complete 
| 302|0x0000000773a00000, 0x0000000773b00000, 0x0000000773b00000|100%| E|CS|TAMS 0x0000000773a00000, 0x0000000773a00000| Complete 
| 303|0x0000000773b00000, 0x0000000773c00000, 0x0000000773c00000|100%| E|CS|TAMS 0x0000000773b00000, 0x0000000773b00000| Complete 
| 304|0x0000000773c00000, 0x0000000773d00000, 0x0000000773d00000|100%| E|CS|TAMS 0x0000000773c00000, 0x0000000773c00000| Complete 
| 305|0x0000000773d00000, 0x0000000773e00000, 0x0000000773e00000|100%| E|CS|TAMS 0x0000000773d00000, 0x0000000773d00000| Complete 
| 306|0x0000000773e00000, 0x0000000773f00000, 0x0000000773f00000|100%| E|CS|TAMS 0x0000000773e00000, 0x0000000773e00000| Complete 
| 307|0x0000000773f00000, 0x0000000774000000, 0x0000000774000000|100%| E|CS|TAMS 0x0000000773f00000, 0x0000000773f00000| Complete 
| 308|0x0000000774000000, 0x0000000774100000, 0x0000000774100000|100%| E|CS|TAMS 0x0000000774000000, 0x0000000774000000| Complete 
| 309|0x0000000774100000, 0x0000000774200000, 0x0000000774200000|100%| E|CS|TAMS 0x0000000774100000, 0x0000000774100000| Complete 
| 310|0x0000000774200000, 0x0000000774300000, 0x0000000774300000|100%| E|CS|TAMS 0x0000000774200000, 0x0000000774200000| Complete 
| 311|0x0000000774300000, 0x0000000774400000, 0x0000000774400000|100%| E|CS|TAMS 0x0000000774300000, 0x0000000774300000| Complete 
| 312|0x0000000774400000, 0x0000000774500000, 0x0000000774500000|100%| E|CS|TAMS 0x0000000774400000, 0x0000000774400000| Complete 
| 313|0x0000000774500000, 0x0000000774600000, 0x0000000774600000|100%| E|CS|TAMS 0x0000000774500000, 0x0000000774500000| Complete 
| 314|0x0000000774600000, 0x0000000774700000, 0x0000000774700000|100%| E|CS|TAMS 0x0000000774600000, 0x0000000774600000| Complete 
| 315|0x0000000774700000, 0x0000000774800000, 0x0000000774800000|100%| E|CS|TAMS 0x0000000774700000, 0x0000000774700000| Complete 
| 316|0x0000000774800000, 0x0000000774900000, 0x0000000774900000|100%| E|CS|TAMS 0x0000000774800000, 0x0000000774800000| Complete 
| 317|0x0000000774900000, 0x0000000774a00000, 0x0000000774a00000|100%| E|CS|TAMS 0x0000000774900000, 0x0000000774900000| Complete 
| 318|0x0000000774a00000, 0x0000000774b00000, 0x0000000774b00000|100%| E|CS|TAMS 0x0000000774a00000, 0x0000000774a00000| Complete 
| 319|0x0000000774b00000, 0x0000000774c00000, 0x0000000774c00000|100%| E|CS|TAMS 0x0000000774b00000, 0x0000000774b00000| Complete 
| 320|0x0000000774c00000, 0x0000000774d00000, 0x0000000774d00000|100%| E|CS|TAMS 0x0000000774c00000, 0x0000000774c00000| Complete 
| 321|0x0000000774d00000, 0x0000000774e00000, 0x0000000774e00000|100%| E|CS|TAMS 0x0000000774d00000, 0x0000000774d00000| Complete 
| 322|0x0000000774e00000, 0x0000000774f00000, 0x0000000774f00000|100%| E|CS|TAMS 0x0000000774e00000, 0x0000000774e00000| Complete 
| 323|0x0000000774f00000, 0x0000000775000000, 0x0000000775000000|100%| E|CS|TAMS 0x0000000774f00000, 0x0000000774f00000| Complete 
| 324|0x0000000775000000, 0x0000000775100000, 0x0000000775100000|100%| E|CS|TAMS 0x0000000775000000, 0x0000000775000000| Complete 
| 325|0x0000000775100000, 0x0000000775200000, 0x0000000775200000|100%| E|CS|TAMS 0x0000000775100000, 0x0000000775100000| Complete 
| 326|0x0000000775200000, 0x0000000775300000, 0x0000000775300000|100%| E|CS|TAMS 0x0000000775200000, 0x0000000775200000| Complete 
| 327|0x0000000775300000, 0x0000000775400000, 0x0000000775400000|100%| E|CS|TAMS 0x0000000775300000, 0x0000000775300000| Complete 
| 328|0x0000000775400000, 0x0000000775500000, 0x0000000775500000|100%| E|CS|TAMS 0x0000000775400000, 0x0000000775400000| Complete 
| 329|0x0000000775500000, 0x0000000775600000, 0x0000000775600000|100%| E|CS|TAMS 0x0000000775500000, 0x0000000775500000| Complete 
| 330|0x0000000775600000, 0x0000000775700000, 0x0000000775700000|100%| E|CS|TAMS 0x0000000775600000, 0x0000000775600000| Complete 
| 331|0x0000000775700000, 0x0000000775800000, 0x0000000775800000|100%| E|CS|TAMS 0x0000000775700000, 0x0000000775700000| Complete 
| 332|0x0000000775800000, 0x0000000775900000, 0x0000000775900000|100%| E|CS|TAMS 0x0000000775800000, 0x0000000775800000| Complete 
| 333|0x0000000775900000, 0x0000000775a00000, 0x0000000775a00000|100%| E|CS|TAMS 0x0000000775900000, 0x0000000775900000| Complete 
| 334|0x0000000775a00000, 0x0000000775b00000, 0x0000000775b00000|100%| E|CS|TAMS 0x0000000775a00000, 0x0000000775a00000| Complete 
| 335|0x0000000775b00000, 0x0000000775c00000, 0x0000000775c00000|100%| E|CS|TAMS 0x0000000775b00000, 0x0000000775b00000| Complete 
| 336|0x0000000775c00000, 0x0000000775d00000, 0x0000000775d00000|100%| E|CS|TAMS 0x0000000775c00000, 0x0000000775c00000| Complete 
| 337|0x0000000775d00000, 0x0000000775e00000, 0x0000000775e00000|100%| E|CS|TAMS 0x0000000775d00000, 0x0000000775d00000| Complete 
| 338|0x0000000775e00000, 0x0000000775f00000, 0x0000000775f00000|100%| E|CS|TAMS 0x0000000775e00000, 0x0000000775e00000| Complete 
| 339|0x0000000775f00000, 0x0000000776000000, 0x0000000776000000|100%| E|CS|TAMS 0x0000000775f00000, 0x0000000775f00000| Complete 
| 340|0x0000000776000000, 0x0000000776100000, 0x0000000776100000|100%| E|CS|TAMS 0x0000000776000000, 0x0000000776000000| Complete 
| 341|0x0000000776100000, 0x0000000776200000, 0x0000000776200000|100%| E|CS|TAMS 0x0000000776100000, 0x0000000776100000| Complete 
| 342|0x0000000776200000, 0x0000000776300000, 0x0000000776300000|100%| E|CS|TAMS 0x0000000776200000, 0x0000000776200000| Complete 
| 343|0x0000000776300000, 0x0000000776400000, 0x0000000776400000|100%| E|CS|TAMS 0x0000000776300000, 0x0000000776300000| Complete 
| 344|0x0000000776400000, 0x0000000776500000, 0x0000000776500000|100%| E|CS|TAMS 0x0000000776400000, 0x0000000776400000| Complete 
| 345|0x0000000776500000, 0x0000000776600000, 0x0000000776600000|100%| E|CS|TAMS 0x0000000776500000, 0x0000000776500000| Complete 
| 346|0x0000000776600000, 0x0000000776700000, 0x0000000776700000|100%| E|CS|TAMS 0x0000000776600000, 0x0000000776600000| Complete 
| 347|0x0000000776700000, 0x0000000776800000, 0x0000000776800000|100%| E|CS|TAMS 0x0000000776700000, 0x0000000776700000| Complete 
| 348|0x0000000776800000, 0x0000000776900000, 0x0000000776900000|100%| E|CS|TAMS 0x0000000776800000, 0x0000000776800000| Complete 
| 349|0x0000000776900000, 0x0000000776a00000, 0x0000000776a00000|100%| E|CS|TAMS 0x0000000776900000, 0x0000000776900000| Complete 
| 350|0x0000000776a00000, 0x0000000776b00000, 0x0000000776b00000|100%| E|CS|TAMS 0x0000000776a00000, 0x0000000776a00000| Complete 
| 351|0x0000000776b00000, 0x0000000776c00000, 0x0000000776c00000|100%| E|CS|TAMS 0x0000000776b00000, 0x0000000776b00000| Complete 
| 352|0x0000000776c00000, 0x0000000776d00000, 0x0000000776d00000|100%| E|CS|TAMS 0x0000000776c00000, 0x0000000776c00000| Complete 
| 353|0x0000000776d00000, 0x0000000776e00000, 0x0000000776e00000|100%| E|CS|TAMS 0x0000000776d00000, 0x0000000776d00000| Complete 
| 354|0x0000000776e00000, 0x0000000776f00000, 0x0000000776f00000|100%| E|CS|TAMS 0x0000000776e00000, 0x0000000776e00000| Complete 
| 355|0x0000000776f00000, 0x0000000777000000, 0x0000000777000000|100%| E|CS|TAMS 0x0000000776f00000, 0x0000000776f00000| Complete 
| 356|0x0000000777000000, 0x0000000777100000, 0x0000000777100000|100%| E|CS|TAMS 0x0000000777000000, 0x0000000777000000| Complete 
| 357|0x0000000777100000, 0x0000000777200000, 0x0000000777200000|100%| E|CS|TAMS 0x0000000777100000, 0x0000000777100000| Complete 
| 358|0x0000000777200000, 0x0000000777300000, 0x0000000777300000|100%| E|CS|TAMS 0x0000000777200000, 0x0000000777200000| Complete 
| 359|0x0000000777300000, 0x0000000777400000, 0x0000000777400000|100%| E|CS|TAMS 0x0000000777300000, 0x0000000777300000| Complete 
| 360|0x0000000777400000, 0x0000000777500000, 0x0000000777500000|100%| E|CS|TAMS 0x0000000777400000, 0x0000000777400000| Complete 
| 361|0x0000000777500000, 0x0000000777600000, 0x0000000777600000|100%| E|CS|TAMS 0x0000000777500000, 0x0000000777500000| Complete 
| 362|0x0000000777600000, 0x0000000777700000, 0x0000000777700000|100%| E|CS|TAMS 0x0000000777600000, 0x0000000777600000| Complete 
| 363|0x0000000777700000, 0x0000000777800000, 0x0000000777800000|100%| E|CS|TAMS 0x0000000777700000, 0x0000000777700000| Complete 
| 364|0x0000000777800000, 0x0000000777900000, 0x0000000777900000|100%| E|CS|TAMS 0x0000000777800000, 0x0000000777800000| Complete 
| 365|0x0000000777900000, 0x0000000777a00000, 0x0000000777a00000|100%| E|CS|TAMS 0x0000000777900000, 0x0000000777900000| Complete 
| 366|0x0000000777a00000, 0x0000000777b00000, 0x0000000777b00000|100%| E|CS|TAMS 0x0000000777a00000, 0x0000000777a00000| Complete 
| 367|0x0000000777b00000, 0x0000000777c00000, 0x0000000777c00000|100%| E|CS|TAMS 0x0000000777b00000, 0x0000000777b00000| Complete 
| 368|0x0000000777c00000, 0x0000000777d00000, 0x0000000777d00000|100%| E|CS|TAMS 0x0000000777c00000, 0x0000000777c00000| Complete 
| 369|0x0000000777d00000, 0x0000000777e00000, 0x0000000777e00000|100%| E|CS|TAMS 0x0000000777d00000, 0x0000000777d00000| Complete 
| 370|0x0000000777e00000, 0x0000000777f00000, 0x0000000777f00000|100%| E|CS|TAMS 0x0000000777e00000, 0x0000000777e00000| Complete 
| 371|0x0000000777f00000, 0x0000000778000000, 0x0000000778000000|100%| E|CS|TAMS 0x0000000777f00000, 0x0000000777f00000| Complete 
| 372|0x0000000778000000, 0x0000000778100000, 0x0000000778100000|100%| E|CS|TAMS 0x0000000778000000, 0x0000000778000000| Complete 
| 373|0x0000000778100000, 0x0000000778200000, 0x0000000778200000|100%| E|CS|TAMS 0x0000000778100000, 0x0000000778100000| Complete 
| 374|0x0000000778200000, 0x0000000778300000, 0x0000000778300000|100%| E|CS|TAMS 0x0000000778200000, 0x0000000778200000| Complete 
| 375|0x0000000778300000, 0x0000000778400000, 0x0000000778400000|100%| E|CS|TAMS 0x0000000778300000, 0x0000000778300000| Complete 
| 376|0x0000000778400000, 0x0000000778500000, 0x0000000778500000|100%| E|CS|TAMS 0x0000000778400000, 0x0000000778400000| Complete 
| 377|0x0000000778500000, 0x0000000778600000, 0x0000000778600000|100%| E|CS|TAMS 0x0000000778500000, 0x0000000778500000| Complete 
| 378|0x0000000778600000, 0x0000000778700000, 0x0000000778700000|100%| E|CS|TAMS 0x0000000778600000, 0x0000000778600000| Complete 
| 379|0x0000000778700000, 0x0000000778800000, 0x0000000778800000|100%| E|CS|TAMS 0x0000000778700000, 0x0000000778700000| Complete 
| 380|0x0000000778800000, 0x0000000778900000, 0x0000000778900000|100%| E|CS|TAMS 0x0000000778800000, 0x0000000778800000| Complete 
| 381|0x0000000778900000, 0x0000000778a00000, 0x0000000778a00000|100%| E|CS|TAMS 0x0000000778900000, 0x0000000778900000| Complete 
| 382|0x0000000778a00000, 0x0000000778b00000, 0x0000000778b00000|100%| E|CS|TAMS 0x0000000778a00000, 0x0000000778a00000| Complete 
| 383|0x0000000778b00000, 0x0000000778c00000, 0x0000000778c00000|100%| E|CS|TAMS 0x0000000778b00000, 0x0000000778b00000| Complete 
| 384|0x0000000778c00000, 0x0000000778d00000, 0x0000000778d00000|100%| E|CS|TAMS 0x0000000778c00000, 0x0000000778c00000| Complete 
| 385|0x0000000778d00000, 0x0000000778e00000, 0x0000000778e00000|100%| E|CS|TAMS 0x0000000778d00000, 0x0000000778d00000| Complete 
| 386|0x0000000778e00000, 0x0000000778f00000, 0x0000000778f00000|100%| E|CS|TAMS 0x0000000778e00000, 0x0000000778e00000| Complete 
| 387|0x0000000778f00000, 0x0000000779000000, 0x0000000779000000|100%| E|CS|TAMS 0x0000000778f00000, 0x0000000778f00000| Complete 
| 388|0x0000000779000000, 0x0000000779100000, 0x0000000779100000|100%| E|CS|TAMS 0x0000000779000000, 0x0000000779000000| Complete 

Card table byte_map: [0x000000001a700000,0x000000001ac00000] _byte_map_base: 0x0000000016bfa000

Marking Bits (Prev, Next): (CMBitMap*) 0x00000000003d0028, (CMBitMap*) 0x00000000003d0060
 Prev Bits: [0x000000001b100000, 0x000000001d8d0000)
 Next Bits: [0x000000001d8d0000, 0x00000000200a0000)

Polling page: 0x0000000000140000

Metaspace:

Usage:
  Non-class:     12.02 MB capacity,    11.89 MB ( 99%) used,   115.33 KB ( <1%) free+waste,     9.56 KB ( <1%) overhead. 
      Class:    896.00 KB capacity,   866.27 KB ( 97%) used,    27.36 KB (  3%) free+waste,     2.38 KB ( <1%) overhead. 
       Both:     12.89 MB capacity,    12.74 MB ( 99%) used,   142.69 KB (  1%) free+waste,    11.94 KB ( <1%) overhead. 

Virtual space:
  Non-class space:       14.00 MB reserved,      12.25 MB ( 88%) committed 
      Class space:        1.00 GB reserved,     896.00 KB ( <1%) committed 
             Both:        1.01 GB reserved,      13.13 MB (  1%) committed 

Chunk freelists:
   Non-Class:  13.88 KB
       Class:  0 bytes
        Both:  13.88 KB

CodeHeap 'non-profiled nmethods': size=120064Kb used=3441Kb max_used=3595Kb free=116622Kb
 bounds [0x00000000125b0000, 0x0000000012950000, 0x0000000019af0000]
CodeHeap 'profiled nmethods': size=120000Kb used=13108Kb max_used=14144Kb free=106891Kb
 bounds [0x000000000b080000, 0x000000000bec0000, 0x00000000125b0000]
CodeHeap 'non-nmethods': size=5696Kb used=1097Kb max_used=1148Kb free=4598Kb
 bounds [0x000000000aaf0000, 0x000000000ad60000, 0x000000000b080000]
 total_blobs=2409 nmethods=2015 adapters=305
 compilation: enabled
              stopped_count=0, restarted_count=0
 full_count=0

Compilation events (10 events):
Event: 24.637 Thread 0x0000000023477000 2519       4       org.mozilla.javascript.NativeArray::toSliceIndex (51 bytes)
Event: 24.638 Thread 0x0000000023477000 nmethod 2519 0x00000000125ce810 code [0x00000000125ce9a0, 0x00000000125cea78]
Event: 24.638 Thread 0x0000000023477000 2510       4       org.mozilla.javascript.gen.D__habrisBatch2021_hybris_bin_custom_Nendrasys_Nendrasysstorefront_web_webroot_WEB_INF_lib_less_rhino_1_7_3_js_1::_c_anonymous_414 (221 bytes)
Event: 24.656 Thread 0x00000000234df800 nmethod 2524 0x000000000b376390 code [0x000000000b377a00, 0x000000000b384e68]
Event: 24.753 Thread 0x00000000234df800 2529 %     2       org.mozilla.javascript.gen.D__habrisBatch2021_hybris_bin_custom_Nendrasys_Nendrasysstorefront_web_webroot_WEB_INF_lib_less_rhino_1_7_3_js_1::_c_anonymous_484 @ 123 (351 bytes)
Event: 24.760 Thread 0x00000000234df800 nmethod 2529% 0x000000000b150b90 code [0x000000000b151160, 0x000000000b153968]
Event: 24.776 Thread 0x00000000234df800 2530       3       org.mozilla.javascript.gen.D__habrisBatch2021_hybris_bin_custom_Nendrasys_Nendrasysstorefront_web_webroot_WEB_INF_lib_less_rhino_1_7_3_js_1::_c_anonymous_555 (35 bytes)
Event: 24.777 Thread 0x00000000234df800 nmethod 2530 0x000000000b083210 code [0x000000000b0833c0, 0x000000000b083608]
Event: 24.800 Thread 0x0000000023477000 nmethod 2510 0x0000000012605390 code [0x0000000012605840, 0x0000000012608200]
Event: 24.801 Thread 0x0000000023477000 2528       4       org.mozilla.javascript.NativeArray::execIdCall (562 bytes)

GC Heap History (10 events):
Event: 11.239 GC heap after
{Heap after GC invocations=6 (full 0):
 garbage-first heap   total 306176K, used 24776K [0x0000000760c00000, 0x0000000800000000)
  region size 1024K, 7 young (7168K), 7 survivors (7168K)
 Metaspace       used 12856K, capacity 13009K, committed 13184K, reserved 1060864K
  class space    used 860K, capacity 896K, committed 896K, reserved 1048576K
}
Event: 12.920 GC heap before
{Heap before GC invocations=6 (full 0):
 garbage-first heap   total 306176K, used 127176K [0x0000000760c00000, 0x0000000800000000)
  region size 1024K, 107 young (109568K), 7 survivors (7168K)
 Metaspace       used 12871K, capacity 13073K, committed 13184K, reserved 1060864K
  class space    used 860K, capacity 896K, committed 896K, reserved 1048576K
}
Event: 12.964 GC heap after
{Heap after GC invocations=7 (full 0):
 garbage-first heap   total 306176K, used 33409K [0x0000000760c00000, 0x0000000800000000)
  region size 1024K, 14 young (14336K), 14 survivors (14336K)
 Metaspace       used 12871K, capacity 13073K, committed 13184K, reserved 1060864K
  class space    used 860K, capacity 896K, committed 896K, reserved 1048576K
}
Event: 15.575 GC heap before
{Heap before GC invocations=7 (full 0):
 garbage-first heap   total 306176K, used 145025K [0x0000000760c00000, 0x0000000800000000)
  region size 1024K, 123 young (125952K), 14 survivors (14336K)
 Metaspace       used 12990K, capacity 13201K, committed 13440K, reserved 1062912K
  class space    used 865K, capacity 896K, committed 896K, reserved 1048576K
}
Event: 15.669 GC heap after
{Heap after GC invocations=8 (full 0):
 garbage-first heap   total 306176K, used 42651K [0x0000000760c00000, 0x0000000800000000)
  region size 1024K, 9 young (9216K), 9 survivors (9216K)
 Metaspace       used 12990K, capacity 13201K, committed 13440K, reserved 1062912K
  class space    used 865K, capacity 896K, committed 896K, reserved 1048576K
}
Event: 18.429 GC heap before
{Heap before GC invocations=8 (full 0):
 garbage-first heap   total 306176K, used 167579K [0x0000000760c00000, 0x0000000800000000)
  region size 1024K, 131 young (134144K), 9 survivors (9216K)
 Metaspace       used 13016K, capacity 13201K, committed 13440K, reserved 1062912K
  class space    used 865K, capacity 896K, committed 896K, reserved 1048576K
}
Event: 18.496 GC heap after
{Heap after GC invocations=9 (full 0):
 garbage-first heap   total 306176K, used 52224K [0x0000000760c00000, 0x0000000800000000)
  region size 1024K, 17 young (17408K), 17 survivors (17408K)
 Metaspace       used 13016K, capacity 13201K, committed 13440K, reserved 1062912K
  class space    used 865K, capacity 896K, committed 896K, reserved 1048576K
}
Event: 21.208 GC heap before
{Heap before GC invocations=9 (full 0):
 garbage-first heap   total 306176K, used 188416K [0x0000000760c00000, 0x0000000800000000)
  region size 1024K, 150 young (153600K), 17 survivors (17408K)
 Metaspace       used 13042K, capacity 13201K, committed 13440K, reserved 1062912K
  class space    used 866K, capacity 896K, committed 896K, reserved 1048576K
}
Event: 21.355 GC heap after
{Heap after GC invocations=10 (full 0):
 garbage-first heap   total 398336K, used 70835K [0x0000000760c00000, 0x0000000800000000)
  region size 1024K, 19 young (19456K), 19 survivors (19456K)
 Metaspace       used 13042K, capacity 13201K, committed 13440K, reserved 1062912K
  class space    used 866K, capacity 896K, committed 896K, reserved 1048576K
}
Event: 24.936 GC heap before
{Heap before GC invocations=10 (full 0):
 garbage-first heap   total 398336K, used 209075K [0x0000000760c00000, 0x0000000800000000)
  region size 1024K, 154 young (157696K), 19 survivors (19456K)
 Metaspace       used 13046K, capacity 13201K, committed 13440K, reserved 1062912K
  class space    used 866K, capacity 896K, committed 896K, reserved 1048576K
}

Deoptimization events (10 events):
Event: 24.222 Thread 0x0000000000385000 Uncommon trap: reason=profile_predicate action=maybe_recompile pc=0x000000001260cc38 method=org.mozilla.javascript.gen.D__habrisBatch2021_hybris_bin_custom_Nendrasys_Nendrasysstorefront_web_webroot_WEB_INF_lib_less_rhino_1_7_3_js_1._c_anonymous_484(Lorg/m
Event: 24.222 Thread 0x0000000000385000 Uncommon trap: reason=profile_predicate action=maybe_recompile pc=0x000000001260cc38 method=org.mozilla.javascript.gen.D__habrisBatch2021_hybris_bin_custom_Nendrasys_Nendrasysstorefront_web_webroot_WEB_INF_lib_less_rhino_1_7_3_js_1._c_anonymous_484(Lorg/m
Event: 24.222 Thread 0x0000000000385000 Uncommon trap: reason=profile_predicate action=maybe_recompile pc=0x000000001260cc38 method=org.mozilla.javascript.gen.D__habrisBatch2021_hybris_bin_custom_Nendrasys_Nendrasysstorefront_web_webroot_WEB_INF_lib_less_rhino_1_7_3_js_1._c_anonymous_484(Lorg/m
Event: 24.451 Thread 0x0000000000385000 Uncommon trap: reason=bimorphic_or_optimized_type_check action=maybe_recompile pc=0x00000000127f1ea4 method=org.mozilla.javascript.ScriptRuntime.cmp_LE(Ljava/lang/Object;Ljava/lang/Object;)Z @ 26 c2
Event: 24.453 Thread 0x0000000000385000 Uncommon trap: reason=bimorphic_or_optimized_type_check action=maybe_recompile pc=0x00000000127f1ea4 method=org.mozilla.javascript.ScriptRuntime.cmp_LE(Ljava/lang/Object;Ljava/lang/Object;)Z @ 26 c2
Event: 24.455 Thread 0x0000000000385000 Uncommon trap: reason=bimorphic_or_optimized_type_check action=maybe_recompile pc=0x00000000127f1ea4 method=org.mozilla.javascript.ScriptRuntime.cmp_LE(Ljava/lang/Object;Ljava/lang/Object;)Z @ 26 c2
Event: 24.456 Thread 0x0000000000385000 Uncommon trap: reason=bimorphic_or_optimized_type_check action=maybe_recompile pc=0x00000000127f1ea4 method=org.mozilla.javascript.ScriptRuntime.cmp_LE(Ljava/lang/Object;Ljava/lang/Object;)Z @ 26 c2
Event: 24.581 Thread 0x0000000000385000 Uncommon trap: reason=unstable_if action=reinterpret pc=0x0000000012836d7c method=org.mozilla.javascript.NativeArray.js_slice(Lorg/mozilla/javascript/Context;Lorg/mozilla/javascript/Scriptable;[Ljava/lang/Object;)Lorg/mozilla/javascript/Scriptable; @ 53 c
Event: 24.581 Thread 0x0000000000385000 Uncommon trap: reason=unstable_if action=reinterpret pc=0x00000000126ff0e0 method=org.mozilla.javascript.NativeArray.js_push(Lorg/mozilla/javascript/Context;Lorg/mozilla/javascript/Scriptable;[Ljava/lang/Object;)Ljava/lang/Object; @ 16 c2
Event: 24.581 Thread 0x0000000000385000 Uncommon trap: reason=unstable_if action=reinterpret pc=0x00000000125fd8ec method=org.mozilla.javascript.NativeArray.setLength(Ljava/lang/Object;)V @ 48 c2

Classes redefined (0 events):
No events

Internal exceptions (6 events):
Event: 2.116 Thread 0x0000000000385000 Exception <a 'java/lang/NoSuchMethodError'{0x000000076ab9c2c0}: java.lang.invoke.DirectMethodHandle$Holder.invokeSpecialIFC(Ljava/lang/Object;Ljava/lang/Object;I)I> (0x000000076ab9c2c0) thrown at [./open/src/hotspot/share/interpreter/linkResolver.cpp, lin
Event: 5.047 Thread 0x0000000000385000 Implicit null exception at 0x00000000125d1230 to 0x00000000125d1c94
Event: 5.079 Thread 0x0000000000385000 Implicit null exception at 0x000000001263bedc to 0x000000001263c1fc
Event: 6.789 Thread 0x0000000000385000 Implicit null exception at 0x000000001268ca7f to 0x000000001268cecc
Event: 7.649 Thread 0x0000000000385000 Implicit null exception at 0x00000000126b30ee to 0x00000000126b5a80
Event: 9.590 Thread 0x0000000000385000 Implicit null exception at 0x00000000126b0ab5 to 0x00000000126b0e60

Events (10 events):
Event: 24.581 Thread 0x0000000000385000 DEOPT UNPACKING pc=0x000000000ab1682f sp=0x00000000022bcd80 mode 2
Event: 24.581 Thread 0x0000000000385000 Uncommon trap: trap_request=0xffffff4d fr.pc=0x00000000126ff0e0 relative=0x0000000000000760
Event: 24.581 Thread 0x0000000000385000 DEOPT PACKING pc=0x00000000126ff0e0 sp=0x00000000022bcdf0
Event: 24.581 Thread 0x0000000000385000 DEOPT UNPACKING pc=0x000000000ab1682f sp=0x00000000022bcdd8 mode 2
Event: 24.581 Thread 0x0000000000385000 Uncommon trap: trap_request=0xffffff4d fr.pc=0x00000000125fd8ec relative=0x00000000000007ec
Event: 24.581 Thread 0x0000000000385000 DEOPT PACKING pc=0x00000000125fd8ec sp=0x00000000022bcc20
Event: 24.582 Thread 0x0000000000385000 DEOPT UNPACKING pc=0x000000000ab1682f sp=0x00000000022bcbb0 mode 2
Event: 24.732 Thread 0x0000000000385000 DEOPT PACKING pc=0x000000000b706b3a sp=0x00000000022bc500
Event: 24.732 Thread 0x0000000000385000 DEOPT UNPACKING pc=0x000000000ab16fde sp=0x00000000022bb990 mode 0
Event: 24.936 Executing VM operation: G1CollectForAllocation


Dynamic libraries:
0x000000013fde0000 - 0x000000013fdef000 	C:\Program Files\Java\jdk-11.0.11\bin\java.exe
0x0000000077b80000 - 0x0000000077d1f000 	C:\Windows\SYSTEM32\ntdll.dll
0x0000000077960000 - 0x0000000077a7f000 	C:\Windows\system32\kernel32.dll
0x000007fefd6c0000 - 0x000007fefd727000 	C:\Windows\system32\KERNELBASE.dll
0x000007fef47e0000 - 0x000007fef47f8000 	C:\Program Files\Java\jdk-11.0.11\bin\jli.dll
0x000007fefdda0000 - 0x000007fefde7b000 	C:\Windows\system32\ADVAPI32.dll
0x000007fefdce0000 - 0x000007fefdd7f000 	C:\Windows\system32\msvcrt.dll
0x000007fefdd80000 - 0x000007fefdd9f000 	C:\Windows\SYSTEM32\sechost.dll
0x000007fefdeb0000 - 0x000007fefdfdc000 	C:\Windows\system32\RPCRT4.dll
0x000007fefbeb0000 - 0x000007fefc0a5000 	C:\Windows\WinSxS\amd64_microsoft.windows.common-controls_6595b64144ccf1df_6.0.7601.24483_none_e372d88f30fbb845\COMCTL32.dll
0x000007feffa80000 - 0x000007feffae7000 	C:\Windows\system32\GDI32.dll
0x0000000077a80000 - 0x0000000077b7b000 	C:\Windows\system32\USER32.dll
0x000007feff890000 - 0x000007feff89e000 	C:\Windows\system32\LPK.dll
0x000007fefe080000 - 0x000007fefe14b000 	C:\Windows\system32\USP10.dll
0x000007feffaf0000 - 0x000007feffb61000 	C:\Windows\system32\SHLWAPI.dll
0x000007fefc780000 - 0x000007fefc78c000 	C:\Windows\system32\VERSION.dll
0x000007feec5b0000 - 0x000007feec5c5000 	C:\Program Files\Java\jdk-11.0.11\bin\VCRUNTIME140.dll
0x000007fefb120000 - 0x000007fefb124000 	C:\Program Files\Java\jdk-11.0.11\bin\api-ms-win-crt-runtime-l1-1-0.dll
0x000007fee6a70000 - 0x000007fee6b6a000 	C:\Program Files\Java\jdk-11.0.11\bin\ucrtbase.DLL
0x000007fef47d0000 - 0x000007fef47d3000 	C:\Program Files\Java\jdk-11.0.11\bin\api-ms-win-core-localization-l1-2-0.dll
0x000007feec650000 - 0x000007feec653000 	C:\Program Files\Java\jdk-11.0.11\bin\api-ms-win-core-processthreads-l1-1-1.dll
0x000007feec640000 - 0x000007feec643000 	C:\Program Files\Java\jdk-11.0.11\bin\api-ms-win-core-file-l1-2-0.dll
0x000007feec5a0000 - 0x000007feec5a3000 	C:\Program Files\Java\jdk-11.0.11\bin\api-ms-win-core-timezone-l1-1-0.dll
0x000007feeaf40000 - 0x000007feeaf43000 	C:\Program Files\Java\jdk-11.0.11\bin\api-ms-win-core-file-l2-1-0.dll
0x000007feeaf30000 - 0x000007feeaf33000 	C:\Program Files\Java\jdk-11.0.11\bin\api-ms-win-core-synch-l1-2-0.dll
0x000007feeaf20000 - 0x000007feeaf23000 	C:\Program Files\Java\jdk-11.0.11\bin\api-ms-win-crt-heap-l1-1-0.dll
0x000007feeaf10000 - 0x000007feeaf14000 	C:\Program Files\Java\jdk-11.0.11\bin\api-ms-win-crt-string-l1-1-0.dll
0x000007feeaf00000 - 0x000007feeaf04000 	C:\Program Files\Java\jdk-11.0.11\bin\api-ms-win-crt-stdio-l1-1-0.dll
0x000007feeaef0000 - 0x000007feeaef4000 	C:\Program Files\Java\jdk-11.0.11\bin\api-ms-win-crt-convert-l1-1-0.dll
0x000007feeaee0000 - 0x000007feeaee3000 	C:\Program Files\Java\jdk-11.0.11\bin\api-ms-win-crt-environment-l1-1-0.dll
0x000007feeae30000 - 0x000007feeae33000 	C:\Program Files\Java\jdk-11.0.11\bin\api-ms-win-crt-filesystem-l1-1-0.dll
0x000007feeaa70000 - 0x000007feeaa75000 	C:\Program Files\Java\jdk-11.0.11\bin\api-ms-win-crt-math-l1-1-0.dll
0x000007feeaa60000 - 0x000007feeaa63000 	C:\Program Files\Java\jdk-11.0.11\bin\api-ms-win-crt-locale-l1-1-0.dll
0x000007fefde80000 - 0x000007fefdeae000 	C:\Windows\system32\IMM32.DLL
0x000007fefe750000 - 0x000007fefe85b000 	C:\Windows\system32\MSCTF.dll
0x000007fee5ee0000 - 0x000007fee5f7b000 	C:\Program Files\Java\jdk-11.0.11\bin\msvcp140.dll
0x000007feea510000 - 0x000007feea513000 	C:\Program Files\Java\jdk-11.0.11\bin\api-ms-win-crt-time-l1-1-0.dll
0x000007fee7050000 - 0x000007fee7053000 	C:\Program Files\Java\jdk-11.0.11\bin\api-ms-win-crt-utility-l1-1-0.dll
0x000007fee3130000 - 0x000007fee3c2e000 	C:\Program Files\Java\jdk-11.0.11\bin\server\jvm.dll
0x000007fef7900000 - 0x000007fef7909000 	C:\Windows\system32\WSOCK32.dll
0x000007fefe660000 - 0x000007fefe6ad000 	C:\Windows\system32\WS2_32.dll
0x000007fefe9f0000 - 0x000007fefe9f8000 	C:\Windows\system32\NSI.dll
0x000007fefb2b0000 - 0x000007fefb2eb000 	C:\Windows\system32\WINMM.dll
0x0000000077d30000 - 0x0000000077d37000 	C:\Windows\system32\PSAPI.DLL
0x000007fee7040000 - 0x000007fee7050000 	C:\Program Files\Java\jdk-11.0.11\bin\verify.dll
0x000007fef80f0000 - 0x000007fef8215000 	C:\Windows\system32\DBGHELP.DLL
0x000007fee7010000 - 0x000007fee7038000 	C:\Program Files\Java\jdk-11.0.11\bin\java.dll
0x000007fee7000000 - 0x000007fee700a000 	C:\Program Files\Java\jdk-11.0.11\bin\jimage.dll
0x000007fee6f50000 - 0x000007fee6f66000 	C:\Program Files\Java\jdk-11.0.11\bin\zip.dll
0x000007fefea00000 - 0x000007feff78b000 	C:\Windows\system32\SHELL32.dll
0x000007fefda60000 - 0x000007fefdc5f000 	C:\Windows\system32\ole32.dll
0x000007fefd6b0000 - 0x000007fefd6bf000 	C:\Windows\system32\profapi.dll
0x000007fee6f30000 - 0x000007fee6f49000 	C:\Program Files\Java\jdk-11.0.11\bin\net.dll
0x000007fef97a0000 - 0x000007fef9811000 	C:\Windows\system32\WINHTTP.dll
0x000007fef9730000 - 0x000007fef9795000 	C:\Windows\system32\webio.dll
0x000007fefcde0000 - 0x000007fefce35000 	C:\Windows\system32\mswsock.dll
0x000007fefcdd0000 - 0x000007fefcdd7000 	C:\Windows\System32\wship6.dll
0x000007fee6dc0000 - 0x000007fee6dd2000 	C:\Program Files\Java\jdk-11.0.11\bin\nio.dll

dbghelp: loaded successfully - version: 4.0.5 - missing functions: none
symbol engine: initialized successfully - sym options: 0x614 - pdb path: .;C:\Program Files\Java\jdk-11.0.11\bin;C:\Windows\SYSTEM32;C:\Windows\WinSxS\amd64_microsoft.windows.common-controls_6595b64144ccf1df_6.0.7601.24483_none_e372d88f30fbb845;C:\Program Files\Java\jdk-11.0.11\bin\server

VM Arguments:
java_command: D:\habrisBatch2021\hybris\bin\custom\Nendrasys\Nendrasysstorefront\web\webroot\WEB-INF\lib\rhino-1.7.7.jar -f D:\habrisBatch2021\hybris\bin\custom\Nendrasys\Nendrasysstorefront\web\webroot\WEB-INF\lib\less-rhino-1.7.3.js D:\habrisBatch2021\hybris\bin\custom\Nendrasys\Nendrasysstorefront\web\webroot\WEB-INF\lib\lessc-rhino-1.7.3.js D:\habrisBatch2021\hybris\bin\custom\Nendrasys\Nendrasysstorefront\web\webroot\WEB-INF\_ui-src\responsive\themes\lambda\less\style.less D:\habrisBatch2021\hybris\bin\custom\Nendrasys\Nendrasysstorefront\web\webroot\_ui\responsive\theme-lambda\css\style.css
java_class_path (initial): D:\habrisBatch2021\hybris\bin\custom\Nendrasys\Nendrasysstorefront\web\webroot\WEB-INF\lib\rhino-1.7.7.jar
Launcher Type: SUN_STANDARD

[Global flags]
     intx CICompilerCount                          = 3                                         {product} {ergonomic}
     uint ConcGCThreads                            = 1                                         {product} {ergonomic}
     uint G1ConcRefinementThreads                  = 4                                         {product} {ergonomic}
   size_t G1HeapRegionSize                         = 1048576                                   {product} {ergonomic}
    uintx GCDrainStackTargetSize                   = 64                                        {product} {ergonomic}
   size_t InitialHeapSize                          = 167772160                                 {product} {ergonomic}
   size_t MarkStackSize                            = 4194304                                   {product} {ergonomic}
   size_t MaxHeapSize                              = 2671771648                                {product} {ergonomic}
   size_t MaxNewSize                               = 1602224128                                {product} {ergonomic}
   size_t MinHeapDeltaBytes                        = 1048576                                   {product} {ergonomic}
    uintx NonNMethodCodeHeapSize                   = 5830732                                {pd product} {ergonomic}
    uintx NonProfiledCodeHeapSize                  = 122913754                              {pd product} {ergonomic}
    uintx ProfiledCodeHeapSize                     = 122913754                              {pd product} {ergonomic}
    uintx ReservedCodeCacheSize                    = 251658240                              {pd product} {ergonomic}
     bool SegmentedCodeCache                       = true                                      {product} {ergonomic}
     bool UseCompressedClassPointers               = true                                 {lp64_product} {ergonomic}
     bool UseCompressedOops                        = true                                 {lp64_product} {ergonomic}
     bool UseG1GC                                  = true                                      {product} {ergonomic}
     bool UseLargePagesIndividualAllocation        = false                                  {pd product} {ergonomic}

Logging:
Log output configuration:
 #0: stdout all=warning uptime,level,tags
 #1: stderr all=off uptime,level,tags

Environment Variables:
JAVA_HOME=C:\Program Files\Java\jdk-11.0.11
PATH=D:\habrisBatch2021\hybris\bin\platform\apache-ant\bin;C:\Program Files\Common Files\Oracle\Java\javapath;C:\Program Files\nodejs\;C:\Program Files\Git\cmd;C:\Users\razhaka\AppData\Roaming\npm;C:\Users\razhaka\AppData\Local\Programs\Microsoft VS Code\bin;C:\Program Files\Java\jdk1.8.0_201\bin;C:\Users\razhaka\AppData\Local\Programs\Microsoft VS Code
USERNAME=razhaka
OS=Windows_NT
PROCESSOR_IDENTIFIER=Intel64 Family 6 Model 42 Stepping 7, GenuineIntel



---------------  S Y S T E M  ---------------

OS: Windows 7 , 64 bit Build 7601 (6.1.7601.24545)

CPU:total 4 (initial active 4) (2 cores per cpu, 2 threads per core) family 6 model 42 stepping 7 microcode 0x0, cmov, cx8, fxsr, mmx, sse, sse2, sse3, ssse3, sse4.1, sse4.2, popcnt, avx, clmul, ht, tsc, tscinvbit

Memory: 4k page, system-wide physical 10187M (2899M free)
TotalPageFile size 20373M (AvailPageFile size 11908M)
current process WorkingSet (physical memory assigned to process): 514M, peak: 520M
current process commit charge ("private bytes"): 555M, peak: 567M

vm_info: Java HotSpot(TM) 64-Bit Server VM (11.0.11+9-LTS-194) for windows-amd64 JRE (11.0.11+9-LTS-194), built on Mar 18 2021 18:46:53 by "mach5one" with MS VC++ 15.9 (VS2017)

END.
