#
# A fatal error has been detected by the Java Runtime Environment:
#
#  EXCEPTION_ACCESS_VIOLATION (0xc0000005) at pc=0x000007fed48cd8b8, pid=7708, tid=5644
#
# JRE version: Java(TM) SE Runtime Environment 18.9 (11.0.11+9) (build 11.0.11+9-LTS-194)
# Java VM: Java HotSpot(TM) 64-Bit Server VM 18.9 (11.0.11+9-LTS-194, mixed mode, tiered, compressed oops, g1 gc, windows-amd64)
# Problematic frame:
# V  [jvm.dll+0x1ad8b8]
#
# No core dump will be written. Minidumps are not enabled by default on client versions of Windows
#
# If you would like to submit a bug report, please visit:
#   https://bugreport.java.com/bugreport/crash.jsp
#

---------------  S U M M A R Y ------------

Command Line: D:\habrisBatch2021\hybris\bin\custom\Nendrasys\Nendrasysstorefront\web\webroot\WEB-INF\lib\rhino-1.7.7.jar -f D:\habrisBatch2021\hybris\bin\custom\Nendrasys\Nendrasysstorefront\web\webroot\WEB-INF\lib\less-rhino-1.7.3.js D:\habrisBatch2021\hybris\bin\custom\Nendrasys\Nendrasysstorefront\web\webroot\WEB-INF\lib\lessc-rhino-1.7.3.js D:\habrisBatch2021\hybris\bin\custom\Nendrasys\Nendrasysstorefront\web\webroot\WEB-INF\_ui-src\responsive\themes\lambda\less\style.less D:\habrisBatch2021\hybris\bin\custom\Nendrasys\Nendrasysstorefront\web\webroot\_ui\responsive\theme-lambda\css\style.css

Host: Intel(R) Core(TM) i3-2330M CPU @ 2.20GHz, 4 cores, 9G,  Windows 7 , 64 bit Build 7601 (6.1.7601.24545)
Time: Wed Jun 16 15:34:05 2021 India Standard Time elapsed time: 6.078790 seconds (0d 0h 0m 6s)

---------------  T H R E A D  ---------------

Current thread (0x0000000023450000):  JavaThread "C2 CompilerThread0" daemon [_thread_in_vm, id=5644, stack(0x0000000023ec0000,0x0000000023fc0000)]


Current CompileTask:
C2:   6078 1824       4       org.mozilla.javascript.gen.D__habrisBatch2021_hybris_bin_custom_Nendrasys_Nendrasysstorefront_web_webroot_WEB_INF_lib_less_rhino_1_7_3_js_1::call (5300 bytes)

Stack: [0x0000000023ec0000,0x0000000023fc0000],  sp=0x0000000023fbeed0,  free space=1019k
Native frames: (J=compiled Java code, j=interpreted, Vv=VM code, C=native code)
V  [jvm.dll+0x1ad8b8]
V  [jvm.dll+0x199abd]
V  [jvm.dll+0x20b77c]
V  [jvm.dll+0x20978b]
V  [jvm.dll+0x7152c9]
V  [jvm.dll+0x70dfc4]
V  [jvm.dll+0x6160f6]
C  [ucrtbase.DLL+0x1d912]
C  [kernel32.dll+0x1556d]
C  [ntdll.dll+0x5372d]


siginfo: EXCEPTION_ACCESS_VIOLATION (0xc0000005), reading address 0xffffffffffffffff


Register to memory mapping:

RIP=0x000007fed48cd8b8 jvm.dll
RAX=0x00000000284ccce0 points into unknown readable memory: 20 7d 17 26 00 00 00 00
RBX=0x0000000000001320 is an unknown value
RCX=0x8000000028154560 is an unknown value
RDX=0x0000000025a6e610 points into unknown readable memory: 8b 00 21 11 fd f8 6f 72
RSP=0x0000000023fbeed0 is pointing into the stack for thread: 0x0000000023450000
RBP=0x0000000023fbf030 is pointing into the stack for thread: 0x0000000023450000
RSI=0x00000000245a63e0 points into unknown readable memory: 08 f1 fb 23 00 00 00 00
RDI=0x0000000000009900 is an unknown value
R8 =0x000052c1e60a7ea4 is an unknown value
R9 =0x0000000023fbeeb0 is pointing into the stack for thread: 0x0000000023450000
R10=0x0000000023fbeb70 is pointing into the stack for thread: 0x0000000023450000
R11=0x00000000233e4dcc points into unknown readable memory: 31 32 35 61
R12=0x0 is NULL
R13=0x0 is NULL
R14=0x0000000023450000 is a thread
R15=0x0000000026177d40 points into unknown readable memory: d0 f0 f4 d4 fe 07 00 00


Registers:
RAX=0x00000000284ccce0, RBX=0x0000000000001320, RCX=0x8000000028154560, RDX=0x0000000025a6e610
RSP=0x0000000023fbeed0, RBP=0x0000000023fbf030, RSI=0x00000000245a63e0, RDI=0x0000000000009900
R8 =0x000052c1e60a7ea4, R9 =0x0000000023fbeeb0, R10=0x0000000023fbeb70, R11=0x00000000233e4dcc
R12=0x0000000000000000, R13=0x0000000000000000, R14=0x0000000023450000, R15=0x0000000026177d40
RIP=0x000007fed48cd8b8, EFLAGS=0x0000000000010293

Top of Stack: (sp=0x0000000023fbeed0)
0x0000000023fbeed0:   0000000000000000 000007fed4e3dbc7
0x0000000023fbeee0:   000007fed4f5e990 0000000000000720
0x0000000023fbeef0:   0000000023fbf100 000007fed48b9abd
0x0000000023fbef00:   0000000023450000 0000000023450000
0x0000000023fbef10:   0000000023469800 0000000026177d40
0x0000000023fbef20:   0000000000000000 000007fed492b77c
0x0000000023fbef30:   0000000023450000 0000000000000000
0x0000000023fbef40:   0000000024e4e390 0000000024e4e390
0x0000000023fbef50:   0000000000000000 0000000000000000
0x0000000023fbef60:   ffffffff00000000 2345070000000004
0x0000000023fbef70:   0000000023450000 00000000233e5ad0
0x0000000023fbef80:   00000000000004f4 00000000233e5280
0x0000000023fbef90:   0000000023449038 0000000000000720
0x0000000023fbefa0:   0000000023450bb8 0000000022f8c5e0
0x0000000023fbefb0:   0000000022f8c5e0 0000000023450000
0x0000000023fbefc0:   000000002343a740 0000000027c3ce90 

Instructions: (pc=0x000007fed48cd8b8)
0x000007fed48cd898:   ec 20 48 8b 41 30 33 db 48 8b f1 39 18 7e 2d 48
0x000007fed48cd8a8:   89 7c 24 30 8b fb 66 90 48 8b 40 18 48 8b 0c 38
0x000007fed48cd8b8:   48 8b 49 10 e8 0f 29 53 00 48 8b 46 30 48 8d 7f
0x000007fed48cd8c8:   08 ff c3 3b 18 7c e1 48 8b 7c 24 30 48 8b 5c 24 


Stack slot to memory mapping:
stack at sp + 0 slots: 0x0 is NULL
stack at sp + 1 slots: 0x000007fed4e3dbc7 jvm.dll
stack at sp + 2 slots: 0x000007fed4f5e990 jvm.dll
stack at sp + 3 slots: 0x0000000000000720 is an unknown value
stack at sp + 4 slots: 0x0000000023fbf100 is pointing into the stack for thread: 0x0000000023450000
stack at sp + 5 slots: 0x000007fed48b9abd jvm.dll
stack at sp + 6 slots: 0x0000000023450000 is a thread
stack at sp + 7 slots: 0x0000000023450000 is a thread


---------------  P R O C E S S  ---------------

Threads class SMR info:
_java_thread_list=0x00000000244a82a0, length=11, elements={
0x0000000000283000, 0x000000002342e800, 0x0000000023438800, 0x0000000023449800,
0x000000002344f000, 0x0000000023450000, 0x0000000023455800, 0x0000000023459000,
0x0000000024297800, 0x0000000024324000, 0x0000000025310800
}

Java Threads: ( => current thread )
  0x0000000000283000 JavaThread "main" [_thread_blocked, id=14136, stack(0x0000000002210000,0x0000000002310000)]
  0x000000002342e800 JavaThread "Reference Handler" daemon [_thread_blocked, id=13864, stack(0x0000000023880000,0x0000000023980000)]
  0x0000000023438800 JavaThread "Finalizer" daemon [_thread_blocked, id=30028, stack(0x0000000023590000,0x0000000023690000)]
  0x0000000023449800 JavaThread "Signal Dispatcher" daemon [_thread_blocked, id=12172, stack(0x0000000023a40000,0x0000000023b40000)]
  0x000000002344f000 JavaThread "Attach Listener" daemon [_thread_blocked, id=13668, stack(0x0000000023cc0000,0x0000000023dc0000)]
=>0x0000000023450000 JavaThread "C2 CompilerThread0" daemon [_thread_in_vm, id=5644, stack(0x0000000023ec0000,0x0000000023fc0000)]
  0x0000000023455800 JavaThread "C1 CompilerThread0" daemon [_thread_blocked, id=5200, stack(0x00000000240b0000,0x00000000241b0000)]
  0x0000000023459000 JavaThread "Sweeper thread" daemon [_thread_blocked, id=9860, stack(0x0000000023b90000,0x0000000023c90000)]
  0x0000000024297800 JavaThread "Service Thread" daemon [_thread_blocked, id=14016, stack(0x0000000024710000,0x0000000024810000)]
  0x0000000024324000 JavaThread "Common-Cleaner" daemon [_thread_blocked, id=7488, stack(0x0000000024a10000,0x0000000024b10000)]
  0x0000000025310800 JavaThread "C2 CompilerThread1" daemon [_thread_blocked, id=13420, stack(0x0000000026300000,0x0000000026400000)]

Other Threads:
  0x00000000233e9800 VMThread "VM Thread" [stack: 0x00000000236c0000,0x00000000237c0000] [id=12716]
  0x0000000024323000 WatcherThread [stack: 0x0000000024820000,0x0000000024920000] [id=13376]
  0x0000000000298000 GCTaskThread "GC Thread#0" [stack: 0x0000000019ba0000,0x0000000019ca0000] [id=13520]
  0x0000000025691000 GCTaskThread "GC Thread#1" [stack: 0x0000000027520000,0x0000000027620000] [id=12648]
  0x0000000025d56800 GCTaskThread "GC Thread#2" [stack: 0x0000000027410000,0x0000000027510000] [id=9420]
  0x00000000002db000 ConcurrentGCThread "G1 Main Marker" [stack: 0x00000000200c0000,0x00000000201c0000] [id=13492]
  0x00000000002dc000 ConcurrentGCThread "G1 Conc#0" [stack: 0x00000000202b0000,0x00000000203b0000] [id=9092]
  0x0000000022757800 ConcurrentGCThread "G1 Refine#0" [stack: 0x00000000229d0000,0x0000000022ad0000] [id=11864]
  0x000000002440c000 ConcurrentGCThread "G1 Refine#1" [stack: 0x00000000276d0000,0x00000000277d0000] [id=14320]
  0x0000000022758800 ConcurrentGCThread "G1 Young RemSet Sampling" [stack: 0x00000000228d0000,0x00000000229d0000] [id=13684]

Threads with active compile tasks:
C2 CompilerThread0   6155 1824       4       org.mozilla.javascript.gen.D__habrisBatch2021_hybris_bin_custom_Nendrasys_Nendrasysstorefront_web_webroot_WEB_INF_lib_less_rhino_1_7_3_js_1::call (5300 bytes)
C2 CompilerThread1   6155 1817       4       org.mozilla.javascript.gen.D__habrisBatch2021_hybris_bin_custom_Nendrasys_Nendrasysstorefront_web_webroot_WEB_INF_lib_less_rhino_1_7_3_js_1::_c_$re_26 (308 bytes)

VM state:synchronizing (normal execution)

VM Mutex/Monitor currently owned by a thread:  ([mutex/lock_event])
[0x00000000002800c0] Threads_lock - owner thread: 0x00000000233e9800
[0x0000000000280a50] CompiledIC_lock - owner thread: 0x0000000000283000

Heap address: 0x0000000760c00000, size: 2548 MB, Compressed Oops mode: Zero based, Oop shift amount: 3
Narrow klass base: 0x0000000800000000, Narrow klass shift: 0
Compressed class space size: 1073741824 Address: 0x0000000800000000

Heap:
 garbage-first heap   total 236544K, used 80298K [0x0000000760c00000, 0x0000000800000000)
  region size 1024K, 69 young (70656K), 8 survivors (8192K)
 Metaspace       used 12895K, capacity 13005K, committed 13184K, reserved 1060864K
  class space    used 862K, capacity 896K, committed 896K, reserved 1048576K
Heap Regions: E=young(eden), S=young(survivor), O=old, HS=humongous(starts), HC=humongous(continues), CS=collection set, F=free, A=archive, TAMS=top-at-mark-start (previous, next)
|   0|0x0000000760c00000, 0x0000000760d00000, 0x0000000760d00000|100%| O|  |TAMS 0x0000000760c00000, 0x0000000760c00000| Untracked 
|   1|0x0000000760d00000, 0x0000000760e00000, 0x0000000760e00000|100%| O|  |TAMS 0x0000000760d00000, 0x0000000760d00000| Untracked 
|   2|0x0000000760e00000, 0x0000000760f00000, 0x0000000760f00000|100%|HS|  |TAMS 0x0000000760e00000, 0x0000000760e00000| Complete 
|   3|0x0000000760f00000, 0x0000000761000000, 0x0000000761000000|100%| O|  |TAMS 0x0000000760f00000, 0x0000000760f00000| Untracked 
|   4|0x0000000761000000, 0x0000000761100000, 0x0000000761100000|100%| O|  |TAMS 0x0000000761000000, 0x0000000761000000| Untracked 
|   5|0x0000000761100000, 0x0000000761200000, 0x0000000761200000|100%| O|  |TAMS 0x0000000761100000, 0x0000000761100000| Untracked 
|   6|0x0000000761200000, 0x0000000761300000, 0x0000000761300000|100%| O|  |TAMS 0x0000000761200000, 0x0000000761200000| Untracked 
|   7|0x0000000761300000, 0x0000000761400000, 0x0000000761400000|100%| O|  |TAMS 0x0000000761300000, 0x0000000761300000| Untracked 
|   8|0x0000000761400000, 0x0000000761500000, 0x0000000761500000|100%| O|  |TAMS 0x0000000761400000, 0x0000000761400000| Untracked 
|   9|0x0000000761500000, 0x00000007615f8c00, 0x0000000761600000| 97%| O|  |TAMS 0x0000000761500000, 0x0000000761500000| Untracked 
|  10|0x0000000761600000, 0x0000000761700000, 0x0000000761700000|100%| O|  |TAMS 0x0000000761600000, 0x0000000761600000| Untracked 
|  11|0x0000000761700000, 0x0000000761700000, 0x0000000761800000|  0%| F|  |TAMS 0x0000000761700000, 0x0000000761700000| Untracked 
|  12|0x0000000761800000, 0x0000000761800000, 0x0000000761900000|  0%| F|  |TAMS 0x0000000761800000, 0x0000000761800000| Untracked 
|  13|0x0000000761900000, 0x0000000761900000, 0x0000000761a00000|  0%| F|  |TAMS 0x0000000761900000, 0x0000000761900000| Untracked 
|  14|0x0000000761a00000, 0x0000000761a00000, 0x0000000761b00000|  0%| F|  |TAMS 0x0000000761a00000, 0x0000000761a00000| Untracked 
|  15|0x0000000761b00000, 0x0000000761b00000, 0x0000000761c00000|  0%| F|  |TAMS 0x0000000761b00000, 0x0000000761b00000| Untracked 
|  16|0x0000000761c00000, 0x0000000761c00000, 0x0000000761d00000|  0%| F|  |TAMS 0x0000000761c00000, 0x0000000761c00000| Untracked 
|  17|0x0000000761d00000, 0x0000000761d00000, 0x0000000761e00000|  0%| F|  |TAMS 0x0000000761d00000, 0x0000000761d00000| Untracked 
|  18|0x0000000761e00000, 0x0000000761e00000, 0x0000000761f00000|  0%| F|  |TAMS 0x0000000761e00000, 0x0000000761e00000| Untracked 
|  19|0x0000000761f00000, 0x0000000761f00000, 0x0000000762000000|  0%| F|  |TAMS 0x0000000761f00000, 0x0000000761f00000| Untracked 
|  20|0x0000000762000000, 0x0000000762000000, 0x0000000762100000|  0%| F|  |TAMS 0x0000000762000000, 0x0000000762000000| Untracked 
|  21|0x0000000762100000, 0x0000000762100000, 0x0000000762200000|  0%| F|  |TAMS 0x0000000762100000, 0x0000000762100000| Untracked 
|  22|0x0000000762200000, 0x0000000762200000, 0x0000000762300000|  0%| F|  |TAMS 0x0000000762200000, 0x0000000762200000| Untracked 
|  23|0x0000000762300000, 0x0000000762300000, 0x0000000762400000|  0%| F|  |TAMS 0x0000000762300000, 0x0000000762300000| Untracked 
|  24|0x0000000762400000, 0x0000000762400000, 0x0000000762500000|  0%| F|  |TAMS 0x0000000762400000, 0x0000000762400000| Untracked 
|  25|0x0000000762500000, 0x0000000762500000, 0x0000000762600000|  0%| F|  |TAMS 0x0000000762500000, 0x0000000762500000| Untracked 
|  26|0x0000000762600000, 0x0000000762600000, 0x0000000762700000|  0%| F|  |TAMS 0x0000000762600000, 0x0000000762600000| Untracked 
|  27|0x0000000762700000, 0x0000000762700000, 0x0000000762800000|  0%| F|  |TAMS 0x0000000762700000, 0x0000000762700000| Untracked 
|  28|0x0000000762800000, 0x0000000762800000, 0x0000000762900000|  0%| F|  |TAMS 0x0000000762800000, 0x0000000762800000| Untracked 
|  29|0x0000000762900000, 0x0000000762900000, 0x0000000762a00000|  0%| F|  |TAMS 0x0000000762900000, 0x0000000762900000| Untracked 
|  30|0x0000000762a00000, 0x0000000762a00000, 0x0000000762b00000|  0%| F|  |TAMS 0x0000000762a00000, 0x0000000762a00000| Untracked 
|  31|0x0000000762b00000, 0x0000000762b00000, 0x0000000762c00000|  0%| F|  |TAMS 0x0000000762b00000, 0x0000000762b00000| Untracked 
|  32|0x0000000762c00000, 0x0000000762c00000, 0x0000000762d00000|  0%| F|  |TAMS 0x0000000762c00000, 0x0000000762c00000| Untracked 
|  33|0x0000000762d00000, 0x0000000762d00000, 0x0000000762e00000|  0%| F|  |TAMS 0x0000000762d00000, 0x0000000762d00000| Untracked 
|  34|0x0000000762e00000, 0x0000000762e00000, 0x0000000762f00000|  0%| F|  |TAMS 0x0000000762e00000, 0x0000000762e00000| Untracked 
|  35|0x0000000762f00000, 0x0000000762f00000, 0x0000000763000000|  0%| F|  |TAMS 0x0000000762f00000, 0x0000000762f00000| Untracked 
|  36|0x0000000763000000, 0x0000000763000000, 0x0000000763100000|  0%| F|  |TAMS 0x0000000763000000, 0x0000000763000000| Untracked 
|  37|0x0000000763100000, 0x0000000763100000, 0x0000000763200000|  0%| F|  |TAMS 0x0000000763100000, 0x0000000763100000| Untracked 
|  38|0x0000000763200000, 0x0000000763200000, 0x0000000763300000|  0%| F|  |TAMS 0x0000000763200000, 0x0000000763200000| Untracked 
|  39|0x0000000763300000, 0x0000000763300000, 0x0000000763400000|  0%| F|  |TAMS 0x0000000763300000, 0x0000000763300000| Untracked 
|  40|0x0000000763400000, 0x0000000763400000, 0x0000000763500000|  0%| F|  |TAMS 0x0000000763400000, 0x0000000763400000| Untracked 
|  41|0x0000000763500000, 0x0000000763500000, 0x0000000763600000|  0%| F|  |TAMS 0x0000000763500000, 0x0000000763500000| Untracked 
|  42|0x0000000763600000, 0x0000000763600000, 0x0000000763700000|  0%| F|  |TAMS 0x0000000763600000, 0x0000000763600000| Untracked 
|  43|0x0000000763700000, 0x0000000763700000, 0x0000000763800000|  0%| F|  |TAMS 0x0000000763700000, 0x0000000763700000| Untracked 
|  44|0x0000000763800000, 0x0000000763800000, 0x0000000763900000|  0%| F|  |TAMS 0x0000000763800000, 0x0000000763800000| Untracked 
|  45|0x0000000763900000, 0x0000000763900000, 0x0000000763a00000|  0%| F|  |TAMS 0x0000000763900000, 0x0000000763900000| Untracked 
|  46|0x0000000763a00000, 0x0000000763a00000, 0x0000000763b00000|  0%| F|  |TAMS 0x0000000763a00000, 0x0000000763a00000| Untracked 
|  47|0x0000000763b00000, 0x0000000763b00000, 0x0000000763c00000|  0%| F|  |TAMS 0x0000000763b00000, 0x0000000763b00000| Untracked 
|  48|0x0000000763c00000, 0x0000000763c00000, 0x0000000763d00000|  0%| F|  |TAMS 0x0000000763c00000, 0x0000000763c00000| Untracked 
|  49|0x0000000763d00000, 0x0000000763d00000, 0x0000000763e00000|  0%| F|  |TAMS 0x0000000763d00000, 0x0000000763d00000| Untracked 
|  50|0x0000000763e00000, 0x0000000763e00000, 0x0000000763f00000|  0%| F|  |TAMS 0x0000000763e00000, 0x0000000763e00000| Untracked 
|  51|0x0000000763f00000, 0x0000000763f00000, 0x0000000764000000|  0%| F|  |TAMS 0x0000000763f00000, 0x0000000763f00000| Untracked 
|  52|0x0000000764000000, 0x0000000764000000, 0x0000000764100000|  0%| F|  |TAMS 0x0000000764000000, 0x0000000764000000| Untracked 
|  53|0x0000000764100000, 0x0000000764100000, 0x0000000764200000|  0%| F|  |TAMS 0x0000000764100000, 0x0000000764100000| Untracked 
|  54|0x0000000764200000, 0x0000000764200000, 0x0000000764300000|  0%| F|  |TAMS 0x0000000764200000, 0x0000000764200000| Untracked 
|  55|0x0000000764300000, 0x0000000764300000, 0x0000000764400000|  0%| F|  |TAMS 0x0000000764300000, 0x0000000764300000| Untracked 
|  56|0x0000000764400000, 0x0000000764400000, 0x0000000764500000|  0%| F|  |TAMS 0x0000000764400000, 0x0000000764400000| Untracked 
|  57|0x0000000764500000, 0x0000000764500000, 0x0000000764600000|  0%| F|  |TAMS 0x0000000764500000, 0x0000000764500000| Untracked 
|  58|0x0000000764600000, 0x0000000764600000, 0x0000000764700000|  0%| F|  |TAMS 0x0000000764600000, 0x0000000764600000| Untracked 
|  59|0x0000000764700000, 0x0000000764700000, 0x0000000764800000|  0%| F|  |TAMS 0x0000000764700000, 0x0000000764700000| Untracked 
|  60|0x0000000764800000, 0x0000000764800000, 0x0000000764900000|  0%| F|  |TAMS 0x0000000764800000, 0x0000000764800000| Untracked 
|  61|0x0000000764900000, 0x0000000764900000, 0x0000000764a00000|  0%| F|  |TAMS 0x0000000764900000, 0x0000000764900000| Untracked 
|  62|0x0000000764a00000, 0x0000000764a00000, 0x0000000764b00000|  0%| F|  |TAMS 0x0000000764a00000, 0x0000000764a00000| Untracked 
|  63|0x0000000764b00000, 0x0000000764b00000, 0x0000000764c00000|  0%| F|  |TAMS 0x0000000764b00000, 0x0000000764b00000| Untracked 
|  64|0x0000000764c00000, 0x0000000764c00000, 0x0000000764d00000|  0%| F|  |TAMS 0x0000000764c00000, 0x0000000764c00000| Untracked 
|  65|0x0000000764d00000, 0x0000000764d00000, 0x0000000764e00000|  0%| F|  |TAMS 0x0000000764d00000, 0x0000000764d00000| Untracked 
|  66|0x0000000764e00000, 0x0000000764e00000, 0x0000000764f00000|  0%| F|  |TAMS 0x0000000764e00000, 0x0000000764e00000| Untracked 
|  67|0x0000000764f00000, 0x0000000764f00000, 0x0000000765000000|  0%| F|  |TAMS 0x0000000764f00000, 0x0000000764f00000| Untracked 
|  68|0x0000000765000000, 0x0000000765000000, 0x0000000765100000|  0%| F|  |TAMS 0x0000000765000000, 0x0000000765000000| Untracked 
|  69|0x0000000765100000, 0x0000000765100000, 0x0000000765200000|  0%| F|  |TAMS 0x0000000765100000, 0x0000000765100000| Untracked 
|  70|0x0000000765200000, 0x0000000765200000, 0x0000000765300000|  0%| F|  |TAMS 0x0000000765200000, 0x0000000765200000| Untracked 
|  71|0x0000000765300000, 0x0000000765300000, 0x0000000765400000|  0%| F|  |TAMS 0x0000000765300000, 0x0000000765300000| Untracked 
|  72|0x0000000765400000, 0x0000000765400000, 0x0000000765500000|  0%| F|  |TAMS 0x0000000765400000, 0x0000000765400000| Untracked 
|  73|0x0000000765500000, 0x0000000765500000, 0x0000000765600000|  0%| F|  |TAMS 0x0000000765500000, 0x0000000765500000| Untracked 
|  74|0x0000000765600000, 0x0000000765600000, 0x0000000765700000|  0%| F|  |TAMS 0x0000000765600000, 0x0000000765600000| Untracked 
|  75|0x0000000765700000, 0x0000000765700000, 0x0000000765800000|  0%| F|  |TAMS 0x0000000765700000, 0x0000000765700000| Untracked 
|  76|0x0000000765800000, 0x0000000765800000, 0x0000000765900000|  0%| F|  |TAMS 0x0000000765800000, 0x0000000765800000| Untracked 
|  77|0x0000000765900000, 0x0000000765900000, 0x0000000765a00000|  0%| F|  |TAMS 0x0000000765900000, 0x0000000765900000| Untracked 
|  78|0x0000000765a00000, 0x0000000765a00000, 0x0000000765b00000|  0%| F|  |TAMS 0x0000000765a00000, 0x0000000765a00000| Untracked 
|  79|0x0000000765b00000, 0x0000000765b00000, 0x0000000765c00000|  0%| F|  |TAMS 0x0000000765b00000, 0x0000000765b00000| Untracked 
|  80|0x0000000765c00000, 0x0000000765c00000, 0x0000000765d00000|  0%| F|  |TAMS 0x0000000765c00000, 0x0000000765c00000| Untracked 
|  81|0x0000000765d00000, 0x0000000765d00000, 0x0000000765e00000|  0%| F|  |TAMS 0x0000000765d00000, 0x0000000765d00000| Untracked 
|  82|0x0000000765e00000, 0x0000000765e00000, 0x0000000765f00000|  0%| F|  |TAMS 0x0000000765e00000, 0x0000000765e00000| Untracked 
|  83|0x0000000765f00000, 0x0000000765f00000, 0x0000000766000000|  0%| F|  |TAMS 0x0000000765f00000, 0x0000000765f00000| Untracked 
|  84|0x0000000766000000, 0x0000000766000000, 0x0000000766100000|  0%| F|  |TAMS 0x0000000766000000, 0x0000000766000000| Untracked 
|  85|0x0000000766100000, 0x0000000766100000, 0x0000000766200000|  0%| F|  |TAMS 0x0000000766100000, 0x0000000766100000| Untracked 
|  86|0x0000000766200000, 0x0000000766200000, 0x0000000766300000|  0%| F|  |TAMS 0x0000000766200000, 0x0000000766200000| Untracked 
|  87|0x0000000766300000, 0x0000000766300000, 0x0000000766400000|  0%| F|  |TAMS 0x0000000766300000, 0x0000000766300000| Untracked 
|  88|0x0000000766400000, 0x0000000766400000, 0x0000000766500000|  0%| F|  |TAMS 0x0000000766400000, 0x0000000766400000| Untracked 
|  89|0x0000000766500000, 0x0000000766500000, 0x0000000766600000|  0%| F|  |TAMS 0x0000000766500000, 0x0000000766500000| Untracked 
|  90|0x0000000766600000, 0x0000000766600000, 0x0000000766700000|  0%| F|  |TAMS 0x0000000766600000, 0x0000000766600000| Untracked 
|  91|0x0000000766700000, 0x0000000766700000, 0x0000000766800000|  0%| F|  |TAMS 0x0000000766700000, 0x0000000766700000| Untracked 
|  92|0x0000000766800000, 0x0000000766800000, 0x0000000766900000|  0%| F|  |TAMS 0x0000000766800000, 0x0000000766800000| Untracked 
|  93|0x0000000766900000, 0x0000000766900000, 0x0000000766a00000|  0%| F|  |TAMS 0x0000000766900000, 0x0000000766900000| Untracked 
|  94|0x0000000766a00000, 0x0000000766a71f00, 0x0000000766b00000| 44%| S|CS|TAMS 0x0000000766a00000, 0x0000000766a00000| Complete 
|  95|0x0000000766b00000, 0x0000000766c00000, 0x0000000766c00000|100%| S|CS|TAMS 0x0000000766b00000, 0x0000000766b00000| Complete 
|  96|0x0000000766c00000, 0x0000000766d00000, 0x0000000766d00000|100%| S|CS|TAMS 0x0000000766c00000, 0x0000000766c00000| Complete 
|  97|0x0000000766d00000, 0x0000000766e00000, 0x0000000766e00000|100%| S|CS|TAMS 0x0000000766d00000, 0x0000000766d00000| Complete 
|  98|0x0000000766e00000, 0x0000000766f00000, 0x0000000766f00000|100%| S|CS|TAMS 0x0000000766e00000, 0x0000000766e00000| Complete 
|  99|0x0000000766f00000, 0x0000000767000000, 0x0000000767000000|100%| S|CS|TAMS 0x0000000766f00000, 0x0000000766f00000| Complete 
| 100|0x0000000767000000, 0x0000000767100000, 0x0000000767100000|100%| S|CS|TAMS 0x0000000767000000, 0x0000000767000000| Complete 
| 101|0x0000000767100000, 0x0000000767200000, 0x0000000767200000|100%| S|CS|TAMS 0x0000000767100000, 0x0000000767100000| Complete 
| 102|0x0000000767200000, 0x0000000767200000, 0x0000000767300000|  0%| F|  |TAMS 0x0000000767200000, 0x0000000767200000| Untracked 
| 103|0x0000000767300000, 0x0000000767300000, 0x0000000767400000|  0%| F|  |TAMS 0x0000000767300000, 0x0000000767300000| Untracked 
| 104|0x0000000767400000, 0x0000000767400000, 0x0000000767500000|  0%| F|  |TAMS 0x0000000767400000, 0x0000000767400000| Untracked 
| 105|0x0000000767500000, 0x0000000767500000, 0x0000000767600000|  0%| F|  |TAMS 0x0000000767500000, 0x0000000767500000| Untracked 
| 106|0x0000000767600000, 0x0000000767600000, 0x0000000767700000|  0%| F|  |TAMS 0x0000000767600000, 0x0000000767600000| Untracked 
| 107|0x0000000767700000, 0x0000000767700000, 0x0000000767800000|  0%| F|  |TAMS 0x0000000767700000, 0x0000000767700000| Untracked 
| 108|0x0000000767800000, 0x0000000767800000, 0x0000000767900000|  0%| F|  |TAMS 0x0000000767800000, 0x0000000767800000| Untracked 
| 109|0x0000000767900000, 0x0000000767900000, 0x0000000767a00000|  0%| F|  |TAMS 0x0000000767900000, 0x0000000767900000| Untracked 
| 110|0x0000000767a00000, 0x0000000767a00000, 0x0000000767b00000|  0%| F|  |TAMS 0x0000000767a00000, 0x0000000767a00000| Untracked 
| 111|0x0000000767b00000, 0x0000000767b00000, 0x0000000767c00000|  0%| F|  |TAMS 0x0000000767b00000, 0x0000000767b00000| Untracked 
| 112|0x0000000767c00000, 0x0000000767c00000, 0x0000000767d00000|  0%| F|  |TAMS 0x0000000767c00000, 0x0000000767c00000| Untracked 
| 113|0x0000000767d00000, 0x0000000767d00000, 0x0000000767e00000|  0%| F|  |TAMS 0x0000000767d00000, 0x0000000767d00000| Untracked 
| 114|0x0000000767e00000, 0x0000000767e00000, 0x0000000767f00000|  0%| F|  |TAMS 0x0000000767e00000, 0x0000000767e00000| Untracked 
| 115|0x0000000767f00000, 0x0000000767f00000, 0x0000000768000000|  0%| F|  |TAMS 0x0000000767f00000, 0x0000000767f00000| Untracked 
| 116|0x0000000768000000, 0x0000000768000000, 0x0000000768100000|  0%| F|  |TAMS 0x0000000768000000, 0x0000000768000000| Untracked 
| 117|0x0000000768100000, 0x0000000768100000, 0x0000000768200000|  0%| F|  |TAMS 0x0000000768100000, 0x0000000768100000| Untracked 
| 118|0x0000000768200000, 0x0000000768200000, 0x0000000768300000|  0%| F|  |TAMS 0x0000000768200000, 0x0000000768200000| Untracked 
| 119|0x0000000768300000, 0x0000000768300000, 0x0000000768400000|  0%| F|  |TAMS 0x0000000768300000, 0x0000000768300000| Untracked 
| 120|0x0000000768400000, 0x0000000768400000, 0x0000000768500000|  0%| F|  |TAMS 0x0000000768400000, 0x0000000768400000| Untracked 
| 121|0x0000000768500000, 0x0000000768500000, 0x0000000768600000|  0%| F|  |TAMS 0x0000000768500000, 0x0000000768500000| Untracked 
| 122|0x0000000768600000, 0x0000000768600000, 0x0000000768700000|  0%| F|  |TAMS 0x0000000768600000, 0x0000000768600000| Untracked 
| 123|0x0000000768700000, 0x0000000768700000, 0x0000000768800000|  0%| F|  |TAMS 0x0000000768700000, 0x0000000768700000| Untracked 
| 124|0x0000000768800000, 0x0000000768800000, 0x0000000768900000|  0%| F|  |TAMS 0x0000000768800000, 0x0000000768800000| Untracked 
| 125|0x0000000768900000, 0x0000000768900000, 0x0000000768a00000|  0%| F|  |TAMS 0x0000000768900000, 0x0000000768900000| Untracked 
| 126|0x0000000768a00000, 0x0000000768a00000, 0x0000000768b00000|  0%| F|  |TAMS 0x0000000768a00000, 0x0000000768a00000| Untracked 
| 127|0x0000000768b00000, 0x0000000768b00000, 0x0000000768c00000|  0%| F|  |TAMS 0x0000000768b00000, 0x0000000768b00000| Untracked 
| 128|0x0000000768c00000, 0x0000000768c00000, 0x0000000768d00000|  0%| F|  |TAMS 0x0000000768c00000, 0x0000000768c00000| Untracked 
| 129|0x0000000768d00000, 0x0000000768d00000, 0x0000000768e00000|  0%| F|  |TAMS 0x0000000768d00000, 0x0000000768d00000| Untracked 
| 130|0x0000000768e00000, 0x0000000768e00000, 0x0000000768f00000|  0%| F|  |TAMS 0x0000000768e00000, 0x0000000768e00000| Untracked 
| 131|0x0000000768f00000, 0x0000000768f00000, 0x0000000769000000|  0%| F|  |TAMS 0x0000000768f00000, 0x0000000768f00000| Untracked 
| 132|0x0000000769000000, 0x0000000769000000, 0x0000000769100000|  0%| F|  |TAMS 0x0000000769000000, 0x0000000769000000| Untracked 
| 133|0x0000000769100000, 0x0000000769100000, 0x0000000769200000|  0%| F|  |TAMS 0x0000000769100000, 0x0000000769100000| Untracked 
| 134|0x0000000769200000, 0x0000000769200000, 0x0000000769300000|  0%| F|  |TAMS 0x0000000769200000, 0x0000000769200000| Untracked 
| 135|0x0000000769300000, 0x0000000769300000, 0x0000000769400000|  0%| F|  |TAMS 0x0000000769300000, 0x0000000769300000| Untracked 
| 136|0x0000000769400000, 0x0000000769400000, 0x0000000769500000|  0%| F|  |TAMS 0x0000000769400000, 0x0000000769400000| Untracked 
| 137|0x0000000769500000, 0x0000000769500000, 0x0000000769600000|  0%| F|  |TAMS 0x0000000769500000, 0x0000000769500000| Untracked 
| 138|0x0000000769600000, 0x0000000769600000, 0x0000000769700000|  0%| F|  |TAMS 0x0000000769600000, 0x0000000769600000| Untracked 
| 139|0x0000000769700000, 0x0000000769700000, 0x0000000769800000|  0%| F|  |TAMS 0x0000000769700000, 0x0000000769700000| Untracked 
| 140|0x0000000769800000, 0x0000000769800000, 0x0000000769900000|  0%| F|  |TAMS 0x0000000769800000, 0x0000000769800000| Untracked 
| 141|0x0000000769900000, 0x0000000769900000, 0x0000000769a00000|  0%| F|  |TAMS 0x0000000769900000, 0x0000000769900000| Untracked 
| 142|0x0000000769a00000, 0x0000000769a00000, 0x0000000769b00000|  0%| F|  |TAMS 0x0000000769a00000, 0x0000000769a00000| Untracked 
| 143|0x0000000769b00000, 0x0000000769b00000, 0x0000000769c00000|  0%| F|  |TAMS 0x0000000769b00000, 0x0000000769b00000| Untracked 
| 144|0x0000000769c00000, 0x0000000769c00000, 0x0000000769d00000|  0%| F|  |TAMS 0x0000000769c00000, 0x0000000769c00000| Untracked 
| 145|0x0000000769d00000, 0x0000000769d00000, 0x0000000769e00000|  0%| F|  |TAMS 0x0000000769d00000, 0x0000000769d00000| Untracked 
| 146|0x0000000769e00000, 0x0000000769e00000, 0x0000000769f00000|  0%| F|  |TAMS 0x0000000769e00000, 0x0000000769e00000| Untracked 
| 147|0x0000000769f00000, 0x0000000769f00000, 0x000000076a000000|  0%| F|  |TAMS 0x0000000769f00000, 0x0000000769f00000| Untracked 
| 148|0x000000076a000000, 0x000000076a000000, 0x000000076a100000|  0%| F|  |TAMS 0x000000076a000000, 0x000000076a000000| Untracked 
| 149|0x000000076a100000, 0x000000076a100000, 0x000000076a200000|  0%| F|  |TAMS 0x000000076a100000, 0x000000076a100000| Untracked 
| 150|0x000000076a200000, 0x000000076a200000, 0x000000076a300000|  0%| F|  |TAMS 0x000000076a200000, 0x000000076a200000| Untracked 
| 151|0x000000076a300000, 0x000000076a300000, 0x000000076a400000|  0%| F|  |TAMS 0x000000076a300000, 0x000000076a300000| Untracked 
| 152|0x000000076a400000, 0x000000076a400000, 0x000000076a500000|  0%| F|  |TAMS 0x000000076a400000, 0x000000076a400000| Untracked 
| 153|0x000000076a500000, 0x000000076a500000, 0x000000076a600000|  0%| F|  |TAMS 0x000000076a500000, 0x000000076a500000| Untracked 
| 154|0x000000076a600000, 0x000000076a600000, 0x000000076a700000|  0%| F|  |TAMS 0x000000076a600000, 0x000000076a600000| Untracked 
| 155|0x000000076a700000, 0x000000076a700000, 0x000000076a800000|  0%| F|  |TAMS 0x000000076a700000, 0x000000076a700000| Untracked 
| 156|0x000000076a800000, 0x000000076a800000, 0x000000076a900000|  0%| F|  |TAMS 0x000000076a800000, 0x000000076a800000| Untracked 
| 157|0x000000076a900000, 0x000000076a900000, 0x000000076aa00000|  0%| F|  |TAMS 0x000000076a900000, 0x000000076a900000| Untracked 
| 158|0x000000076aa00000, 0x000000076aa00000, 0x000000076ab00000|  0%| F|  |TAMS 0x000000076aa00000, 0x000000076aa00000| Untracked 
| 159|0x000000076ab00000, 0x000000076ab00000, 0x000000076ac00000|  0%| F|  |TAMS 0x000000076ab00000, 0x000000076ab00000| Untracked 
| 160|0x000000076ac00000, 0x000000076ac00000, 0x000000076ad00000|  0%| F|  |TAMS 0x000000076ac00000, 0x000000076ac00000| Untracked 
| 161|0x000000076ad00000, 0x000000076ad00000, 0x000000076ae00000|  0%| F|  |TAMS 0x000000076ad00000, 0x000000076ad00000| Untracked 
| 162|0x000000076ae00000, 0x000000076ae00000, 0x000000076af00000|  0%| F|  |TAMS 0x000000076ae00000, 0x000000076ae00000| Untracked 
| 163|0x000000076af00000, 0x000000076af00000, 0x000000076b000000|  0%| F|  |TAMS 0x000000076af00000, 0x000000076af00000| Untracked 
| 164|0x000000076b000000, 0x000000076b000000, 0x000000076b100000|  0%| F|  |TAMS 0x000000076b000000, 0x000000076b000000| Untracked 
| 165|0x000000076b100000, 0x000000076b100000, 0x000000076b200000|  0%| F|  |TAMS 0x000000076b100000, 0x000000076b100000| Untracked 
| 166|0x000000076b200000, 0x000000076b200000, 0x000000076b300000|  0%| F|  |TAMS 0x000000076b200000, 0x000000076b200000| Untracked 
| 167|0x000000076b300000, 0x000000076b300000, 0x000000076b400000|  0%| F|  |TAMS 0x000000076b300000, 0x000000076b300000| Untracked 
| 168|0x000000076b400000, 0x000000076b400000, 0x000000076b500000|  0%| F|  |TAMS 0x000000076b400000, 0x000000076b400000| Untracked 
| 169|0x000000076b500000, 0x000000076b500000, 0x000000076b600000|  0%| F|  |TAMS 0x000000076b500000, 0x000000076b500000| Untracked 
| 170|0x000000076b600000, 0x000000076b700000, 0x000000076b700000|100%| E|  |TAMS 0x000000076b600000, 0x000000076b600000| Complete 
| 171|0x000000076b700000, 0x000000076b800000, 0x000000076b800000|100%| E|CS|TAMS 0x000000076b700000, 0x000000076b700000| Complete 
| 172|0x000000076b800000, 0x000000076b900000, 0x000000076b900000|100%| E|CS|TAMS 0x000000076b800000, 0x000000076b800000| Complete 
| 173|0x000000076b900000, 0x000000076ba00000, 0x000000076ba00000|100%| E|CS|TAMS 0x000000076b900000, 0x000000076b900000| Complete 
| 174|0x000000076ba00000, 0x000000076bb00000, 0x000000076bb00000|100%| E|CS|TAMS 0x000000076ba00000, 0x000000076ba00000| Complete 
| 175|0x000000076bb00000, 0x000000076bc00000, 0x000000076bc00000|100%| E|CS|TAMS 0x000000076bb00000, 0x000000076bb00000| Complete 
| 176|0x000000076bc00000, 0x000000076bd00000, 0x000000076bd00000|100%| E|CS|TAMS 0x000000076bc00000, 0x000000076bc00000| Complete 
| 177|0x000000076bd00000, 0x000000076be00000, 0x000000076be00000|100%| E|CS|TAMS 0x000000076bd00000, 0x000000076bd00000| Complete 
| 178|0x000000076be00000, 0x000000076bf00000, 0x000000076bf00000|100%| E|CS|TAMS 0x000000076be00000, 0x000000076be00000| Complete 
| 179|0x000000076bf00000, 0x000000076c000000, 0x000000076c000000|100%| E|CS|TAMS 0x000000076bf00000, 0x000000076bf00000| Complete 
| 180|0x000000076c000000, 0x000000076c100000, 0x000000076c100000|100%| E|CS|TAMS 0x000000076c000000, 0x000000076c000000| Complete 
| 181|0x000000076c100000, 0x000000076c200000, 0x000000076c200000|100%| E|CS|TAMS 0x000000076c100000, 0x000000076c100000| Complete 
| 182|0x000000076c200000, 0x000000076c300000, 0x000000076c300000|100%| E|CS|TAMS 0x000000076c200000, 0x000000076c200000| Complete 
| 183|0x000000076c300000, 0x000000076c400000, 0x000000076c400000|100%| E|CS|TAMS 0x000000076c300000, 0x000000076c300000| Complete 
| 184|0x000000076c400000, 0x000000076c500000, 0x000000076c500000|100%| E|CS|TAMS 0x000000076c400000, 0x000000076c400000| Complete 
| 185|0x000000076c500000, 0x000000076c600000, 0x000000076c600000|100%| E|CS|TAMS 0x000000076c500000, 0x000000076c500000| Complete 
| 186|0x000000076c600000, 0x000000076c700000, 0x000000076c700000|100%| E|CS|TAMS 0x000000076c600000, 0x000000076c600000| Complete 
| 187|0x000000076c700000, 0x000000076c800000, 0x000000076c800000|100%| E|CS|TAMS 0x000000076c700000, 0x000000076c700000| Complete 
| 188|0x000000076c800000, 0x000000076c900000, 0x000000076c900000|100%| E|CS|TAMS 0x000000076c800000, 0x000000076c800000| Complete 
| 189|0x000000076c900000, 0x000000076ca00000, 0x000000076ca00000|100%| E|CS|TAMS 0x000000076c900000, 0x000000076c900000| Complete 
| 190|0x000000076ca00000, 0x000000076cb00000, 0x000000076cb00000|100%| E|CS|TAMS 0x000000076ca00000, 0x000000076ca00000| Complete 
| 191|0x000000076cb00000, 0x000000076cc00000, 0x000000076cc00000|100%| E|CS|TAMS 0x000000076cb00000, 0x000000076cb00000| Complete 
| 192|0x000000076cc00000, 0x000000076cd00000, 0x000000076cd00000|100%| E|CS|TAMS 0x000000076cc00000, 0x000000076cc00000| Complete 
| 193|0x000000076cd00000, 0x000000076ce00000, 0x000000076ce00000|100%| E|CS|TAMS 0x000000076cd00000, 0x000000076cd00000| Complete 
| 194|0x000000076ce00000, 0x000000076cf00000, 0x000000076cf00000|100%| E|CS|TAMS 0x000000076ce00000, 0x000000076ce00000| Complete 
| 195|0x000000076cf00000, 0x000000076d000000, 0x000000076d000000|100%| E|CS|TAMS 0x000000076cf00000, 0x000000076cf00000| Complete 
| 196|0x000000076d000000, 0x000000076d100000, 0x000000076d100000|100%| E|CS|TAMS 0x000000076d000000, 0x000000076d000000| Complete 
| 197|0x000000076d100000, 0x000000076d200000, 0x000000076d200000|100%| E|CS|TAMS 0x000000076d100000, 0x000000076d100000| Complete 
| 198|0x000000076d200000, 0x000000076d300000, 0x000000076d300000|100%| E|CS|TAMS 0x000000076d200000, 0x000000076d200000| Complete 
| 199|0x000000076d300000, 0x000000076d400000, 0x000000076d400000|100%| E|CS|TAMS 0x000000076d300000, 0x000000076d300000| Complete 
| 200|0x000000076d400000, 0x000000076d500000, 0x000000076d500000|100%| E|CS|TAMS 0x000000076d400000, 0x000000076d400000| Complete 
| 201|0x000000076d500000, 0x000000076d600000, 0x000000076d600000|100%| E|CS|TAMS 0x000000076d500000, 0x000000076d500000| Complete 
| 202|0x000000076d600000, 0x000000076d700000, 0x000000076d700000|100%| E|CS|TAMS 0x000000076d600000, 0x000000076d600000| Complete 
| 203|0x000000076d700000, 0x000000076d800000, 0x000000076d800000|100%| E|CS|TAMS 0x000000076d700000, 0x000000076d700000| Complete 
| 204|0x000000076d800000, 0x000000076d900000, 0x000000076d900000|100%| E|CS|TAMS 0x000000076d800000, 0x000000076d800000| Complete 
| 205|0x000000076d900000, 0x000000076da00000, 0x000000076da00000|100%| E|CS|TAMS 0x000000076d900000, 0x000000076d900000| Complete 
| 206|0x000000076da00000, 0x000000076db00000, 0x000000076db00000|100%| E|CS|TAMS 0x000000076da00000, 0x000000076da00000| Complete 
| 207|0x000000076db00000, 0x000000076dc00000, 0x000000076dc00000|100%| E|CS|TAMS 0x000000076db00000, 0x000000076db00000| Complete 
| 208|0x000000076dc00000, 0x000000076dd00000, 0x000000076dd00000|100%| E|CS|TAMS 0x000000076dc00000, 0x000000076dc00000| Complete 
| 209|0x000000076dd00000, 0x000000076de00000, 0x000000076de00000|100%| E|CS|TAMS 0x000000076dd00000, 0x000000076dd00000| Complete 
| 210|0x000000076de00000, 0x000000076df00000, 0x000000076df00000|100%| E|CS|TAMS 0x000000076de00000, 0x000000076de00000| Complete 
| 211|0x000000076df00000, 0x000000076e000000, 0x000000076e000000|100%| E|CS|TAMS 0x000000076df00000, 0x000000076df00000| Complete 
| 212|0x000000076e000000, 0x000000076e100000, 0x000000076e100000|100%| E|CS|TAMS 0x000000076e000000, 0x000000076e000000| Complete 
| 213|0x000000076e100000, 0x000000076e200000, 0x000000076e200000|100%| E|CS|TAMS 0x000000076e100000, 0x000000076e100000| Complete 
| 214|0x000000076e200000, 0x000000076e300000, 0x000000076e300000|100%| E|CS|TAMS 0x000000076e200000, 0x000000076e200000| Complete 
| 215|0x000000076e300000, 0x000000076e400000, 0x000000076e400000|100%| E|CS|TAMS 0x000000076e300000, 0x000000076e300000| Complete 
| 216|0x000000076e400000, 0x000000076e500000, 0x000000076e500000|100%| E|CS|TAMS 0x000000076e400000, 0x000000076e400000| Complete 
| 217|0x000000076e500000, 0x000000076e600000, 0x000000076e600000|100%| E|CS|TAMS 0x000000076e500000, 0x000000076e500000| Complete 
| 218|0x000000076e600000, 0x000000076e700000, 0x000000076e700000|100%| E|CS|TAMS 0x000000076e600000, 0x000000076e600000| Complete 
| 219|0x000000076e700000, 0x000000076e800000, 0x000000076e800000|100%| E|CS|TAMS 0x000000076e700000, 0x000000076e700000| Complete 
| 220|0x000000076e800000, 0x000000076e900000, 0x000000076e900000|100%| E|CS|TAMS 0x000000076e800000, 0x000000076e800000| Complete 
| 221|0x000000076e900000, 0x000000076ea00000, 0x000000076ea00000|100%| E|CS|TAMS 0x000000076e900000, 0x000000076e900000| Complete 
| 222|0x000000076ea00000, 0x000000076eb00000, 0x000000076eb00000|100%| E|CS|TAMS 0x000000076ea00000, 0x000000076ea00000| Complete 
| 223|0x000000076eb00000, 0x000000076ec00000, 0x000000076ec00000|100%| E|CS|TAMS 0x000000076eb00000, 0x000000076eb00000| Complete 
| 224|0x000000076ec00000, 0x000000076ed00000, 0x000000076ed00000|100%| E|CS|TAMS 0x000000076ec00000, 0x000000076ec00000| Complete 
| 225|0x000000076ed00000, 0x000000076ee00000, 0x000000076ee00000|100%| E|CS|TAMS 0x000000076ed00000, 0x000000076ed00000| Complete 
| 226|0x000000076ee00000, 0x000000076ef00000, 0x000000076ef00000|100%| E|CS|TAMS 0x000000076ee00000, 0x000000076ee00000| Complete 
| 227|0x000000076ef00000, 0x000000076f000000, 0x000000076f000000|100%| E|CS|TAMS 0x000000076ef00000, 0x000000076ef00000| Complete 
| 228|0x000000076f000000, 0x000000076f100000, 0x000000076f100000|100%| E|CS|TAMS 0x000000076f000000, 0x000000076f000000| Complete 
| 229|0x000000076f100000, 0x000000076f200000, 0x000000076f200000|100%| E|CS|TAMS 0x000000076f100000, 0x000000076f100000| Complete 
| 230|0x000000076f200000, 0x000000076f300000, 0x000000076f300000|100%| E|CS|TAMS 0x000000076f200000, 0x000000076f200000| Complete 

Card table byte_map: [0x000000001a5e0000,0x000000001aae0000] _byte_map_base: 0x0000000016ada000

Marking Bits (Prev, Next): (CMBitMap*) 0x00000000002d00d8, (CMBitMap*) 0x00000000002d0110
 Prev Bits: [0x000000001afe0000, 0x000000001d7b0000)
 Next Bits: [0x000000001d7b0000, 0x000000001ff80000)

Polling page: 0x0000000000430000

Metaspace:

Usage:
  Non-class:     11.83 MB capacity,    11.75 MB (>99%) used,    66.91 KB ( <1%) free+waste,     9.31 KB ( <1%) overhead. 
      Class:    896.00 KB capacity,   862.44 KB ( 96%) used,    31.19 KB (  3%) free+waste,     2.38 KB ( <1%) overhead. 
       Both:     12.70 MB capacity,    12.59 MB (>99%) used,    98.10 KB ( <1%) free+waste,    11.69 KB ( <1%) overhead. 

Virtual space:
  Non-class space:       12.00 MB reserved,      12.00 MB (100%) committed 
      Class space:        1.00 GB reserved,     896.00 KB ( <1%) committed 
             Both:        1.01 GB reserved,      12.88 MB (  1%) committed 

Chunk freelists:
   Non-Class:  14.38 KB
       Class:  0 bytes
        Both:  14.38 KB

CodeHeap 'non-profiled nmethods': size=120064Kb used=1273Kb max_used=1273Kb free=118790Kb
 bounds [0x0000000012470000, 0x00000000126e0000, 0x00000000199b0000]
CodeHeap 'profiled nmethods': size=120000Kb used=6980Kb max_used=6980Kb free=113019Kb
 bounds [0x000000000af40000, 0x000000000b620000, 0x0000000012470000]
CodeHeap 'non-nmethods': size=5696Kb used=1093Kb max_used=1182Kb free=4603Kb
 bounds [0x000000000a9b0000, 0x000000000ac20000, 0x000000000af40000]
 total_blobs=2176 nmethods=1790 adapters=297
 compilation: enabled
              stopped_count=0, restarted_count=0
 full_count=0

Compilation events (10 events):
Event: 5.736 Thread 0x0000000023455800 nmethod 1879 0x000000000b60ee10 code [0x000000000b60f000, 0x000000000b60f318]
Event: 5.747 Thread 0x0000000023455800 1882       2       org.mozilla.javascript.ScriptableObject::getBase (27 bytes)
Event: 5.748 Thread 0x0000000023455800 nmethod 1882 0x000000000b60f510 code [0x000000000b60f6c0, 0x000000000b60f898]
Event: 5.748 Thread 0x0000000023455800 1881       2       org.mozilla.javascript.ScriptableObject::putProperty (22 bytes)
Event: 5.748 Thread 0x0000000023455800 nmethod 1881 0x000000000b60f990 code [0x000000000b60fb60, 0x000000000b60fd88]
Event: 5.787 Thread 0x0000000023455800 1883       2       org.mozilla.javascript.ScriptRuntime::shallowEq (196 bytes)
Event: 5.789 Thread 0x0000000023455800 nmethod 1883 0x000000000b60ff10 code [0x000000000b610160, 0x000000000b610a98]
Event: 5.810 Thread 0x0000000023450000 nmethod 1824 0x0000000012597390 code [0x000000001259b040, 0x00000000125a4c30]
Event: 5.821 Thread 0x0000000023455800 1885       2       org.mozilla.javascript.ScriptRuntime::add (13 bytes)
Event: 5.821 Thread 0x0000000023455800 nmethod 1885 0x000000000b610d10 code [0x000000000b610ee0, 0x000000000b6111f8]

GC Heap History (10 events):
Event: 1.298 GC heap before
{Heap before GC invocations=1 (full 0):
 garbage-first heap   total 163840K, used 12616K [0x0000000760c00000, 0x0000000800000000)
  region size 1024K, 8 young (8192K), 2 survivors (2048K)
 Metaspace       used 9237K, capacity 9290K, committed 9600K, reserved 1058816K
  class space    used 788K, capacity 820K, committed 896K, reserved 1048576K
}
Event: 1.309 GC heap after
{Heap after GC invocations=2 (full 0):
 garbage-first heap   total 163840K, used 9216K [0x0000000760c00000, 0x0000000800000000)
  region size 1024K, 1 young (1024K), 1 survivors (1024K)
 Metaspace       used 9237K, capacity 9290K, committed 9600K, reserved 1058816K
  class space    used 788K, capacity 820K, committed 896K, reserved 1048576K
}
Event: 1.817 GC heap before
{Heap before GC invocations=2 (full 0):
 garbage-first heap   total 163840K, used 19456K [0x0000000760c00000, 0x0000000800000000)
  region size 1024K, 11 young (11264K), 1 survivors (1024K)
 Metaspace       used 9559K, capacity 9714K, committed 9856K, reserved 1058816K
  class space    used 804K, capacity 855K, committed 896K, reserved 1048576K
}
Event: 1.822 GC heap after
{Heap after GC invocations=3 (full 0):
 garbage-first heap   total 163840K, used 10728K [0x0000000760c00000, 0x0000000800000000)
  region size 1024K, 2 young (2048K), 2 survivors (2048K)
 Metaspace       used 9559K, capacity 9714K, committed 9856K, reserved 1058816K
  class space    used 804K, capacity 855K, committed 896K, reserved 1048576K
}
Event: 2.932 GC heap before
{Heap before GC invocations=3 (full 0):
 garbage-first heap   total 163840K, used 31208K [0x0000000760c00000, 0x0000000800000000)
  region size 1024K, 21 young (21504K), 2 survivors (2048K)
 Metaspace       used 12509K, capacity 12682K, committed 12928K, reserved 1060864K
  class space    used 854K, capacity 895K, committed 896K, reserved 1048576K
}
Event: 2.953 GC heap after
{Heap after GC invocations=4 (full 0):
 garbage-first heap   total 163840K, used 11362K [0x0000000760c00000, 0x0000000800000000)
  region size 1024K, 2 young (2048K), 2 survivors (2048K)
 Metaspace       used 12509K, capacity 12682K, committed 12928K, reserved 1060864K
  class space    used 854K, capacity 895K, committed 896K, reserved 1048576K
}
Event: 3.996 GC heap before
{Heap before GC invocations=4 (full 0):
 garbage-first heap   total 163840K, used 50274K [0x0000000760c00000, 0x0000000800000000)
  region size 1024K, 40 young (40960K), 2 survivors (2048K)
 Metaspace       used 12868K, capacity 13005K, committed 13184K, reserved 1060864K
  class space    used 862K, capacity 896K, committed 896K, reserved 1048576K
}
Event: 4.017 GC heap after
{Heap after GC invocations=5 (full 0):
 garbage-first heap   total 163840K, used 14589K [0x0000000760c00000, 0x0000000800000000)
  region size 1024K, 5 young (5120K), 5 survivors (5120K)
 Metaspace       used 12868K, capacity 13005K, committed 13184K, reserved 1060864K
  class space    used 862K, capacity 896K, committed 896K, reserved 1048576K
}
Event: 5.020 GC heap before
{Heap before GC invocations=5 (full 0):
 garbage-first heap   total 163840K, used 68861K [0x0000000760c00000, 0x0000000800000000)
  region size 1024K, 58 young (59392K), 5 survivors (5120K)
 Metaspace       used 12878K, capacity 13005K, committed 13184K, reserved 1060864K
  class space    used 862K, capacity 896K, committed 896K, reserved 1048576K
}
Event: 5.050 GC heap after
{Heap after GC invocations=6 (full 0):
 garbage-first heap   total 236544K, used 18858K [0x0000000760c00000, 0x0000000800000000)
  region size 1024K, 8 young (8192K), 8 survivors (8192K)
 Metaspace       used 12878K, capacity 13005K, committed 13184K, reserved 1060864K
  class space    used 862K, capacity 896K, committed 896K, reserved 1048576K
}

Deoptimization events (10 events):
Event: 4.803 Thread 0x0000000000283000 Uncommon trap: reason=unstable_if action=reinterpret pc=0x000000001257b658 method=org.mozilla.javascript.gen.D__habrisBatch2021_hybris_bin_custom_Nendrasys_Nendrasysstorefront_web_webroot_WEB_INF_lib_less_rhino_1_7_3_js_1.call(Lorg/mozilla/javascript/Cont
Event: 4.926 Thread 0x0000000000283000 Uncommon trap: reason=profile_predicate action=maybe_recompile pc=0x000000001256bcbc method=org.mozilla.javascript.regexp.NativeRegExp.executeRegExp(Lorg/mozilla/javascript/Context;Lorg/mozilla/javascript/Scriptable;Lorg/mozilla/javascript/regexp/RegExpIm
Event: 4.926 Thread 0x0000000000283000 Uncommon trap: reason=profile_predicate action=maybe_recompile pc=0x000000001256bcbc method=org.mozilla.javascript.regexp.NativeRegExp.executeRegExp(Lorg/mozilla/javascript/Context;Lorg/mozilla/javascript/Scriptable;Lorg/mozilla/javascript/regexp/RegExpIm
Event: 5.088 Thread 0x0000000000283000 Uncommon trap: reason=null_check action=make_not_entrant pc=0x0000000012542c70 method=org.mozilla.javascript.ScriptRuntime.shallowEq(Ljava/lang/Object;Ljava/lang/Object;)Z @ 93 c2
Event: 5.479 Thread 0x0000000000283000 Uncommon trap: reason=unstable_if action=reinterpret pc=0x000000001254342c method=org.mozilla.javascript.NativeString.findPrototypeId(Ljava/lang/String;)I @ 576 c2
Event: 5.479 Thread 0x0000000000283000 Uncommon trap: reason=unstable_if action=reinterpret pc=0x00000000125469a0 method=org.mozilla.javascript.NativeString.execIdCall(Lorg/mozilla/javascript/IdFunctionObject;Lorg/mozilla/javascript/Context;Lorg/mozilla/javascript/Scriptable;Lorg/mozilla/javas
Event: 5.479 Thread 0x0000000000283000 Uncommon trap: reason=class_check action=maybe_recompile pc=0x0000000012592cc0 method=org.mozilla.javascript.ScriptRuntime.shallowEq(Ljava/lang/Object;Ljava/lang/Object;)Z @ 93 c2
Event: 5.479 Thread 0x0000000000283000 Uncommon trap: reason=class_check action=maybe_recompile pc=0x0000000012592cc0 method=org.mozilla.javascript.ScriptRuntime.shallowEq(Ljava/lang/Object;Ljava/lang/Object;)Z @ 93 c2
Event: 5.479 Thread 0x0000000000283000 Uncommon trap: reason=class_check action=maybe_recompile pc=0x0000000012592cc0 method=org.mozilla.javascript.ScriptRuntime.shallowEq(Ljava/lang/Object;Ljava/lang/Object;)Z @ 93 c2
Event: 5.787 Thread 0x0000000000283000 Uncommon trap: reason=class_check action=maybe_recompile pc=0x0000000012592cc0 method=org.mozilla.javascript.ScriptRuntime.shallowEq(Ljava/lang/Object;Ljava/lang/Object;)Z @ 93 c2

Classes redefined (0 events):
No events

Internal exceptions (8 events):
Event: 0.891 Thread 0x0000000000283000 Exception <a 'java/lang/NoSuchMethodError'{0x000000076ab9c2c0}: java.lang.invoke.DirectMethodHandle$Holder.invokeSpecialIFC(Ljava/lang/Object;Ljava/lang/Object;I)I> (0x000000076ab9c2c0) thrown at [./open/src/hotspot/share/interpreter/linkResolver.cpp, lin
Event: 2.245 Thread 0x0000000000283000 Implicit null exception at 0x000000001248fab8 to 0x0000000012490474
Event: 2.292 Thread 0x0000000000283000 Implicit null exception at 0x00000000124cc062 to 0x00000000124d01fc
Event: 4.746 Thread 0x0000000000283000 Implicit null exception at 0x00000000125695b9 to 0x000000001256bc6e
Event: 4.746 Thread 0x0000000000283000 Implicit null exception at 0x00000000125695b9 to 0x000000001256bc6e
Event: 4.926 Thread 0x0000000000283000 Implicit null exception at 0x00000000125695b9 to 0x000000001256bc6e
Event: 4.926 Thread 0x0000000000283000 Implicit null exception at 0x00000000125695b9 to 0x000000001256bc6e
Event: 5.088 Thread 0x0000000000283000 Implicit null exception at 0x00000000125428b5 to 0x0000000012542c60

Events (10 events):
Event: 5.479 Thread 0x0000000000283000 Uncommon trap: trap_request=0xffffffde fr.pc=0x0000000012592cc0 relative=0x0000000000000460
Event: 5.479 Thread 0x0000000000283000 DEOPT PACKING pc=0x0000000012592cc0 sp=0x0000000002306e70
Event: 5.479 Thread 0x0000000000283000 DEOPT UNPACKING pc=0x000000000a9d682f sp=0x0000000002306e10 mode 2
Event: 5.479 Thread 0x0000000000283000 Uncommon trap: trap_request=0xffffffde fr.pc=0x0000000012592cc0 relative=0x0000000000000460
Event: 5.479 Thread 0x0000000000283000 DEOPT PACKING pc=0x0000000012592cc0 sp=0x0000000002306e70
Event: 5.479 Thread 0x0000000000283000 DEOPT UNPACKING pc=0x000000000a9d682f sp=0x0000000002306e10 mode 2
Event: 5.787 Thread 0x0000000000283000 Uncommon trap: trap_request=0xffffffde fr.pc=0x0000000012592cc0 relative=0x0000000000000460
Event: 5.787 Thread 0x0000000000283000 DEOPT PACKING pc=0x0000000012592cc0 sp=0x0000000002306e70
Event: 5.787 Thread 0x0000000000283000 DEOPT UNPACKING pc=0x000000000a9d682f sp=0x0000000002306e10 mode 2
Event: 5.846 Executing VM operation: ICBufferFull


Dynamic libraries:
0x000000013ff30000 - 0x000000013ff3f000 	C:\Program Files\Java\jdk-11.0.11\bin\java.exe
0x0000000077550000 - 0x00000000776ef000 	C:\Windows\SYSTEM32\ntdll.dll
0x0000000077430000 - 0x000000007754f000 	C:\Windows\system32\kernel32.dll
0x000007fefd200000 - 0x000007fefd267000 	C:\Windows\system32\KERNELBASE.dll
0x000007fefb080000 - 0x000007fefb098000 	C:\Program Files\Java\jdk-11.0.11\bin\jli.dll
0x000007fefeea0000 - 0x000007fefef7b000 	C:\Windows\system32\ADVAPI32.dll
0x000007feff2a0000 - 0x000007feff33f000 	C:\Windows\system32\msvcrt.dll
0x000007feff340000 - 0x000007feff35f000 	C:\Windows\SYSTEM32\sechost.dll
0x000007feff360000 - 0x000007feff48c000 	C:\Windows\system32\RPCRT4.dll
0x000007fefb700000 - 0x000007fefb8f5000 	C:\Windows\WinSxS\amd64_microsoft.windows.common-controls_6595b64144ccf1df_6.0.7601.24483_none_e372d88f30fbb845\COMCTL32.dll
0x000007fefe850000 - 0x000007fefe8b7000 	C:\Windows\system32\GDI32.dll
0x0000000077330000 - 0x000000007742b000 	C:\Windows\system32\USER32.dll
0x000007feff230000 - 0x000007feff23e000 	C:\Windows\system32\LPK.dll
0x000007fefe8c0000 - 0x000007fefe98b000 	C:\Windows\system32\USP10.dll
0x000007fefef80000 - 0x000007fefeff1000 	C:\Windows\system32\SHLWAPI.dll
0x000007fefc150000 - 0x000007fefc15c000 	C:\Windows\system32\VERSION.dll
0x000007fef6c30000 - 0x000007fef6c45000 	C:\Program Files\Java\jdk-11.0.11\bin\VCRUNTIME140.dll
0x000007fef71a0000 - 0x000007fef71a4000 	C:\Program Files\Java\jdk-11.0.11\bin\api-ms-win-crt-runtime-l1-1-0.dll
0x000007feefaa0000 - 0x000007feefb9a000 	C:\Program Files\Java\jdk-11.0.11\bin\ucrtbase.DLL
0x000007fef7080000 - 0x000007fef7083000 	C:\Program Files\Java\jdk-11.0.11\bin\api-ms-win-core-localization-l1-2-0.dll
0x000007fef6270000 - 0x000007fef6273000 	C:\Program Files\Java\jdk-11.0.11\bin\api-ms-win-core-processthreads-l1-1-1.dll
0x000007fef6260000 - 0x000007fef6263000 	C:\Program Files\Java\jdk-11.0.11\bin\api-ms-win-core-file-l1-2-0.dll
0x000007fef6250000 - 0x000007fef6253000 	C:\Program Files\Java\jdk-11.0.11\bin\api-ms-win-core-timezone-l1-1-0.dll
0x000007fef5f90000 - 0x000007fef5f93000 	C:\Program Files\Java\jdk-11.0.11\bin\api-ms-win-core-file-l2-1-0.dll
0x000007fef5f80000 - 0x000007fef5f83000 	C:\Program Files\Java\jdk-11.0.11\bin\api-ms-win-core-synch-l1-2-0.dll
0x000007fef5f70000 - 0x000007fef5f73000 	C:\Program Files\Java\jdk-11.0.11\bin\api-ms-win-crt-heap-l1-1-0.dll
0x000007fef5f60000 - 0x000007fef5f64000 	C:\Program Files\Java\jdk-11.0.11\bin\api-ms-win-crt-string-l1-1-0.dll
0x000007fef5f50000 - 0x000007fef5f54000 	C:\Program Files\Java\jdk-11.0.11\bin\api-ms-win-crt-stdio-l1-1-0.dll
0x000007fef5c70000 - 0x000007fef5c74000 	C:\Program Files\Java\jdk-11.0.11\bin\api-ms-win-crt-convert-l1-1-0.dll
0x000007fef17e0000 - 0x000007fef17e3000 	C:\Program Files\Java\jdk-11.0.11\bin\api-ms-win-crt-environment-l1-1-0.dll
0x000007fef1310000 - 0x000007fef1313000 	C:\Program Files\Java\jdk-11.0.11\bin\api-ms-win-crt-filesystem-l1-1-0.dll
0x000007fef1300000 - 0x000007fef1305000 	C:\Program Files\Java\jdk-11.0.11\bin\api-ms-win-crt-math-l1-1-0.dll
0x000007fef12f0000 - 0x000007fef12f3000 	C:\Program Files\Java\jdk-11.0.11\bin\api-ms-win-crt-locale-l1-1-0.dll
0x000007feff200000 - 0x000007feff22e000 	C:\Windows\system32\IMM32.DLL
0x000007feff700000 - 0x000007feff80b000 	C:\Windows\system32\MSCTF.dll
0x000007fef1250000 - 0x000007fef12eb000 	C:\Program Files\Java\jdk-11.0.11\bin\msvcp140.dll
0x000007fef1240000 - 0x000007fef1243000 	C:\Program Files\Java\jdk-11.0.11\bin\api-ms-win-crt-time-l1-1-0.dll
0x000007fef0e80000 - 0x000007fef0e83000 	C:\Program Files\Java\jdk-11.0.11\bin\api-ms-win-crt-utility-l1-1-0.dll
0x000007fed4720000 - 0x000007fed521e000 	C:\Program Files\Java\jdk-11.0.11\bin\server\jvm.dll
0x000007fef83f0000 - 0x000007fef83f9000 	C:\Windows\system32\WSOCK32.dll
0x000007feff250000 - 0x000007feff29d000 	C:\Windows\system32\WS2_32.dll
0x000007feff240000 - 0x000007feff248000 	C:\Windows\system32\NSI.dll
0x000007fefb4c0000 - 0x000007fefb4fb000 	C:\Windows\system32\WINMM.dll
0x00000000776f0000 - 0x00000000776f7000 	C:\Windows\system32\PSAPI.DLL
0x000007fef0e70000 - 0x000007fef0e80000 	C:\Program Files\Java\jdk-11.0.11\bin\verify.dll
0x000007fef81f0000 - 0x000007fef8315000 	C:\Windows\system32\DBGHELP.DLL
0x000007feeff40000 - 0x000007feeff68000 	C:\Program Files\Java\jdk-11.0.11\bin\java.dll
0x000007fef09e0000 - 0x000007fef09ea000 	C:\Program Files\Java\jdk-11.0.11\bin\jimage.dll
0x000007feefee0000 - 0x000007feefef6000 	C:\Program Files\Java\jdk-11.0.11\bin\zip.dll
0x000007fefd610000 - 0x000007fefe39b000 	C:\Windows\system32\SHELL32.dll
0x000007feff000000 - 0x000007feff1ff000 	C:\Windows\system32\ole32.dll
0x000007fefd080000 - 0x000007fefd08f000 	C:\Windows\system32\profapi.dll
0x000007fee7a80000 - 0x000007fee7a99000 	C:\Program Files\Java\jdk-11.0.11\bin\net.dll
0x000007fef94d0000 - 0x000007fef9541000 	C:\Windows\system32\WINHTTP.dll
0x000007fef9350000 - 0x000007fef93b5000 	C:\Windows\system32\webio.dll
0x000007fefc7b0000 - 0x000007fefc805000 	C:\Windows\system32\mswsock.dll
0x000007fefc7a0000 - 0x000007fefc7a7000 	C:\Windows\System32\wship6.dll
0x000007fee7a60000 - 0x000007fee7a72000 	C:\Program Files\Java\jdk-11.0.11\bin\nio.dll

dbghelp: loaded successfully - version: 4.0.5 - missing functions: none
symbol engine: initialized successfully - sym options: 0x614 - pdb path: .;C:\Program Files\Java\jdk-11.0.11\bin;C:\Windows\SYSTEM32;C:\Windows\WinSxS\amd64_microsoft.windows.common-controls_6595b64144ccf1df_6.0.7601.24483_none_e372d88f30fbb845;C:\Program Files\Java\jdk-11.0.11\bin\server

VM Arguments:
java_command: D:\habrisBatch2021\hybris\bin\custom\Nendrasys\Nendrasysstorefront\web\webroot\WEB-INF\lib\rhino-1.7.7.jar -f D:\habrisBatch2021\hybris\bin\custom\Nendrasys\Nendrasysstorefront\web\webroot\WEB-INF\lib\less-rhino-1.7.3.js D:\habrisBatch2021\hybris\bin\custom\Nendrasys\Nendrasysstorefront\web\webroot\WEB-INF\lib\lessc-rhino-1.7.3.js D:\habrisBatch2021\hybris\bin\custom\Nendrasys\Nendrasysstorefront\web\webroot\WEB-INF\_ui-src\responsive\themes\lambda\less\style.less D:\habrisBatch2021\hybris\bin\custom\Nendrasys\Nendrasysstorefront\web\webroot\_ui\responsive\theme-lambda\css\style.css
java_class_path (initial): D:\habrisBatch2021\hybris\bin\custom\Nendrasys\Nendrasysstorefront\web\webroot\WEB-INF\lib\rhino-1.7.7.jar
Launcher Type: SUN_STANDARD

[Global flags]
     intx CICompilerCount                          = 3                                         {product} {ergonomic}
     uint ConcGCThreads                            = 1                                         {product} {ergonomic}
     uint G1ConcRefinementThreads                  = 4                                         {product} {ergonomic}
   size_t G1HeapRegionSize                         = 1048576                                   {product} {ergonomic}
    uintx GCDrainStackTargetSize                   = 64                                        {product} {ergonomic}
   size_t InitialHeapSize                          = 167772160                                 {product} {ergonomic}
   size_t MarkStackSize                            = 4194304                                   {product} {ergonomic}
   size_t MaxHeapSize                              = 2671771648                                {product} {ergonomic}
   size_t MaxNewSize                               = 1602224128                                {product} {ergonomic}
   size_t MinHeapDeltaBytes                        = 1048576                                   {product} {ergonomic}
    uintx NonNMethodCodeHeapSize                   = 5830732                                {pd product} {ergonomic}
    uintx NonProfiledCodeHeapSize                  = 122913754                              {pd product} {ergonomic}
    uintx ProfiledCodeHeapSize                     = 122913754                              {pd product} {ergonomic}
    uintx ReservedCodeCacheSize                    = 251658240                              {pd product} {ergonomic}
     bool SegmentedCodeCache                       = true                                      {product} {ergonomic}
     bool UseCompressedClassPointers               = true                                 {lp64_product} {ergonomic}
     bool UseCompressedOops                        = true                                 {lp64_product} {ergonomic}
     bool UseG1GC                                  = true                                      {product} {ergonomic}
     bool UseLargePagesIndividualAllocation        = false                                  {pd product} {ergonomic}

Logging:
Log output configuration:
 #0: stdout all=warning uptime,level,tags
 #1: stderr all=off uptime,level,tags

Environment Variables:
JAVA_HOME=C:\Program Files\Java\jdk-11.0.11
PATH=D:\habrisBatch2021\hybris\bin\platform\apache-ant\bin;C:\Program Files\Common Files\Oracle\Java\javapath;C:\Program Files\nodejs\;C:\Program Files\Git\cmd;C:\Users\razhaka\AppData\Roaming\npm;C:\Users\razhaka\AppData\Local\Programs\Microsoft VS Code\bin;C:\Program Files\Java\jdk1.8.0_201\bin;C:\Users\razhaka\AppData\Local\Programs\Microsoft VS Code
USERNAME=razhaka
OS=Windows_NT
PROCESSOR_IDENTIFIER=Intel64 Family 6 Model 42 Stepping 7, GenuineIntel



---------------  S Y S T E M  ---------------

OS: Windows 7 , 64 bit Build 7601 (6.1.7601.24545)

CPU:total 4 (initial active 4) (2 cores per cpu, 2 threads per core) family 6 model 42 stepping 7 microcode 0x0, cmov, cx8, fxsr, mmx, sse, sse2, sse3, ssse3, sse4.1, sse4.2, popcnt, avx, clmul, ht, tsc, tscinvbit

Memory: 4k page, system-wide physical 10187M (2054M free)
TotalPageFile size 20373M (AvailPageFile size 7826M)
current process WorkingSet (physical memory assigned to process): 258M, peak: 260M
current process commit charge ("private bytes"): 397M, peak: 400M

vm_info: Java HotSpot(TM) 64-Bit Server VM (11.0.11+9-LTS-194) for windows-amd64 JRE (11.0.11+9-LTS-194), built on Mar 18 2021 18:46:53 by "mach5one" with MS VC++ 15.9 (VS2017)

END.
