#
# A fatal error has been detected by the Java Runtime Environment:
#
#  EXCEPTION_ACCESS_VIOLATION (0xc0000005) at pc=0x000007fed4d895c2, pid=5916, tid=8452
#
# JRE version: Java(TM) SE Runtime Environment 18.9 (11.0.11+9) (build 11.0.11+9-LTS-194)
# Java VM: Java HotSpot(TM) 64-Bit Server VM 18.9 (11.0.11+9-LTS-194, mixed mode, tiered, compressed oops, g1 gc, windows-amd64)
# Problematic frame:
# V  [jvm.dll+0x6695c2]
#
# No core dump will be written. Minidumps are not enabled by default on client versions of Windows
#
# If you would like to submit a bug report, please visit:
#   https://bugreport.java.com/bugreport/crash.jsp
#

---------------  S U M M A R Y ------------

Command Line: D:\habrisBatch2021\hybris\bin\custom\Nendrasys\Nendrasysstorefront\web\webroot\WEB-INF\lib\rhino-1.7.7.jar -f D:\habrisBatch2021\hybris\bin\custom\Nendrasys\Nendrasysstorefront\web\webroot\WEB-INF\lib\less-rhino-1.7.3.js D:\habrisBatch2021\hybris\bin\custom\Nendrasys\Nendrasysstorefront\web\webroot\WEB-INF\lib\lessc-rhino-1.7.3.js D:\habrisBatch2021\hybris\bin\custom\Nendrasys\Nendrasysstorefront\web\webroot\WEB-INF\_ui-src\responsive\themes\lambda\less\style.less D:\habrisBatch2021\hybris\bin\custom\Nendrasys\Nendrasysstorefront\web\webroot\_ui\responsive\theme-lambda\css\style.css

Host: Intel(R) Core(TM) i3-2330M CPU @ 2.20GHz, 4 cores, 9G,  Windows 7 , 64 bit Build 7601 (6.1.7601.24545)
Time: Tue Jun 15 19:14:51 2021 India Standard Time elapsed time: 14.935649 seconds (0d 0h 0m 14s)

---------------  T H R E A D  ---------------

Current thread (0x000000002414b800):  JavaThread "C2 CompilerThread1" daemon [_thread_in_native, id=8452, stack(0x00000000252f0000,0x00000000253f0000)]


Current CompileTask:
C2:  14935 2435   !   4       org.mozilla.javascript.gen.D__habrisBatch2021_hybris_bin_custom_Nendrasys_Nendrasysstorefront_web_webroot_WEB_INF_lib_less_rhino_1_7_3_js_1::_c_anonymous_415 (3398 bytes)

Stack: [0x00000000252f0000,0x00000000253f0000],  sp=0x00000000253eb950,  free space=1006k
Native frames: (J=compiled Java code, j=interpreted, Vv=VM code, C=native code)
V  [jvm.dll+0x6695c2]
V  [jvm.dll+0x193cff]
V  [jvm.dll+0x1fd152]
V  [jvm.dll+0x1fc22f]
V  [jvm.dll+0x17f0bc]
V  [jvm.dll+0x20b68c]
V  [jvm.dll+0x20978b]
V  [jvm.dll+0x7152c9]
V  [jvm.dll+0x70dfc4]
V  [jvm.dll+0x6160f6]
C  [ucrtbase.DLL+0x1d912]
C  [kernel32.dll+0x1556d]
C  [ntdll.dll+0x5372d]


siginfo: EXCEPTION_ACCESS_VIOLATION (0xc0000005), reading address 0x0000000000000028


Register to memory mapping:

RIP=0x000007fed4d895c2 jvm.dll
RAX=0x00000000274e1cb0 points into unknown readable memory: 00 00 00 00 00 00 00 00
RBX=0x00000000253ec1d0 is pointing into the stack for thread: 0x000000002414b800
RCX=0x0 is NULL
RDX=0x0000000028bd4e10 points into unknown readable memory: 36 56 fd 7f c8 ad 16 ef
RSP=0x00000000253eb950 is pointing into the stack for thread: 0x000000002414b800
RBP=0x00000000253eba50 is pointing into the stack for thread: 0x000000002414b800
RSI=0x0 is NULL
RDI=0x0000000000000001 is an unknown value
R8 =0x0 is NULL
R9 =0x0000000000000007 is an unknown value
R10=0x000000000000017f is an unknown value
R11=0x000000000000017f is an unknown value
R12=0x00000000259a4958 points into unknown readable memory: b0 9b f3 d4 fe 07 00 00
R13=0x0000000000000001 is an unknown value
R14=0x0000000000000021 is an unknown value
R15=0x0000000025cf6de8 points into unknown readable memory: 70 13 ef d4 fe 07 00 00


Registers:
RAX=0x00000000274e1cb0, RBX=0x00000000253ec1d0, RCX=0x0000000000000000, RDX=0x0000000028bd4e10
RSP=0x00000000253eb950, RBP=0x00000000253eba50, RSI=0x0000000000000000, RDI=0x0000000000000001
R8 =0x0000000000000000, R9 =0x0000000000000007, R10=0x000000000000017f, R11=0x000000000000017f
R12=0x00000000259a4958, R13=0x0000000000000001, R14=0x0000000000000021, R15=0x0000000025cf6de8
RIP=0x000007fed4d895c2, EFLAGS=0x0000000000010287

Top of Stack: (sp=0x00000000253eb950)
0x00000000253eb950:   00000000253ec1d0 000007fed50e0530
0x00000000253eb960:   000007fed50e0590 0000000000000000
0x00000000253eb970:   00000000253ebd58 00000000253ebb80
0x00000000253eb980:   0000000000000004 000000002854cd90
0x00000000253eb990:   00000000261f8f50 00000000253ebb01
0x00000000253eb9a0:   0000000000000004 0000000000000000
0x00000000253eb9b0:   0000002100000001 00000000259a4958
0x00000000253eb9c0:   0000017f000009f9 0000000000000000
0x00000000253eb9d0:   0000000000000021 000000002581bfc0
0x00000000253eb9e0:   00000000261f66d0 0000046200000000
0x00000000253eb9f0:   00000000261f72d0 0000000028fe60d0
0x00000000253eba00:   0000000025cf6de8 00000dbf00000000
0x00000000253eba10:   00000000253ebf00 0000000000000013
0x00000000253eba20:   0000000025598a30 0000000028550490
0x00000000253eba30:   0000000028fe2720 0000000000000000
0x00000000253eba40:   0000000000000020 000000002854cd90 

Instructions: (pc=0x000007fed4d895c2)
0x000007fed4d895a2:   76 0d 8b c7 41 2b c6 a8 01 0f 84 ee 01 00 00 49
0x000007fed4d895b2:   8b 47 08 8b cf 48 8b 0c c8 48 8b 83 28 01 00 00
0x000007fed4d895c2:   48 63 51 28 8b 0c 90 3b 8b e8 00 00 00 0f 83 ca
0x000007fed4d895d2:   01 00 00 48 8b 43 70 4c 8d 2c 89 8b d1 49 c1 e5 


Stack slot to memory mapping:
stack at sp + 0 slots: 0x00000000253ec1d0 is pointing into the stack for thread: 0x000000002414b800
stack at sp + 1 slots: 0x000007fed50e0530 jvm.dll
stack at sp + 2 slots: 0x000007fed50e0590 jvm.dll
stack at sp + 3 slots: 0x0 is NULL
stack at sp + 4 slots: 0x00000000253ebd58 is pointing into the stack for thread: 0x000000002414b800
stack at sp + 5 slots: 0x00000000253ebb80 is pointing into the stack for thread: 0x000000002414b800
stack at sp + 6 slots: 0x0000000000000004 is an unknown value
stack at sp + 7 slots: 0x000000002854cd90 points into unknown readable memory: 00 00 00 00 00 00 00 00


---------------  P R O C E S S  ---------------

Threads class SMR info:
_java_thread_list=0x000000002431c820, length=11, elements={
0x0000000000253000, 0x00000000234e8000, 0x00000000234ea000, 0x00000000234f2000,
0x00000000234f7000, 0x00000000234f8800, 0x00000000234fe000, 0x0000000023500000,
0x0000000024148000, 0x0000000024190000, 0x000000002414b800
}

Java Threads: ( => current thread )
  0x0000000000253000 JavaThread "main" [_thread_in_Java, id=11032, stack(0x00000000020a0000,0x00000000021a0000)]
  0x00000000234e8000 JavaThread "Reference Handler" daemon [_thread_blocked, id=9536, stack(0x0000000023890000,0x0000000023990000)]
  0x00000000234ea000 JavaThread "Finalizer" daemon [_thread_blocked, id=5300, stack(0x0000000023990000,0x0000000023a90000)]
  0x00000000234f2000 JavaThread "Signal Dispatcher" daemon [_thread_blocked, id=9588, stack(0x0000000023780000,0x0000000023880000)]
  0x00000000234f7000 JavaThread "Attach Listener" daemon [_thread_blocked, id=3116, stack(0x0000000023c10000,0x0000000023d10000)]
  0x00000000234f8800 JavaThread "C2 CompilerThread0" daemon [_thread_in_native, id=10108, stack(0x0000000023e00000,0x0000000023f00000)]
  0x00000000234fe000 JavaThread "C1 CompilerThread0" daemon [_thread_blocked, id=11040, stack(0x0000000023a90000,0x0000000023b90000)]
  0x0000000023500000 JavaThread "Sweeper thread" daemon [_thread_blocked, id=7400, stack(0x0000000023f60000,0x0000000024060000)]
  0x0000000024148000 JavaThread "Service Thread" daemon [_thread_blocked, id=8160, stack(0x00000000244c0000,0x00000000245c0000)]
  0x0000000024190000 JavaThread "Common-Cleaner" daemon [_thread_blocked, id=10980, stack(0x0000000024970000,0x0000000024a70000)]
=>0x000000002414b800 JavaThread "C2 CompilerThread1" daemon [_thread_in_native, id=8452, stack(0x00000000252f0000,0x00000000253f0000)]

Other Threads:
  0x0000000023489000 VMThread "VM Thread" [stack: 0x00000000235c0000,0x00000000236c0000] [id=10332]
  0x000000002418f000 WatcherThread [stack: 0x0000000024740000,0x0000000024840000] [id=8064]
  0x0000000000268000 GCTaskThread "GC Thread#0" [stack: 0x0000000019d20000,0x0000000019e20000] [id=4860]
  0x0000000024c75800 GCTaskThread "GC Thread#1" [stack: 0x0000000024620000,0x0000000024720000] [id=9748]
  0x0000000025b41000 GCTaskThread "GC Thread#2" [stack: 0x0000000026480000,0x0000000026580000] [id=4716]
  0x000000002a404000 GCTaskThread "GC Thread#3" [stack: 0x0000000027ed0000,0x0000000027fd0000] [id=10612]
  0x00000000002ab000 ConcurrentGCThread "G1 Main Marker" [stack: 0x00000000201c0000,0x00000000202c0000] [id=10984]
  0x00000000002ac000 ConcurrentGCThread "G1 Conc#0" [stack: 0x0000000020060000,0x0000000020160000] [id=9480]
  0x0000000022775800 ConcurrentGCThread "G1 Refine#0" [stack: 0x00000000228c0000,0x00000000229c0000] [id=11060]
  0x0000000024271000 ConcurrentGCThread "G1 Refine#1" [stack: 0x00000000266d0000,0x00000000267d0000] [id=6692]
  0x0000000025791800 ConcurrentGCThread "G1 Refine#2" [stack: 0x0000000027d60000,0x0000000027e60000] [id=7120]
  0x0000000022776000 ConcurrentGCThread "G1 Young RemSet Sampling" [stack: 0x0000000022a80000,0x0000000022b80000] [id=3856]

Threads with active compile tasks:
C2 CompilerThread0  15239 2457       4       org.mozilla.javascript.NativeArray::js_concat (484 bytes)
C2 CompilerThread1  15239 2435   !   4       org.mozilla.javascript.gen.D__habrisBatch2021_hybris_bin_custom_Nendrasys_Nendrasysstorefront_web_webroot_WEB_INF_lib_less_rhino_1_7_3_js_1::_c_anonymous_415 (3398 bytes)

VM state:not at safepoint (normal execution)

VM Mutex/Monitor currently owned by a thread:  ([mutex/lock_event])
[0x00000000002508a0] Heap_lock - owner thread: 0x0000000000000000

Heap address: 0x0000000760c00000, size: 2548 MB, Compressed Oops mode: Zero based, Oop shift amount: 3
Narrow klass base: 0x0000000800000000, Narrow klass shift: 0
Compressed class space size: 1073741824 Address: 0x0000000800000000

Heap:
 garbage-first heap   total 330752K, used 148358K [0x0000000760c00000, 0x0000000800000000)
  region size 1024K, 95 young (97280K), 21 survivors (21504K)
 Metaspace       used 13105K, capacity 13297K, committed 13568K, reserved 1062912K
  class space    used 868K, capacity 928K, committed 1024K, reserved 1048576K
Heap Regions: E=young(eden), S=young(survivor), O=old, HS=humongous(starts), HC=humongous(continues), CS=collection set, F=free, A=archive, TAMS=top-at-mark-start (previous, next)
|   0|0x0000000760c00000, 0x0000000760d00000, 0x0000000760d00000|100%| O|  |TAMS 0x0000000760c00000, 0x0000000760c00000| Untracked 
|   1|0x0000000760d00000, 0x0000000760e00000, 0x0000000760e00000|100%| O|  |TAMS 0x0000000760d00000, 0x0000000760d00000| Untracked 
|   2|0x0000000760e00000, 0x0000000760f00000, 0x0000000760f00000|100%|HS|  |TAMS 0x0000000760e00000, 0x0000000760e00000| Complete 
|   3|0x0000000760f00000, 0x0000000761000000, 0x0000000761000000|100%| O|  |TAMS 0x0000000760f00000, 0x0000000760f00000| Untracked 
|   4|0x0000000761000000, 0x0000000761100000, 0x0000000761100000|100%| O|  |TAMS 0x0000000761000000, 0x0000000761000000| Untracked 
|   5|0x0000000761100000, 0x0000000761200000, 0x0000000761200000|100%| O|  |TAMS 0x0000000761100000, 0x0000000761100000| Untracked 
|   6|0x0000000761200000, 0x0000000761300000, 0x0000000761300000|100%| O|  |TAMS 0x0000000761200000, 0x0000000761200000| Untracked 
|   7|0x0000000761300000, 0x0000000761400000, 0x0000000761400000|100%| O|  |TAMS 0x0000000761300000, 0x0000000761300000| Untracked 
|   8|0x0000000761400000, 0x0000000761500000, 0x0000000761500000|100%| O|  |TAMS 0x0000000761400000, 0x0000000761400000| Untracked 
|   9|0x0000000761500000, 0x0000000761600000, 0x0000000761600000|100%| O|  |TAMS 0x0000000761500000, 0x0000000761500000| Untracked 
|  10|0x0000000761600000, 0x0000000761700000, 0x0000000761700000|100%| O|  |TAMS 0x0000000761600000, 0x0000000761600000| Untracked 
|  11|0x0000000761700000, 0x0000000761800000, 0x0000000761800000|100%| O|  |TAMS 0x0000000761700000, 0x0000000761700000| Untracked 
|  12|0x0000000761800000, 0x0000000761900000, 0x0000000761900000|100%| O|  |TAMS 0x0000000761800000, 0x0000000761800000| Untracked 
|  13|0x0000000761900000, 0x0000000761a00000, 0x0000000761a00000|100%| O|  |TAMS 0x0000000761900000, 0x0000000761900000| Untracked 
|  14|0x0000000761a00000, 0x0000000761b00000, 0x0000000761b00000|100%| O|  |TAMS 0x0000000761a00000, 0x0000000761a00000| Untracked 
|  15|0x0000000761b00000, 0x0000000761c00000, 0x0000000761c00000|100%| O|  |TAMS 0x0000000761b00000, 0x0000000761b00000| Untracked 
|  16|0x0000000761c00000, 0x0000000761d00000, 0x0000000761d00000|100%| O|  |TAMS 0x0000000761c00000, 0x0000000761c00000| Untracked 
|  17|0x0000000761d00000, 0x0000000761e00000, 0x0000000761e00000|100%| O|  |TAMS 0x0000000761d00000, 0x0000000761d00000| Untracked 
|  18|0x0000000761e00000, 0x0000000761f00000, 0x0000000761f00000|100%| O|  |TAMS 0x0000000761e00000, 0x0000000761e00000| Untracked 
|  19|0x0000000761f00000, 0x0000000762000000, 0x0000000762000000|100%| O|  |TAMS 0x0000000761f00000, 0x0000000761f00000| Untracked 
|  20|0x0000000762000000, 0x0000000762100000, 0x0000000762100000|100%| O|  |TAMS 0x0000000762000000, 0x0000000762000000| Untracked 
|  21|0x0000000762100000, 0x0000000762200000, 0x0000000762200000|100%| O|  |TAMS 0x0000000762100000, 0x0000000762100000| Untracked 
|  22|0x0000000762200000, 0x0000000762300000, 0x0000000762300000|100%| O|  |TAMS 0x0000000762200000, 0x0000000762200000| Untracked 
|  23|0x0000000762300000, 0x0000000762400000, 0x0000000762400000|100%| O|  |TAMS 0x0000000762300000, 0x0000000762300000| Untracked 
|  24|0x0000000762400000, 0x0000000762500000, 0x0000000762500000|100%| O|  |TAMS 0x0000000762400000, 0x0000000762400000| Untracked 
|  25|0x0000000762500000, 0x0000000762600000, 0x0000000762600000|100%| O|  |TAMS 0x0000000762500000, 0x0000000762500000| Untracked 
|  26|0x0000000762600000, 0x0000000762700000, 0x0000000762700000|100%| O|  |TAMS 0x0000000762600000, 0x0000000762600000| Untracked 
|  27|0x0000000762700000, 0x0000000762800000, 0x0000000762800000|100%| O|  |TAMS 0x0000000762700000, 0x0000000762700000| Untracked 
|  28|0x0000000762800000, 0x0000000762900000, 0x0000000762900000|100%| O|  |TAMS 0x0000000762800000, 0x0000000762800000| Untracked 
|  29|0x0000000762900000, 0x0000000762a00000, 0x0000000762a00000|100%| O|  |TAMS 0x0000000762900000, 0x0000000762900000| Untracked 
|  30|0x0000000762a00000, 0x0000000762b00000, 0x0000000762b00000|100%| O|  |TAMS 0x0000000762a00000, 0x0000000762a00000| Untracked 
|  31|0x0000000762b00000, 0x0000000762c00000, 0x0000000762c00000|100%| O|  |TAMS 0x0000000762b00000, 0x0000000762b00000| Untracked 
|  32|0x0000000762c00000, 0x0000000762d00000, 0x0000000762d00000|100%| O|  |TAMS 0x0000000762c00000, 0x0000000762c00000| Untracked 
|  33|0x0000000762d00000, 0x0000000762e00000, 0x0000000762e00000|100%| O|  |TAMS 0x0000000762d00000, 0x0000000762d00000| Untracked 
|  34|0x0000000762e00000, 0x0000000762f00000, 0x0000000762f00000|100%| O|  |TAMS 0x0000000762e00000, 0x0000000762e00000| Untracked 
|  35|0x0000000762f00000, 0x0000000763000000, 0x0000000763000000|100%| O|  |TAMS 0x0000000762f00000, 0x0000000762f00000| Untracked 
|  36|0x0000000763000000, 0x0000000763100000, 0x0000000763100000|100%| O|  |TAMS 0x0000000763000000, 0x0000000763000000| Untracked 
|  37|0x0000000763100000, 0x0000000763200000, 0x0000000763200000|100%| O|  |TAMS 0x0000000763100000, 0x0000000763100000| Untracked 
|  38|0x0000000763200000, 0x0000000763300000, 0x0000000763300000|100%| O|  |TAMS 0x0000000763200000, 0x0000000763200000| Untracked 
|  39|0x0000000763300000, 0x0000000763400000, 0x0000000763400000|100%| O|  |TAMS 0x0000000763300000, 0x0000000763300000| Untracked 
|  40|0x0000000763400000, 0x0000000763500000, 0x0000000763500000|100%| O|  |TAMS 0x0000000763400000, 0x0000000763400000| Untracked 
|  41|0x0000000763500000, 0x0000000763600000, 0x0000000763600000|100%| O|  |TAMS 0x0000000763500000, 0x0000000763500000| Untracked 
|  42|0x0000000763600000, 0x0000000763700000, 0x0000000763700000|100%| O|  |TAMS 0x0000000763600000, 0x0000000763600000| Untracked 
|  43|0x0000000763700000, 0x0000000763800000, 0x0000000763800000|100%| O|  |TAMS 0x0000000763700000, 0x0000000763700000| Untracked 
|  44|0x0000000763800000, 0x0000000763900000, 0x0000000763900000|100%| O|  |TAMS 0x0000000763800000, 0x0000000763800000| Untracked 
|  45|0x0000000763900000, 0x0000000763a00000, 0x0000000763a00000|100%| O|  |TAMS 0x0000000763900000, 0x0000000763900000| Untracked 
|  46|0x0000000763a00000, 0x0000000763b00000, 0x0000000763b00000|100%| O|  |TAMS 0x0000000763a00000, 0x0000000763a00000| Untracked 
|  47|0x0000000763b00000, 0x0000000763c00000, 0x0000000763c00000|100%| O|  |TAMS 0x0000000763b00000, 0x0000000763b00000| Untracked 
|  48|0x0000000763c00000, 0x0000000763d00000, 0x0000000763d00000|100%| O|  |TAMS 0x0000000763c00000, 0x0000000763c00000| Untracked 
|  49|0x0000000763d00000, 0x0000000763e00000, 0x0000000763e00000|100%| O|  |TAMS 0x0000000763d00000, 0x0000000763d00000| Untracked 
|  50|0x0000000763e00000, 0x0000000763ee1800, 0x0000000763f00000| 88%| O|  |TAMS 0x0000000763e00000, 0x0000000763e00000| Untracked 
|  51|0x0000000763f00000, 0x0000000763f00000, 0x0000000764000000|  0%| F|  |TAMS 0x0000000763f00000, 0x0000000763f00000| Untracked 
|  52|0x0000000764000000, 0x0000000764000000, 0x0000000764100000|  0%| F|  |TAMS 0x0000000764000000, 0x0000000764000000| Untracked 
|  53|0x0000000764100000, 0x0000000764100000, 0x0000000764200000|  0%| F|  |TAMS 0x0000000764100000, 0x0000000764100000| Untracked 
|  54|0x0000000764200000, 0x0000000764200000, 0x0000000764300000|  0%| F|  |TAMS 0x0000000764200000, 0x0000000764200000| Untracked 
|  55|0x0000000764300000, 0x0000000764300000, 0x0000000764400000|  0%| F|  |TAMS 0x0000000764300000, 0x0000000764300000| Untracked 
|  56|0x0000000764400000, 0x0000000764400000, 0x0000000764500000|  0%| F|  |TAMS 0x0000000764400000, 0x0000000764400000| Untracked 
|  57|0x0000000764500000, 0x0000000764500000, 0x0000000764600000|  0%| F|  |TAMS 0x0000000764500000, 0x0000000764500000| Untracked 
|  58|0x0000000764600000, 0x0000000764600000, 0x0000000764700000|  0%| F|  |TAMS 0x0000000764600000, 0x0000000764600000| Untracked 
|  59|0x0000000764700000, 0x0000000764700000, 0x0000000764800000|  0%| F|  |TAMS 0x0000000764700000, 0x0000000764700000| Untracked 
|  60|0x0000000764800000, 0x0000000764800000, 0x0000000764900000|  0%| F|  |TAMS 0x0000000764800000, 0x0000000764800000| Untracked 
|  61|0x0000000764900000, 0x0000000764900000, 0x0000000764a00000|  0%| F|  |TAMS 0x0000000764900000, 0x0000000764900000| Untracked 
|  62|0x0000000764a00000, 0x0000000764a00000, 0x0000000764b00000|  0%| F|  |TAMS 0x0000000764a00000, 0x0000000764a00000| Untracked 
|  63|0x0000000764b00000, 0x0000000764b00000, 0x0000000764c00000|  0%| F|  |TAMS 0x0000000764b00000, 0x0000000764b00000| Untracked 
|  64|0x0000000764c00000, 0x0000000764c00000, 0x0000000764d00000|  0%| F|  |TAMS 0x0000000764c00000, 0x0000000764c00000| Untracked 
|  65|0x0000000764d00000, 0x0000000764d00000, 0x0000000764e00000|  0%| F|  |TAMS 0x0000000764d00000, 0x0000000764d00000| Untracked 
|  66|0x0000000764e00000, 0x0000000764e00000, 0x0000000764f00000|  0%| F|  |TAMS 0x0000000764e00000, 0x0000000764e00000| Untracked 
|  67|0x0000000764f00000, 0x0000000764f00000, 0x0000000765000000|  0%| F|  |TAMS 0x0000000764f00000, 0x0000000764f00000| Untracked 
|  68|0x0000000765000000, 0x0000000765000000, 0x0000000765100000|  0%| F|  |TAMS 0x0000000765000000, 0x0000000765000000| Untracked 
|  69|0x0000000765100000, 0x0000000765100000, 0x0000000765200000|  0%| F|  |TAMS 0x0000000765100000, 0x0000000765100000| Untracked 
|  70|0x0000000765200000, 0x0000000765200000, 0x0000000765300000|  0%| F|  |TAMS 0x0000000765200000, 0x0000000765200000| Untracked 
|  71|0x0000000765300000, 0x0000000765300000, 0x0000000765400000|  0%| F|  |TAMS 0x0000000765300000, 0x0000000765300000| Untracked 
|  72|0x0000000765400000, 0x0000000765400000, 0x0000000765500000|  0%| F|  |TAMS 0x0000000765400000, 0x0000000765400000| Untracked 
|  73|0x0000000765500000, 0x0000000765500000, 0x0000000765600000|  0%| F|  |TAMS 0x0000000765500000, 0x0000000765500000| Untracked 
|  74|0x0000000765600000, 0x0000000765600000, 0x0000000765700000|  0%| F|  |TAMS 0x0000000765600000, 0x0000000765600000| Untracked 
|  75|0x0000000765700000, 0x0000000765700000, 0x0000000765800000|  0%| F|  |TAMS 0x0000000765700000, 0x0000000765700000| Untracked 
|  76|0x0000000765800000, 0x0000000765800000, 0x0000000765900000|  0%| F|  |TAMS 0x0000000765800000, 0x0000000765800000| Untracked 
|  77|0x0000000765900000, 0x0000000765900000, 0x0000000765a00000|  0%| F|  |TAMS 0x0000000765900000, 0x0000000765900000| Untracked 
|  78|0x0000000765a00000, 0x0000000765a00000, 0x0000000765b00000|  0%| F|  |TAMS 0x0000000765a00000, 0x0000000765a00000| Untracked 
|  79|0x0000000765b00000, 0x0000000765b00000, 0x0000000765c00000|  0%| F|  |TAMS 0x0000000765b00000, 0x0000000765b00000| Untracked 
|  80|0x0000000765c00000, 0x0000000765c00000, 0x0000000765d00000|  0%| F|  |TAMS 0x0000000765c00000, 0x0000000765c00000| Untracked 
|  81|0x0000000765d00000, 0x0000000765d00000, 0x0000000765e00000|  0%| F|  |TAMS 0x0000000765d00000, 0x0000000765d00000| Untracked 
|  82|0x0000000765e00000, 0x0000000765e00000, 0x0000000765f00000|  0%| F|  |TAMS 0x0000000765e00000, 0x0000000765e00000| Untracked 
|  83|0x0000000765f00000, 0x0000000765f00000, 0x0000000766000000|  0%| F|  |TAMS 0x0000000765f00000, 0x0000000765f00000| Untracked 
|  84|0x0000000766000000, 0x0000000766000000, 0x0000000766100000|  0%| F|  |TAMS 0x0000000766000000, 0x0000000766000000| Untracked 
|  85|0x0000000766100000, 0x0000000766100000, 0x0000000766200000|  0%| F|  |TAMS 0x0000000766100000, 0x0000000766100000| Untracked 
|  86|0x0000000766200000, 0x0000000766200000, 0x0000000766300000|  0%| F|  |TAMS 0x0000000766200000, 0x0000000766200000| Untracked 
|  87|0x0000000766300000, 0x0000000766300000, 0x0000000766400000|  0%| F|  |TAMS 0x0000000766300000, 0x0000000766300000| Untracked 
|  88|0x0000000766400000, 0x0000000766400000, 0x0000000766500000|  0%| F|  |TAMS 0x0000000766400000, 0x0000000766400000| Untracked 
|  89|0x0000000766500000, 0x0000000766500000, 0x0000000766600000|  0%| F|  |TAMS 0x0000000766500000, 0x0000000766500000| Untracked 
|  90|0x0000000766600000, 0x0000000766600000, 0x0000000766700000|  0%| F|  |TAMS 0x0000000766600000, 0x0000000766600000| Untracked 
|  91|0x0000000766700000, 0x0000000766700000, 0x0000000766800000|  0%| F|  |TAMS 0x0000000766700000, 0x0000000766700000| Untracked 
|  92|0x0000000766800000, 0x0000000766800000, 0x0000000766900000|  0%| F|  |TAMS 0x0000000766800000, 0x0000000766800000| Untracked 
|  93|0x0000000766900000, 0x0000000766900000, 0x0000000766a00000|  0%| F|  |TAMS 0x0000000766900000, 0x0000000766900000| Untracked 
|  94|0x0000000766a00000, 0x0000000766a00000, 0x0000000766b00000|  0%| F|  |TAMS 0x0000000766a00000, 0x0000000766a00000| Untracked 
|  95|0x0000000766b00000, 0x0000000766b00000, 0x0000000766c00000|  0%| F|  |TAMS 0x0000000766b00000, 0x0000000766b00000| Untracked 
|  96|0x0000000766c00000, 0x0000000766c00000, 0x0000000766d00000|  0%| F|  |TAMS 0x0000000766c00000, 0x0000000766c00000| Untracked 
|  97|0x0000000766d00000, 0x0000000766d00000, 0x0000000766e00000|  0%| F|  |TAMS 0x0000000766d00000, 0x0000000766d00000| Untracked 
|  98|0x0000000766e00000, 0x0000000766e00000, 0x0000000766f00000|  0%| F|  |TAMS 0x0000000766e00000, 0x0000000766e00000| Untracked 
|  99|0x0000000766f00000, 0x0000000766f00000, 0x0000000767000000|  0%| F|  |TAMS 0x0000000766f00000, 0x0000000766f00000| Untracked 
| 100|0x0000000767000000, 0x0000000767000000, 0x0000000767100000|  0%| F|  |TAMS 0x0000000767000000, 0x0000000767000000| Untracked 
| 101|0x0000000767100000, 0x0000000767100000, 0x0000000767200000|  0%| F|  |TAMS 0x0000000767100000, 0x0000000767100000| Untracked 
| 102|0x0000000767200000, 0x0000000767200000, 0x0000000767300000|  0%| F|  |TAMS 0x0000000767200000, 0x0000000767200000| Untracked 
| 103|0x0000000767300000, 0x0000000767300000, 0x0000000767400000|  0%| F|  |TAMS 0x0000000767300000, 0x0000000767300000| Untracked 
| 104|0x0000000767400000, 0x0000000767400000, 0x0000000767500000|  0%| F|  |TAMS 0x0000000767400000, 0x0000000767400000| Untracked 
| 105|0x0000000767500000, 0x0000000767500000, 0x0000000767600000|  0%| F|  |TAMS 0x0000000767500000, 0x0000000767500000| Untracked 
| 106|0x0000000767600000, 0x0000000767600000, 0x0000000767700000|  0%| F|  |TAMS 0x0000000767600000, 0x0000000767600000| Untracked 
| 107|0x0000000767700000, 0x0000000767700000, 0x0000000767800000|  0%| F|  |TAMS 0x0000000767700000, 0x0000000767700000| Untracked 
| 108|0x0000000767800000, 0x0000000767800000, 0x0000000767900000|  0%| F|  |TAMS 0x0000000767800000, 0x0000000767800000| Untracked 
| 109|0x0000000767900000, 0x0000000767900000, 0x0000000767a00000|  0%| F|  |TAMS 0x0000000767900000, 0x0000000767900000| Untracked 
| 110|0x0000000767a00000, 0x0000000767a00000, 0x0000000767b00000|  0%| F|  |TAMS 0x0000000767a00000, 0x0000000767a00000| Untracked 
| 111|0x0000000767b00000, 0x0000000767b00000, 0x0000000767c00000|  0%| F|  |TAMS 0x0000000767b00000, 0x0000000767b00000| Untracked 
| 112|0x0000000767c00000, 0x0000000767c00000, 0x0000000767d00000|  0%| F|  |TAMS 0x0000000767c00000, 0x0000000767c00000| Untracked 
| 113|0x0000000767d00000, 0x0000000767d00000, 0x0000000767e00000|  0%| F|  |TAMS 0x0000000767d00000, 0x0000000767d00000| Untracked 
| 114|0x0000000767e00000, 0x0000000767e00000, 0x0000000767f00000|  0%| F|  |TAMS 0x0000000767e00000, 0x0000000767e00000| Untracked 
| 115|0x0000000767f00000, 0x0000000767f00000, 0x0000000768000000|  0%| F|  |TAMS 0x0000000767f00000, 0x0000000767f00000| Untracked 
| 116|0x0000000768000000, 0x0000000768000000, 0x0000000768100000|  0%| F|  |TAMS 0x0000000768000000, 0x0000000768000000| Untracked 
| 117|0x0000000768100000, 0x0000000768100000, 0x0000000768200000|  0%| F|  |TAMS 0x0000000768100000, 0x0000000768100000| Untracked 
| 118|0x0000000768200000, 0x0000000768200000, 0x0000000768300000|  0%| F|  |TAMS 0x0000000768200000, 0x0000000768200000| Untracked 
| 119|0x0000000768300000, 0x0000000768300000, 0x0000000768400000|  0%| F|  |TAMS 0x0000000768300000, 0x0000000768300000| Untracked 
| 120|0x0000000768400000, 0x0000000768400000, 0x0000000768500000|  0%| F|  |TAMS 0x0000000768400000, 0x0000000768400000| Untracked 
| 121|0x0000000768500000, 0x0000000768500000, 0x0000000768600000|  0%| F|  |TAMS 0x0000000768500000, 0x0000000768500000| Untracked 
| 122|0x0000000768600000, 0x0000000768600000, 0x0000000768700000|  0%| F|  |TAMS 0x0000000768600000, 0x0000000768600000| Untracked 
| 123|0x0000000768700000, 0x0000000768700000, 0x0000000768800000|  0%| F|  |TAMS 0x0000000768700000, 0x0000000768700000| Untracked 
| 124|0x0000000768800000, 0x0000000768800000, 0x0000000768900000|  0%| F|  |TAMS 0x0000000768800000, 0x0000000768800000| Untracked 
| 125|0x0000000768900000, 0x0000000768900000, 0x0000000768a00000|  0%| F|  |TAMS 0x0000000768900000, 0x0000000768900000| Untracked 
| 126|0x0000000768a00000, 0x0000000768a00000, 0x0000000768b00000|  0%| F|  |TAMS 0x0000000768a00000, 0x0000000768a00000| Untracked 
| 127|0x0000000768b00000, 0x0000000768b00000, 0x0000000768c00000|  0%| F|  |TAMS 0x0000000768b00000, 0x0000000768b00000| Untracked 
| 128|0x0000000768c00000, 0x0000000768c00000, 0x0000000768d00000|  0%| F|  |TAMS 0x0000000768c00000, 0x0000000768c00000| Untracked 
| 129|0x0000000768d00000, 0x0000000768d00000, 0x0000000768e00000|  0%| F|  |TAMS 0x0000000768d00000, 0x0000000768d00000| Untracked 
| 130|0x0000000768e00000, 0x0000000768e00000, 0x0000000768f00000|  0%| F|  |TAMS 0x0000000768e00000, 0x0000000768e00000| Untracked 
| 131|0x0000000768f00000, 0x0000000768f00000, 0x0000000769000000|  0%| F|  |TAMS 0x0000000768f00000, 0x0000000768f00000| Untracked 
| 132|0x0000000769000000, 0x0000000769000000, 0x0000000769100000|  0%| F|  |TAMS 0x0000000769000000, 0x0000000769000000| Untracked 
| 133|0x0000000769100000, 0x0000000769100000, 0x0000000769200000|  0%| F|  |TAMS 0x0000000769100000, 0x0000000769100000| Untracked 
| 134|0x0000000769200000, 0x0000000769200000, 0x0000000769300000|  0%| F|  |TAMS 0x0000000769200000, 0x0000000769200000| Untracked 
| 135|0x0000000769300000, 0x0000000769300000, 0x0000000769400000|  0%| F|  |TAMS 0x0000000769300000, 0x0000000769300000| Untracked 
| 136|0x0000000769400000, 0x0000000769400000, 0x0000000769500000|  0%| F|  |TAMS 0x0000000769400000, 0x0000000769400000| Untracked 
| 137|0x0000000769500000, 0x0000000769500000, 0x0000000769600000|  0%| F|  |TAMS 0x0000000769500000, 0x0000000769500000| Untracked 
| 138|0x0000000769600000, 0x0000000769600000, 0x0000000769700000|  0%| F|  |TAMS 0x0000000769600000, 0x0000000769600000| Untracked 
| 139|0x0000000769700000, 0x0000000769700000, 0x0000000769800000|  0%| F|  |TAMS 0x0000000769700000, 0x0000000769700000| Untracked 
| 140|0x0000000769800000, 0x0000000769800000, 0x0000000769900000|  0%| F|  |TAMS 0x0000000769800000, 0x0000000769800000| Untracked 
| 141|0x0000000769900000, 0x0000000769900000, 0x0000000769a00000|  0%| F|  |TAMS 0x0000000769900000, 0x0000000769900000| Untracked 
| 142|0x0000000769a00000, 0x0000000769a00000, 0x0000000769b00000|  0%| F|  |TAMS 0x0000000769a00000, 0x0000000769a00000| Untracked 
| 143|0x0000000769b00000, 0x0000000769b00000, 0x0000000769c00000|  0%| F|  |TAMS 0x0000000769b00000, 0x0000000769b00000| Untracked 
| 144|0x0000000769c00000, 0x0000000769c00000, 0x0000000769d00000|  0%| F|  |TAMS 0x0000000769c00000, 0x0000000769c00000| Untracked 
| 145|0x0000000769d00000, 0x0000000769d00000, 0x0000000769e00000|  0%| F|  |TAMS 0x0000000769d00000, 0x0000000769d00000| Untracked 
| 146|0x0000000769e00000, 0x0000000769e00000, 0x0000000769f00000|  0%| F|  |TAMS 0x0000000769e00000, 0x0000000769e00000| Untracked 
| 147|0x0000000769f00000, 0x0000000769f00000, 0x000000076a000000|  0%| F|  |TAMS 0x0000000769f00000, 0x0000000769f00000| Untracked 
| 148|0x000000076a000000, 0x000000076a000000, 0x000000076a100000|  0%| F|  |TAMS 0x000000076a000000, 0x000000076a000000| Untracked 
| 149|0x000000076a100000, 0x000000076a200000, 0x000000076a200000|100%| S|CS|TAMS 0x000000076a100000, 0x000000076a100000| Complete 
| 150|0x000000076a200000, 0x000000076a300000, 0x000000076a300000|100%| S|CS|TAMS 0x000000076a200000, 0x000000076a200000| Complete 
| 151|0x000000076a300000, 0x000000076a400000, 0x000000076a400000|100%| S|CS|TAMS 0x000000076a300000, 0x000000076a300000| Complete 
| 152|0x000000076a400000, 0x000000076a500000, 0x000000076a500000|100%| S|CS|TAMS 0x000000076a400000, 0x000000076a400000| Complete 
| 153|0x000000076a500000, 0x000000076a600000, 0x000000076a600000|100%| S|CS|TAMS 0x000000076a500000, 0x000000076a500000| Complete 
| 154|0x000000076a600000, 0x000000076a700000, 0x000000076a700000|100%| S|CS|TAMS 0x000000076a600000, 0x000000076a600000| Complete 
| 155|0x000000076a700000, 0x000000076a800000, 0x000000076a800000|100%| S|CS|TAMS 0x000000076a700000, 0x000000076a700000| Complete 
| 156|0x000000076a800000, 0x000000076a900000, 0x000000076a900000|100%| S|CS|TAMS 0x000000076a800000, 0x000000076a800000| Complete 
| 157|0x000000076a900000, 0x000000076aa00000, 0x000000076aa00000|100%| S|CS|TAMS 0x000000076a900000, 0x000000076a900000| Complete 
| 158|0x000000076aa00000, 0x000000076ab00000, 0x000000076ab00000|100%| S|CS|TAMS 0x000000076aa00000, 0x000000076aa00000| Complete 
| 159|0x000000076ab00000, 0x000000076ac00000, 0x000000076ac00000|100%| S|CS|TAMS 0x000000076ab00000, 0x000000076ab00000| Complete 
| 160|0x000000076ac00000, 0x000000076ad00000, 0x000000076ad00000|100%| S|CS|TAMS 0x000000076ac00000, 0x000000076ac00000| Complete 
| 161|0x000000076ad00000, 0x000000076ae00000, 0x000000076ae00000|100%| S|CS|TAMS 0x000000076ad00000, 0x000000076ad00000| Complete 
| 162|0x000000076ae00000, 0x000000076af00000, 0x000000076af00000|100%| S|CS|TAMS 0x000000076ae00000, 0x000000076ae00000| Complete 
| 163|0x000000076af00000, 0x000000076b000000, 0x000000076b000000|100%| S|CS|TAMS 0x000000076af00000, 0x000000076af00000| Complete 
| 164|0x000000076b000000, 0x000000076b100000, 0x000000076b100000|100%| S|CS|TAMS 0x000000076b000000, 0x000000076b000000| Complete 
| 165|0x000000076b100000, 0x000000076b200000, 0x000000076b200000|100%| S|CS|TAMS 0x000000076b100000, 0x000000076b100000| Complete 
| 166|0x000000076b200000, 0x000000076b300000, 0x000000076b300000|100%| S|CS|TAMS 0x000000076b200000, 0x000000076b200000| Complete 
| 167|0x000000076b300000, 0x000000076b400000, 0x000000076b400000|100%| S|CS|TAMS 0x000000076b300000, 0x000000076b300000| Complete 
| 168|0x000000076b400000, 0x000000076b500000, 0x000000076b500000|100%| S|CS|TAMS 0x000000076b400000, 0x000000076b400000| Complete 
| 169|0x000000076b500000, 0x000000076b600000, 0x000000076b600000|100%| S|CS|TAMS 0x000000076b500000, 0x000000076b500000| Complete 
| 170|0x000000076b600000, 0x000000076b600000, 0x000000076b700000|  0%| F|  |TAMS 0x000000076b600000, 0x000000076b600000| Untracked 
| 171|0x000000076b700000, 0x000000076b700000, 0x000000076b800000|  0%| F|  |TAMS 0x000000076b700000, 0x000000076b700000| Untracked 
| 172|0x000000076b800000, 0x000000076b800000, 0x000000076b900000|  0%| F|  |TAMS 0x000000076b800000, 0x000000076b800000| Untracked 
| 173|0x000000076b900000, 0x000000076b900000, 0x000000076ba00000|  0%| F|  |TAMS 0x000000076b900000, 0x000000076b900000| Untracked 
| 174|0x000000076ba00000, 0x000000076ba00000, 0x000000076bb00000|  0%| F|  |TAMS 0x000000076ba00000, 0x000000076ba00000| Untracked 
| 175|0x000000076bb00000, 0x000000076bb00000, 0x000000076bc00000|  0%| F|  |TAMS 0x000000076bb00000, 0x000000076bb00000| Untracked 
| 176|0x000000076bc00000, 0x000000076bc00000, 0x000000076bd00000|  0%| F|  |TAMS 0x000000076bc00000, 0x000000076bc00000| Untracked 
| 177|0x000000076bd00000, 0x000000076bd00000, 0x000000076be00000|  0%| F|  |TAMS 0x000000076bd00000, 0x000000076bd00000| Untracked 
| 178|0x000000076be00000, 0x000000076be00000, 0x000000076bf00000|  0%| F|  |TAMS 0x000000076be00000, 0x000000076be00000| Untracked 
| 179|0x000000076bf00000, 0x000000076bf00000, 0x000000076c000000|  0%| F|  |TAMS 0x000000076bf00000, 0x000000076bf00000| Untracked 
| 180|0x000000076c000000, 0x000000076c000000, 0x000000076c100000|  0%| F|  |TAMS 0x000000076c000000, 0x000000076c000000| Untracked 
| 181|0x000000076c100000, 0x000000076c100000, 0x000000076c200000|  0%| F|  |TAMS 0x000000076c100000, 0x000000076c100000| Untracked 
| 182|0x000000076c200000, 0x000000076c200000, 0x000000076c300000|  0%| F|  |TAMS 0x000000076c200000, 0x000000076c200000| Untracked 
| 183|0x000000076c300000, 0x000000076c300000, 0x000000076c400000|  0%| F|  |TAMS 0x000000076c300000, 0x000000076c300000| Untracked 
| 184|0x000000076c400000, 0x000000076c400000, 0x000000076c500000|  0%| F|  |TAMS 0x000000076c400000, 0x000000076c400000| Untracked 
| 185|0x000000076c500000, 0x000000076c500000, 0x000000076c600000|  0%| F|  |TAMS 0x000000076c500000, 0x000000076c500000| Untracked 
| 186|0x000000076c600000, 0x000000076c600000, 0x000000076c700000|  0%| F|  |TAMS 0x000000076c600000, 0x000000076c600000| Untracked 
| 187|0x000000076c700000, 0x000000076c700000, 0x000000076c800000|  0%| F|  |TAMS 0x000000076c700000, 0x000000076c700000| Untracked 
| 188|0x000000076c800000, 0x000000076c800000, 0x000000076c900000|  0%| F|  |TAMS 0x000000076c800000, 0x000000076c800000| Untracked 
| 189|0x000000076c900000, 0x000000076c900000, 0x000000076ca00000|  0%| F|  |TAMS 0x000000076c900000, 0x000000076c900000| Untracked 
| 190|0x000000076ca00000, 0x000000076ca00000, 0x000000076cb00000|  0%| F|  |TAMS 0x000000076ca00000, 0x000000076ca00000| Untracked 
| 191|0x000000076cb00000, 0x000000076cb00000, 0x000000076cc00000|  0%| F|  |TAMS 0x000000076cb00000, 0x000000076cb00000| Untracked 
| 192|0x000000076cc00000, 0x000000076cc00000, 0x000000076cd00000|  0%| F|  |TAMS 0x000000076cc00000, 0x000000076cc00000| Untracked 
| 193|0x000000076cd00000, 0x000000076cd00000, 0x000000076ce00000|  0%| F|  |TAMS 0x000000076cd00000, 0x000000076cd00000| Untracked 
| 194|0x000000076ce00000, 0x000000076ce00000, 0x000000076cf00000|  0%| F|  |TAMS 0x000000076ce00000, 0x000000076ce00000| Untracked 
| 195|0x000000076cf00000, 0x000000076cf00000, 0x000000076d000000|  0%| F|  |TAMS 0x000000076cf00000, 0x000000076cf00000| Untracked 
| 196|0x000000076d000000, 0x000000076d000000, 0x000000076d100000|  0%| F|  |TAMS 0x000000076d000000, 0x000000076d000000| Untracked 
| 197|0x000000076d100000, 0x000000076d100000, 0x000000076d200000|  0%| F|  |TAMS 0x000000076d100000, 0x000000076d100000| Untracked 
| 198|0x000000076d200000, 0x000000076d200000, 0x000000076d300000|  0%| F|  |TAMS 0x000000076d200000, 0x000000076d200000| Untracked 
| 199|0x000000076d300000, 0x000000076d300000, 0x000000076d400000|  0%| F|  |TAMS 0x000000076d300000, 0x000000076d300000| Untracked 
| 200|0x000000076d400000, 0x000000076d400000, 0x000000076d500000|  0%| F|  |TAMS 0x000000076d400000, 0x000000076d400000| Untracked 
| 201|0x000000076d500000, 0x000000076d500000, 0x000000076d600000|  0%| F|  |TAMS 0x000000076d500000, 0x000000076d500000| Untracked 
| 202|0x000000076d600000, 0x000000076d600000, 0x000000076d700000|  0%| F|  |TAMS 0x000000076d600000, 0x000000076d600000| Untracked 
| 203|0x000000076d700000, 0x000000076d700000, 0x000000076d800000|  0%| F|  |TAMS 0x000000076d700000, 0x000000076d700000| Untracked 
| 204|0x000000076d800000, 0x000000076d800000, 0x000000076d900000|  0%| F|  |TAMS 0x000000076d800000, 0x000000076d800000| Untracked 
| 205|0x000000076d900000, 0x000000076d900000, 0x000000076da00000|  0%| F|  |TAMS 0x000000076d900000, 0x000000076d900000| Untracked 
| 206|0x000000076da00000, 0x000000076da00000, 0x000000076db00000|  0%| F|  |TAMS 0x000000076da00000, 0x000000076da00000| Untracked 
| 207|0x000000076db00000, 0x000000076db00000, 0x000000076dc00000|  0%| F|  |TAMS 0x000000076db00000, 0x000000076db00000| Untracked 
| 208|0x000000076dc00000, 0x000000076dc00000, 0x000000076dd00000|  0%| F|  |TAMS 0x000000076dc00000, 0x000000076dc00000| Untracked 
| 209|0x000000076dd00000, 0x000000076dd00000, 0x000000076de00000|  0%| F|  |TAMS 0x000000076dd00000, 0x000000076dd00000| Untracked 
| 210|0x000000076de00000, 0x000000076de00000, 0x000000076df00000|  0%| F|  |TAMS 0x000000076de00000, 0x000000076de00000| Untracked 
| 211|0x000000076df00000, 0x000000076df00000, 0x000000076e000000|  0%| F|  |TAMS 0x000000076df00000, 0x000000076df00000| Untracked 
| 212|0x000000076e000000, 0x000000076e000000, 0x000000076e100000|  0%| F|  |TAMS 0x000000076e000000, 0x000000076e000000| Untracked 
| 213|0x000000076e100000, 0x000000076e100000, 0x000000076e200000|  0%| F|  |TAMS 0x000000076e100000, 0x000000076e100000| Untracked 
| 214|0x000000076e200000, 0x000000076e200000, 0x000000076e300000|  0%| F|  |TAMS 0x000000076e200000, 0x000000076e200000| Untracked 
| 215|0x000000076e300000, 0x000000076e300000, 0x000000076e400000|  0%| F|  |TAMS 0x000000076e300000, 0x000000076e300000| Untracked 
| 216|0x000000076e400000, 0x000000076e400000, 0x000000076e500000|  0%| F|  |TAMS 0x000000076e400000, 0x000000076e400000| Untracked 
| 217|0x000000076e500000, 0x000000076e500000, 0x000000076e600000|  0%| F|  |TAMS 0x000000076e500000, 0x000000076e500000| Untracked 
| 218|0x000000076e600000, 0x000000076e600000, 0x000000076e700000|  0%| F|  |TAMS 0x000000076e600000, 0x000000076e600000| Untracked 
| 219|0x000000076e700000, 0x000000076e700000, 0x000000076e800000|  0%| F|  |TAMS 0x000000076e700000, 0x000000076e700000| Untracked 
| 220|0x000000076e800000, 0x000000076e800000, 0x000000076e900000|  0%| F|  |TAMS 0x000000076e800000, 0x000000076e800000| Untracked 
| 221|0x000000076e900000, 0x000000076e900000, 0x000000076ea00000|  0%| F|  |TAMS 0x000000076e900000, 0x000000076e900000| Untracked 
| 222|0x000000076ea00000, 0x000000076ea00000, 0x000000076eb00000|  0%| F|  |TAMS 0x000000076ea00000, 0x000000076ea00000| Untracked 
| 223|0x000000076eb00000, 0x000000076eb00000, 0x000000076ec00000|  0%| F|  |TAMS 0x000000076eb00000, 0x000000076eb00000| Untracked 
| 224|0x000000076ec00000, 0x000000076ec00000, 0x000000076ed00000|  0%| F|  |TAMS 0x000000076ec00000, 0x000000076ec00000| Untracked 
| 225|0x000000076ed00000, 0x000000076ed00000, 0x000000076ee00000|  0%| F|  |TAMS 0x000000076ed00000, 0x000000076ed00000| Untracked 
| 226|0x000000076ee00000, 0x000000076ee00000, 0x000000076ef00000|  0%| F|  |TAMS 0x000000076ee00000, 0x000000076ee00000| Untracked 
| 227|0x000000076ef00000, 0x000000076ef00000, 0x000000076f000000|  0%| F|  |TAMS 0x000000076ef00000, 0x000000076ef00000| Untracked 
| 228|0x000000076f000000, 0x000000076f000000, 0x000000076f100000|  0%| F|  |TAMS 0x000000076f000000, 0x000000076f000000| Untracked 
| 229|0x000000076f100000, 0x000000076f100000, 0x000000076f200000|  0%| F|  |TAMS 0x000000076f100000, 0x000000076f100000| Untracked 
| 230|0x000000076f200000, 0x000000076f200000, 0x000000076f300000|  0%| F|  |TAMS 0x000000076f200000, 0x000000076f200000| Untracked 
| 231|0x000000076f300000, 0x000000076f300000, 0x000000076f400000|  0%| F|  |TAMS 0x000000076f300000, 0x000000076f300000| Untracked 
| 232|0x000000076f400000, 0x000000076f400000, 0x000000076f500000|  0%| F|  |TAMS 0x000000076f400000, 0x000000076f400000| Untracked 
| 233|0x000000076f500000, 0x000000076f500000, 0x000000076f600000|  0%| F|  |TAMS 0x000000076f500000, 0x000000076f500000| Untracked 
| 234|0x000000076f600000, 0x000000076f600000, 0x000000076f700000|  0%| F|  |TAMS 0x000000076f600000, 0x000000076f600000| Untracked 
| 235|0x000000076f700000, 0x000000076f700000, 0x000000076f800000|  0%| F|  |TAMS 0x000000076f700000, 0x000000076f700000| Untracked 
| 236|0x000000076f800000, 0x000000076f800000, 0x000000076f900000|  0%| F|  |TAMS 0x000000076f800000, 0x000000076f800000| Untracked 
| 237|0x000000076f900000, 0x000000076f900000, 0x000000076fa00000|  0%| F|  |TAMS 0x000000076f900000, 0x000000076f900000| Untracked 
| 238|0x000000076fa00000, 0x000000076fa00000, 0x000000076fb00000|  0%| F|  |TAMS 0x000000076fa00000, 0x000000076fa00000| Untracked 
| 239|0x000000076fb00000, 0x000000076fb00000, 0x000000076fc00000|  0%| F|  |TAMS 0x000000076fb00000, 0x000000076fb00000| Untracked 
| 240|0x000000076fc00000, 0x000000076fc00000, 0x000000076fd00000|  0%| F|  |TAMS 0x000000076fc00000, 0x000000076fc00000| Untracked 
| 241|0x000000076fd00000, 0x000000076fd00000, 0x000000076fe00000|  0%| F|  |TAMS 0x000000076fd00000, 0x000000076fd00000| Untracked 
| 242|0x000000076fe00000, 0x000000076fe00000, 0x000000076ff00000|  0%| F|  |TAMS 0x000000076fe00000, 0x000000076fe00000| Untracked 
| 243|0x000000076ff00000, 0x000000076ff00000, 0x0000000770000000|  0%| F|  |TAMS 0x000000076ff00000, 0x000000076ff00000| Untracked 
| 244|0x0000000770000000, 0x0000000770000000, 0x0000000770100000|  0%| F|  |TAMS 0x0000000770000000, 0x0000000770000000| Untracked 
| 245|0x0000000770100000, 0x0000000770100000, 0x0000000770200000|  0%| F|  |TAMS 0x0000000770100000, 0x0000000770100000| Untracked 
| 246|0x0000000770200000, 0x0000000770200000, 0x0000000770300000|  0%| F|  |TAMS 0x0000000770200000, 0x0000000770200000| Untracked 
| 247|0x0000000770300000, 0x0000000770300000, 0x0000000770400000|  0%| F|  |TAMS 0x0000000770300000, 0x0000000770300000| Untracked 
| 248|0x0000000770400000, 0x0000000770500000, 0x0000000770500000|100%| E|  |TAMS 0x0000000770400000, 0x0000000770400000| Complete 
| 249|0x0000000770500000, 0x0000000770600000, 0x0000000770600000|100%| E|CS|TAMS 0x0000000770500000, 0x0000000770500000| Complete 
| 250|0x0000000770600000, 0x0000000770700000, 0x0000000770700000|100%| E|CS|TAMS 0x0000000770600000, 0x0000000770600000| Complete 
| 251|0x0000000770700000, 0x0000000770800000, 0x0000000770800000|100%| E|CS|TAMS 0x0000000770700000, 0x0000000770700000| Complete 
| 252|0x0000000770800000, 0x0000000770900000, 0x0000000770900000|100%| E|CS|TAMS 0x0000000770800000, 0x0000000770800000| Complete 
| 253|0x0000000770900000, 0x0000000770a00000, 0x0000000770a00000|100%| E|CS|TAMS 0x0000000770900000, 0x0000000770900000| Complete 
| 254|0x0000000770a00000, 0x0000000770b00000, 0x0000000770b00000|100%| E|CS|TAMS 0x0000000770a00000, 0x0000000770a00000| Complete 
| 255|0x0000000770b00000, 0x0000000770c00000, 0x0000000770c00000|100%| E|CS|TAMS 0x0000000770b00000, 0x0000000770b00000| Complete 
| 256|0x0000000770c00000, 0x0000000770d00000, 0x0000000770d00000|100%| E|CS|TAMS 0x0000000770c00000, 0x0000000770c00000| Complete 
| 257|0x0000000770d00000, 0x0000000770e00000, 0x0000000770e00000|100%| E|CS|TAMS 0x0000000770d00000, 0x0000000770d00000| Complete 
| 258|0x0000000770e00000, 0x0000000770f00000, 0x0000000770f00000|100%| E|CS|TAMS 0x0000000770e00000, 0x0000000770e00000| Complete 
| 259|0x0000000770f00000, 0x0000000771000000, 0x0000000771000000|100%| E|CS|TAMS 0x0000000770f00000, 0x0000000770f00000| Complete 
| 260|0x0000000771000000, 0x0000000771100000, 0x0000000771100000|100%| E|CS|TAMS 0x0000000771000000, 0x0000000771000000| Complete 
| 261|0x0000000771100000, 0x0000000771200000, 0x0000000771200000|100%| E|CS|TAMS 0x0000000771100000, 0x0000000771100000| Complete 
| 262|0x0000000771200000, 0x0000000771300000, 0x0000000771300000|100%| E|CS|TAMS 0x0000000771200000, 0x0000000771200000| Complete 
| 263|0x0000000771300000, 0x0000000771400000, 0x0000000771400000|100%| E|CS|TAMS 0x0000000771300000, 0x0000000771300000| Complete 
| 264|0x0000000771400000, 0x0000000771500000, 0x0000000771500000|100%| E|CS|TAMS 0x0000000771400000, 0x0000000771400000| Complete 
| 265|0x0000000771500000, 0x0000000771600000, 0x0000000771600000|100%| E|CS|TAMS 0x0000000771500000, 0x0000000771500000| Complete 
| 266|0x0000000771600000, 0x0000000771700000, 0x0000000771700000|100%| E|CS|TAMS 0x0000000771600000, 0x0000000771600000| Complete 
| 267|0x0000000771700000, 0x0000000771800000, 0x0000000771800000|100%| E|CS|TAMS 0x0000000771700000, 0x0000000771700000| Complete 
| 268|0x0000000771800000, 0x0000000771900000, 0x0000000771900000|100%| E|CS|TAMS 0x0000000771800000, 0x0000000771800000| Complete 
| 269|0x0000000771900000, 0x0000000771a00000, 0x0000000771a00000|100%| E|CS|TAMS 0x0000000771900000, 0x0000000771900000| Complete 
| 270|0x0000000771a00000, 0x0000000771b00000, 0x0000000771b00000|100%| E|CS|TAMS 0x0000000771a00000, 0x0000000771a00000| Complete 
| 271|0x0000000771b00000, 0x0000000771c00000, 0x0000000771c00000|100%| E|CS|TAMS 0x0000000771b00000, 0x0000000771b00000| Complete 
| 272|0x0000000771c00000, 0x0000000771d00000, 0x0000000771d00000|100%| E|CS|TAMS 0x0000000771c00000, 0x0000000771c00000| Complete 
| 273|0x0000000771d00000, 0x0000000771e00000, 0x0000000771e00000|100%| E|CS|TAMS 0x0000000771d00000, 0x0000000771d00000| Complete 
| 274|0x0000000771e00000, 0x0000000771f00000, 0x0000000771f00000|100%| E|CS|TAMS 0x0000000771e00000, 0x0000000771e00000| Complete 
| 275|0x0000000771f00000, 0x0000000772000000, 0x0000000772000000|100%| E|CS|TAMS 0x0000000771f00000, 0x0000000771f00000| Complete 
| 276|0x0000000772000000, 0x0000000772100000, 0x0000000772100000|100%| E|CS|TAMS 0x0000000772000000, 0x0000000772000000| Complete 
| 277|0x0000000772100000, 0x0000000772200000, 0x0000000772200000|100%| E|CS|TAMS 0x0000000772100000, 0x0000000772100000| Complete 
| 278|0x0000000772200000, 0x0000000772300000, 0x0000000772300000|100%| E|CS|TAMS 0x0000000772200000, 0x0000000772200000| Complete 
| 279|0x0000000772300000, 0x0000000772400000, 0x0000000772400000|100%| E|CS|TAMS 0x0000000772300000, 0x0000000772300000| Complete 
| 280|0x0000000772400000, 0x0000000772500000, 0x0000000772500000|100%| E|CS|TAMS 0x0000000772400000, 0x0000000772400000| Complete 
| 281|0x0000000772500000, 0x0000000772600000, 0x0000000772600000|100%| E|CS|TAMS 0x0000000772500000, 0x0000000772500000| Complete 
| 282|0x0000000772600000, 0x0000000772700000, 0x0000000772700000|100%| E|CS|TAMS 0x0000000772600000, 0x0000000772600000| Complete 
| 283|0x0000000772700000, 0x0000000772800000, 0x0000000772800000|100%| E|CS|TAMS 0x0000000772700000, 0x0000000772700000| Complete 
| 284|0x0000000772800000, 0x0000000772900000, 0x0000000772900000|100%| E|CS|TAMS 0x0000000772800000, 0x0000000772800000| Complete 
| 285|0x0000000772900000, 0x0000000772a00000, 0x0000000772a00000|100%| E|CS|TAMS 0x0000000772900000, 0x0000000772900000| Complete 
| 286|0x0000000772a00000, 0x0000000772b00000, 0x0000000772b00000|100%| E|CS|TAMS 0x0000000772a00000, 0x0000000772a00000| Complete 
| 287|0x0000000772b00000, 0x0000000772c00000, 0x0000000772c00000|100%| E|CS|TAMS 0x0000000772b00000, 0x0000000772b00000| Complete 
| 288|0x0000000772c00000, 0x0000000772d00000, 0x0000000772d00000|100%| E|CS|TAMS 0x0000000772c00000, 0x0000000772c00000| Complete 
| 289|0x0000000772d00000, 0x0000000772e00000, 0x0000000772e00000|100%| E|CS|TAMS 0x0000000772d00000, 0x0000000772d00000| Complete 
| 290|0x0000000772e00000, 0x0000000772f00000, 0x0000000772f00000|100%| E|CS|TAMS 0x0000000772e00000, 0x0000000772e00000| Complete 
| 291|0x0000000772f00000, 0x0000000773000000, 0x0000000773000000|100%| E|CS|TAMS 0x0000000772f00000, 0x0000000772f00000| Complete 
| 292|0x0000000773000000, 0x0000000773100000, 0x0000000773100000|100%| E|CS|TAMS 0x0000000773000000, 0x0000000773000000| Complete 
| 293|0x0000000773100000, 0x0000000773200000, 0x0000000773200000|100%| E|CS|TAMS 0x0000000773100000, 0x0000000773100000| Complete 
| 294|0x0000000773200000, 0x0000000773300000, 0x0000000773300000|100%| E|CS|TAMS 0x0000000773200000, 0x0000000773200000| Complete 
| 295|0x0000000773300000, 0x0000000773400000, 0x0000000773400000|100%| E|CS|TAMS 0x0000000773300000, 0x0000000773300000| Complete 
| 296|0x0000000773400000, 0x0000000773500000, 0x0000000773500000|100%| E|CS|TAMS 0x0000000773400000, 0x0000000773400000| Complete 
| 297|0x0000000773500000, 0x0000000773600000, 0x0000000773600000|100%| E|CS|TAMS 0x0000000773500000, 0x0000000773500000| Complete 
| 298|0x0000000773600000, 0x0000000773700000, 0x0000000773700000|100%| E|CS|TAMS 0x0000000773600000, 0x0000000773600000| Complete 
| 299|0x0000000773700000, 0x0000000773800000, 0x0000000773800000|100%| E|CS|TAMS 0x0000000773700000, 0x0000000773700000| Complete 
| 300|0x0000000773800000, 0x0000000773900000, 0x0000000773900000|100%| E|CS|TAMS 0x0000000773800000, 0x0000000773800000| Complete 
| 301|0x0000000773900000, 0x0000000773a00000, 0x0000000773a00000|100%| E|CS|TAMS 0x0000000773900000, 0x0000000773900000| Complete 
| 302|0x0000000773a00000, 0x0000000773b00000, 0x0000000773b00000|100%| E|CS|TAMS 0x0000000773a00000, 0x0000000773a00000| Complete 
| 303|0x0000000773b00000, 0x0000000773c00000, 0x0000000773c00000|100%| E|CS|TAMS 0x0000000773b00000, 0x0000000773b00000| Complete 
| 304|0x0000000773c00000, 0x0000000773d00000, 0x0000000773d00000|100%| E|CS|TAMS 0x0000000773c00000, 0x0000000773c00000| Complete 
| 305|0x0000000773d00000, 0x0000000773e00000, 0x0000000773e00000|100%| E|CS|TAMS 0x0000000773d00000, 0x0000000773d00000| Complete 
| 306|0x0000000773e00000, 0x0000000773f00000, 0x0000000773f00000|100%| E|CS|TAMS 0x0000000773e00000, 0x0000000773e00000| Complete 
| 307|0x0000000773f00000, 0x0000000774000000, 0x0000000774000000|100%| E|CS|TAMS 0x0000000773f00000, 0x0000000773f00000| Complete 
| 308|0x0000000774000000, 0x0000000774100000, 0x0000000774100000|100%| E|CS|TAMS 0x0000000774000000, 0x0000000774000000| Complete 
| 309|0x0000000774100000, 0x0000000774200000, 0x0000000774200000|100%| E|CS|TAMS 0x0000000774100000, 0x0000000774100000| Complete 
| 310|0x0000000774200000, 0x0000000774300000, 0x0000000774300000|100%| E|CS|TAMS 0x0000000774200000, 0x0000000774200000| Complete 
| 311|0x0000000774300000, 0x0000000774400000, 0x0000000774400000|100%| E|CS|TAMS 0x0000000774300000, 0x0000000774300000| Complete 
| 312|0x0000000774400000, 0x0000000774500000, 0x0000000774500000|100%| E|CS|TAMS 0x0000000774400000, 0x0000000774400000| Complete 
| 313|0x0000000774500000, 0x0000000774600000, 0x0000000774600000|100%| E|CS|TAMS 0x0000000774500000, 0x0000000774500000| Complete 
| 314|0x0000000774600000, 0x0000000774700000, 0x0000000774700000|100%| E|CS|TAMS 0x0000000774600000, 0x0000000774600000| Complete 
| 315|0x0000000774700000, 0x0000000774800000, 0x0000000774800000|100%| E|CS|TAMS 0x0000000774700000, 0x0000000774700000| Complete 
| 316|0x0000000774800000, 0x0000000774900000, 0x0000000774900000|100%| E|CS|TAMS 0x0000000774800000, 0x0000000774800000| Complete 
| 317|0x0000000774900000, 0x0000000774a00000, 0x0000000774a00000|100%| E|CS|TAMS 0x0000000774900000, 0x0000000774900000| Complete 
| 318|0x0000000774a00000, 0x0000000774b00000, 0x0000000774b00000|100%| E|CS|TAMS 0x0000000774a00000, 0x0000000774a00000| Complete 
| 319|0x0000000774b00000, 0x0000000774c00000, 0x0000000774c00000|100%| E|CS|TAMS 0x0000000774b00000, 0x0000000774b00000| Complete 
| 320|0x0000000774c00000, 0x0000000774d00000, 0x0000000774d00000|100%| E|CS|TAMS 0x0000000774c00000, 0x0000000774c00000| Complete 
| 321|0x0000000774d00000, 0x0000000774e00000, 0x0000000774e00000|100%| E|CS|TAMS 0x0000000774d00000, 0x0000000774d00000| Complete 
| 322|0x0000000774e00000, 0x0000000774f00000, 0x0000000774f00000|100%| E|CS|TAMS 0x0000000774e00000, 0x0000000774e00000| Complete 

Card table byte_map: [0x000000001a650000,0x000000001ab50000] _byte_map_base: 0x0000000016b4a000

Marking Bits (Prev, Next): (CMBitMap*) 0x00000000002a00d8, (CMBitMap*) 0x00000000002a0110
 Prev Bits: [0x000000001b050000, 0x000000001d820000)
 Next Bits: [0x000000001d820000, 0x000000001fff0000)

Polling page: 0x0000000001ed0000

Metaspace:

Usage:
  Non-class:     12.08 MB capacity,    11.95 MB ( 99%) used,   122.39 KB ( <1%) free+waste,     9.63 KB ( <1%) overhead. 
      Class:    928.00 KB capacity,   868.38 KB ( 94%) used,    57.18 KB (  6%) free+waste,     2.44 KB ( <1%) overhead. 
       Both:     12.99 MB capacity,    12.80 MB ( 99%) used,   179.57 KB (  1%) free+waste,    12.06 KB ( <1%) overhead. 

Virtual space:
  Non-class space:       14.00 MB reserved,      12.25 MB ( 88%) committed 
      Class space:        1.00 GB reserved,       1.00 MB ( <1%) committed 
             Both:        1.01 GB reserved,      13.25 MB (  1%) committed 

Chunk freelists:
   Non-Class:  13.88 KB
       Class:  0 bytes
        Both:  13.88 KB

CodeHeap 'non-profiled nmethods': size=120064Kb used=3061Kb max_used=3061Kb free=117002Kb
 bounds [0x0000000012540000, 0x0000000012840000, 0x0000000019a80000]
CodeHeap 'profiled nmethods': size=120000Kb used=14194Kb max_used=14194Kb free=105805Kb
 bounds [0x000000000b010000, 0x000000000bdf0000, 0x0000000012540000]
CodeHeap 'non-nmethods': size=5696Kb used=1091Kb max_used=1149Kb free=4604Kb
 bounds [0x000000000aa80000, 0x000000000acf0000, 0x000000000b010000]
 total_blobs=2739 nmethods=2345 adapters=305
 compilation: enabled
              stopped_count=0, restarted_count=0
 full_count=0

Compilation events (10 events):
Event: 14.627 Thread 0x00000000234fe000 2445       3       java.util.TimSort::sort (229 bytes)
Event: 14.628 Thread 0x00000000234fe000 nmethod 2445 0x000000000bdc2910 code [0x000000000bdc2b40, 0x000000000bdc3238]
Event: 14.637 Thread 0x00000000234fe000 2446       3       org.mozilla.javascript.gen.D__habrisBatch2021_hybris_bin_custom_Nendrasys_Nendrasysstorefront_web_webroot_WEB_INF_lib_less_rhino_1_7_3_js_1::_c_anonymous_311 (47 bytes)
Event: 14.639 Thread 0x00000000234fe000 nmethod 2446 0x000000000bdc3610 code [0x000000000bdc38a0, 0x000000000bdc42d8]
Event: 14.676 Thread 0x00000000234fe000 2447       3       jdk.internal.math.FDBigInteger::<init> (194 bytes)
Event: 14.677 Thread 0x00000000234fe000 nmethod 2447 0x000000000bdc4790 code [0x000000000bdc49a0, 0x000000000bdc5128]
Event: 14.677 Thread 0x00000000234fe000 2448       3       jdk.internal.math.FDBigInteger::multByPow52 (154 bytes)
Event: 14.679 Thread 0x00000000234fe000 nmethod 2448 0x000000000bdc5490 code [0x000000000bdc56e0, 0x000000000bdc5ff8]
Event: 14.700 Thread 0x00000000234fe000 2450       3       org.mozilla.javascript.gen.D__habrisBatch2021_hybris_bin_custom_Nendrasys_Nendrasysstorefront_web_webroot_WEB_INF_lib_less_rhino_1_7_3_js_1::_c_anonymous_153 (89 bytes)
Event: 14.703 Thread 0x00000000234fe000 nmethod 2450 0x000000000bdc6390 code [0x000000000bdc67c0, 0x000000000bdc8888]

GC Heap History (10 events):
Event: 6.912 GC heap before
{Heap before GC invocations=5 (full 0):
 garbage-first heap   total 204800K, used 132145K [0x0000000760c00000, 0x0000000800000000)
  region size 1024K, 120 young (122880K), 7 survivors (7168K)
 Metaspace       used 12906K, capacity 13009K, committed 13184K, reserved 1060864K
  class space    used 862K, capacity 896K, committed 896K, reserved 1048576K
}
Event: 7.001 GC heap after
{Heap after GC invocations=6 (full 0):
 garbage-first heap   total 204800K, used 24696K [0x0000000760c00000, 0x0000000800000000)
  region size 1024K, 15 young (15360K), 15 survivors (15360K)
 Metaspace       used 12906K, capacity 13009K, committed 13184K, reserved 1060864K
  class space    used 862K, capacity 896K, committed 896K, reserved 1048576K
}
Event: 7.994 GC heap before
{Heap before GC invocations=6 (full 0):
 garbage-first heap   total 204800K, used 132216K [0x0000000760c00000, 0x0000000800000000)
  region size 1024K, 120 young (122880K), 15 survivors (15360K)
 Metaspace       used 12923K, capacity 13137K, committed 13440K, reserved 1062912K
  class space    used 862K, capacity 896K, committed 896K, reserved 1048576K
}
Event: 8.063 GC heap after
{Heap after GC invocations=7 (full 0):
 garbage-first heap   total 204800K, used 34828K [0x0000000760c00000, 0x0000000800000000)
  region size 1024K, 10 young (10240K), 10 survivors (10240K)
 Metaspace       used 12923K, capacity 13137K, committed 13440K, reserved 1062912K
  class space    used 862K, capacity 896K, committed 896K, reserved 1048576K
}
Event: 9.962 GC heap before
{Heap before GC invocations=7 (full 0):
 garbage-first heap   total 204800K, used 146444K [0x0000000760c00000, 0x0000000800000000)
  region size 1024K, 119 young (121856K), 10 survivors (10240K)
 Metaspace       used 13044K, capacity 13169K, committed 13568K, reserved 1062912K
  class space    used 867K, capacity 928K, committed 1024K, reserved 1048576K
}
Event: 10.012 GC heap after
{Heap after GC invocations=8 (full 0):
 garbage-first heap   total 204800K, used 45006K [0x0000000760c00000, 0x0000000800000000)
  region size 1024K, 10 young (10240K), 10 survivors (10240K)
 Metaspace       used 13044K, capacity 13169K, committed 13568K, reserved 1062912K
  class space    used 867K, capacity 928K, committed 1024K, reserved 1048576K
}
Event: 12.176 GC heap before
{Heap before GC invocations=8 (full 0):
 garbage-first heap   total 204800K, used 154574K [0x0000000760c00000, 0x0000000800000000)
  region size 1024K, 117 young (119808K), 10 survivors (10240K)
 Metaspace       used 13077K, capacity 13233K, committed 13568K, reserved 1062912K
  class space    used 867K, capacity 928K, committed 1024K, reserved 1048576K
}
Event: 12.230 GC heap after
{Heap after GC invocations=9 (full 0):
 garbage-first heap   total 330752K, used 52687K [0x0000000760c00000, 0x0000000800000000)
  region size 1024K, 8 young (8192K), 8 survivors (8192K)
 Metaspace       used 13077K, capacity 13233K, committed 13568K, reserved 1062912K
  class space    used 867K, capacity 928K, committed 1024K, reserved 1048576K
}
Event: 14.414 GC heap before
{Heap before GC invocations=9 (full 0):
 garbage-first heap   total 330752K, used 209359K [0x0000000760c00000, 0x0000000800000000)
  region size 1024K, 161 young (164864K), 8 survivors (8192K)
 Metaspace       used 13103K, capacity 13233K, committed 13568K, reserved 1062912K
  class space    used 868K, capacity 928K, committed 1024K, reserved 1048576K
}
Event: 14.500 GC heap after
{Heap after GC invocations=10 (full 0):
 garbage-first heap   total 330752K, used 73606K [0x0000000760c00000, 0x0000000800000000)
  region size 1024K, 21 young (21504K), 21 survivors (21504K)
 Metaspace       used 13103K, capacity 13233K, committed 13568K, reserved 1062912K
  class space    used 868K, capacity 928K, committed 1024K, reserved 1048576K
}

Deoptimization events (10 events):
Event: 12.838 Thread 0x0000000000253000 Uncommon trap: reason=unstable_if action=reinterpret pc=0x0000000012607270 method=org.mozilla.javascript.regexp.NativeRegExp.matchRegExp(Lorg/mozilla/javascript/regexp/REGlobalData;Lorg/mozilla/javascript/regexp/RECompiled;Ljava/lang/String;IIZ)Z @ 120 c2
Event: 12.838 Thread 0x0000000000253000 Uncommon trap: reason=unstable_if action=reinterpret pc=0x000000001275fc68 method=org.mozilla.javascript.regexp.NativeRegExp.simpleMatch(Lorg/mozilla/javascript/regexp/REGlobalData;Ljava/lang/String;I[BIIZ)I @ 787 c2
Event: 12.939 Thread 0x0000000000253000 Uncommon trap: reason=unstable_if action=reinterpret pc=0x00000000127b6d08 method=org.mozilla.javascript.gen.D__habrisBatch2021_hybris_bin_custom_Nendrasys_Nendrasysstorefront_web_webroot_WEB_INF_lib_less_rhino_1_7_3_js_1._c_anonymous_401(Lorg/mozilla/jav
Event: 12.939 Thread 0x0000000000253000 Uncommon trap: reason=unstable_if action=reinterpret pc=0x00000000127a24c8 method=org.mozilla.javascript.NativeString.execIdCall(Lorg/mozilla/javascript/IdFunctionObject;Lorg/mozilla/javascript/Context;Lorg/mozilla/javascript/Scriptable;Lorg/mozilla/javas
Event: 12.939 Thread 0x0000000000253000 Uncommon trap: reason=class_check action=maybe_recompile pc=0x00000000125fc9e0 method=org.mozilla.javascript.ScriptRuntime.toBoolean(Ljava/lang/Object;)Z @ 36 c2
Event: 13.585 Thread 0x0000000000253000 Uncommon trap: reason=unstable_if action=reinterpret pc=0x000000001279cdc4 method=org.mozilla.javascript.NativeArray.js_concat(Lorg/mozilla/javascript/Context;Lorg/mozilla/javascript/Scriptable;Lorg/mozilla/javascript/Scriptable;[Ljava/lang/Object;)Lorg/m
Event: 13.657 Thread 0x0000000000253000 Uncommon trap: reason=unstable_if action=reinterpret pc=0x0000000012673efc method=org.mozilla.javascript.ScriptRuntime.nameIncrDecr(Lorg/mozilla/javascript/Scriptable;Ljava/lang/String;Lorg/mozilla/javascript/Context;I)Ljava/lang/Object; @ 68 c2
Event: 13.657 Thread 0x0000000000253000 Uncommon trap: reason=unstable_if action=reinterpret pc=0x00000000127c34f4 method=org.mozilla.javascript.gen.D__habrisBatch2021_hybris_bin_custom_Nendrasys_Nendrasysstorefront_web_webroot_WEB_INF_lib_less_rhino_1_7_3_js_1._c_anonymous_415(Lorg/mozilla/jav
Event: 13.658 Thread 0x0000000000253000 Uncommon trap: reason=unstable_if action=reinterpret pc=0x00000000127c34f4 method=org.mozilla.javascript.gen.D__habrisBatch2021_hybris_bin_custom_Nendrasys_Nendrasysstorefront_web_webroot_WEB_INF_lib_less_rhino_1_7_3_js_1._c_anonymous_415(Lorg/mozilla/jav
Event: 14.241 Thread 0x0000000000253000 Uncommon trap: reason=unstable_if action=reinterpret pc=0x000000001275199c method=org.mozilla.javascript.NativeArray.findPrototypeId(Ljava/lang/String;)I @ 150 c2

Classes redefined (0 events):
No events

Internal exceptions (10 events):
Event: 0.957 Thread 0x0000000000253000 Exception <a 'java/lang/NoSuchMethodError'{0x000000076ab700e8}: java.lang.invoke.DirectMethodHandle$Holder.invokeSpecialIFC(Ljava/lang/Object;Ljava/lang/Object;I)I> (0x000000076ab700e8) thrown at [./open/src/hotspot/share/interpreter/linkResolver.cpp, lin
Event: 2.371 Thread 0x0000000000253000 Implicit null exception at 0x0000000012560038 to 0x00000000125609e8
Event: 2.397 Thread 0x0000000000253000 Implicit null exception at 0x00000000125a0362 to 0x00000000125a247c
Event: 2.397 Thread 0x0000000000253000 Implicit null exception at 0x00000000125987c5 to 0x0000000012598a8c
Event: 2.400 Thread 0x0000000000253000 Implicit null exception at 0x00000000125ae7d0 to 0x00000000125ae914
Event: 5.860 Thread 0x0000000000253000 Implicit null exception at 0x000000001261bab5 to 0x000000001261be60
Event: 5.906 Thread 0x0000000000253000 Implicit null exception at 0x0000000012652299 to 0x0000000012654b0c
Event: 5.906 Thread 0x0000000000253000 Implicit null exception at 0x0000000012652299 to 0x0000000012654b0c
Event: 5.954 Thread 0x0000000000253000 Implicit null exception at 0x0000000012652299 to 0x0000000012654b0c
Event: 5.954 Thread 0x0000000000253000 Implicit null exception at 0x0000000012652299 to 0x0000000012654b0c

Events (10 events):
Event: 13.658 Thread 0x0000000000253000 DEOPT UNPACKING pc=0x000000000aaa682f sp=0x000000000219d7a0 mode 2
Event: 14.241 Thread 0x0000000000253000 Uncommon trap: trap_request=0xffffff4d fr.pc=0x000000001275199c relative=0x000000000000061c
Event: 14.241 Thread 0x0000000000253000 DEOPT PACKING pc=0x000000001275199c sp=0x000000000219def0
Event: 14.241 Thread 0x0000000000253000 DEOPT UNPACKING pc=0x000000000aaa682f sp=0x000000000219de78 mode 2
Event: 14.414 Executing VM operation: G1CollectForAllocation
Event: 14.500 Executing VM operation: G1CollectForAllocation done
Event: 14.759 Thread 0x0000000000253000 DEOPT PACKING pc=0x000000000bad5dc2 sp=0x000000000218f4c0
Event: 14.759 Thread 0x0000000000253000 DEOPT UNPACKING pc=0x000000000aaa6fde sp=0x000000000218f7b0 mode 0
Event: 14.853 Thread 0x0000000000253000 DEOPT PACKING pc=0x000000000bad5dc2 sp=0x000000000218cdf0
Event: 14.853 Thread 0x0000000000253000 DEOPT UNPACKING pc=0x000000000aaa6fde sp=0x000000000218d0e0 mode 0


Dynamic libraries:
0x000000013ff30000 - 0x000000013ff3f000 	C:\Program Files\Java\jdk-11.0.11\bin\java.exe
0x0000000077550000 - 0x00000000776ef000 	C:\Windows\SYSTEM32\ntdll.dll
0x0000000077430000 - 0x000000007754f000 	C:\Windows\system32\kernel32.dll
0x000007fefd200000 - 0x000007fefd267000 	C:\Windows\system32\KERNELBASE.dll
0x000007fefb080000 - 0x000007fefb098000 	C:\Program Files\Java\jdk-11.0.11\bin\jli.dll
0x000007fefeea0000 - 0x000007fefef7b000 	C:\Windows\system32\ADVAPI32.dll
0x000007feff2a0000 - 0x000007feff33f000 	C:\Windows\system32\msvcrt.dll
0x000007feff340000 - 0x000007feff35f000 	C:\Windows\SYSTEM32\sechost.dll
0x000007feff360000 - 0x000007feff48c000 	C:\Windows\system32\RPCRT4.dll
0x000007fefb700000 - 0x000007fefb8f5000 	C:\Windows\WinSxS\amd64_microsoft.windows.common-controls_6595b64144ccf1df_6.0.7601.24483_none_e372d88f30fbb845\COMCTL32.dll
0x000007fefe850000 - 0x000007fefe8b7000 	C:\Windows\system32\GDI32.dll
0x0000000077330000 - 0x000000007742b000 	C:\Windows\system32\USER32.dll
0x000007feff230000 - 0x000007feff23e000 	C:\Windows\system32\LPK.dll
0x000007fefe8c0000 - 0x000007fefe98b000 	C:\Windows\system32\USP10.dll
0x000007fefef80000 - 0x000007fefeff1000 	C:\Windows\system32\SHLWAPI.dll
0x000007fefc150000 - 0x000007fefc15c000 	C:\Windows\system32\VERSION.dll
0x000007fef6c30000 - 0x000007fef6c45000 	C:\Program Files\Java\jdk-11.0.11\bin\VCRUNTIME140.dll
0x000007fef71a0000 - 0x000007fef71a4000 	C:\Program Files\Java\jdk-11.0.11\bin\api-ms-win-crt-runtime-l1-1-0.dll
0x000007feefaa0000 - 0x000007feefb9a000 	C:\Program Files\Java\jdk-11.0.11\bin\ucrtbase.DLL
0x000007fef7080000 - 0x000007fef7083000 	C:\Program Files\Java\jdk-11.0.11\bin\api-ms-win-core-localization-l1-2-0.dll
0x000007fef6270000 - 0x000007fef6273000 	C:\Program Files\Java\jdk-11.0.11\bin\api-ms-win-core-processthreads-l1-1-1.dll
0x000007fef6260000 - 0x000007fef6263000 	C:\Program Files\Java\jdk-11.0.11\bin\api-ms-win-core-file-l1-2-0.dll
0x000007fef6250000 - 0x000007fef6253000 	C:\Program Files\Java\jdk-11.0.11\bin\api-ms-win-core-timezone-l1-1-0.dll
0x000007fef5f90000 - 0x000007fef5f93000 	C:\Program Files\Java\jdk-11.0.11\bin\api-ms-win-core-file-l2-1-0.dll
0x000007fef5f80000 - 0x000007fef5f83000 	C:\Program Files\Java\jdk-11.0.11\bin\api-ms-win-core-synch-l1-2-0.dll
0x000007fef5f70000 - 0x000007fef5f73000 	C:\Program Files\Java\jdk-11.0.11\bin\api-ms-win-crt-heap-l1-1-0.dll
0x000007fef5f60000 - 0x000007fef5f64000 	C:\Program Files\Java\jdk-11.0.11\bin\api-ms-win-crt-string-l1-1-0.dll
0x000007fef5f50000 - 0x000007fef5f54000 	C:\Program Files\Java\jdk-11.0.11\bin\api-ms-win-crt-stdio-l1-1-0.dll
0x000007fef5c70000 - 0x000007fef5c74000 	C:\Program Files\Java\jdk-11.0.11\bin\api-ms-win-crt-convert-l1-1-0.dll
0x000007fef17e0000 - 0x000007fef17e3000 	C:\Program Files\Java\jdk-11.0.11\bin\api-ms-win-crt-environment-l1-1-0.dll
0x000007fef1310000 - 0x000007fef1313000 	C:\Program Files\Java\jdk-11.0.11\bin\api-ms-win-crt-filesystem-l1-1-0.dll
0x000007fef1300000 - 0x000007fef1305000 	C:\Program Files\Java\jdk-11.0.11\bin\api-ms-win-crt-math-l1-1-0.dll
0x000007fef12f0000 - 0x000007fef12f3000 	C:\Program Files\Java\jdk-11.0.11\bin\api-ms-win-crt-locale-l1-1-0.dll
0x000007feff200000 - 0x000007feff22e000 	C:\Windows\system32\IMM32.DLL
0x000007feff700000 - 0x000007feff80b000 	C:\Windows\system32\MSCTF.dll
0x000007fef1250000 - 0x000007fef12eb000 	C:\Program Files\Java\jdk-11.0.11\bin\msvcp140.dll
0x000007fef1240000 - 0x000007fef1243000 	C:\Program Files\Java\jdk-11.0.11\bin\api-ms-win-crt-time-l1-1-0.dll
0x000007fef0e80000 - 0x000007fef0e83000 	C:\Program Files\Java\jdk-11.0.11\bin\api-ms-win-crt-utility-l1-1-0.dll
0x000007fed4720000 - 0x000007fed521e000 	C:\Program Files\Java\jdk-11.0.11\bin\server\jvm.dll
0x000007fef83f0000 - 0x000007fef83f9000 	C:\Windows\system32\WSOCK32.dll
0x000007feff250000 - 0x000007feff29d000 	C:\Windows\system32\WS2_32.dll
0x000007feff240000 - 0x000007feff248000 	C:\Windows\system32\NSI.dll
0x000007fefb4c0000 - 0x000007fefb4fb000 	C:\Windows\system32\WINMM.dll
0x00000000776f0000 - 0x00000000776f7000 	C:\Windows\system32\PSAPI.DLL
0x000007fef0e70000 - 0x000007fef0e80000 	C:\Program Files\Java\jdk-11.0.11\bin\verify.dll
0x000007fef81f0000 - 0x000007fef8315000 	C:\Windows\system32\DBGHELP.DLL
0x000007feeff40000 - 0x000007feeff68000 	C:\Program Files\Java\jdk-11.0.11\bin\java.dll
0x000007fef09e0000 - 0x000007fef09ea000 	C:\Program Files\Java\jdk-11.0.11\bin\jimage.dll
0x000007feefee0000 - 0x000007feefef6000 	C:\Program Files\Java\jdk-11.0.11\bin\zip.dll
0x000007fefd610000 - 0x000007fefe39b000 	C:\Windows\system32\SHELL32.dll
0x000007feff000000 - 0x000007feff1ff000 	C:\Windows\system32\ole32.dll
0x000007fefd080000 - 0x000007fefd08f000 	C:\Windows\system32\profapi.dll
0x000007fee7a80000 - 0x000007fee7a99000 	C:\Program Files\Java\jdk-11.0.11\bin\net.dll
0x000007fef94d0000 - 0x000007fef9541000 	C:\Windows\system32\WINHTTP.dll
0x000007fef9350000 - 0x000007fef93b5000 	C:\Windows\system32\webio.dll
0x000007fefc7b0000 - 0x000007fefc805000 	C:\Windows\system32\mswsock.dll
0x000007fefc7a0000 - 0x000007fefc7a7000 	C:\Windows\System32\wship6.dll
0x000007fee7a60000 - 0x000007fee7a72000 	C:\Program Files\Java\jdk-11.0.11\bin\nio.dll

dbghelp: loaded successfully - version: 4.0.5 - missing functions: none
symbol engine: initialized successfully - sym options: 0x614 - pdb path: .;C:\Program Files\Java\jdk-11.0.11\bin;C:\Windows\SYSTEM32;C:\Windows\WinSxS\amd64_microsoft.windows.common-controls_6595b64144ccf1df_6.0.7601.24483_none_e372d88f30fbb845;C:\Program Files\Java\jdk-11.0.11\bin\server

VM Arguments:
java_command: D:\habrisBatch2021\hybris\bin\custom\Nendrasys\Nendrasysstorefront\web\webroot\WEB-INF\lib\rhino-1.7.7.jar -f D:\habrisBatch2021\hybris\bin\custom\Nendrasys\Nendrasysstorefront\web\webroot\WEB-INF\lib\less-rhino-1.7.3.js D:\habrisBatch2021\hybris\bin\custom\Nendrasys\Nendrasysstorefront\web\webroot\WEB-INF\lib\lessc-rhino-1.7.3.js D:\habrisBatch2021\hybris\bin\custom\Nendrasys\Nendrasysstorefront\web\webroot\WEB-INF\_ui-src\responsive\themes\lambda\less\style.less D:\habrisBatch2021\hybris\bin\custom\Nendrasys\Nendrasysstorefront\web\webroot\_ui\responsive\theme-lambda\css\style.css
java_class_path (initial): D:\habrisBatch2021\hybris\bin\custom\Nendrasys\Nendrasysstorefront\web\webroot\WEB-INF\lib\rhino-1.7.7.jar
Launcher Type: SUN_STANDARD

[Global flags]
     intx CICompilerCount                          = 3                                         {product} {ergonomic}
     uint ConcGCThreads                            = 1                                         {product} {ergonomic}
     uint G1ConcRefinementThreads                  = 4                                         {product} {ergonomic}
   size_t G1HeapRegionSize                         = 1048576                                   {product} {ergonomic}
    uintx GCDrainStackTargetSize                   = 64                                        {product} {ergonomic}
   size_t InitialHeapSize                          = 167772160                                 {product} {ergonomic}
   size_t MarkStackSize                            = 4194304                                   {product} {ergonomic}
   size_t MaxHeapSize                              = 2671771648                                {product} {ergonomic}
   size_t MaxNewSize                               = 1602224128                                {product} {ergonomic}
   size_t MinHeapDeltaBytes                        = 1048576                                   {product} {ergonomic}
    uintx NonNMethodCodeHeapSize                   = 5830732                                {pd product} {ergonomic}
    uintx NonProfiledCodeHeapSize                  = 122913754                              {pd product} {ergonomic}
    uintx ProfiledCodeHeapSize                     = 122913754                              {pd product} {ergonomic}
    uintx ReservedCodeCacheSize                    = 251658240                              {pd product} {ergonomic}
     bool SegmentedCodeCache                       = true                                      {product} {ergonomic}
     bool UseCompressedClassPointers               = true                                 {lp64_product} {ergonomic}
     bool UseCompressedOops                        = true                                 {lp64_product} {ergonomic}
     bool UseG1GC                                  = true                                      {product} {ergonomic}
     bool UseLargePagesIndividualAllocation        = false                                  {pd product} {ergonomic}

Logging:
Log output configuration:
 #0: stdout all=warning uptime,level,tags
 #1: stderr all=off uptime,level,tags

Environment Variables:
JAVA_HOME=C:\Program Files\Java\jdk-11.0.11
PATH=D:\habrisBatch2021\hybris\bin\platform\apache-ant\bin;C:\Program Files\Common Files\Oracle\Java\javapath;C:\Program Files\nodejs\;C:\Program Files\Git\cmd;C:\Users\razhaka\AppData\Roaming\npm;C:\Users\razhaka\AppData\Local\Programs\Microsoft VS Code\bin;C:\Program Files\Java\jdk1.8.0_201\bin;C:\Users\razhaka\AppData\Local\Programs\Microsoft VS Code
USERNAME=razhaka
OS=Windows_NT
PROCESSOR_IDENTIFIER=Intel64 Family 6 Model 42 Stepping 7, GenuineIntel



---------------  S Y S T E M  ---------------

OS: Windows 7 , 64 bit Build 7601 (6.1.7601.24545)

CPU:total 4 (initial active 4) (2 cores per cpu, 2 threads per core) family 6 model 42 stepping 7 microcode 0x0, cmov, cx8, fxsr, mmx, sse, sse2, sse3, ssse3, sse4.1, sse4.2, popcnt, avx, clmul, ht, tsc, tscinvbit

Memory: 4k page, system-wide physical 10187M (1750M free)
TotalPageFile size 20373M (AvailPageFile size 8017M)
current process WorkingSet (physical memory assigned to process): 434M, peak: 436M
current process commit charge ("private bytes"): 492M, peak: 501M

vm_info: Java HotSpot(TM) 64-Bit Server VM (11.0.11+9-LTS-194) for windows-amd64 JRE (11.0.11+9-LTS-194), built on Mar 18 2021 18:46:53 by "mach5one" with MS VC++ 15.9 (VS2017)

END.
