#
# A fatal error has been detected by the Java Runtime Environment:
#
#  EXCEPTION_ACCESS_VIOLATION (0xc0000005) at pc=0x000007fed60ecce5, pid=18200, tid=15196
#
# JRE version: Java(TM) SE Runtime Environment 18.9 (11.0.11+9) (build 11.0.11+9-LTS-194)
# Java VM: Java HotSpot(TM) 64-Bit Server VM 18.9 (11.0.11+9-LTS-194, mixed mode, tiered, compressed oops, g1 gc, windows-amd64)
# Problematic frame:
# V  [jvm.dll+0x33cce5]
#
# No core dump will be written. Minidumps are not enabled by default on client versions of Windows
#
# If you would like to submit a bug report, please visit:
#   https://bugreport.java.com/bugreport/crash.jsp
#

---------------  S U M M A R Y ------------

Command Line: D:\habrisBatch2021\hybris\bin\custom\Nendrasys\Nendrasysstorefront\web\webroot\WEB-INF\lib\rhino-1.7.7.jar -f D:\habrisBatch2021\hybris\bin\custom\Nendrasys\Nendrasysstorefront\web\webroot\WEB-INF\lib\less-rhino-1.7.3.js D:\habrisBatch2021\hybris\bin\custom\Nendrasys\Nendrasysstorefront\web\webroot\WEB-INF\lib\lessc-rhino-1.7.3.js D:\habrisBatch2021\hybris\bin\custom\Nendrasys\Nendrasysstorefront\web\webroot\WEB-INF\_ui-src\responsive\themes\lambda\less\style.less D:\habrisBatch2021\hybris\bin\custom\Nendrasys\Nendrasysstorefront\web\webroot\_ui\responsive\theme-lambda\css\style.css

Host: Intel(R) Core(TM) i3-2330M CPU @ 2.20GHz, 4 cores, 9G,  Windows 7 , 64 bit Build 7601 (6.1.7601.24545)
Time: Mon May 17 21:26:46 2021 India Standard Time elapsed time: 7.590948 seconds (0d 0h 0m 7s)

---------------  T H R E A D  ---------------

Current thread (0x000000000025a000):  GCTaskThread "GC Thread#0" [stack: 0x0000000019c60000,0x0000000019d60000] [id=15196]

Stack: [0x0000000019c60000,0x0000000019d60000],  sp=0x0000000019d5fac0,  free space=1022k
Native frames: (J=compiled Java code, j=interpreted, Vv=VM code, C=native code)
V  [jvm.dll+0x33cce5]
V  [jvm.dll+0x33d90f]
V  [jvm.dll+0x2e5c6f]
V  [jvm.dll+0x2dab4f]
V  [jvm.dll+0x2e5ef0]
V  [jvm.dll+0x77a9d0]
V  [jvm.dll+0x70dfc4]
V  [jvm.dll+0x6160f6]
C  [ucrtbase.DLL+0x1d912]
C  [kernel32.dll+0x1556d]
C  [ntdll.dll+0x5372d]


siginfo: EXCEPTION_ACCESS_VIOLATION (0xc0000005), reading address 0x0000000000000008


Register to memory mapping:

RIP=0x000007fed60ecce5 jvm.dll
RAX=0x0 is NULL
RBX=0x00000006ea095648 is an unknown value
RCX=0x000000076a000000 is an oop: [I 
{0x000000076a000000} - klass: {type array int}
 - length: 131068
RDX=0x0000000019d5fae0 points into unknown readable memory: 00 00 00 6a 07 00 00 00
RSP=0x0000000019d5fac0 points into unknown readable memory: 30 db 83 22 00 00 00 00
RBP=0x0000000019d5fc00 points into unknown readable memory: c0 25 60 d6 fe 07 00 00
RSI=0x0000000019d5fb50 points into unknown readable memory: b0 25 60 d6 fe 07 00 00
RDI=0x000000002283db30 points into unknown readable memory: 00 c6 60 d6 fe 07 00 00
R8 =0x0000000000020000 points into unknown readable memory: 00 00 00 00 00 00 00 00
R9 =0x1fffffffffffffff is an unknown value
R10=0x0000000000000003 is an unknown value
R11=0x000000000004a4ab is an unknown value
R12=0x0 is NULL
R13=0x0 is NULL
R14=0x0000000000251930 points into unknown readable memory: 40 14 25 00 00 00 00 00
R15=0x0 is NULL


Registers:
RAX=0x0000000000000000, RBX=0x00000006ea095648, RCX=0x000000076a000000, RDX=0x0000000019d5fae0
RSP=0x0000000019d5fac0, RBP=0x0000000019d5fc00, RSI=0x0000000019d5fb50, RDI=0x000000002283db30
R8 =0x0000000000020000, R9 =0x1fffffffffffffff, R10=0x0000000000000003, R11=0x000000000004a4ab
R12=0x0000000000000000, R13=0x0000000000000000, R14=0x0000000000251930, R15=0x0000000000000000
RIP=0x000007fed60ecce5, EFLAGS=0x0000000000010287

Top of Stack: (sp=0x0000000019d5fac0)
0x0000000019d5fac0:   000000002283db30 000007fed60ecd60
0x0000000019d5fad0:   000000076a095618 0000000019d5fb50
0x0000000019d5fae0:   000000076a000000 0000000000020000
0x0000000019d5faf0:   000000002283db30 000007fed60ed90f
0x0000000019d5fb00:   00000006ea095648 0000000019d5fb50
0x0000000019d5fb10:   000000076a095618 0000000000000000
0x0000000019d5fb20:   0000000000000000 000007fed6095c6f
0x0000000019d5fb30:   0000000000000002 000000002283db30
0x0000000019d5fb40:   0000000000000002 0000000019d5fc00
0x0000000019d5fb50:   000007fed66025b0 0000000000251440
0x0000000019d5fb60:   0000000000290010 000000002283db30
0x0000000019d5fb70:   ffffffff80000030 0000000019d5fc60
0x0000000019d5fb80:   0000000200000000 00000006ea095648
0x0000000019d5fb90:   0000000019d5fc00 000007fed608ab4f
0x0000000019d5fba0:   0000000000000054 0000000000000060
0x0000000019d5fbb0:   0000000000000040 0000000000000001 

Instructions: (pc=0x000007fed60ecce5)
0x000007fed60eccc5:   d8 0f 92 c0 48 8b 5c 24 40 48 8b 74 24 48 48 83
0x000007fed60eccd5:   c4 30 5f c3 48 8b 87 08 01 00 00 48 8b 74 24 48
0x000007fed60ecce5:   48 3b 58 08 48 8b 5c 24 40 0f 94 c0 48 83 c4 30
0x000007fed60eccf5:   5f c3 cc cc cc cc cc cc cc cc cc 48 89 5c 24 18 


Stack slot to memory mapping:
stack at sp + 0 slots: 0x000000002283db30 points into unknown readable memory: 00 c6 60 d6 fe 07 00 00
stack at sp + 1 slots: 0x000007fed60ecd60 jvm.dll
stack at sp + 2 slots: 0x000000076a095618 is an oop: [B 
{0x000000076a095618} - klass: {type array byte}
 - length: -2147483621
stack at sp + 3 slots: 0x0000000019d5fb50 points into unknown readable memory: b0 25 60 d6 fe 07 00 00
stack at sp + 4 slots: 0x000000076a000000 is an oop: [I 
{0x000000076a000000} - klass: {type array int}
 - length: 131068
stack at sp + 5 slots: 0x0000000000020000 points into unknown readable memory: 00 00 00 00 00 00 00 00
stack at sp + 6 slots: 0x000000002283db30 points into unknown readable memory: 00 c6 60 d6 fe 07 00 00
stack at sp + 7 slots: 0x000007fed60ed90f jvm.dll


---------------  P R O C E S S  ---------------

Threads class SMR info:
_java_thread_list=0x00000000241a5650, length=11, elements={
0x0000000000245000, 0x000000002363e000, 0x000000002363f800, 0x0000000023644000,
0x0000000023649000, 0x000000002364a800, 0x0000000023650000, 0x0000000023652000,
0x0000000023fe0000, 0x0000000024028000, 0x0000000024c42000
}

Java Threads: ( => current thread )
  0x0000000000245000 JavaThread "main" [_thread_blocked, id=5180, stack(0x0000000002240000,0x0000000002340000)]
  0x000000002363e000 JavaThread "Reference Handler" daemon [_thread_blocked, id=4560, stack(0x0000000023820000,0x0000000023920000)]
  0x000000002363f800 JavaThread "Finalizer" daemon [_thread_blocked, id=4628, stack(0x00000000236e0000,0x00000000237e0000)]
  0x0000000023644000 JavaThread "Signal Dispatcher" daemon [_thread_blocked, id=13540, stack(0x0000000023a80000,0x0000000023b80000)]
  0x0000000023649000 JavaThread "Attach Listener" daemon [_thread_blocked, id=4148, stack(0x0000000023cf0000,0x0000000023df0000)]
  0x000000002364a800 JavaThread "C2 CompilerThread0" daemon [_thread_in_native, id=15664, stack(0x0000000023940000,0x0000000023a40000)]
  0x0000000023650000 JavaThread "C1 CompilerThread0" daemon [_thread_blocked, id=16184, stack(0x0000000023be0000,0x0000000023ce0000)]
  0x0000000023652000 JavaThread "Sweeper thread" daemon [_thread_blocked, id=18720, stack(0x0000000023e00000,0x0000000023f00000)]
  0x0000000023fe0000 JavaThread "Service Thread" daemon [_thread_blocked, id=15676, stack(0x00000000244e0000,0x00000000245e0000)]
  0x0000000024028000 JavaThread "Common-Cleaner" daemon [_thread_blocked, id=11988, stack(0x0000000024320000,0x0000000024420000)]
  0x0000000024c42000 JavaThread "C2 CompilerThread1" daemon [_thread_blocked, id=15344, stack(0x0000000025260000,0x0000000025360000)]

Other Threads:
  0x00000000235de000 VMThread "VM Thread" [stack: 0x0000000022a40000,0x0000000022b40000] [id=17092]
  0x0000000024027000 WatcherThread [stack: 0x0000000024600000,0x0000000024700000] [id=2604]
=>0x000000000025a000 GCTaskThread "GC Thread#0" [stack: 0x0000000019c60000,0x0000000019d60000] [id=15196]
  0x0000000025d55800 GCTaskThread "GC Thread#1" [stack: 0x0000000025140000,0x0000000025240000] [id=16908]
  0x0000000025d56000 GCTaskThread "GC Thread#2" [stack: 0x0000000026360000,0x0000000026460000] [id=17796]
  0x000000000029b000 ConcurrentGCThread "G1 Main Marker" [stack: 0x00000000200b0000,0x00000000201b0000] [id=10432]
  0x000000000029c000 ConcurrentGCThread "G1 Conc#0" [stack: 0x00000000203a0000,0x00000000204a0000] [id=17528]
  0x0000000022845800 ConcurrentGCThread "G1 Refine#0" [stack: 0x0000000022910000,0x0000000022a10000] [id=14808]
  0x000000002410d800 ConcurrentGCThread "G1 Refine#1" [stack: 0x0000000024710000,0x0000000024810000] [id=16936]
  0x0000000024ad5000 ConcurrentGCThread "G1 Refine#2" [stack: 0x00000000265c0000,0x00000000266c0000] [id=13284]
  0x000000002284a000 ConcurrentGCThread "G1 Young RemSet Sampling" [stack: 0x0000000022bd0000,0x0000000022cd0000] [id=16112]

Threads with active compile tasks:
C2 CompilerThread0   7672 1853       4       org.mozilla.javascript.gen.D__habrisBatch2021_hybris_bin_custom_Nendrasys_Nendrasysstorefront_web_webroot_WEB_INF_lib_less_rhino_1_7_3_js_1::_c_skipWhitespace_28 (629 bytes)
C2 CompilerThread1   7672 1851       4       org.mozilla.javascript.NativeArray::put (188 bytes)

VM state:at safepoint (normal execution)

VM Mutex/Monitor currently owned by a thread:  ([mutex/lock_event])
[0x0000000000242020] Threads_lock - owner thread: 0x00000000235de000
[0x0000000000242800] Heap_lock - owner thread: 0x0000000000245000

Heap address: 0x0000000760c00000, size: 2548 MB, Compressed Oops mode: Zero based, Oop shift amount: 3
Narrow klass base: 0x0000000800000000, Narrow klass shift: 0
Compressed class space size: 1073741824 Address: 0x0000000800000000

Heap:
 garbage-first heap   total 163840K, used 106042K [0x0000000760c00000, 0x0000000800000000)
  region size 1024K, 92 young (94208K), 6 survivors (6144K)
 Metaspace       used 12867K, capacity 13009K, committed 13184K, reserved 1060864K
  class space    used 860K, capacity 896K, committed 896K, reserved 1048576K
Heap Regions: E=young(eden), S=young(survivor), O=old, HS=humongous(starts), HC=humongous(continues), CS=collection set, F=free, A=archive, TAMS=top-at-mark-start (previous, next)
|   0|0x0000000760c00000, 0x0000000760d00000, 0x0000000760d00000|100%| O|  |TAMS 0x0000000760c00000, 0x0000000760c00000| Untracked 
|   1|0x0000000760d00000, 0x0000000760e00000, 0x0000000760e00000|100%| O|  |TAMS 0x0000000760d00000, 0x0000000760d00000| Untracked 
|   2|0x0000000760e00000, 0x0000000760f00000, 0x0000000760f00000|100%|HS|  |TAMS 0x0000000760e00000, 0x0000000760e00000| Complete 
|   3|0x0000000760f00000, 0x0000000761000000, 0x0000000761000000|100%| O|  |TAMS 0x0000000760f00000, 0x0000000760f00000| Untracked 
|   4|0x0000000761000000, 0x0000000761100000, 0x0000000761100000|100%| O|  |TAMS 0x0000000761000000, 0x0000000761000000| Untracked 
|   5|0x0000000761100000, 0x0000000761200000, 0x0000000761200000|100%| O|  |TAMS 0x0000000761100000, 0x0000000761100000| Untracked 
|   6|0x0000000761200000, 0x0000000761300000, 0x0000000761300000|100%| O|  |TAMS 0x0000000761200000, 0x0000000761200000| Untracked 
|   7|0x0000000761300000, 0x0000000761400000, 0x0000000761400000|100%| O|  |TAMS 0x0000000761300000, 0x0000000761300000| Untracked 
|   8|0x0000000761400000, 0x0000000761500000, 0x0000000761500000|100%| O|  |TAMS 0x0000000761400000, 0x0000000761400000| Untracked 
|   9|0x0000000761500000, 0x0000000761600000, 0x0000000761600000|100%| O|  |TAMS 0x0000000761500000, 0x0000000761500000| Untracked 
|  10|0x0000000761600000, 0x0000000761700000, 0x0000000761700000|100%| O|  |TAMS 0x0000000761600000, 0x0000000761600000| Untracked 
|  11|0x0000000761700000, 0x0000000761800000, 0x0000000761800000|100%| O|  |TAMS 0x0000000761700000, 0x0000000761700000| Untracked 
|  12|0x0000000761800000, 0x0000000761900000, 0x0000000761900000|100%| O|  |TAMS 0x0000000761800000, 0x0000000761800000| Untracked 
|  13|0x0000000761900000, 0x0000000761900000, 0x0000000761a00000|  0%| F|  |TAMS 0x0000000761900000, 0x0000000761900000| Untracked 
|  14|0x0000000761a00000, 0x0000000761a00000, 0x0000000761b00000|  0%| F|  |TAMS 0x0000000761a00000, 0x0000000761a00000| Untracked 
|  15|0x0000000761b00000, 0x0000000761b00000, 0x0000000761c00000|  0%| F|  |TAMS 0x0000000761b00000, 0x0000000761b00000| Untracked 
|  16|0x0000000761c00000, 0x0000000761c00000, 0x0000000761d00000|  0%| F|  |TAMS 0x0000000761c00000, 0x0000000761c00000| Untracked 
|  17|0x0000000761d00000, 0x0000000761d00000, 0x0000000761e00000|  0%| F|  |TAMS 0x0000000761d00000, 0x0000000761d00000| Untracked 
|  18|0x0000000761e00000, 0x0000000761e00000, 0x0000000761f00000|  0%| F|  |TAMS 0x0000000761e00000, 0x0000000761e00000| Untracked 
|  19|0x0000000761f00000, 0x0000000761f00000, 0x0000000762000000|  0%| F|  |TAMS 0x0000000761f00000, 0x0000000761f00000| Untracked 
|  20|0x0000000762000000, 0x0000000762000000, 0x0000000762100000|  0%| F|  |TAMS 0x0000000762000000, 0x0000000762000000| Untracked 
|  21|0x0000000762100000, 0x0000000762100000, 0x0000000762200000|  0%| F|  |TAMS 0x0000000762100000, 0x0000000762100000| Untracked 
|  22|0x0000000762200000, 0x0000000762200000, 0x0000000762300000|  0%| F|  |TAMS 0x0000000762200000, 0x0000000762200000| Untracked 
|  23|0x0000000762300000, 0x0000000762300000, 0x0000000762400000|  0%| F|  |TAMS 0x0000000762300000, 0x0000000762300000| Untracked 
|  24|0x0000000762400000, 0x0000000762400000, 0x0000000762500000|  0%| F|  |TAMS 0x0000000762400000, 0x0000000762400000| Untracked 
|  25|0x0000000762500000, 0x0000000762500000, 0x0000000762600000|  0%| F|  |TAMS 0x0000000762500000, 0x0000000762500000| Untracked 
|  26|0x0000000762600000, 0x0000000762600000, 0x0000000762700000|  0%| F|  |TAMS 0x0000000762600000, 0x0000000762600000| Untracked 
|  27|0x0000000762700000, 0x0000000762700000, 0x0000000762800000|  0%| F|  |TAMS 0x0000000762700000, 0x0000000762700000| Untracked 
|  28|0x0000000762800000, 0x0000000762800000, 0x0000000762900000|  0%| F|  |TAMS 0x0000000762800000, 0x0000000762800000| Untracked 
|  29|0x0000000762900000, 0x0000000762900000, 0x0000000762a00000|  0%| F|  |TAMS 0x0000000762900000, 0x0000000762900000| Untracked 
|  30|0x0000000762a00000, 0x0000000762a00000, 0x0000000762b00000|  0%| F|  |TAMS 0x0000000762a00000, 0x0000000762a00000| Untracked 
|  31|0x0000000762b00000, 0x0000000762b00000, 0x0000000762c00000|  0%| F|  |TAMS 0x0000000762b00000, 0x0000000762b00000| Untracked 
|  32|0x0000000762c00000, 0x0000000762c00000, 0x0000000762d00000|  0%| F|  |TAMS 0x0000000762c00000, 0x0000000762c00000| Untracked 
|  33|0x0000000762d00000, 0x0000000762d00000, 0x0000000762e00000|  0%| F|  |TAMS 0x0000000762d00000, 0x0000000762d00000| Untracked 
|  34|0x0000000762e00000, 0x0000000762e00000, 0x0000000762f00000|  0%| F|  |TAMS 0x0000000762e00000, 0x0000000762e00000| Untracked 
|  35|0x0000000762f00000, 0x0000000762f00000, 0x0000000763000000|  0%| F|  |TAMS 0x0000000762f00000, 0x0000000762f00000| Untracked 
|  36|0x0000000763000000, 0x0000000763000000, 0x0000000763100000|  0%| F|  |TAMS 0x0000000763000000, 0x0000000763000000| Untracked 
|  37|0x0000000763100000, 0x0000000763100000, 0x0000000763200000|  0%| F|  |TAMS 0x0000000763100000, 0x0000000763100000| Untracked 
|  38|0x0000000763200000, 0x0000000763200000, 0x0000000763300000|  0%| F|  |TAMS 0x0000000763200000, 0x0000000763200000| Untracked 
|  39|0x0000000763300000, 0x0000000763300000, 0x0000000763400000|  0%| F|  |TAMS 0x0000000763300000, 0x0000000763300000| Untracked 
|  40|0x0000000763400000, 0x0000000763400000, 0x0000000763500000|  0%| F|  |TAMS 0x0000000763400000, 0x0000000763400000| Untracked 
|  41|0x0000000763500000, 0x0000000763500000, 0x0000000763600000|  0%| F|  |TAMS 0x0000000763500000, 0x0000000763500000| Untracked 
|  42|0x0000000763600000, 0x0000000763600000, 0x0000000763700000|  0%| F|  |TAMS 0x0000000763600000, 0x0000000763600000| Untracked 
|  43|0x0000000763700000, 0x0000000763700000, 0x0000000763800000|  0%| F|  |TAMS 0x0000000763700000, 0x0000000763700000| Untracked 
|  44|0x0000000763800000, 0x0000000763800000, 0x0000000763900000|  0%| F|  |TAMS 0x0000000763800000, 0x0000000763800000| Untracked 
|  45|0x0000000763900000, 0x0000000763900000, 0x0000000763a00000|  0%| F|  |TAMS 0x0000000763900000, 0x0000000763900000| Untracked 
|  46|0x0000000763a00000, 0x0000000763a00000, 0x0000000763b00000|  0%| F|  |TAMS 0x0000000763a00000, 0x0000000763a00000| Untracked 
|  47|0x0000000763b00000, 0x0000000763b00000, 0x0000000763c00000|  0%| F|  |TAMS 0x0000000763b00000, 0x0000000763b00000| Untracked 
|  48|0x0000000763c00000, 0x0000000763c00000, 0x0000000763d00000|  0%| F|  |TAMS 0x0000000763c00000, 0x0000000763c00000| Untracked 
|  49|0x0000000763d00000, 0x0000000763d00000, 0x0000000763e00000|  0%| F|  |TAMS 0x0000000763d00000, 0x0000000763d00000| Untracked 
|  50|0x0000000763e00000, 0x0000000763e00000, 0x0000000763f00000|  0%| F|  |TAMS 0x0000000763e00000, 0x0000000763e00000| Untracked 
|  51|0x0000000763f00000, 0x0000000763f00000, 0x0000000764000000|  0%| F|  |TAMS 0x0000000763f00000, 0x0000000763f00000| Untracked 
|  52|0x0000000764000000, 0x0000000764000000, 0x0000000764100000|  0%| F|  |TAMS 0x0000000764000000, 0x0000000764000000| Untracked 
|  53|0x0000000764100000, 0x0000000764100000, 0x0000000764200000|  0%| F|  |TAMS 0x0000000764100000, 0x0000000764100000| Untracked 
|  54|0x0000000764200000, 0x00000007642a26f0, 0x0000000764300000| 63%| E|CS|TAMS 0x00000007642a26f0, 0x0000000764200000| Untracked 
|  55|0x0000000764300000, 0x0000000764400000, 0x0000000764400000|100%| E|CS|TAMS 0x0000000764400000, 0x0000000764300000| Untracked 
|  56|0x0000000764400000, 0x0000000764500000, 0x0000000764500000|100%| E|CS|TAMS 0x0000000764500000, 0x0000000764400000| Untracked 
|  57|0x0000000764500000, 0x0000000764600000, 0x0000000764600000|100%| E|CS|TAMS 0x0000000764600000, 0x0000000764500000| Untracked 
|  58|0x0000000764600000, 0x0000000764700000, 0x0000000764700000|100%| E|CS|TAMS 0x0000000764700000, 0x0000000764600000| Untracked 
|  59|0x0000000764700000, 0x0000000764800000, 0x0000000764800000|100%| E|CS|TAMS 0x0000000764800000, 0x0000000764700000| Untracked 
|  60|0x0000000764800000, 0x0000000764900000, 0x0000000764900000|100%| E|CS|TAMS 0x0000000764900000, 0x0000000764800000| Untracked 
|  61|0x0000000764900000, 0x0000000764a00000, 0x0000000764a00000|100%| E|CS|TAMS 0x0000000764a00000, 0x0000000764900000| Untracked 
|  62|0x0000000764a00000, 0x0000000764b00000, 0x0000000764b00000|100%| E|CS|TAMS 0x0000000764a00000, 0x0000000764a00000| Complete 
|  63|0x0000000764b00000, 0x0000000764c00000, 0x0000000764c00000|100%| E|CS|TAMS 0x0000000764c00000, 0x0000000764b00000| Untracked 
|  64|0x0000000764c00000, 0x0000000764c00000, 0x0000000764d00000|  0%| F|  |TAMS 0x0000000764c00000, 0x0000000764c00000| Untracked 
|  65|0x0000000764d00000, 0x0000000764d00000, 0x0000000764e00000|  0%| F|  |TAMS 0x0000000764d00000, 0x0000000764d00000| Untracked 
|  66|0x0000000764e00000, 0x0000000764e00000, 0x0000000764f00000|  0%| F|  |TAMS 0x0000000764e00000, 0x0000000764e00000| Untracked 
|  67|0x0000000764f00000, 0x0000000764f00000, 0x0000000765000000|  0%| F|  |TAMS 0x0000000764f00000, 0x0000000764f00000| Untracked 
|  68|0x0000000765000000, 0x0000000765100000, 0x0000000765100000|100%| S|  |TAMS 0x0000000765000000, 0x0000000765000000| Complete 
|  69|0x0000000765100000, 0x0000000765200000, 0x0000000765200000|100%| S|  |TAMS 0x0000000765100000, 0x0000000765100000| Complete 
|  70|0x0000000765200000, 0x0000000765300000, 0x0000000765300000|100%| S|  |TAMS 0x0000000765200000, 0x0000000765200000| Complete 
|  71|0x0000000765300000, 0x0000000765400000, 0x0000000765400000|100%| S|  |TAMS 0x0000000765300000, 0x0000000765300000| Complete 
|  72|0x0000000765400000, 0x0000000765500000, 0x0000000765500000|100%| S|  |TAMS 0x0000000765400000, 0x0000000765400000| Complete 
|  73|0x0000000765500000, 0x0000000765600000, 0x0000000765600000|100%| S|  |TAMS 0x0000000765500000, 0x0000000765500000| Complete 
|  74|0x0000000765600000, 0x0000000765700000, 0x0000000765700000|100%| E|CS|TAMS 0x0000000765700000, 0x0000000765600000| Untracked 
|  75|0x0000000765700000, 0x0000000765800000, 0x0000000765800000|100%| E|CS|TAMS 0x0000000765700000, 0x0000000765700000| Complete 
|  76|0x0000000765800000, 0x0000000765900000, 0x0000000765900000|100%| E|CS|TAMS 0x0000000765900000, 0x0000000765800000| Untracked 
|  77|0x0000000765900000, 0x0000000765a00000, 0x0000000765a00000|100%| E|CS|TAMS 0x0000000765a00000, 0x0000000765900000| Untracked 
|  78|0x0000000765a00000, 0x0000000765b00000, 0x0000000765b00000|100%| E|CS|TAMS 0x0000000765a00000, 0x0000000765a00000| Complete 
|  79|0x0000000765b00000, 0x0000000765c00000, 0x0000000765c00000|100%| E|CS|TAMS 0x0000000765b00000, 0x0000000765b00000| Complete 
|  80|0x0000000765c00000, 0x0000000765d00000, 0x0000000765d00000|100%| E|CS|TAMS 0x0000000765d00000, 0x0000000765c00000| Untracked 
|  81|0x0000000765d00000, 0x0000000765e00000, 0x0000000765e00000|100%| E|CS|TAMS 0x0000000765e00000, 0x0000000765d00000| Untracked 
|  82|0x0000000765e00000, 0x0000000765f00000, 0x0000000765f00000|100%| E|CS|TAMS 0x0000000765f00000, 0x0000000765e00000| Untracked 
|  83|0x0000000765f00000, 0x0000000766000000, 0x0000000766000000|100%| E|CS|TAMS 0x0000000766000000, 0x0000000765f00000| Untracked 
|  84|0x0000000766000000, 0x0000000766100000, 0x0000000766100000|100%| E|CS|TAMS 0x0000000766100000, 0x0000000766000000| Untracked 
|  85|0x0000000766100000, 0x0000000766200000, 0x0000000766200000|100%| E|CS|TAMS 0x0000000766200000, 0x0000000766100000| Untracked 
|  86|0x0000000766200000, 0x0000000766300000, 0x0000000766300000|100%| E|CS|TAMS 0x0000000766300000, 0x0000000766200000| Untracked 
|  87|0x0000000766300000, 0x0000000766400000, 0x0000000766400000|100%| E|CS|TAMS 0x0000000766400000, 0x0000000766300000| Untracked 
|  88|0x0000000766400000, 0x0000000766500000, 0x0000000766500000|100%| E|CS|TAMS 0x0000000766500000, 0x0000000766400000| Untracked 
|  89|0x0000000766500000, 0x0000000766600000, 0x0000000766600000|100%| E|CS|TAMS 0x0000000766500000, 0x0000000766500000| Complete 
|  90|0x0000000766600000, 0x0000000766700000, 0x0000000766700000|100%| E|CS|TAMS 0x0000000766600000, 0x0000000766600000| Complete 
|  91|0x0000000766700000, 0x0000000766800000, 0x0000000766800000|100%| E|CS|TAMS 0x0000000766700000, 0x0000000766700000| Complete 
|  92|0x0000000766800000, 0x0000000766900000, 0x0000000766900000|100%| E|CS|TAMS 0x0000000766800000, 0x0000000766800000| Complete 
|  93|0x0000000766900000, 0x0000000766a00000, 0x0000000766a00000|100%| E|CS|TAMS 0x0000000766900000, 0x0000000766900000| Complete 
|  94|0x0000000766a00000, 0x0000000766b00000, 0x0000000766b00000|100%| E|CS|TAMS 0x0000000766a00000, 0x0000000766a00000| Complete 
|  95|0x0000000766b00000, 0x0000000766c00000, 0x0000000766c00000|100%| E|CS|TAMS 0x0000000766b00000, 0x0000000766b00000| Complete 
|  96|0x0000000766c00000, 0x0000000766d00000, 0x0000000766d00000|100%| E|CS|TAMS 0x0000000766c00000, 0x0000000766c00000| Complete 
|  97|0x0000000766d00000, 0x0000000766e00000, 0x0000000766e00000|100%| E|CS|TAMS 0x0000000766d00000, 0x0000000766d00000| Complete 
|  98|0x0000000766e00000, 0x0000000766f00000, 0x0000000766f00000|100%| E|CS|TAMS 0x0000000766e00000, 0x0000000766e00000| Complete 
|  99|0x0000000766f00000, 0x0000000767000000, 0x0000000767000000|100%| E|CS|TAMS 0x0000000766f00000, 0x0000000766f00000| Complete 
| 100|0x0000000767000000, 0x0000000767100000, 0x0000000767100000|100%| E|CS|TAMS 0x0000000767000000, 0x0000000767000000| Complete 
| 101|0x0000000767100000, 0x0000000767200000, 0x0000000767200000|100%| E|CS|TAMS 0x0000000767100000, 0x0000000767100000| Complete 
| 102|0x0000000767200000, 0x0000000767300000, 0x0000000767300000|100%| E|CS|TAMS 0x0000000767200000, 0x0000000767200000| Complete 
| 103|0x0000000767300000, 0x0000000767400000, 0x0000000767400000|100%| E|CS|TAMS 0x0000000767300000, 0x0000000767300000| Complete 
| 104|0x0000000767400000, 0x0000000767500000, 0x0000000767500000|100%| E|CS|TAMS 0x0000000767400000, 0x0000000767400000| Complete 
| 105|0x0000000767500000, 0x0000000767600000, 0x0000000767600000|100%| E|CS|TAMS 0x0000000767500000, 0x0000000767500000| Complete 
| 106|0x0000000767600000, 0x0000000767700000, 0x0000000767700000|100%| E|CS|TAMS 0x0000000767600000, 0x0000000767600000| Complete 
| 107|0x0000000767700000, 0x0000000767800000, 0x0000000767800000|100%| E|CS|TAMS 0x0000000767700000, 0x0000000767700000| Complete 
| 108|0x0000000767800000, 0x0000000767900000, 0x0000000767900000|100%| E|CS|TAMS 0x0000000767800000, 0x0000000767800000| Complete 
| 109|0x0000000767900000, 0x0000000767a00000, 0x0000000767a00000|100%| E|CS|TAMS 0x0000000767900000, 0x0000000767900000| Complete 
| 110|0x0000000767a00000, 0x0000000767b00000, 0x0000000767b00000|100%| E|CS|TAMS 0x0000000767a00000, 0x0000000767a00000| Complete 
| 111|0x0000000767b00000, 0x0000000767c00000, 0x0000000767c00000|100%| E|CS|TAMS 0x0000000767b00000, 0x0000000767b00000| Complete 
| 112|0x0000000767c00000, 0x0000000767d00000, 0x0000000767d00000|100%| E|CS|TAMS 0x0000000767c00000, 0x0000000767c00000| Complete 
| 113|0x0000000767d00000, 0x0000000767e00000, 0x0000000767e00000|100%| E|CS|TAMS 0x0000000767d00000, 0x0000000767d00000| Complete 
| 114|0x0000000767e00000, 0x0000000767f00000, 0x0000000767f00000|100%| E|CS|TAMS 0x0000000767e00000, 0x0000000767e00000| Complete 
| 115|0x0000000767f00000, 0x0000000768000000, 0x0000000768000000|100%| E|CS|TAMS 0x0000000767f00000, 0x0000000767f00000| Complete 
| 116|0x0000000768000000, 0x0000000768100000, 0x0000000768100000|100%| E|CS|TAMS 0x0000000768000000, 0x0000000768000000| Complete 
| 117|0x0000000768100000, 0x0000000768200000, 0x0000000768200000|100%| E|CS|TAMS 0x0000000768100000, 0x0000000768100000| Complete 
| 118|0x0000000768200000, 0x0000000768300000, 0x0000000768300000|100%| E|CS|TAMS 0x0000000768200000, 0x0000000768200000| Complete 
| 119|0x0000000768300000, 0x0000000768400000, 0x0000000768400000|100%| E|CS|TAMS 0x0000000768300000, 0x0000000768300000| Complete 
| 120|0x0000000768400000, 0x0000000768500000, 0x0000000768500000|100%| E|CS|TAMS 0x0000000768400000, 0x0000000768400000| Complete 
| 121|0x0000000768500000, 0x0000000768600000, 0x0000000768600000|100%| E|CS|TAMS 0x0000000768500000, 0x0000000768500000| Complete 
| 122|0x0000000768600000, 0x0000000768700000, 0x0000000768700000|100%| E|CS|TAMS 0x0000000768600000, 0x0000000768600000| Complete 
| 123|0x0000000768700000, 0x0000000768800000, 0x0000000768800000|100%| E|CS|TAMS 0x0000000768700000, 0x0000000768700000| Complete 
| 124|0x0000000768800000, 0x0000000768900000, 0x0000000768900000|100%| E|CS|TAMS 0x0000000768800000, 0x0000000768800000| Complete 
| 125|0x0000000768900000, 0x0000000768a00000, 0x0000000768a00000|100%| E|CS|TAMS 0x0000000768900000, 0x0000000768900000| Complete 
| 126|0x0000000768a00000, 0x0000000768b00000, 0x0000000768b00000|100%| E|CS|TAMS 0x0000000768a00000, 0x0000000768a00000| Complete 
| 127|0x0000000768b00000, 0x0000000768c00000, 0x0000000768c00000|100%| E|CS|TAMS 0x0000000768c00000, 0x0000000768b00000| Untracked 
| 128|0x0000000768c00000, 0x0000000768d00000, 0x0000000768d00000|100%| E|CS|TAMS 0x0000000768d00000, 0x0000000768c00000| Untracked 
| 129|0x0000000768d00000, 0x0000000768e00000, 0x0000000768e00000|100%| E|CS|TAMS 0x0000000768e00000, 0x0000000768d00000| Untracked 
| 130|0x0000000768e00000, 0x0000000768f00000, 0x0000000768f00000|100%| E|CS|TAMS 0x0000000768e00000, 0x0000000768e00000| Complete 
| 131|0x0000000768f00000, 0x0000000769000000, 0x0000000769000000|100%| E|CS|TAMS 0x0000000768f00000, 0x0000000768f00000| Complete 
| 132|0x0000000769000000, 0x0000000769100000, 0x0000000769100000|100%| E|CS|TAMS 0x0000000769000000, 0x0000000769000000| Complete 
| 133|0x0000000769100000, 0x0000000769200000, 0x0000000769200000|100%| E|CS|TAMS 0x0000000769100000, 0x0000000769100000| Complete 
| 134|0x0000000769200000, 0x0000000769300000, 0x0000000769300000|100%| E|CS|TAMS 0x0000000769200000, 0x0000000769200000| Complete 
| 135|0x0000000769300000, 0x0000000769400000, 0x0000000769400000|100%| E|CS|TAMS 0x0000000769300000, 0x0000000769300000| Complete 
| 136|0x0000000769400000, 0x0000000769500000, 0x0000000769500000|100%| E|CS|TAMS 0x0000000769500000, 0x0000000769400000| Untracked 
| 137|0x0000000769500000, 0x0000000769600000, 0x0000000769600000|100%| E|CS|TAMS 0x0000000769600000, 0x0000000769500000| Untracked 
| 138|0x0000000769600000, 0x0000000769700000, 0x0000000769700000|100%| E|CS|TAMS 0x0000000769600000, 0x0000000769600000| Complete 
| 139|0x0000000769700000, 0x0000000769800000, 0x0000000769800000|100%| E|CS|TAMS 0x0000000769800000, 0x0000000769700000| Untracked 
| 140|0x0000000769800000, 0x0000000769900000, 0x0000000769900000|100%| E|CS|TAMS 0x0000000769900000, 0x0000000769800000| Untracked 
| 141|0x0000000769900000, 0x0000000769a00000, 0x0000000769a00000|100%| E|CS|TAMS 0x0000000769900000, 0x0000000769900000| Complete 
| 142|0x0000000769a00000, 0x0000000769b00000, 0x0000000769b00000|100%| E|CS|TAMS 0x0000000769a00000, 0x0000000769a00000| Complete 
| 143|0x0000000769b00000, 0x0000000769c00000, 0x0000000769c00000|100%| E|CS|TAMS 0x0000000769b00000, 0x0000000769b00000| Complete 
| 144|0x0000000769c00000, 0x0000000769d00000, 0x0000000769d00000|100%| E|CS|TAMS 0x0000000769c00000, 0x0000000769c00000| Complete 
| 145|0x0000000769d00000, 0x0000000769e00000, 0x0000000769e00000|100%| E|CS|TAMS 0x0000000769d00000, 0x0000000769d00000| Complete 
| 146|0x0000000769e00000, 0x0000000769f00000, 0x0000000769f00000|100%| E|CS|TAMS 0x0000000769f00000, 0x0000000769e00000| Untracked 
| 147|0x0000000769f00000, 0x000000076a000000, 0x000000076a000000|100%| E|CS|TAMS 0x0000000769f00000, 0x0000000769f00000| Complete 
| 148|0x000000076a000000, 0x000000076a100000, 0x000000076a100000|100%| E|CS|TAMS 0x000000076a000000, 0x000000076a000000| Complete 
| 149|0x000000076a100000, 0x000000076a200000, 0x000000076a200000|100%| E|CS|TAMS 0x000000076a100000, 0x000000076a100000| Complete 
| 150|0x000000076a200000, 0x000000076a300000, 0x000000076a300000|100%| E|CS|TAMS 0x000000076a200000, 0x000000076a200000| Complete 
| 151|0x000000076a300000, 0x000000076a400000, 0x000000076a400000|100%| E|CS|TAMS 0x000000076a300000, 0x000000076a300000| Complete 
| 152|0x000000076a400000, 0x000000076a500000, 0x000000076a500000|100%| E|CS|TAMS 0x000000076a400000, 0x000000076a400000| Complete 
| 153|0x000000076a500000, 0x000000076a600000, 0x000000076a600000|100%| E|CS|TAMS 0x000000076a500000, 0x000000076a500000| Complete 
| 154|0x000000076a600000, 0x000000076a700000, 0x000000076a700000|100%| E|CS|TAMS 0x000000076a600000, 0x000000076a600000| Complete 
| 155|0x000000076a700000, 0x000000076a800000, 0x000000076a800000|100%| E|CS|TAMS 0x000000076a700000, 0x000000076a700000| Complete 
| 156|0x000000076a800000, 0x000000076a900000, 0x000000076a900000|100%| E|CS|TAMS 0x000000076a900000, 0x000000076a800000| Untracked 
| 157|0x000000076a900000, 0x000000076aa00000, 0x000000076aa00000|100%| E|CS|TAMS 0x000000076a900000, 0x000000076a900000| Complete 
| 158|0x000000076aa00000, 0x000000076ab00000, 0x000000076ab00000|100%| E|CS|TAMS 0x000000076aa00000, 0x000000076aa00000| Complete 
| 159|0x000000076ab00000, 0x000000076ac00000, 0x000000076ac00000|100%| E|CS|TAMS 0x000000076ab00000, 0x000000076ab00000| Complete 

Card table byte_map: [0x000000001a6a0000,0x000000001aba0000] _byte_map_base: 0x0000000016b9a000

Marking Bits (Prev, Next): (CMBitMap*) 0x0000000000290028, (CMBitMap*) 0x0000000000290060
 Prev Bits: [0x000000001b0a0000, 0x000000001d870000)
 Next Bits: [0x000000001d870000, 0x0000000020040000)

Polling page: 0x00000000001c0000

Metaspace:

Usage:
  Non-class:     11.83 MB capacity,    11.73 MB (>99%) used,    96.71 KB ( <1%) free+waste,     9.38 KB ( <1%) overhead. 
      Class:    896.00 KB capacity,   860.95 KB ( 96%) used,    32.68 KB (  4%) free+waste,     2.38 KB ( <1%) overhead. 
       Both:     12.70 MB capacity,    12.57 MB ( 99%) used,   129.39 KB ( <1%) free+waste,    11.75 KB ( <1%) overhead. 

Virtual space:
  Non-class space:       12.00 MB reserved,      12.00 MB (100%) committed 
      Class space:        1.00 GB reserved,     896.00 KB ( <1%) committed 
             Both:        1.01 GB reserved,      12.88 MB (  1%) committed 

Chunk freelists:
   Non-Class:  13.88 KB
       Class:  0 bytes
        Both:  13.88 KB

CodeHeap 'non-profiled nmethods': size=120064Kb used=1444Kb max_used=1444Kb free=118619Kb
 bounds [0x00000000124a0000, 0x0000000012710000, 0x00000000199e0000]
CodeHeap 'profiled nmethods': size=120000Kb used=7395Kb max_used=7395Kb free=112604Kb
 bounds [0x000000000af70000, 0x000000000b6b0000, 0x00000000124a0000]
CodeHeap 'non-nmethods': size=5696Kb used=1090Kb max_used=1157Kb free=4605Kb
 bounds [0x000000000a9e0000, 0x000000000ac50000, 0x000000000af70000]
 total_blobs=2158 nmethods=1772 adapters=297
 compilation: enabled
              stopped_count=0, restarted_count=0
 full_count=0

Compilation events (10 events):
Event: 7.435 Thread 0x0000000023650000 1880       2       java.nio.CharBuffer::hasArray (20 bytes)
Event: 7.435 Thread 0x0000000023650000 nmethod 1880 0x000000000b6a7f10 code [0x000000000b6a80a0, 0x000000000b6a81d8]
Event: 7.449 Thread 0x0000000024c42000 nmethod 1862% 0x0000000012608210 code [0x00000000126083e0, 0x0000000012608b08]
Event: 7.449 Thread 0x0000000024c42000 1852       4       org.mozilla.javascript.ScriptRuntime::isJSLineTerminator (41 bytes)
Event: 7.449 Thread 0x0000000023650000 1881       2       sun.nio.cs.SingleByte$Decoder::decodeLoop (28 bytes)
Event: 7.450 Thread 0x0000000023650000 nmethod 1881 0x000000000b6a8290 code [0x000000000b6a8440, 0x000000000b6a85f8]
Event: 7.450 Thread 0x0000000024c42000 nmethod 1852 0x0000000012608f10 code [0x00000000126090a0, 0x0000000012609138]
Event: 7.450 Thread 0x0000000024c42000 1851       4       org.mozilla.javascript.NativeArray::put (188 bytes)
Event: 7.469 Thread 0x0000000023650000 1882       2       org.mozilla.javascript.Arguments::getInstanceIdValue (87 bytes)
Event: 7.470 Thread 0x0000000023650000 nmethod 1882 0x000000000b6a8710 code [0x000000000b6a88e0, 0x000000000b6a8b88]

GC Heap History (10 events):
Event: 0.972 GC heap after
{Heap after GC invocations=1 (full 0):
 garbage-first heap   total 163840K, used 7499K [0x0000000760c00000, 0x0000000800000000)
  region size 1024K, 2 young (2048K), 2 survivors (2048K)
 Metaspace       used 7672K, capacity 7780K, committed 7936K, reserved 1056768K
  class space    used 690K, capacity 720K, committed 768K, reserved 1048576K
}
Event: 1.510 GC heap before
{Heap before GC invocations=1 (full 0):
 garbage-first heap   total 163840K, used 12619K [0x0000000760c00000, 0x0000000800000000)
  region size 1024K, 8 young (8192K), 2 survivors (2048K)
 Metaspace       used 9243K, capacity 9358K, committed 9600K, reserved 1058816K
  class space    used 788K, capacity 820K, committed 896K, reserved 1048576K
}
Event: 1.521 GC heap after
{Heap after GC invocations=2 (full 0):
 garbage-first heap   total 163840K, used 9137K [0x0000000760c00000, 0x0000000800000000)
  region size 1024K, 1 young (1024K), 1 survivors (1024K)
 Metaspace       used 9243K, capacity 9358K, committed 9600K, reserved 1058816K
  class space    used 788K, capacity 820K, committed 896K, reserved 1048576K
}
Event: 2.052 GC heap before
{Heap before GC invocations=2 (full 0):
 garbage-first heap   total 163840K, used 19377K [0x0000000760c00000, 0x0000000800000000)
  region size 1024K, 11 young (11264K), 1 survivors (1024K)
 Metaspace       used 9566K, capacity 9654K, committed 9856K, reserved 1058816K
  class space    used 803K, capacity 855K, committed 896K, reserved 1048576K
}
Event: 2.056 GC heap after
{Heap after GC invocations=3 (full 0):
 garbage-first heap   total 163840K, used 10161K [0x0000000760c00000, 0x0000000800000000)
  region size 1024K, 2 young (2048K), 2 survivors (2048K)
 Metaspace       used 9566K, capacity 9654K, committed 9856K, reserved 1058816K
  class space    used 803K, capacity 855K, committed 896K, reserved 1048576K
}
Event: 3.677 GC heap before
{Heap before GC invocations=3 (full 0):
 garbage-first heap   total 163840K, used 36785K [0x0000000760c00000, 0x0000000800000000)
  region size 1024K, 27 young (27648K), 2 survivors (2048K)
 Metaspace       used 12648K, capacity 12814K, committed 12928K, reserved 1060864K
  class space    used 852K, capacity 895K, committed 896K, reserved 1048576K
}
Event: 3.700 GC heap after
{Heap after GC invocations=4 (full 0):
 garbage-first heap   total 163840K, used 10511K [0x0000000760c00000, 0x0000000800000000)
  region size 1024K, 3 young (3072K), 3 survivors (3072K)
 Metaspace       used 12648K, capacity 12814K, committed 12928K, reserved 1060864K
  class space    used 852K, capacity 895K, committed 896K, reserved 1048576K
}
Event: 6.113 GC heap before
{Heap before GC invocations=4 (full 0):
 garbage-first heap   total 163840K, used 105743K [0x0000000760c00000, 0x0000000800000000)
  region size 1024K, 96 young (98304K), 3 survivors (3072K)
 Metaspace       used 12842K, capacity 13009K, committed 13184K, reserved 1060864K
  class space    used 860K, capacity 896K, committed 896K, reserved 1048576K
}
Event: 6.172 GC heap after
{Heap after GC invocations=5 (full 0):
 garbage-first heap   total 163840K, used 17978K [0x0000000760c00000, 0x0000000800000000)
  region size 1024K, 10 young (10240K), 10 survivors (10240K)
 Metaspace       used 12842K, capacity 13009K, committed 13184K, reserved 1060864K
  class space    used 860K, capacity 896K, committed 896K, reserved 1048576K
}
Event: 7.472 GC heap before
{Heap before GC invocations=5 (full 0):
 garbage-first heap   total 163840K, used 106042K [0x0000000760c00000, 0x0000000800000000)
  region size 1024K, 96 young (98304K), 10 survivors (10240K)
 Metaspace       used 12867K, capacity 13009K, committed 13184K, reserved 1060864K
  class space    used 860K, capacity 896K, committed 896K, reserved 1048576K
}

Deoptimization events (10 events):
Event: 5.808 Thread 0x0000000000245000 Uncommon trap: reason=profile_predicate action=maybe_recompile pc=0x00000000125b492c method=org.mozilla.javascript.NativeCall.<init>(Lorg/mozilla/javascript/NativeFunction;Lorg/mozilla/javascript/Scriptable;[Ljava/lang/Object;)V @ 53 c2
Event: 5.863 Thread 0x0000000000245000 Uncommon trap: reason=profile_predicate action=maybe_recompile pc=0x00000000125bc238 method=org.mozilla.javascript.regexp.NativeRegExp.executeRegExp(Lorg/mozilla/javascript/Context;Lorg/mozilla/javascript/Scriptable;Lorg/mozilla/javascript/regexp/RegExpIm
Event: 5.863 Thread 0x0000000000245000 Uncommon trap: reason=profile_predicate action=maybe_recompile pc=0x00000000125bc238 method=org.mozilla.javascript.regexp.NativeRegExp.executeRegExp(Lorg/mozilla/javascript/Context;Lorg/mozilla/javascript/Scriptable;Lorg/mozilla/javascript/regexp/RegExpIm
Event: 5.986 Thread 0x0000000000245000 Uncommon trap: reason=bimorphic_or_optimized_type_check action=maybe_recompile pc=0x0000000012573e18 method=org.mozilla.javascript.ScriptRuntime.doScriptableIncrDecr(Lorg/mozilla/javascript/Scriptable;Ljava/lang/String;Lorg/mozilla/javascript/Scriptable;L
Event: 5.998 Thread 0x0000000000245000 Uncommon trap: reason=null_check action=make_not_entrant pc=0x00000000125660fc method=org.mozilla.javascript.ScriptRuntime.shallowEq(Ljava/lang/Object;Ljava/lang/Object;)Z @ 93 c2
Event: 6.690 Thread 0x0000000000245000 Uncommon trap: reason=unstable_if action=reinterpret pc=0x0000000012572b7c method=org.mozilla.javascript.NativeString.findPrototypeId(Ljava/lang/String;)I @ 576 c2
Event: 6.690 Thread 0x0000000000245000 Uncommon trap: reason=unstable_if action=reinterpret pc=0x000000001257a0ec method=org.mozilla.javascript.NativeString.execIdCall(Lorg/mozilla/javascript/IdFunctionObject;Lorg/mozilla/javascript/Context;Lorg/mozilla/javascript/Scriptable;Lorg/mozilla/javas
Event: 7.084 Thread 0x0000000000245000 Uncommon trap: reason=class_check action=maybe_recompile pc=0x00000000125e97c0 method=org.mozilla.javascript.ScriptRuntime.shallowEq(Ljava/lang/Object;Ljava/lang/Object;)Z @ 93 c2
Event: 7.084 Thread 0x0000000000245000 Uncommon trap: reason=class_check action=maybe_recompile pc=0x00000000125e97c0 method=org.mozilla.javascript.ScriptRuntime.shallowEq(Ljava/lang/Object;Ljava/lang/Object;)Z @ 93 c2
Event: 7.352 Thread 0x0000000000245000 Uncommon trap: reason=unstable_if action=reinterpret pc=0x00000000125af9fc method=org.mozilla.javascript.regexp.NativeRegExp.simpleMatch(Lorg/mozilla/javascript/regexp/REGlobalData;Ljava/lang/String;I[BIIZ)I @ 167 c2

Classes redefined (0 events):
No events

Internal exceptions (9 events):
Event: 1.047 Thread 0x0000000000245000 Exception <a 'java/lang/NoSuchMethodError'{0x000000076ab9c2c0}: java.lang.invoke.DirectMethodHandle$Holder.invokeSpecialIFC(Ljava/lang/Object;Ljava/lang/Object;I)I> (0x000000076ab9c2c0) thrown at [./open/src/hotspot/share/interpreter/linkResolver.cpp, lin
Event: 2.673 Thread 0x0000000000245000 Implicit null exception at 0x00000000124bf938 to 0x00000000124c02e8
Event: 2.705 Thread 0x0000000000245000 Implicit null exception at 0x000000001251425c to 0x0000000012514578
Event: 2.709 Thread 0x0000000000245000 Implicit null exception at 0x00000000124fa750 to 0x00000000124fa894
Event: 5.806 Thread 0x0000000000245000 Implicit null exception at 0x00000000125b9379 to 0x00000000125bc208
Event: 5.807 Thread 0x0000000000245000 Implicit null exception at 0x00000000125b9379 to 0x00000000125bc208
Event: 5.863 Thread 0x0000000000245000 Implicit null exception at 0x00000000125b9379 to 0x00000000125bc208
Event: 5.863 Thread 0x0000000000245000 Implicit null exception at 0x00000000125b9379 to 0x00000000125bc208
Event: 5.998 Thread 0x0000000000245000 Implicit null exception at 0x0000000012565d35 to 0x00000000125660ec

Events (10 events):
Event: 7.352 Thread 0x0000000000245000 Uncommon trap: trap_request=0xffffff4d fr.pc=0x00000000125af9fc relative=0x00000000000017dc
Event: 7.352 Thread 0x0000000000245000 DEOPT PACKING pc=0x00000000125af9fc sp=0x00000000023399b0
Event: 7.352 Thread 0x0000000000245000 DEOPT UNPACKING pc=0x000000000aa0682f sp=0x0000000002339900 mode 2
Event: 7.470 Thread 0x0000000000245000 DEOPT PACKING pc=0x000000000b616297 sp=0x0000000002338160
Event: 7.470 Thread 0x0000000000245000 DEOPT UNPACKING pc=0x000000000aa06fde sp=0x00000000023376c0 mode 0
Event: 7.470 Thread 0x0000000000245000 DEOPT PACKING pc=0x000000000b616297 sp=0x0000000002338160
Event: 7.470 Thread 0x0000000000245000 DEOPT UNPACKING pc=0x000000000aa06fde sp=0x00000000023376c0 mode 0
Event: 7.470 Thread 0x0000000000245000 DEOPT PACKING pc=0x000000000b616297 sp=0x0000000002338160
Event: 7.470 Thread 0x0000000000245000 DEOPT UNPACKING pc=0x000000000aa06fde sp=0x00000000023376c0 mode 0
Event: 7.472 Executing VM operation: G1CollectForAllocation


Dynamic libraries:
0x000000013f350000 - 0x000000013f35f000 	C:\Program Files\Java\jdk-11.0.11\bin\java.exe
0x0000000077c00000 - 0x0000000077d9f000 	C:\Windows\SYSTEM32\ntdll.dll
0x0000000077ae0000 - 0x0000000077bff000 	C:\Windows\system32\kernel32.dll
0x000007fefda10000 - 0x000007fefda77000 	C:\Windows\system32\KERNELBASE.dll
0x000007fefaa20000 - 0x000007fefaa38000 	C:\Program Files\Java\jdk-11.0.11\bin\jli.dll
0x000007feff200000 - 0x000007feff2db000 	C:\Windows\system32\ADVAPI32.dll
0x000007fefddf0000 - 0x000007fefde8f000 	C:\Windows\system32\msvcrt.dll
0x000007feff7a0000 - 0x000007feff7bf000 	C:\Windows\SYSTEM32\sechost.dll
0x000007fefdae0000 - 0x000007fefdc0c000 	C:\Windows\system32\RPCRT4.dll
0x000007fefc010000 - 0x000007fefc205000 	C:\Windows\WinSxS\amd64_microsoft.windows.common-controls_6595b64144ccf1df_6.0.7601.24483_none_e372d88f30fbb845\COMCTL32.dll
0x000007feff7c0000 - 0x000007feff827000 	C:\Windows\system32\GDI32.dll
0x00000000779e0000 - 0x0000000077adb000 	C:\Windows\system32\USER32.dll
0x000007feff2e0000 - 0x000007feff2ee000 	C:\Windows\system32\LPK.dll
0x000007fefdc10000 - 0x000007fefdcdb000 	C:\Windows\system32\USP10.dll
0x000007fefdfb0000 - 0x000007fefe021000 	C:\Windows\system32\SHLWAPI.dll
0x000007fefc800000 - 0x000007fefc80c000 	C:\Windows\system32\VERSION.dll
0x000007fefabb0000 - 0x000007fefabc5000 	C:\Program Files\Java\jdk-11.0.11\bin\VCRUNTIME140.dll
0x000007fefaa10000 - 0x000007fefaa14000 	C:\Program Files\Java\jdk-11.0.11\bin\api-ms-win-crt-runtime-l1-1-0.dll
0x000007fee7960000 - 0x000007fee7a5a000 	C:\Program Files\Java\jdk-11.0.11\bin\ucrtbase.DLL
0x000007fefab20000 - 0x000007fefab23000 	C:\Program Files\Java\jdk-11.0.11\bin\api-ms-win-core-localization-l1-2-0.dll
0x000007fefa9d0000 - 0x000007fefa9d3000 	C:\Program Files\Java\jdk-11.0.11\bin\api-ms-win-core-processthreads-l1-1-1.dll
0x000007fefaa00000 - 0x000007fefaa03000 	C:\Program Files\Java\jdk-11.0.11\bin\api-ms-win-core-file-l1-2-0.dll
0x000007feee480000 - 0x000007feee483000 	C:\Program Files\Java\jdk-11.0.11\bin\api-ms-win-core-timezone-l1-1-0.dll
0x000007feee720000 - 0x000007feee723000 	C:\Program Files\Java\jdk-11.0.11\bin\api-ms-win-core-file-l2-1-0.dll
0x000007feee370000 - 0x000007feee373000 	C:\Program Files\Java\jdk-11.0.11\bin\api-ms-win-core-synch-l1-2-0.dll
0x000007feee470000 - 0x000007feee473000 	C:\Program Files\Java\jdk-11.0.11\bin\api-ms-win-crt-heap-l1-1-0.dll
0x000007feee320000 - 0x000007feee324000 	C:\Program Files\Java\jdk-11.0.11\bin\api-ms-win-crt-string-l1-1-0.dll
0x000007feee360000 - 0x000007feee364000 	C:\Program Files\Java\jdk-11.0.11\bin\api-ms-win-crt-stdio-l1-1-0.dll
0x000007feee040000 - 0x000007feee044000 	C:\Program Files\Java\jdk-11.0.11\bin\api-ms-win-crt-convert-l1-1-0.dll
0x000007feee050000 - 0x000007feee053000 	C:\Program Files\Java\jdk-11.0.11\bin\api-ms-win-crt-environment-l1-1-0.dll
0x000007feedfd0000 - 0x000007feedfd3000 	C:\Program Files\Java\jdk-11.0.11\bin\api-ms-win-crt-filesystem-l1-1-0.dll
0x000007feee030000 - 0x000007feee035000 	C:\Program Files\Java\jdk-11.0.11\bin\api-ms-win-crt-math-l1-1-0.dll
0x000007feedf90000 - 0x000007feedf93000 	C:\Program Files\Java\jdk-11.0.11\bin\api-ms-win-crt-locale-l1-1-0.dll
0x000007fefddc0000 - 0x000007fefddee000 	C:\Windows\system32\IMM32.DLL
0x000007feffae0000 - 0x000007feffbeb000 	C:\Windows\system32\MSCTF.dll
0x000007fee84d0000 - 0x000007fee856b000 	C:\Program Files\Java\jdk-11.0.11\bin\msvcp140.dll
0x000007feedfc0000 - 0x000007feedfc3000 	C:\Program Files\Java\jdk-11.0.11\bin\api-ms-win-crt-time-l1-1-0.dll
0x000007feedd00000 - 0x000007feedd03000 	C:\Program Files\Java\jdk-11.0.11\bin\api-ms-win-crt-utility-l1-1-0.dll
0x000007fed5db0000 - 0x000007fed68ae000 	C:\Program Files\Java\jdk-11.0.11\bin\server\jvm.dll
0x000007fef8a10000 - 0x000007fef8a19000 	C:\Windows\system32\WSOCK32.dll
0x000007feff830000 - 0x000007feff87d000 	C:\Windows\system32\WS2_32.dll
0x000007feff010000 - 0x000007feff018000 	C:\Windows\system32\NSI.dll
0x000007fefb8e0000 - 0x000007fefb91b000 	C:\Windows\system32\WINMM.dll
0x0000000077da0000 - 0x0000000077da7000 	C:\Windows\system32\PSAPI.DLL
0x000007feedec0000 - 0x000007feeded0000 	C:\Program Files\Java\jdk-11.0.11\bin\verify.dll
0x000007fef88a0000 - 0x000007fef89c5000 	C:\Windows\system32\DBGHELP.DLL
0x000007feed800000 - 0x000007feed828000 	C:\Program Files\Java\jdk-11.0.11\bin\java.dll
0x000007feedc30000 - 0x000007feedc3a000 	C:\Program Files\Java\jdk-11.0.11\bin\jimage.dll
0x000007feecb90000 - 0x000007feecba6000 	C:\Program Files\Java\jdk-11.0.11\bin\zip.dll
0x000007fefe280000 - 0x000007feff00b000 	C:\Windows\system32\SHELL32.dll
0x000007feff8e0000 - 0x000007feffadf000 	C:\Windows\system32\ole32.dll
0x000007fefd720000 - 0x000007fefd72f000 	C:\Windows\system32\profapi.dll
0x000007feecb70000 - 0x000007feecb89000 	C:\Program Files\Java\jdk-11.0.11\bin\net.dll
0x000007fef9920000 - 0x000007fef9991000 	C:\Windows\system32\WINHTTP.dll
0x000007fef9880000 - 0x000007fef98e5000 	C:\Windows\system32\webio.dll
0x000007fefce60000 - 0x000007fefceb5000 	C:\Windows\system32\mswsock.dll
0x000007fefce50000 - 0x000007fefce57000 	C:\Windows\System32\wship6.dll
0x000007feecb50000 - 0x000007feecb62000 	C:\Program Files\Java\jdk-11.0.11\bin\nio.dll

dbghelp: loaded successfully - version: 4.0.5 - missing functions: none
symbol engine: initialized successfully - sym options: 0x614 - pdb path: .;C:\Program Files\Java\jdk-11.0.11\bin;C:\Windows\SYSTEM32;C:\Windows\WinSxS\amd64_microsoft.windows.common-controls_6595b64144ccf1df_6.0.7601.24483_none_e372d88f30fbb845;C:\Program Files\Java\jdk-11.0.11\bin\server

VM Arguments:
java_command: D:\habrisBatch2021\hybris\bin\custom\Nendrasys\Nendrasysstorefront\web\webroot\WEB-INF\lib\rhino-1.7.7.jar -f D:\habrisBatch2021\hybris\bin\custom\Nendrasys\Nendrasysstorefront\web\webroot\WEB-INF\lib\less-rhino-1.7.3.js D:\habrisBatch2021\hybris\bin\custom\Nendrasys\Nendrasysstorefront\web\webroot\WEB-INF\lib\lessc-rhino-1.7.3.js D:\habrisBatch2021\hybris\bin\custom\Nendrasys\Nendrasysstorefront\web\webroot\WEB-INF\_ui-src\responsive\themes\lambda\less\style.less D:\habrisBatch2021\hybris\bin\custom\Nendrasys\Nendrasysstorefront\web\webroot\_ui\responsive\theme-lambda\css\style.css
java_class_path (initial): D:\habrisBatch2021\hybris\bin\custom\Nendrasys\Nendrasysstorefront\web\webroot\WEB-INF\lib\rhino-1.7.7.jar
Launcher Type: SUN_STANDARD

[Global flags]
     intx CICompilerCount                          = 3                                         {product} {ergonomic}
     uint ConcGCThreads                            = 1                                         {product} {ergonomic}
     uint G1ConcRefinementThreads                  = 4                                         {product} {ergonomic}
   size_t G1HeapRegionSize                         = 1048576                                   {product} {ergonomic}
    uintx GCDrainStackTargetSize                   = 64                                        {product} {ergonomic}
   size_t InitialHeapSize                          = 167772160                                 {product} {ergonomic}
   size_t MarkStackSize                            = 4194304                                   {product} {ergonomic}
   size_t MaxHeapSize                              = 2671771648                                {product} {ergonomic}
   size_t MaxNewSize                               = 1602224128                                {product} {ergonomic}
   size_t MinHeapDeltaBytes                        = 1048576                                   {product} {ergonomic}
    uintx NonNMethodCodeHeapSize                   = 5830732                                {pd product} {ergonomic}
    uintx NonProfiledCodeHeapSize                  = 122913754                              {pd product} {ergonomic}
    uintx ProfiledCodeHeapSize                     = 122913754                              {pd product} {ergonomic}
    uintx ReservedCodeCacheSize                    = 251658240                              {pd product} {ergonomic}
     bool SegmentedCodeCache                       = true                                      {product} {ergonomic}
     bool UseCompressedClassPointers               = true                                 {lp64_product} {ergonomic}
     bool UseCompressedOops                        = true                                 {lp64_product} {ergonomic}
     bool UseG1GC                                  = true                                      {product} {ergonomic}
     bool UseLargePagesIndividualAllocation        = false                                  {pd product} {ergonomic}

Logging:
Log output configuration:
 #0: stdout all=warning uptime,level,tags
 #1: stderr all=off uptime,level,tags

Environment Variables:
JAVA_HOME=C:\Program Files\Java\jdk-11.0.11
PATH=D:\habrisBatch2021\hybris\bin\platform\apache-ant\bin;C:\Program Files\Common Files\Oracle\Java\javapath;C:\Program Files\nodejs\;C:\Program Files\Git\cmd;C:\Users\razhaka\AppData\Roaming\npm;C:\Users\razhaka\AppData\Local\Programs\Microsoft VS Code\bin;C:\Program Files\Java\jdk1.8.0_201\bin;C:\Users\razhaka\AppData\Local\Programs\Microsoft VS Code
USERNAME=razhaka
OS=Windows_NT
PROCESSOR_IDENTIFIER=Intel64 Family 6 Model 42 Stepping 7, GenuineIntel



---------------  S Y S T E M  ---------------

OS: Windows 7 , 64 bit Build 7601 (6.1.7601.24545)

CPU:total 4 (initial active 4) (2 cores per cpu, 2 threads per core) family 6 model 42 stepping 7 microcode 0x0, cmov, cx8, fxsr, mmx, sse, sse2, sse3, ssse3, sse4.1, sse4.2, popcnt, avx, clmul, ht, tsc, tscinvbit

Memory: 4k page, system-wide physical 10187M (2166M free)
TotalPageFile size 20373M (AvailPageFile size 10749M)
current process WorkingSet (physical memory assigned to process): 248M, peak: 248M
current process commit charge ("private bytes"): 333M, peak: 336M

vm_info: Java HotSpot(TM) 64-Bit Server VM (11.0.11+9-LTS-194) for windows-amd64 JRE (11.0.11+9-LTS-194), built on Mar 18 2021 18:46:53 by "mach5one" with MS VC++ 15.9 (VS2017)

END.
